# id	object	project	UTh(f2)	obsmins(f1)	tau.225GHz(f3)	NEFD(f4) okchannels	scanspeed(f1)	Tamb(f1)	foc.dX(f2) foc.dY(f2) foc.dZ(f2)	AZd(f0) ELd(f0)	RAh(f1) DECd(f0)	PAd(f1)	pnt.dAZ(f1) pnt.dEL(f1)	pnt.X(f1) pnt.Y(f1)	src.peak(s3) src.dpeak(s2)	src.int(s3) src.dint(s2)	src.FWHM(f1) src.dFWHM(f1)	pnt.asymX(f1) pnt.asymY(f1)
#.2014-10-20.4	Saturn	none	15.05	1.5	0.437	0.1067 68	4.6	10.7	0.00 0.00 -2.00	-156 33	15.4 -16	19.8	25.0 -20.4	34.7 -106.3	9.14 0.39	43.9 5.2	23.5 0.9	-11.3 2.4
2014-10-20.6	Saturn	t16	15.18	1.6	0.424	0.1395 76	4.5	10.6	0.00 0.00 -2.00	-154 32	15.4 -16	21.5	-8.8 0.1	23.6 -89.1	105 2.1	80.1 1.4	11.7 0.2	-10.8 4.3
2014-10-20.9	Mars	test	15.79	2.0	0.384	0.0170 91	26.4	10.4	0.00 0.00 -1.80	177 28	17.7 -25	-2.4	-1.3 0.9	24.3 -83.6	33.9 0.051	54.0 0.052	20.3 0.0	0.5 1.9
2014-10-20.10	Mars	test	15.82	2.0	0.382	0.0166 91	26.5	10.4	0.00 0.00 -1.80	178 28	17.7 -25	-1.9	0.4 -0.0	26.1 -84.6	34.1 0.046	54.0 0.049	20.4 0.0	0.3 2.5
2014-10-20.11	Mars	gismos-14	15.88	2.0	0.371	0.0164 91	26.4	10.4	0.00 0.00 -1.80	178 28	17.7 -25	-1.1	-0.6 -1.3	25.4 -86.0	32.2 0.047	51.9 0.053	20.5 0.0	0.1 1.9
2014-10-20.12	Mars	gismos-14	16.65	2.0	0.412	0.0162 81	26.5	9.5	0.00 0.00 -1.80	-170 27	17.7 -25	9.2	-0.5 -1.4	28.2 -88.5	32.1 0.053	52.0 0.076	20.4 0.0	0.9 1.6
2014-10-20.13	Mars	gismos-14	16.74	1.1	0.412	0.0162 79	25.9	9.5	0.00 0.00 -2.00	-168 27	17.7 -25	10.3	0.3 -2.1	29.1 -89.4	26.3 0.058	48.5 0.12	20.8 0.0	3.4 4.1
2014-10-20.14	Mars	gismos-14	16.76	1.0	0.405	0.0164 79	25.6	9.5	0.00 0.00 -2.60	-168 27	17.7 -25	10.6	2.9 0.3	31.8 -87.1	23.8 0.066	49.0 0.13	22.3 0.1	4.9 4.1
2014-10-20.15	Mars	gismos-14	16.78	1.0	0.405	0.0175 78	25.9	9.4	0.00 0.00 -1.40	-168 27	17.7 -25	10.9	-3.3 -2.7	25.6 -90.1	31.4 0.087	50.2 0.17	19.9 0.1	2.1 0.4
2014-10-20.16	Mars	gismos-14	16.81	1.0	0.404	0.0164 78	25.7	9.4	0.00 0.00 -3.20	-167 27	17.7 -25	11.2	5.9 0.7	35.5 -86.7	18.7 0.067	50.3 0.33	24.9 0.1	12.4 0.6
2014-10-20.17	Mars	gismos-14	16.83	1.0	0.404	0.0181 75	25.8	9.4	0.00 0.00 -0.80	-167 27	17.7 -25	11.5	-1.2 -2.2	27.8 -89.7	23.1 0.14	49.9 0.14	21.0 0.1	6.2 9.1
2014-10-20.18	Mars	gismos-14	17.07	2.0	0.404	0.0155 81	26.2	9.2	0.00 0.00 -1.80	-163 26	17.7 -25	14.7	-1.3 0.2	28.2 -88.1	31.9 0.050	50.9 0.073	20.5 0.0	0.9 0.3
2014-10-20.19	Mars	gismos-14	17.11	2.0	0.397	0.0167 83	26.4	9.2	0.00 0.00 -1.70	-163 26	17.7 -25	15.2	-0.1 1.2	29.5 -87.2	28.4 0.052	47.4 0.068	20.8 0.0	3.9 2.6
2014-10-20.20	Mars	gismos-14	17.34	2.0	0.388	0.0160 76	26.1	9.1	0.00 0.00 -1.70	-160 25	17.7 -25	18.1	-1.4 1.0	28.4 -88.3	32.3 0.049	49.0 0.084	20.1 0.0	1.4 0.2
2014-10-20.22	Mars	gismos-14	17.43	1.1	0.389	0.0164 74	25.7	9.0	0.00 0.00 -1.70	-158 25	17.7 -25	19.2	-0.8 0.2	29.2 -89.5	33.2 0.082	50.3 0.096	19.6 0.0	3.1 -0.2
2014-10-20.23	Mars	gismos-14	17.46	1.1	0.389	0.0168 73	25.8	8.9	-2.00 0.00 -1.70	-158 25	17.7 -25	19.5	0.7 3.2	30.6 -86.7	31.3 0.11	54.2 0.11	19.3 0.1	8.8 6.2
2014-10-20.24	Mars	gismos-14	17.48	1.0	0.386	0.0172 75	25.8	8.9	2.00 0.00 -1.70	-158 25	17.7 -25	19.7	-0.3 -0.6	29.6 -90.6	24.5 0.064	47.3 0.16	21.9 0.1	5.1 1.1
2014-10-20.25	Mars	gismos-14	17.50	1.1	0.386	0.0158 70	25.8	8.9	-4.00 0.00 -1.70	-157 24	17.7 -25	20.0	1.7 4.1	31.7 -85.9	22.7 0.087	48.6 0.15	21.2 0.1	10.7 5.9
2014-10-20.26	Mars	gismos-14	17.53	1.0	0.385	0.0164 71	25.7	8.9	4.00 0.00 -1.70	-157 24	17.7 -25	20.3	0.9 -4.8	31.0 -94.9	19.3 0.13	47.0 0.13	23.0 0.1	6.8 -3.5
2014-10-20.27	Mars	gismos-14	17.55	1.0	0.386	0.0160 73	25.7	8.9	0.00 0.00 -1.70	-157 24	17.7 -25	20.6	-1.5 1.9	28.6 -88.4	37.1 0.087	54.9 0.097	18.9 0.0	3.1 -0.8
2014-10-20.28	Mars	gismos-14	17.57	1.1	0.386	0.0170 76	25.7	8.8	0.00 -2.00 -1.70	-156 24	17.7 -25	20.8	2.4 2.1	32.4 -88.3	31.5 0.093	52.7 0.098	20.0 0.1	13.3 2.1
2014-10-20.29	Mars	gismos-14	17.59	1.0	0.385	0.0179 73	25.6	8.8	0.00 2.00 -1.70	-156 24	17.7 -25	21.1	-6.1 -0.4	23.9 -90.9	24.4 0.14	49.7 0.32	20.3 0.1	1.2 0.2
2014-10-20.30	Mars	gismos-14	17.62	1.0	0.380	0.0191 72	25.7	8.8	0.00 -4.00 -1.70	-156 24	17.7 -25	21.4	4.3 0.4	34.2 -90.1	27.0 0.14	55.9 0.28	22.7 0.1	15.7 3.7
2014-10-20.31	Mars	gismos-14	17.64	1.0	0.380	0.0178 70	25.7	8.8	0.00 4.00 -1.70	-155 24	17.7 -25	21.7	-8.1 -2.8	21.8 -93.4	14.4 0.15	44.6 0.20	25.1 0.2	1.7 0.7
2014-10-20.32	1749+096	gismos-14	17.68	2.0	0.376	0.0127 104	25.9	8.7	0.00 0.00 -1.70	-137 56	17.9 10	33.6	-0.3 0.4	34.1 -80.2	1.66 8.0E-3	1.84 6.0E-3	15.5 0.1	-1.4 3.6
2014-10-20.33	1749+096	gismos-14	17.74	2.0	0.375	0.0119 105	25.7	8.6	0.00 0.00 -1.70	-136 55	17.9 10	34.4	0.1 0.4	34.5 -81.0	1.63 6.6E-3	1.80 5.4E-3	15.6 0.1	-0.4 3.8
2014-10-20.34	1749+096	gismos-14	17.77	2.1	0.374	0.0115 105	25.7	8.6	0.00 0.00 -1.70	-135 55	17.9 10	35.0	0.5 0.3	34.9 -81.7	1.57 6.2E-3	1.77 5.4E-3	15.8 0.1	-0.7 2.9
2014-10-20.35	1749+096	gismos-14	17.81	2.1	0.374	0.0125 105	25.8	8.6	0.00 0.00 -1.70	-134 55	17.9 10	35.5	0.2 -0.9	34.7 -83.5	1.54 7.2E-3	1.73 5.6E-3	15.7 0.1	-0.1 2.9
2014-10-20.40	Neptune	gismos-14	18.06	2.1	0.359	0.0166 97	25.8	8.5	0.00 0.00 -1.70	133 29	22.5 -10	-36.2	-0.4 -0.1	18.7 -75.0	2.79 0.016	3.80 0.012	15.8 0.1	-2.9 -3.9
# Mon Oct 20 18:06:35 UTC 2014 - scans 36 and 37 intentionally observed with 10',10' offset
2014-10-20.41	Neptune	gismos-14	18.10	2.1	0.353	0.0162 96	25.8	8.5	0.00 0.00 -1.70	133 30	22.5 -10	-35.9	0.2 0.3	19.3 -74.5	2.36 0.017	3.33 0.013	15.9 0.1	-1.3 -3.2
# Tue Oct 21 10:08:43 UTC 2014 - DJ,SN,JL,. cycle was done with zero bias,crate off and cap on    
2014-10-21.94	Mars	test	16.50	2.0	0.438	0.0190 70	26.5	9.0	0.00 0.00 -1.80	-172 28	17.7 -25	7.4	0.1 1.9	11.2 -84.4	38.7 0.094	56.2 0.18	18.5 0.0	5.0 -4.6
2014-10-21.95	Mars	test	16.58	1.0	0.436	0.0314 58	25.8	8.9	0.00 0.00 -1.80	-171 27	17.7 -25	8.3	-1.1 -2.4	10.5 -89.1	8.08 0.18	27.7 0.43	25.4 0.5	-0.2 -5.4
2014-10-21.96	Mars	test	16.60	1.0	0.427	0.0205 66	25.9	8.9	0.00 0.00 -2.40	-170 27	17.7 -25	8.6	8.2 1.9	19.1 -84.9	14.4 0.084	50.7 0.23	26.7 0.1	15.3 6.5
# Tue Oct 21 16:37:36 UTC 2014 - Alex Karim: Starting GISMO S-14 pool. Want to prepare for a beammap but do pointing/focus first. Mars at low elevation though. First scan had been wrongly assigned to 111-14.
2014-10-21.97	Mars	test	16.62	1.0	0.427	0.0202 65	25.9	8.9	0.00 0.00 -1.20	-170 27	17.7 -25	8.9	-0.1 -0.3	11.4 -87.2	16.9 0.11	42.8 0.24	21.7 0.1	11.1 9.6
2014-10-21.98	Mars	test	16.64	1.0	0.426	0.0194 65	25.7	8.9	0.00 0.00 -3.00	-170 27	17.7 -25	9.2	9.0 2.3	20.4 -84.8	15.4 0.076	49.2 0.29	26.9 0.1	13.7 -0.1
2014-10-21.99	Mars	test	16.66	1.1	0.427	0.0258 67	25.8	8.9	0.00 0.00 -0.60	-169 27	17.7 -25	9.5	-0.5 -1.4	10.9 -88.6	22.7 0.17	48.9 0.44	22.4 0.1	8.7 1.6
2014-10-21.100	1655+077	test	16.82	2.1	0.425	0.0123 101	25.7	8.7	0.00 0.00 -1.80	-137 53	17.0 8	33.5	1.2 0.1	18.9 -80.8	0.341 2.8E-3	0.361 3.1E-3	16.3 0.1	3.3 0.5
2014-10-21.101	1655+077	test	16.88	1.1	0.428	0.0098 100	25.3	8.7	0.00 0.00 -1.80	-136 53	17.0 8	34.3	0.0 0.6	18.2 -81.3	0.363 3.3E-3	0.358 3.8E-3	15.6 0.1	0.5 1.7
2014-10-21.102	1655+077	test	16.90	1.1	0.428	0.0100 101	25.4	8.7	0.00 0.00 -2.40	-135 53	17.0 8	34.6	2.0 -1.0	20.1 -83.2	0.292 4.8E-3	0.294 4.7E-3	15.9 0.3	-2.4 2.9
2014-10-21.103	1655+077	test	16.93	1.1	0.428	0.0104 100	25.3	8.7	0.00 0.00 -1.20	-135 52	17.0 8	34.9	-0.3 0.4	17.9 -82.1	0.351 4.2E-3	0.348 3.8E-3	15.6 0.2	-1.0 4.3
2014-10-21.104	1655+077	test	16.95	1.0	0.434	0.0105 101	25.3	8.7	0.00 0.00 -3.00	-135 52	17.0 8	35.2	2.2 -0.7	20.4 -83.6	0.177 3.9E-3	0.187 5.9E-3	16.2 0.4	-2.7 2.6
2014-10-21.105	1655+077	test	16.97	1.1	0.435	0.0102 100	25.0	8.7	0.00 0.00 -0.60	-134 52	17.0 8	35.5	-1.9 0.4	16.3 -82.8	0.280 3.4E-3	0.270 3.9E-3	15.6 0.2	-1.1 3.1
2014-10-21.106	1655+077	test	17.03	2.0	0.443	0.0113 100	25.8	8.7	0.00 0.00 -0.30	-133 51	17.0 8	36.4	-2.7 1.3	15.4 -82.8	0.250 3.1E-3	0.273 4.2E-3	16.5 0.2	1.5 0.5
2014-10-21.107	G34.3	test	17.20	2.0	0.445	0.0172 99	26.4	8.4	0.00 0.00 -1.50	-178 54	18.9 1	2.0	-0.5 -0.1	5.8 -67.3	1.37 0.045	4.10 0.080	27.1 0.7	-9.6 -0.4
# Tue Oct 21 17:17:19 UTC 2014 - Alex Karim: Tried to find something brighter to attempt a beammap. However, last focus didn't come out too bad despite strongly changing atmosphere. Will move close to project 111 target and check.
2014-10-21.108	3C345	test	17.32	2.0	0.458	0.0118 102	25.3	8.4	0.00 0.00 -1.50	-73 62	16.7 40	84.0	-0.2 -1.4	12.9 -94.7	0.968 5.7E-3	1.04 4.9E-3	15.7 0.1	0.7 3.5
# Tue Oct 21 17:56:24 UTC 2014 - Jens Erler: started observations of 111-14. Calibrations looked good but tau is still high (>0.4).  
2014-10-21.113	3C345	test	18.27	2.0	0.449	0.0116 101	25.3	8.2	0.00 0.00 -1.50	-70 51	16.7 40	77.5	-0.1 0.1	12.3 -102.8	0.983 5.5E-3	1.05 4.8E-3	15.7 0.1	-0.0 -0.0
# Tue Oct 21 18:21:00 UTC 2014 - Jens Erler: After first otf run switched back to project test to make calibrations. Tau still as high.
2014-10-21.114	3C345	test	18.33	1.1	0.447	0.0106 101	24.8	8.1	0.00 0.00 -1.70	-70 51	16.7 40	77.1	-0.7 0.2	11.7 -103.3	0.900 6.2E-3	0.971 6.3E-3	15.3 0.1	-1.3 1.1
2014-10-21.115	3C345	test	18.36	1.1	0.447	0.0099 101	24.8	8.1	0.00 0.00 -2.30	-70 50	16.7 40	77.0	2.1 0.5	14.5 -103.3	0.740 7.6E-3	0.846 6.9E-3	16.1 0.2	-1.3 -0.5
2014-10-21.116	3C345	test	18.38	1.1	0.447	0.0104 101	24.8	8.2	0.00 0.00 -1.10	-70 50	16.7 40	76.8	-1.1 0.6	11.3 -103.3	0.905 6.6E-3	0.969 6.4E-3	15.3 0.1	1.0 -0.5
2014-10-21.117	3C345	test	18.40	1.1	0.447	0.0103 101	24.8	8.2	0.00 0.00 -2.90	-70 50	16.7 40	76.7	2.8 0.7	15.1 -103.5	0.494 6.4E-3	0.636 6.6E-3	17.6 0.2	-1.6 1.1
2014-10-21.118	3C345	test	18.42	1.1	0.447	0.0101 100	24.9	8.2	0.00 0.00 -0.50	-70 50	16.7 40	76.5	-3.2 0.8	9.2 -103.6	0.772 7.1E-3	0.886 6.5E-3	16.0 0.1	-1.4 1.5
2014-10-21.119	1800+440	111-14	18.49	2.0	0.447	0.0114 103	25.3	8.1	0.00 0.00 -1.40	-64 64	18.0 44	93.6	0.2 -1.4	10.7 -95.0	0.382 3.7E-3	0.398 3.9E-3	16.1 0.2	0.3 2.4
# Tue Oct 21 19:01:58 UTC 2014 - Jens Erler: First four runs of otf observations completed. Tau stays constant. Swiched to project test for pointing check.
2014-10-21.124	1800+440	test	19.00	2.0	0.447	0.0101 102	25.4	8.1	0.00 0.00 -1.40	-64 58	18.0 44	88.1	0.3 -0.1	11.2 -98.7	0.385 2.6E-3	0.378 3.2E-3	15.5 0.1	1.3 -0.6
2014-10-21.129	3C345	test	19.55	1.1	0.450	0.0117 97	25.0	7.3	0.00 0.00 -1.40	-64 37	16.7 40	69.2	-0.2 0.8	11.1 -112.0	0.868 5.7E-3	0.918 6.9E-3	15.5 0.1	-2.0 1.4
2014-10-21.130	3C345	test	19.58	1.1	0.451	0.0100 97	25.0	7.3	0.00 0.00 -2.00	-64 37	16.7 40	69.1	0.9 -0.2	12.1 -113.2	0.771 5.6E-3	0.834 7.1E-3	15.7 0.1	-1.7 -1.3
2014-10-21.131	3C345	test	19.60	1.1	0.451	0.0116 97	25.0	7.3	0.00 0.00 -0.80	-64 37	16.7 40	68.9	-2.1 -1.0	9.1 -114.0	0.773 7.4E-3	0.833 8.8E-3	15.8 0.2	-0.8 0.1
2014-10-21.132	3C345	test	19.62	1.1	0.452	0.0110 97	25.0	7.3	0.00 0.00 -2.60	-64 36	16.7 40	68.8	1.4 0.4	12.6 -112.8	0.607 7.1E-3	0.740 8.2E-3	17.0 0.2	-3.7 -0.2
2014-10-21.133	3C345	test	19.64	1.1	0.452	0.0108 97	24.9	7.4	0.00 0.00 -0.20	-64 36	16.7 40	68.7	-3.5 -0.7	7.7 -114.0	0.556 6.6E-3	0.673 8.0E-3	16.9 0.2	-3.0 1.4
2014-10-21.134	1800+440	111-14	19.76	2.1	0.452	0.0111 100	25.2	7.3	0.00 0.00 -1.50	-63 50	18.0 44	81.2	0.1 -1.8	10.9 -107.5	0.397 2.8E-3	0.412 4.1E-3	16.1 0.1	-1.5 2.9
# Tue Oct 21 20:42:57 UTC 2014 - Jens Erler: Completed a nother 8 scans. Tau stable around 0.4. Swiching source because MACS goes below 30 degree elevation.
2014-10-21.147	2037+511	094-14	21.30	2.1	0.454	0.0118 102	25.6	7.2	0.00 0.00 -1.50	-49 61	20.6 51	104.4	0.0 -0.2	7.6 -101.6	0.673 5.1E-3	0.693 4.5E-3	15.8 0.1	-0.1 2.4
# Tue Oct 21 21:34:46 UTC 2014 - Jens Erler: Conditions allowed for four more scans of MACSJ1952.0+4440. Started observations for project 094-14 afterwards. Weather continous to be stable with tau~0.45. 
# Tue Oct 21 23:02:24 UTC 2014 - Jens Erler: Completed 2 runs of the project 094-14 observation script. Each run took ~40 min instead of 80 min as seen in the readme file.
2014-10-21.164	2037+511	094-14	23.05	2.0	0.490	0.0108 61	25.5	8.0	0.00 0.00 -1.50	-51 44	20.6 51	82.4	-1.7 0.4	9.3 -110.9	0.562 4.3E-3	0.606 5.0E-3	15.7 0.1	-2.3 0.1
2014-10-21.165	2037+511	094-14	23.14	1.0	0.504	0.0097 49	25.6	7.7	0.00 0.00 -1.50	-51 43	20.6 51	81.6	-0.2 0.5	10.7 -111.4	0.489 4.4E-3	0.490 6.1E-3	15.2 0.1	-0.6 2.4
2014-10-21.166	2037+511	094-14	23.16	1.1	0.513	0.0103 49	24.9	7.7	0.00 0.00 -2.10	-51 43	20.6 51	81.3	0.2 0.3	11.2 -111.7	0.412 5.4E-3	0.444 6.7E-3	15.7 0.2	-2.2 0.0
2014-10-21.167	2037+511	094-14	23.18	1.0	0.516	0.0101 52	25.1	7.7	0.00 0.00 -0.90	-51 43	20.6 51	81.1	-1.0 -0.4	10.0 -112.5	0.499 5.8E-3	0.512 7.5E-3	15.4 0.2	-0.8 0.1
2014-10-21.168	2037+511	094-14	23.21	1.0	0.519	0.0106 53	25.7	7.8	0.00 0.00 -2.70	-51 43	20.6 51	80.9	2.6 -0.1	13.6 -112.4	0.330 5.5E-3	0.368 0.015	16.8 0.3	-1.3 -0.3
2014-10-21.169	2037+511	094-14	23.23	1.1	0.518	0.0105 53	25.5	7.8	0.00 0.00 -0.30	-51 43	20.6 51	80.6	-3.2 -0.0	7.8 -112.5	0.370 6.2E-3	0.425 8.0E-3	16.4 0.3	-2.7 6.3
# Tue Oct 21 23:52:15 UTC 2014 - Scan 175 was done under poor tracking conditions due to increasing wind. Scan was however finished.
2014-10-22.1	Uranus	109-14	2.50	2.1	0.537	0.0147 66	25.6	7.1	0.00 0.00 -1.37	-111 33	0.9 5	48.3	-3.0 1.0	14.7 -102.9	8.57 0.16	21.2 0.86	25.0 0.4	-2.4 -2.6
2014-10-22.2	Uranus	109-14	2.59	1.1	0.524	0.0195 64	25.1	7.1	0.00 0.00 -1.37	-110 32	0.9 5	48.7	-1.9 1.7	15.7 -103.0	6.91 0.057	11.6 0.077	17.3 0.1	6.7 5.0
2014-10-22.3	Uranus	109-14	2.61	1.1	0.523	0.0146 65	25.1	7.0	0.00 0.00 -1.97	-110 32	0.9 5	48.8	0.6 0.5	18.1 -104.4	5.64 0.035	9.78 0.053	18.4 0.1	2.6 6.8
2014-10-22.4	Uranus	109-14	2.63	1.1	0.522	0.0140 66	25.2	7.0	0.00 0.00 -0.77	-110 32	0.9 5	48.9	-2.3 0.2	15.1 -104.8	6.81 0.033	11.6 0.073	18.9 0.1	1.7 2.4
2014-10-22.5	Uranus	109-14	2.65	1.1	0.507	0.0208 65	25.1	7.0	0.00 0.00 -2.57	-110 31	0.9 5	49.0	1.7 0.4	19.5 -104.9	5.74 0.051	11.1 0.10	22.1 0.2	1.1 -2.2
2014-10-22.6	Uranus	109-14	2.67	1.1	0.506	0.0144 64	24.8	7.0	0.00 0.00 -0.17	-109 31	0.9 5	49.1	-5.1 -2.5	12.3 -108.0	4.85 0.039	10.3 0.12	22.9 0.2	-3.5 -6.7
2014-10-22.7	Uranus	test	2.71	1.1	0.494	0.0130 61	25.1	6.9	0.00 0.00 -1.53	-109 31	0.9 5	49.2	-0.7 0.6	16.9 -105.2	4.34 0.037	8.77 0.071	18.1 0.1	10.9 17.0
2014-10-22.8	Uranus	test	2.73	1.1	0.493	0.0217 62	25.3	6.9	0.00 0.00 -2.13	-109 31	0.9 5	49.3	3.6 2.1	19.5 -104.2	5.08 0.29	21.0 0.78	30.4 1.4	-1.5 12.3
2014-10-22.9	Uranus	test	2.75	1.1	0.492	0.0147 62	25.2	6.9	0.00 0.00 -0.93	-109 30	0.9 5	49.4	-1.3 -0.9	15.9 -107.1	3.42 0.056	8.17 0.075	20.2 0.3	6.3 9.2
2014-10-22.10	Uranus	test	2.81	1.1	0.490	0.0141 60	24.8	7.0	0.00 0.00 -1.53	-108 30	0.9 5	49.7	-1.0 -1.8	15.7 -108.5	3.46 0.038	7.89 0.049	19.4 0.2	4.6 6.0
2014-10-22.11	Uranus	test	2.83	1.1	0.490	0.0142 59	25.0	7.1	0.00 0.00 -2.13	-108 29	0.9 5	49.8	1.0 -0.6	18.3 -107.5	3.48 0.039	7.40 0.043	18.8 0.2	10.5 6.6
2014-10-22.12	Uranus	test	2.86	1.1	0.489	0.0139 57	25.1	7.1	0.00 0.00 -0.93	-107 29	0.9 5	49.9	1.4 -0.5	18.2 -107.5	2.11 0.050	4.50 0.061	19.1 0.4	6.6 14.4
2014-10-22.13	Uranus	test	2.88	1.1	0.489	0.0197 55	25.0	7.1	0.00 0.00 -2.73	-107 29	0.9 5	50.0	3.4 -2.0	20.3 -109.2	4.46 0.13	8.95 0.16	23.4 0.6	5.2 -9.6
2014-10-22.14	Uranus	test	2.90	1.1	0.489	0.0145 56	25.1	7.1	0.00 0.00 -0.33	-107 29	0.9 5	50.0	-2.1 -2.8	14.7 -110.2	2.96 0.041	7.04 0.080	22.5 0.3	7.9 4.9
2014-10-22.15	Uranus	test	2.96	1.1	0.499	0.0147 53	24.8	7.1	0.00 0.00 -1.30	-106 28	0.9 5	50.3	-1.4 -0.3	15.2 -108.1	5.27 0.13	8.82 0.25	18.2 0.4	6.1 6.7
2014-10-22.16	Uranus	test	2.98	1.1	0.499	0.0168 49	25.2	7.1	0.00 -2.00 -1.30	-106 28	0.9 5	50.3	5.6 -0.6	22.0 -108.5	4.79 0.078	6.07 0.086	14.7 0.2	14.4 6.3
2014-10-22.17	Uranus	test	3.00	1.1	0.504	0.0159 52	25.2	7.0	0.00 2.00 -1.30	-106 27	0.9 5	50.4	-7.2 -2.7	9.3 -110.9	4.57 0.070	4.92 0.049	14.3 0.2	-1.1 1.2
2014-10-22.20	Uranus	test	3.14	2.1	0.511	0.0148 47	25.5	7.1	0.00 0.00 -1.30	-104 26	0.9 5	50.9	-0.7 -2.0	15.4 -111.2	6.41 0.042	8.52 0.038	16.1 0.1	5.5 8.0
2014-10-22.23	0336-019	test	3.73	2.0	0.493	0.0106 99	25.9	7.1	0.00 0.00 -1.30	-140 43	3.7 -2	31.2	0.2 0.2	18.4 -84.4	0.758 4.1E-3	0.824 4.8E-3	15.6 0.1	-0.5 1.5
2014-10-22.24	0336-019	test	3.95	1.1	0.481	0.0101 97	25.5	6.8	0.00 0.00 -1.30	-136 42	3.7 -2	33.7	-0.4 0.0	17.7 -87.1	0.699 5.2E-3	0.750 7.6E-3	15.5 0.1	-4.0 2.0
2014-10-22.25	0336-019	test	3.97	1.1	0.480	0.0104 97	25.4	6.7	0.00 0.00 -1.90	-136 41	3.7 -2	34.0	0.7 -0.1	18.5 -87.4	0.647 5.2E-3	0.680 5.3E-3	15.3 0.1	-1.0 2.3
2014-10-22.26	0336-019	test	3.99	1.1	0.481	0.0103 95	25.3	6.7	0.00 0.00 -0.70	-135 41	3.7 -2	34.2	-2.3 -0.1	16.0 -87.7	0.597 5.5E-3	0.660 7.4E-3	16.0 0.1	-3.5 2.0
2014-10-22.27	0336-019	test	4.01	1.1	0.481	0.0096 94	25.5	6.7	0.00 0.00 -2.50	-135 41	3.7 -2	34.5	2.9 -0.0	21.0 -87.8	0.498 5.2E-3	0.589 7.4E-3	16.5 0.2	1.2 1.9
2014-10-22.28	0336-019	test	4.04	1.0	0.481	0.0093 94	25.5	6.8	0.00 0.00 -0.10	-135 41	3.7 -2	34.7	-3.1 -0.1	15.0 -88.2	0.399 5.7E-3	0.505 7.1E-3	17.4 0.2	-3.7 3.0
#.2014-10-22.33	Jupiter	test	4.86	2.0	0.505	0.1161 85	25.4	6.5	0.00 0.00 -1.40	109 47	9.4 16	-51.6	-9.7 3.3	-16.1 -68.5	189 1.1	923 5.7	35.1 0.2	-15.8 4.7
2014-10-22.34	0851+202	test	4.98	2.1	0.515	0.0153 99	25.3	6.5	0.00 0.00 -1.40	112 57	8.9 20	-51.6	0.0 -0.4	-8.5 -63.4	2.55 0.012	2.90 0.011	15.0 0.1	-2.0 2.8
# Wed Oct 22 05:21:13 UTC 2014 - Alex Karim: Tau at 0.5, still some wind around. No deep field weather but no planets up for beam map. Array bias currently too high, will try to get back some bolometers before proceeding.
# Wed Oct 22 06:24:49 UTC 2014 - Alex Karim: Sunset reveals a lot of thin but also thicker cirrus as well as a lot of fog below us (as seen during previous days). Don't expect tau to change much any time soon.
2014-10-22.43	1055+018	117-14	6.40	2.0	0.470	0.0158 93	25.6	6.2	0.00 0.00 -1.40	123 38	11.0 2	-41.9	-0.3 0.2	-1.7 -70.1	1.82 9.1E-3	2.12 0.011	15.2 0.1	-4.5 -0.7
# Wed Oct 22 06:29:34 UTC 2014 - Alex Karim: Killed scan 44 right after start of execution since it was still using the pointing source instead of the science target.
# Wed Oct 22 06:55:21 UTC 2014 - Alex Karim: Tau somewhat decreasing, so there might be hope. Will add a few scans and repeat focus in stable atmosphere well after sunset.
2014-10-22.53	1055+018	117-14	7.79	2.0	0.387	0.0247 59	26.0	6.0	0.00 0.00 -1.40	147 50	11.0 2	-25.6	0.9 -0.4	1.6 -64.7	2.48 0.016	2.42 0.012	14.7 0.1	-3.4 2.7
2014-10-22.54	1055+018	117-14	7.85	1.1	0.379	0.0159 99	25.4	6.0	0.00 0.00 -1.60	148 50	11.0 2	-24.6	-0.3 0.4	0.8 -63.5	2.07 0.014	2.37 0.013	14.4 0.1	-7.0 5.0
2014-10-22.55	1055+018	117-14	7.87	1.1	0.379	0.0135 104	25.5	6.0	0.00 0.00 -2.20	149 50	11.0 2	-24.3	1.6 0.7	2.8 -63.1	1.83 0.016	2.20 0.013	14.7 0.1	-2.6 2.5
2014-10-22.56	1055+018	117-14	7.90	1.1	0.370	0.0141 104	25.7	6.0	0.00 0.00 -1.00	149 50	11.0 2	-24.0	-1.5 1.7	-0.2 -61.9	1.90 0.013	2.29 0.012	15.1 0.1	-3.6 3.8
2014-10-22.57	1055+018	117-14	7.92	1.1	0.369	0.0141 102	25.5	5.9	0.00 0.00 -2.80	150 50	11.0 2	-23.6	2.7 -1.8	4.1 -65.3	1.43 0.013	1.79 0.014	16.1 0.1	-6.6 3.7
2014-10-22.58	1055+018	117-14	7.94	1.1	0.368	0.0144 104	25.4	5.9	0.00 0.00 -0.40	150 51	11.0 2	-23.2	-3.2 1.9	-1.7 -61.6	1.52 0.014	1.96 0.012	16.5 0.2	-4.6 5.4
# Wed Oct 22 08:00:59 UTC 2014 - Alex Karim: Tau still falling, now below 0.3, cirrus still around. New focus -1.6, was -1.4.
# Wed Oct 22 08:52:40 UTC 2014 - Alex Karim: Had to abort the scan, GISMO started heating up around 8:40am. UT
# Wed Oct 22 09:46:09 UTC 2014 - JLS; Recycling , Zero bias, Crate and Tower off. Cap in place.
2014-10-22.66	1800+440	111-14	11.79	2.1	0.208	0.0210 97	25.5	8.2	0.00 0.00 -1.60	60 41	18.0 44	-74.2	-0.5 0.4	-10.6 -91.9	0.395 5.1E-3	0.385 5.4E-3	15.9 0.2	-1.1 0.8
2014-10-22.73	1800+440	111-14	12.91	2.0	0.154	0.0182 98	25.2	9.9	0.00 0.00 -1.60	63 52	18.0 44	-83.4	-0.2 -0.2	-15.1 -81.7	0.368 3.4E-3	0.379 4.6E-3	16.3 0.1	-4.0 1.5
2014-10-22.83	1800+440	111-14	13.91	2.0	0.201	0.0195 98	25.4	9.5	0.00 0.00 -1.60	64 63	18.0 44	-93.4	2.2 -0.4	-16.9 -71.1	0.365 4.7E-3	0.388 5.5E-3	16.3 0.2	-3.5 2.6
2014-10-22.84	1800+440	111-14	14.01	1.1	0.218	0.0172 98	24.7	9.5	0.00 0.00 -1.60	64 64	18.0 44	-94.5	1.1 0.4	-18.4 -69.2	0.328 6.8E-3	0.326 5.8E-3	15.5 0.3	-1.5 2.1
2014-10-22.85	1800+440	111-14	14.03	1.1	0.224	0.0156 98	24.7	9.5	0.00 0.00 -2.20	64 64	18.0 44	-94.7	-1.0 -0.2	-21.1 -69.6	0.300 5.2E-3	0.318 5.5E-3	15.9 0.3	-2.5 0.0
2014-10-22.86	1800+440	111-14	14.05	1.1	0.197	0.0142 98	24.7	9.5	0.00 0.00 -1.00	64 65	18.0 44	-95.0	-1.2 0.8	-21.0 -68.9	0.269 4.5E-3	0.265 5.0E-3	15.5 0.3	-2.1 1.5
2014-10-22.87	1800+440	111-14	14.07	1.1	0.190	0.0162 98	24.8	9.5	0.00 0.00 -2.80	64 65	18.0 44	-95.3	0.3 -1.0	-19.6 -69.2	0.201 5.5E-3	0.241 7.3E-3	17.1 0.5	-6.6 -1.7
2014-10-22.88	1800+440	111-14	14.09	1.1	0.191	0.0160 98	24.7	9.5	0.00 0.00 -0.40	64 65	18.0 44	-95.6	-2.9 2.8	-22.8 -65.8	0.193 4.7E-3	0.222 7.6E-3	16.8 0.4	-2.3 2.3
2014-10-22.92	Mars	111-14	15.10	2.0	0.332	0.0355 95	26.2	9.0	0.00 0.00 -1.60	167 27	17.8 -25	-11.3	-0.9 2.3	5.8 -72.0	25.1 0.13	50.7 0.16	22.5 0.1	-3.7 -2.9
2014-10-22.93	Mars	111-14	15.19	1.1	0.330	0.0349 92	25.7	9.0	0.00 0.00 -1.60	168 27	17.8 -25	-10.2	-2.4 -0.5	4.6 -75.0	28.5 0.22	57.5 0.30	20.9 0.1	-3.9 1.0
2014-10-22.94	Mars	111-14	15.21	1.0	0.330	0.0491 97	25.5	8.9	0.00 0.00 -2.20	169 27	17.8 -25	-9.9	-0.2 3.5	6.8 -71.1	29.7 0.29	55.9 0.65	20.6 0.2	1.8 -0.1
2014-10-22.95	Mars	111-14	15.23	1.0	0.330	0.0281 99	25.7	8.9	0.00 0.00 -1.00	169 27	17.8 -25	-9.6	2.4 1.7	9.5 -72.9	28.3 0.081	55.9 0.093	22.4 0.1	1.9 7.5
2014-10-22.96	Mars	111-14	15.25	1.0	0.330	0.0399 98	25.9	8.9	0.00 0.00 -2.80	169 27	17.8 -25	-9.3	3.9 2.2	11.4 -72.5	26.5 0.13	58.1 0.90	23.9 0.1	-6.6 -3.8
2014-10-22.97	Mars	111-14	15.28	1.0	0.329	0.0340 100	25.8	9.0	0.00 0.00 -0.40	170 27	17.8 -25	-9.0	0.9 -0.3	8.1 -75.1	18.2 0.14	55.9 0.55	27.4 0.2	3.0 8.8
2014-10-22.98	Mars	111-14	15.34	1.0	0.327	0.0257 99	25.7	9.0	0.00 0.00 -1.85	171 27	17.8 -25	-8.2	-1.0 -0.8	6.4 -75.7	30.4 0.074	57.0 0.27	22.2 0.0	-3.3 0.7
2014-10-22.99	Mars	111-14	15.36	1.0	0.326	0.0395 99	25.8	9.0	-2.00 0.00 -1.85	171 27	17.8 -25	-7.9	-2.4 1.2	4.9 -73.7	34.0 0.15	61.4 0.17	22.0 0.1	-2.3 1.7
2014-10-22.100	Mars	111-14	15.38	1.0	0.323	0.0323 97	26.1	9.0	2.00 0.00 -1.85	171 27	17.8 -25	-7.6	1.8 -3.4	9.2 -78.4	25.5 0.21	56.8 0.47	23.2 0.2	-1.7 2.3
2014-10-22.101	Mars	111-14	15.41	1.0	0.323	0.0332 100	26.0	9.0	-4.00 0.00 -1.85	172 28	17.8 -25	-7.3	-0.9 6.7	6.6 -68.4	23.5 0.12	55.5 0.17	24.4 0.1	-1.1 4.0
2014-10-22.102	Mars	111-14	15.43	1.0	0.322	0.0310 97	25.7	9.0	4.00 0.00 -1.85	172 28	17.8 -25	-7.0	5.5 -2.1	13.2 -77.2	18.5 0.093	52.0 0.35	26.6 0.1	6.1 7.3
2014-10-22.103	Mars	111-14	15.48	1.0	0.321	0.0206 99	25.7	9.0	-0.75 0.00 -1.85	173 28	17.8 -25	-6.3	0.7 -5.9	8.3 -81.2	36.8 0.060	57.7 0.074	20.4 0.0	-0.4 5.7
2014-10-22.104	Mars	111-14	15.50	1.0	0.320	0.0275 99	25.7	9.1	-0.75 -2.00 -1.85	173 28	17.8 -25	-6.0	3.4 -1.5	11.1 -76.8	30.9 0.078	58.3 0.087	22.4 0.0	-0.5 4.8
2014-10-22.105	Mars	111-14	15.53	1.0	0.335	0.0327 97	25.9	9.2	-0.75 2.00 -1.85	173 28	17.8 -25	-5.7	-1.0 1.7	6.9 -73.7	30.6 0.12	59.2 0.26	22.0 0.1	2.1 5.5
2014-10-22.106	Mars	111-14	15.55	1.0	0.335	0.0326 97	25.8	9.2	-0.75 -4.00 -1.85	174 28	17.8 -25	-5.4	9.3 -0.9	17.1 -76.3	21.5 0.13	57.4 0.38	26.0 0.1	12.5 12.5
2014-10-22.107	Mars	111-14	15.57	1.0	0.335	0.0228 99	25.8	9.2	-0.75 4.00 -1.85	174 28	17.8 -25	-5.1	-5.5 0.1	2.3 -75.5	26.3 0.065	54.2 0.081	23.6 0.0	-3.9 5.1
2014-10-22.108	Mars	111-14	15.63	2.0	0.327	0.0258 97	26.1	9.2	-0.75 0.39 -1.85	175 28	17.8 -25	-4.1	1.2 1.4	9.2 -74.4	31.6 0.061	56.7 0.071	21.8 0.0	-2.5 2.1
2014-10-22.111	1800+440	111-14	16.38	2.0	0.284	0.0149 96	26.1	9.3	-0.75 0.39 -1.85	-16 83	18.0 44	160.5	0.3 -0.2	-8.2 -72.3	0.394 3.8E-3	0.363 4.1E-3	15.4 0.1	-1.5 0.9
2014-10-22.112	1800+440	111-14	16.49	2.0	0.282	0.0137 96	26.1	9.4	-0.75 0.39 -1.85	-25 82	18.0 44	150.9	0.3 -0.0	-4.9 -73.6	0.425 3.6E-3	0.448 3.8E-3	16.0 0.1	-1.2 2.2
2014-10-22.113	1800+440	111-14	18.66	2.0	0.239	0.0178 98	25.4	7.4	-0.75 0.39 -1.85	-64 61	18.0 44	90.9	0.4 0.4	8.9 -90.1	0.470 4.2E-3	0.450 4.9E-3	16.1 0.1	-1.9 1.6
2014-10-22.114	1800+440	111-14	18.74	1.1	0.239	0.0150 97	25.0	7.4	-0.75 0.39 -1.85	-64 60	18.0 44	90.2	0.1 0.1	8.7 -91.2	0.444 5.8E-3	0.443 5.9E-3	15.8 0.2	-1.0 1.4
2014-10-22.115	1800+440	111-14	18.76	1.1	0.239	0.0154 96	25.0	7.4	-0.75 0.39 -2.45	-64 60	18.0 44	90.0	1.1 -0.5	9.6 -92.0	0.422 5.4E-3	0.417 6.7E-3	16.1 0.2	-1.5 0.6
2014-10-22.116	1800+440	111-14	18.78	1.1	0.239	0.0214 95	24.9	7.4	-0.75 0.39 -1.25	-64 60	18.0 44	89.7	-2.2 0.6	6.3 -91.2	0.432 5.7E-3	0.407 6.4E-3	15.4 0.2	-1.5 3.8
2014-10-22.117	1800+440	111-14	18.80	1.0	0.240	0.0162 96	25.0	7.4	-0.75 0.39 -3.05	-64 60	18.0 44	89.5	1.9 -0.6	9.8 -92.7	0.305 6.0E-3	0.344 8.6E-3	17.0 0.3	-2.0 0.6
2014-10-22.118	1800+440	111-14	18.83	1.1	0.240	0.0151 96	24.9	7.4	-0.75 0.39 -0.65	-64 59	18.0 44	89.3	-2.5 3.2	6.1 -89.1	0.339 4.8E-3	0.358 7.4E-3	16.5 0.2	-2.7 3.0
# Wed Oct 22 19:35:15 UTC 2014 - Jens Erler: Continued observations for project 111-14 after second recycling for today. Focus was calibrated in all 3 directions. Weather looks good, Tau is stable at ~0.25.
# Wed Oct 22 20:04:51 UTC 2014 - Scan 131 might be corrupted due to the operator walking into the beam. Crush might be able to handle this problem.
2014-10-22.135	1800+440	111-14	20.36	2.1	0.207	0.0151 90	25.4	7.7	-0.75 0.39 -1.70	-61 43	18.0 44	75.7	-0.3 0.1	9.3 -105.3	0.431 3.9E-3	0.430 6.0E-3	15.6 0.1	-2.5 2.8
2014-10-22.152	2037+511	094-14	21.99	2.0	0.266	0.0162 101	25.5	7.9	-0.75 0.39 -1.70	-51 54	20.6 51	93.8	-0.0 -0.1	6.4 -102.4	0.805 4.7E-3	0.828 6.4E-3	15.7 0.1	-0.8 4.5
# Wed Oct 22 23:25:23 UTC 2014 - Jens Erler: Observations paused for ~30 min to refill GISMO coolants.
2014-10-22.161	W3OH	050-14	23.50	2.0	0.279	0.0184 101	26.1	7.8	-0.75 0.39 -1.70	17 63	2.5 62	-150.3	0.8 -0.8	-15.4 -85.5	2.88 0.019	3.83 0.012	16.6 0.1	-4.2 5.0
2014-10-22.162	W3OH	050-14	23.58	1.1	0.279	0.0175 100	25.5	7.9	-0.75 0.39 -1.70	16 63	2.5 62	-152.0	0.3 0.4	-15.8 -84.3	2.79 0.026	3.83 0.022	16.6 0.1	-8.1 9.2
# Wed Oct 22 23:36:25 UTC 2014 - Jens Erler: Alarm mode changed from recycling to normal bz the operator.
2014-10-22.163	W3OH	050-14	23.60	1.1	0.281	0.0235 105	25.6	7.9	-0.75 0.39 -2.30	16 63	2.5 62	-152.6	2.6 -1.3	-13.4 -86.0	1.71 0.017	2.27 0.016	17.1 0.2	1.6 2.3
2014-10-22.164	W3OH	050-14	23.63	1.1	0.281	0.0159 96	25.6	7.9	-0.75 0.39 -1.10	16 63	2.5 62	-153.2	-2.0 2.6	-17.8 -82.2	2.16 0.026	3.57 0.023	17.1 0.2	-8.9 11.4
2014-10-22.165	W3OH	050-14	23.65	1.0	0.281	0.0183 97	25.6	7.9	-0.75 0.39 -2.90	15 64	2.5 62	-153.7	3.1 -1.7	-12.8 -86.5	1.86 0.020	2.78 0.020	18.1 0.2	-4.5 4.3
2014-10-22.166	W3OH	050-14	23.67	1.1	0.283	0.0175 100	25.7	7.9	-0.75 0.39 -0.50	15 64	2.5 62	-154.3	-2.6 1.7	-18.5 -83.1	2.20 0.019	3.11 0.017	17.9 0.1	-6.1 8.9
2014-10-23.5	0059+581	050-14	0.81	2.1	0.287	0.0199 101	25.9	7.5	-0.75 0.39 -1.70	-29 63	1.0 58	132.6	-0.2 -0.3	-0.8 -92.8	1.77 0.010	1.91 6.4E-3	15.2 0.1	-1.5 2.8
2014-10-23.9	W3OH	050-14	1.51	2.0	0.266	0.0184 99	26.2	7.1	-0.75 0.39 -1.70	-14 64	2.5 62	154.4	-0.0 1.4	-5.8 -89.6	2.49 0.022	3.67 0.015	17.3 0.1	-3.8 5.8
2014-10-23.15	0528+134	050-14	2.66	2.0	0.240	0.0165 99	26.0	6.8	-0.75 0.39 -1.70	146 63	5.5 14	-26.6	-0.0 -1.2	2.2 -51.0	0.295 3.4E-3	0.283 3.9E-3	15.6 0.2	-0.2 4.1
2014-10-23.21	W3OH	050-14	3.88	2.0	0.201	0.0192 99	25.8	6.6	-0.75 0.39 -1.70	-34 51	2.5 62	106.0	-0.5 1.2	2.1 -99.5	2.74 0.020	3.80 0.013	17.0 0.1	-5.7 3.9
2014-10-23.22	0439+360	test	4.01	2.0	0.198	0.0188 96	25.2	6.6	-0.75 0.39 -1.70	-89 76	4.7 36	81.0	0.0 0.1	15.1 -68.2	1.76 9.0E-3	1.94 6.7E-3	15.4 0.1	-2.5 5.5
# Thu Oct 23 05:23:45 UTC 2014 - Alex Karim: Tau is slightly below 0.3 and quite stable. Moving now to project 117-14.
2014-10-23.31	0851+202	117-14	5.44	2.1	0.252	0.0182 94	25.4	8.3	-0.75 0.39 -1.70	122 63	8.9 20	-45.7	-0.4 0.2	-7.0 -51.6	2.22 0.013	2.79 0.012	15.4 0.1	-6.6 7.3
# Thu Oct 23 05:32:15 UTC 2014 - Alex Karim: Seems number of good pixels was consistently low throughout the last hours, below 100 and later below 95. Re-biased to 10000 and check if it improves.
# Thu Oct 23 05:42:27 UTC 2014 - Alex Karim: Number of good pixels improved with bias 10000.
# Thu Oct 23 07:26:11 UTC 2014 - Alex Karim: Skies after sunrise not as clear as before but tau still stable below 0.3. Time for the after-sunrise focus.
2014-10-23.44	1055+018	117-14	7.43	2.0	0.274	0.0186 103	25.8	7.3	-0.75 0.39 -1.70	141 48	11.0 2	-29.9	0.3 0.1	0.4 -61.8	2.72 0.010	2.97 9.5E-3	15.7 0.1	-3.0 3.1
2014-10-23.45	1055+018	117-14	7.49	1.1	0.276	0.0172 103	25.4	7.4	-0.75 0.39 -1.50	142 48	11.0 2	-29.2	-0.4 0.4	0.0 -61.1	2.47 0.016	2.97 0.014	14.1 0.1	-2.7 7.9
2014-10-23.46	1055+018	117-14	7.51	1.1	0.276	0.0191 99	25.4	7.4	-0.75 0.39 -2.10	143 48	11.0 2	-28.9	1.4 0.3	1.9 -61.1	2.19 0.013	2.56 0.013	15.0 0.1	-2.2 3.4
2014-10-23.47	1055+018	117-14	7.53	1.1	0.276	0.0167 103	25.5	7.4	-0.75 0.39 -0.90	143 48	11.0 2	-28.6	-1.5 0.6	-1.0 -60.6	2.14 0.014	2.60 0.014	15.4 0.1	-2.4 7.3
2014-10-23.48	1055+018	117-14	7.55	1.1	0.276	0.0176 103	25.2	7.3	-0.75 0.39 -2.70	143 48	11.0 2	-28.2	4.0 -1.0	4.7 -62.1	1.66 0.015	2.13 0.015	16.5 0.1	2.8 4.0
2014-10-23.49	1055+018	117-14	7.58	1.1	0.276	0.0160 103	25.3	7.4	-0.75 0.39 -0.30	144 49	11.0 2	-27.9	-3.1 0.6	-2.3 -60.4	1.69 0.014	2.14 0.012	16.9 0.1	-4.4 7.0
# Thu Oct 23 07:37:58 UTC 2014 - Alex Karim: Sun now above summit, focus changed from -1.7 to -1.5. Similar to yesterday.
# Thu Oct 23 09:19:59 UTC 2014 - JLS; Recycling , Zero bias, Crate and Tower off. Cap in place.
# Thu Oct 23 10:19:38 UTC 2014 - Alex Karim: will proceed after Helium refill. Might squeeze out another hour of 117-14.
# Thu Oct 23 10:33:20 UTC 2014 - Alex Karim: We start with standard 8000 bias after refill. Tau still low but slightly increased to 0.3. Will have an eye on the ok channels.
2014-10-23.55	0851+202	117-14	10.56	2.1	0.337	0.0140 101	25.3	9.7	-0.75 0.39 -1.50	-95 41	8.9 20	57.8	-0.0 -0.1	14.3 -100.4	2.54 9.7E-3	2.92 9.0E-3	15.5 0.1	-3.4 0.8
2014-10-23.56	0823+033	117-14	10.64	2.0	0.338	0.0123 100	25.2	9.6	-0.75 0.39 -1.50	-106 24	8.4 3	50.4	-0.3 -0.2	12.1 -102.2	0.561 4.2E-3	0.592 4.0E-3	16.2 0.1	-3.0 -1.7
# Thu Oct 23 10:43:19 UTC 2014 - Alex Karim: PaKo didn't seem to recognize the set pointing so that I did another one. Pako worked now. Array looks good even at low elevation.
# Thu Oct 23 12:23:23 UTC 2014 - Alex Karim: COSMOS was setting. However, GISMO started heating up unexpectedly so that we had to abort the last scan. Will need another recycle and proceed later.
2014-10-23.69	Mars	050-14	15.20	2.0	0.269	0.0245 99	26.2	8.9	0.00 0.00 0.00	169 27	17.8 -25	-9.7	-2.6 -2.8	2.7 -82.9	27.1 0.085	59.2 0.083	23.9 0.1	-3.7 -6.7
2014-10-23.70	Mars	test	15.57	1.0	0.266	0.0220 98	25.7	8.9	-0.75 0.39 -1.50	174 28	17.8 -25	-5.0	0.9 -1.2	7.4 -81.8	37.0 0.066	61.1 0.080	20.9 0.0	-3.0 1.0
2014-10-23.71	Mars	test	15.59	1.0	0.267	0.0200 98	25.7	8.8	-0.75 0.39 -2.10	175 28	17.8 -25	-4.7	3.6 0.1	10.1 -80.5	30.9 0.066	62.0 0.088	22.8 0.0	-4.3 -1.5
2014-10-23.72	Mars	test	15.61	1.0	0.267	0.0249 98	25.7	8.9	-0.75 0.39 -0.90	175 28	17.8 -25	-4.4	0.1 4.2	6.7 -76.5	37.2 0.078	60.9 0.087	20.4 0.0	-2.4 -0.3
#.2014-10-23.73	Mars	test	15.63	1.0	0.267	0.0972 91	25.6	8.9	-0.75 0.39 -2.70	175 28	17.8 -25	-4.1	12.4 10.1	19.6 -70.6	20.6 0.16	54.3 0.20	26.5 0.2	1.3 -1.6
2014-10-23.74	Mars	test	15.66	1.0	0.258	0.0329 97	25.9	8.8	-0.75 0.39 -0.30	176 28	17.8 -25	-3.8	-2.4 0.5	4.3 -80.3	33.1 0.11	58.7 1.5	21.3 0.1	-1.4 -1.6
2014-10-23.75	Mars	050-14	15.72	2.0	0.257	0.0235 96	26.3	8.8	-0.75 0.39 -1.20	177 28	17.8 -25	-2.8	1.0 -1.1	7.9 -82.1	36.0 0.054	61.2 0.064	21.2 0.0	-1.5 0.2
2014-10-23.76	Mars	test	15.82	2.0	0.256	0.0280 97	26.2	8.7	-0.75 0.39 -1.20	178 28	17.8 -25	-1.4	-0.1 -0.9	7.1 -82.2	40.3 0.10	62.4 0.090	19.9 0.0	-6.3 -1.8
2014-10-23.88	Mars	050-14	16.75	2.0	0.285	0.0182 97	26.1	8.3	-0.75 0.39 -1.20	-168 27	17.8 -25	11.0	0.6 -0.1	10.6 -85.6	43.3 0.055	64.9 0.075	19.9 0.0	-1.5 0.9
2014-10-23.101	1800+440	111-14	17.92	2.0	0.239	0.0152 99	25.4	7.8	-0.75 0.39 -1.20	-63 68	18.0 44	99.4	-0.2 -2.8	10.4 -93.2	0.387 3.8E-3	0.391 3.8E-3	15.5 0.2	0.3 1.4
2014-10-23.102	1800+440	111-14	18.06	1.0	0.226	0.0152 101	24.8	7.7	-0.75 0.39 -1.20	-63 67	18.0 44	97.5	0.2 -0.0	11.1 -92.0	0.435 5.9E-3	0.440 4.8E-3	15.9 0.2	0.7 1.3
2014-10-23.103	1800+440	111-14	18.08	1.1	0.225	0.0166 101	24.7	7.7	-0.75 0.39 -1.80	-63 67	18.0 44	97.2	1.5 -1.6	12.5 -93.8	0.379 6.2E-3	0.419 7.4E-3	16.4 0.3	-1.9 3.3
2014-10-23.104	1800+440	111-14	18.10	1.1	0.224	0.0170 101	24.9	7.6	-0.75 0.39 -0.60	-63 67	18.0 44	96.9	-0.7 0.1	10.3 -92.3	0.436 6.5E-3	0.462 6.9E-3	16.1 0.2	-1.5 4.5
2014-10-23.105	1800+440	111-14	18.13	1.1	0.224	0.0165 101	24.8	7.6	-0.75 0.39 -2.40	-63 66	18.0 44	96.6	2.3 -2.0	13.4 -94.6	0.253 7.5E-3	0.312 7.2E-3	17.3 0.5	-2.3 -1.7
2014-10-23.106	1800+440	111-14	18.15	1.0	0.219	0.0154 101	25.1	7.6	-0.75 0.39 -1.00	-63 66	18.0 44	96.3	-0.2 0.6	10.8 -92.3	0.464 5.3E-3	0.483 5.3E-3	16.0 0.2	-1.5 1.6
2014-10-23.107	1800+440	111-14	18.19	1.1	0.218	0.0158 101	24.9	7.7	-0.75 0.39 -1.20	-64 66	18.0 44	95.7	-1.5 0.1	9.6 -93.3	0.401 5.8E-3	0.407 5.3E-3	15.7 0.2	-2.9 5.6
# Thu Oct 23 18:14:08 UTC 2014 - Jens Erler: Trying to optimize the number of channels by increasing the bias. First tried a bias of 9000 for which no calibration exists. Affected scans are 102-106. Now bias is 10000.
2014-10-23.108	1800+440	111-14	18.21	1.1	0.220	0.0141 101	24.8	7.7	-0.75 0.39 -1.80	-64 65	18.0 44	95.5	0.7 -0.2	11.9 -93.8	0.356 4.7E-3	0.374 6.7E-3	16.1 0.2	-3.0 1.5
2014-10-23.109	1800+440	111-14	18.24	1.1	0.220	0.0137 101	24.9	7.7	-0.75 0.39 -0.60	-64 65	18.0 44	95.2	-1.5 1.8	9.7 -92.1	0.413 4.1E-3	0.444 6.1E-3	16.4 0.2	-0.2 3.4
2014-10-23.110	1800+440	111-14	18.26	1.1	0.220	0.0142 101	24.9	7.7	-0.75 0.39 -2.40	-64 65	18.0 44	94.9	2.0 -1.3	13.3 -95.5	0.221 5.6E-3	0.266 5.8E-3	16.9 0.4	0.9 3.2
2014-10-23.111	1800+440	111-14	18.28	1.1	0.220	0.0145 101	24.9	7.7	-0.75 0.39 -1.00	-64 65	18.0 44	94.6	-2.4 0.9	8.9 -93.5	0.425 3.8E-3	0.421 5.8E-3	15.7 0.1	-3.4 2.1
2014-10-23.112	1800+440	111-14	18.36	2.0	0.223	0.0179 101	25.4	7.8	-0.75 0.39 -1.00	-64 64	18.0 44	93.6	-2.6 2.6	8.8 -92.7	0.449 4.5E-3	0.430 3.8E-3	15.5 0.2	-3.2 1.3
2014-10-23.129	1800+440	111-14	19.96	2.0	0.212	0.0133 101	25.2	8.2	-0.75 0.39 -1.00	-62 47	18.0 44	78.5	-0.2 0.7	8.9 -108.4	0.469 3.0E-3	0.467 3.7E-3	16.0 0.1	-2.1 2.4
2014-10-23.146	2037+511	094-14	21.68	2.0	0.261	0.0173 101	25.4	7.3	-0.75 0.39 -1.00	-51 56	20.6 51	96.9	-0.1 0.7	4.4 -103.6	0.768 5.3E-3	0.808 6.0E-3	16.0 0.1	-3.5 3.8
2014-10-23.163	Uranus	test	23.35	2.0	0.284	0.0146 103	26.3	6.4	-0.75 0.39 -1.00	-169 57	0.9 5	9.5	-0.6 0.0	11.7 -62.8	12.7 0.017	18.2 0.021	19.2 0.0	-5.9 3.0
2014-10-23.164	Uranus	test	23.41	1.1	0.274	0.0144 104	25.6	6.4	-0.75 0.39 -1.00	-167 57	0.9 5	10.6	-0.2 -0.2	12.4 -63.6	12.7 0.017	17.6 0.017	19.1 0.0	-4.4 2.3
2014-10-23.165	Uranus	test	23.43	1.1	0.271	0.0132 104	25.7	6.3	-0.75 0.39 -1.60	-166 57	0.9 5	11.0	1.0 -0.8	13.8 -64.5	13.5 0.015	18.0 0.019	18.6 0.0	-4.3 3.0
2014-10-23.166	Uranus	test	23.46	1.1	0.271	0.0137 103	25.7	6.3	-0.75 0.39 -0.40	-166 57	0.9 5	11.5	-1.7 0.9	11.2 -63.0	10.1 0.016	17.7 0.14	21.1 0.0	-6.3 4.0
2014-10-23.167	Uranus	test	23.48	1.1	0.270	0.0128 103	25.5	6.3	-0.75 0.39 -2.20	-165 57	0.9 5	12.0	2.7 -1.0	15.8 -65.2	12.5 0.017	17.7 0.16	19.1 0.0	-3.4 1.6
2014-10-23.168	Uranus	test	23.50	1.1	0.270	0.0130 104	25.4	6.3	-0.75 0.39 0.20	-165 57	0.9 5	12.5	-2.8 2.1	10.4 -62.3	6.52 0.014	17.2 0.022	26.0 0.0	-4.2 4.1
2014-10-23.169	0439+360	050-14	23.64	2.0	0.250	0.0120 108	25.2	6.1	-0.75 0.39 -1.55	77 52	4.7 36	-74.1	-0.5 -0.3	-16.5 -76.0	1.17 8.2E-3	1.40 6.5E-3	15.5 0.1	-2.1 7.3
2014-10-24.5	0439+360	050-14	0.75	2.0	0.288	0.0171 103	25.2	5.3	-0.75 0.39 -1.55	83 65	4.7 36	-78.6	0.1 -0.3	-19.5 -62.8	1.73 9.0E-3	2.01 7.2E-3	15.9 0.1	-3.5 3.1
2014-10-24.12	0439+360	050-14	1.86	2.1	0.284	0.0155 103	25.3	5.1	-0.75 0.39 -1.55	90 79	4.7 36	-81.1	0.2 -0.2	-21.7 -45.2	1.54 7.3E-3	1.81 6.1E-3	16.0 0.1	-0.9 3.1
2014-10-24.25	0851+202	117-14	4.36	2.1	0.324	0.0145 106	25.2	6.3	-0.75 0.39 -1.55	105 52	8.9 20	-54.9	-0.2 -1.2	-10.9 -63.5	2.58 0.010	2.91 7.5E-3	15.3 0.1	-2.1 2.6
2014-10-24.26	0851+202	117-14	4.41	1.1	0.315	0.0140 102	24.7	6.4	-0.75 0.39 -1.55	106 52	8.9 20	-54.7	-0.7 1.0	-11.4 -60.5	1.79 0.016	2.58 0.015	14.5 0.1	-3.3 6.8
2014-10-24.27	0851+202	117-14	4.43	1.1	0.315	0.0145 101	24.8	6.4	-0.75 0.39 -2.15	106 53	8.9 20	-54.5	1.7 -0.2	-9.2 -61.5	1.77 0.013	2.32 0.014	15.3 0.1	-4.6 2.5
2014-10-24.28	0851+202	117-14	4.46	1.1	0.311	0.0146 104	24.7	6.5	-0.75 0.39 -0.95	107 53	8.9 20	-54.4	-1.6 1.0	-12.3 -59.9	1.96 0.016	2.57 0.014	15.6 0.1	-4.0 5.8
2014-10-24.29	0851+202	117-14	4.48	1.1	0.311	0.0137 104	24.8	6.5	-0.75 0.39 -2.75	107 53	8.9 20	-54.3	4.2 -1.5	-6.4 -62.1	1.90 0.018	2.39 0.013	15.4 0.1	1.2 5.3
2014-10-24.30	0851+202	117-14	4.50	1.1	0.311	0.0144 104	24.9	6.5	-0.75 0.39 -0.35	107 53	8.9 20	-54.1	-3.6 1.1	-14.3 -59.2	1.49 0.016	2.20 0.012	17.5 0.2	-4.6 4.2
# Fri Oct 24 05:27:20 UTC 2014 - Alex Karim: Stable tau at 0.3. Last focus changed quite a bit compared to the previous value. Will monitor again after sunset on project test.
2014-10-24.47	1055+018	test	7.11	2.1	0.301	0.0142 104	25.8	6.8	-0.75 0.39 -1.90	136 46	11.0 2	-33.3	0.6 0.4	-0.2 -64.0	2.47 0.013	3.08 8.8E-3	14.7 0.1	-1.0 3.8
2014-10-24.48	1055+018	test	7.17	1.1	0.302	0.0127 103	25.4	6.9	-0.75 0.39 -1.50	137 46	11.0 2	-32.6	-0.4 0.7	-1.0 -63.3	1.86 0.014	2.41 0.013	14.6 0.1	-6.7 7.6
2014-10-24.49	1055+018	test	7.19	1.1	0.302	0.0135 104	25.4	6.9	-0.75 0.39 -2.10	138 46	11.0 2	-32.4	0.9 -0.2	0.4 -64.1	2.03 0.013	2.63 0.013	14.6 0.1	-2.6 4.3
2014-10-24.50	1055+018	test	7.21	1.0	0.302	0.0131 104	25.2	6.9	-0.75 0.39 -0.90	138 46	11.0 2	-32.1	-2.5 1.3	-2.9 -62.4	2.06 0.015	2.64 0.013	14.9 0.1	-6.1 5.7
2014-10-24.51	1055+018	test	7.23	1.1	0.303	0.0134 104	25.4	6.9	-0.75 0.39 -2.70	139 47	11.0 2	-31.8	3.7 -0.4	3.4 -64.0	1.73 0.014	2.25 0.012	16.2 0.1	-0.8 2.9
2014-10-24.52	1055+018	test	7.25	1.1	0.303	0.0135 104	25.3	6.9	-0.75 0.39 -0.30	139 47	11.0 2	-31.5	-3.6 0.8	-3.9 -62.7	1.54 0.016	2.13 0.011	17.0 0.2	-4.2 5.0
# Fri Oct 24 07:18:44 UTC 2014 - Alex Karim: Focus changed closer back to the old value. Fit was excellent.
2014-10-24.59	1055+018	117-14	8.75	2.0	0.301	0.0152 101	26.2	9.0	-0.75 0.39 -1.63	173 54	11.0 2	-5.5	0.2 0.2	8.6 -61.2	2.48 0.011	2.78 8.5E-3	15.2 0.1	-4.9 4.9
2014-10-24.68	1055+018	117-14	10.10	2.0	0.305	0.0146 102	26.1	8.5	-0.75 0.39 -1.63	-154 51	11.0 2	21.0	0.6 -0.4	14.3 -74.2	2.27 0.011	2.71 8.3E-3	15.2 0.1	-4.7 5.9
2014-10-24.69	1055+018	117-14	10.19	1.1	0.305	0.0134 100	25.7	8.6	-0.75 0.39 -1.63	-152 51	11.0 2	22.4	-0.3 0.4	13.6 -74.4	1.84 0.012	2.36 0.013	14.5 0.1	-9.5 5.4
2014-10-24.70	1055+018	117-14	10.21	1.1	0.305	0.0128 101	25.6	8.6	-0.75 0.39 -2.23	-151 51	11.0 2	22.7	2.3 -0.4	16.4 -75.5	1.85 0.013	2.26 0.011	15.1 0.1	-5.6 4.9
2014-10-24.71	1055+018	117-14	10.23	1.0	0.305	0.0125 100	25.7	8.6	-0.75 0.39 -1.03	-151 51	11.0 2	23.1	-2.7 -0.3	11.4 -75.6	1.90 0.013	2.49 0.011	14.9 0.1	-12.4 8.8
2014-10-24.72	1055+018	117-14	10.25	1.0	0.306	0.0129 101	25.7	8.6	-0.75 0.39 -2.83	-150 51	11.0 2	23.5	4.2 -0.8	18.6 -76.4	1.31 0.013	1.77 0.011	17.3 0.2	-5.1 3.6
2014-10-24.73	1055+018	117-14	10.28	1.1	0.306	0.0123 101	25.7	8.6	-0.75 0.39 -0.43	-150 50	11.0 2	23.8	-3.9 1.8	10.3 -74.1	1.72 0.013	2.32 0.012	16.4 0.1	-8.5 7.0
2014-10-24.82	1055+018	117-14	11.57	2.0	0.335	0.0187 100	25.5	8.5	-0.75 0.39 -1.55	-126 40	11.0 2	40.2	-0.3 -0.1	15.1 -93.6	1.89 0.012	2.27 0.011	16.4 0.1	-5.9 2.9
# Fri Oct 24 12:25:46 UTC 2014 - JLS; Recycling , Zero bias, Crate and Tower off. Cap in place.
2014-10-24.88	Mars	050-14	15.22	2.0	0.434	0.0323 67	26.2	8.0	-0.75 0.39 -1.55	169 27	17.9 -25	-9.3	0.1 -0.3	3.4 -74.6	20.2 0.071	44.0 0.27	22.2 0.1	-1.8 -2.9
2014-10-24.95	2037+511	094-14	16.52	2.0	0.424	0.0141 101	25.7	7.6	-0.75 0.39 -1.55	48 63	20.6 51	-109.7	-0.1 -1.3	-21.5 -77.2	0.650 5.5E-3	0.682 5.3E-3	15.9 0.1	-3.1 4.6
2014-10-24.96	2037+511	094-14	16.58	1.1	0.438	0.0124 102	25.1	7.6	-0.75 0.39 -1.40	47 64	20.6 51	-110.6	0.2 0.5	-21.3 -74.9	0.590 5.8E-3	0.650 7.0E-3	15.9 0.2	-1.2 6.1
2014-10-24.97	2037+511	094-14	16.60	1.0	0.438	0.0118 100	25.3	7.6	-0.75 0.39 -2.00	47 64	20.6 51	-111.0	1.6 0.2	-19.9 -75.1	0.635 5.0E-3	0.680 5.7E-3	15.7 0.1	-4.6 3.7
2014-10-24.98	2037+511	094-14	16.62	1.1	0.433	0.0119 101	25.3	7.5	-0.75 0.39 -0.80	47 64	20.6 51	-111.4	-2.9 1.3	-24.5 -73.8	0.484 5.4E-3	0.588 6.7E-3	16.6 0.2	-2.7 5.8
2014-10-24.99	2037+511	094-14	16.64	1.1	0.433	0.0120 102	25.1	7.5	-0.75 0.39 -2.60	47 64	20.6 51	-111.8	1.8 -1.6	-19.9 -76.6	0.553 5.8E-3	0.613 6.4E-3	16.3 0.2	-1.1 3.6
2014-10-24.100	2037+511	094-14	16.67	1.1	0.433	0.0113 102	25.0	7.5	-0.75 0.39 -0.20	46 64	20.6 51	-112.2	-4.8 3.0	-26.6 -71.9	0.270 4.4E-3	0.406 7.2E-3	18.7 0.3	-3.8 2.7
2014-10-24.101	2037+511	094-14	16.71	2.1	0.424	0.0129 102	25.7	7.5	-0.75 0.39 -3.00	46 65	20.6 51	-113.4	3.7 -1.9	-18.1 -76.4	0.476 5.0E-3	0.552 4.7E-3	17.0 0.2	-3.3 2.0
2014-10-24.118	1800+440	111-14	18.17	2.0	0.397	0.0135 102	25.2	7.0	-0.75 0.39 -1.84	-64 65	18.0 44	95.1	0.3 0.0	9.0 -91.1	0.354 3.4E-3	0.364 3.6E-3	15.9 0.2	-1.4 2.1
2014-10-24.135	1800+440	111-14	19.72	2.0	0.323	0.0142 102	25.3	6.3	-0.75 0.39 -1.84	-62 48	18.0 44	79.9	-0.2 -0.4	9.3 -104.0	0.395 3.4E-3	0.402 3.8E-3	15.9 0.1	-3.9 2.8
2014-10-24.154	2223-052	109-14	21.51	2.0	0.319	0.0142 103	26.2	7.1	-0.75 0.39 -1.84	-157 46	22.4 -5	18.3	1.8 1.2	16.5 -73.3	0.351 3.3E-3	0.364 3.5E-3	15.8 0.1	0.7 0.8
2014-10-24.155	2223-052	109-14	21.59	1.1	0.320	0.0133 103	25.3	7.0	-0.70 0.39 -1.84	-156 45	22.4 -5	19.5	0.8 3.1	15.7 -72.3	0.327 3.8E-3	0.340 5.4E-3	15.8 0.2	-0.2 2.1
2014-10-24.156	2223-052	109-14	21.61	1.0	0.320	0.0138 103	25.8	7.0	-2.70 0.39 -1.84	-155 45	22.4 -5	19.8	0.1 3.0	15.0 -72.7	0.266 4.1E-3	0.287 7.4E-3	16.2 0.3	-3.0 5.6
2014-10-24.157	2223-052	109-14	21.64	1.1	0.321	0.0130 103	25.7	6.9	1.25 0.39 -1.84	-155 45	22.4 -5	20.2	-0.5 0.9	14.5 -75.0	0.344 4.0E-3	0.351 5.5E-3	15.7 0.2	-2.3 1.1
2014-10-24.158	2223-052	109-14	21.66	1.0	0.321	0.0124 103	25.9	6.9	-4.70 0.39 -1.84	-154 45	22.4 -5	20.5	0.9 1.6	15.9 -74.6	0.227 3.5E-3	0.233 5.0E-3	16.2 0.2	0.5 7.8
2014-10-24.159	2223-052	109-14	21.68	1.0	0.321	0.0115 103	25.8	6.9	3.25 0.39 -1.84	-154 45	22.4 -5	20.9	2.6 -0.9	17.6 -77.4	0.266 4.1E-3	0.278 6.0E-3	16.0 0.2	-8.0 -5.1
2014-10-24.160	2223-052	109-14	21.75	1.1	0.320	0.0120 102	25.5	6.8	-0.08 0.38 -1.84	-152 44	22.4 -5	21.9	-1.9 -2.0	13.3 -79.1	0.397 3.6E-3	0.390 4.6E-3	15.6 0.1	-2.4 1.5
2014-10-24.161	2223-052	109-14	21.77	1.0	0.316	0.0127 103	25.7	6.7	-0.08 -1.60 -1.84	-152 44	22.4 -5	22.2	0.5 -0.2	15.2 -77.6	0.338 4.0E-3	0.361 5.3E-3	15.9 0.2	-1.5 1.4
2014-10-24.162	2223-052	109-14	21.79	1.1	0.316	0.0123 103	25.6	6.7	-0.08 2.38 -1.84	-152 44	22.4 -5	22.5	-3.4 -0.2	12.1 -77.9	0.345 4.4E-3	0.347 5.2E-3	15.6 0.2	-5.9 -0.2
2014-10-24.163	2223-052	109-14	21.82	1.0	0.316	0.0122 103	25.6	6.7	-0.08 -3.60 -1.84	-151 44	22.4 -5	22.9	-0.7 -2.6	14.2 -80.5	0.276 4.4E-3	0.304 6.3E-3	16.7 0.3	5.2 2.5
2014-10-24.164	2223-052	109-14	21.84	1.1	0.310	0.0112 103	25.7	6.8	-0.08 4.38 -1.84	-151 44	22.4 -5	23.2	-4.5 -0.5	11.1 -78.7	0.257 3.5E-3	0.273 6.6E-3	16.0 0.2	-10.7 3.4
2014-10-24.165	2223-052	109-14	21.90	1.1	0.309	0.0118 103	25.6	6.9	-0.08 0.26 -1.84	-150 43	22.4 -5	24.1	0.8 0.3	16.1 -78.6	0.368 3.9E-3	0.382 5.1E-3	15.7 0.2	-2.2 1.7
2014-10-24.166	2223-052	109-14	21.92	1.1	0.297	0.0118 103	25.5	6.9	-0.08 0.26 -2.44	-149 43	22.4 -5	24.4	2.5 -0.4	17.9 -79.5	0.317 3.8E-3	0.324 5.1E-3	15.7 0.2	-4.3 1.1
2014-10-24.167	2223-052	109-14	21.94	1.0	0.297	0.0115 102	25.5	6.9	-0.08 0.26 -1.24	-149 43	22.4 -5	24.7	-1.1 -1.1	14.3 -80.5	0.343 3.5E-3	0.342 4.9E-3	15.7 0.2	-1.9 1.3
2014-10-24.168	2223-052	109-14	21.97	1.0	0.296	0.0124 102	25.7	6.9	-0.08 0.26 -3.04	-148 43	22.4 -5	25.0	3.8 -1.6	19.3 -81.2	0.241 4.5E-3	0.279 6.5E-3	16.9 0.3	3.9 -0.1
2014-10-24.169	2223-052	109-14	21.99	1.1	0.297	0.0127 102	25.7	6.9	-0.08 0.26 -0.64	-148 43	22.4 -5	25.3	-2.4 -0.2	13.0 -80.1	0.271 3.8E-3	0.307 6.1E-3	16.3 0.2	-1.5 3.6
# Fri Oct 24 22:08:51 UTC 2014 - JensErler: Project 111-14 now nearly finished. Now starting to observe project 109-14. Done a xyz- focus calibration.Observations paused because Operator topped nitrogen bath. Tau between 0.3 and 0.4.
2014-10-24.170	0106+013	109-14	22.29	2.0	0.299	0.0145 101	26.1	6.9	-0.08 0.26 -1.78	158 53	1.1 2	-17.1	0.0 0.7	6.5 -62.2	0.599 4.0E-3	0.606 5.2E-3	15.5 0.1	-2.1 2.0
2014-10-24.177	1928+738	test	23.35	2.1	0.284	0.0127 102	26.1	6.8	-0.08 0.26 -1.78	-20 36	19.5 74	79.5	-0.4 0.1	0.0 -113.1	1.57 6.4E-3	1.71 5.7E-3	15.7 0.1	-5.2 -0.0
2014-10-25.2	0133+476	test	0.31	2.0	0.306	0.0146 100	25.9	6.7	-0.08 0.26 -1.78	-31 77	1.6 48	141.2	0.4 -0.1	-2.7 -81.6	1.51 7.0E-3	1.63 7.7E-3	15.3 0.1	-2.1 1.3
2014-10-25.10	0133+476	050-14	1.66	2.0	0.311	0.0146 102	25.4	5.3	-0.08 0.26 -1.78	-54 65	1.6 48	104.5	-0.3 0.2	6.0 -91.4	1.56 7.5E-3	1.70 6.2E-3	15.9 0.1	-4.2 2.6
2014-10-25.14	0336-019	109-14	2.51	2.0	0.297	0.0123 102	26.2	5.0	-0.08 0.26 -1.78	-160 49	3.7 -2	15.8	-0.0 -0.5	14.3 -69.4	0.897 3.7E-3	0.937 4.5E-3	15.9 0.1	-3.0 -1.3
2014-10-25.22	0439+360	050-14	3.96	2.0	0.300	0.0168 100	25.2	5.4	-0.08 0.26 -1.78	-88 75	4.7 36	80.9	0.1 0.2	14.1 -72.1	1.92 9.0E-3	2.05 8.6E-3	15.0 0.1	-4.1 3.7
2014-10-25.25	0851+202	117-14	4.54	2.0	0.295	0.0146 101	25.4	4.8	-0.08 0.26 -1.78	109 55	8.9 20	-53.4	-0.1 1.1	-10.3 -60.1	1.83 0.012	2.37 0.011	15.4 0.1	-3.1 5.4
2014-10-25.34	1055+018	117-14	5.85	2.0	0.258	0.0139 102	25.3	4.2	-0.08 0.26 -1.78	118 34	11.0 2	-44.6	-0.2 -0.2	-1.7 -70.3	2.32 9.1E-3	2.64 7.7E-3	15.4 0.1	-4.0 -1.3
2014-10-25.43	1055+018	117-14	7.17	2.1	0.270	0.0144 102	25.6	4.1	-0.08 0.26 -1.78	139 47	11.0 2	-31.6	0.4 0.6	1.6 -61.8	1.71 0.012	2.38 9.7E-3	15.7 0.1	3.2 3.6
2014-10-25.44	1055+018	117-14	7.24	1.1	0.272	0.0133 101	25.4	4.1	-0.08 0.26 -1.78	140 47	11.0 2	-30.8	-0.4 1.4	0.9 -60.6	2.15 0.016	2.80 0.014	13.8 0.1	0.7 4.7
2014-10-25.45	1055+018	117-14	7.26	1.1	0.263	0.0133 101	25.2	4.1	-0.08 0.26 -2.38	140 47	11.0 2	-30.5	1.0 1.0	2.5 -60.8	1.92 0.016	2.60 0.015	14.5 0.1	0.8 3.0
2014-10-25.46	1055+018	117-14	7.28	1.1	0.263	0.0130 99	25.6	4.2	-0.08 0.26 -1.18	141 47	11.0 2	-30.2	-2.2 1.0	-0.6 -60.7	1.77 0.015	2.44 0.016	14.7 0.1	-3.4 4.1
2014-10-25.47	1055+018	117-14	7.31	1.1	0.262	0.0129 101	25.3	4.2	-0.08 0.26 -2.98	141 48	11.0 2	-29.9	3.7 -0.7	5.4 -62.2	1.58 0.013	2.14 0.013	16.6 0.1	1.1 3.1
2014-10-25.48	1055+018	117-14	7.33	1.0	0.259	0.0132 100	25.2	4.3	-0.08 0.26 -0.58	142 48	11.0 2	-29.6	-2.5 0.6	-0.6 -60.8	1.61 0.015	2.22 0.013	16.7 0.2	-2.6 1.8
2014-10-25.57	1055+018	117-14	8.69	2.0	0.257	0.0149 100	26.3	6.3	-0.08 0.26 -1.78	173 54	11.0 2	-5.4	-0.7 0.3	8.7 -60.8	1.78 0.013	2.44 9.2E-3	15.1 0.1	-2.8 4.0
# Sat Oct 25 09:28:23 UTC 2014 - B. Magnelli: Topping the He bath
2014-10-25.66	1055+018	117-14	10.98	2.0	0.000	0.0161 103	25.8	7.5	-0.08 0.26 -1.78	-135 45	11.0 2	34.7	-0.3 0.5	14.8 -84.3	1.62 9.8E-3	1.89 7.2E-3	15.4 0.1	-6.0 1.1
2014-10-25.73	1055+018	117-14	11.96	2.1	0.334	0.0151 99	25.4	7.6	-0.08 0.26 -1.78	-120 35	11.0 2	43.9	-0.3 -0.3	13.7 -96.9	1.68 0.011	1.92 8.4E-3	15.7 0.1	-4.5 0.6
2014-10-25.74	Mars	050-14	14.70	2.0	0.418	0.0478 59	26.1	7.3	-0.08 0.26 -1.78	162 26	17.9 -25	-15.9	-0.5 0.1	3.6 -84.7	21.9 0.36	47.3 0.73	25.4 0.3	0.2 -5.9
2014-10-25.82	2037+511	094-14	16.08	2.1	0.354	0.0202 102	25.7	6.7	-0.08 -0.26 -1.78	50 60	20.6 51	-103.5	-1.4 -1.0	-19.7 -81.2	0.564 5.5E-3	0.637 7.0E-3	17.0 0.2	-2.5 0.6
2014-10-25.83	2037+511	094-14	16.15	1.1	0.353	0.0206 102	25.1	6.7	-0.08 -0.26 -1.78	49 60	20.6 51	-104.4	1.7 -2.0	-16.9 -81.7	0.502 7.9E-3	0.548 9.0E-3	15.6 0.2	-3.3 -1.8
2014-10-25.84	2037+511	094-14	16.17	1.1	0.357	0.0172 102	25.2	6.8	-0.08 -0.26 -2.38	49 61	20.6 51	-104.8	2.3 -1.2	-17.1 -80.7	0.338 6.3E-3	0.402 9.5E-3	17.1 0.3	-1.5 -2.0
2014-10-25.85	2037+511	094-14	16.19	1.1	0.357	0.0217 102	25.2	6.8	-0.08 -0.26 -1.18	49 61	20.6 51	-105.1	0.7 -1.9	-18.0 -81.2	0.631 7.9E-3	0.649 7.7E-3	15.4 0.2	1.4 0.6
2014-10-25.86	2037+511	094-14	16.22	1.1	0.358	0.0153 104	25.0	6.8	-0.08 -0.26 -2.98	49 61	20.6 51	-105.5	4.2 -4.7	-14.7 -83.9	0.153 6.0E-3	0.268 7.6E-3	20.6 0.7	-2.2 -3.6
2014-10-25.87	2037+511	094-14	16.24	1.1	0.353	0.0217 102	25.1	6.8	-0.08 -0.26 -0.58	49 61	20.6 51	-105.8	-0.2 -0.5	-19.1 -79.4	0.591 9.0E-3	0.638 8.7E-3	15.9 0.2	-4.7 -0.8
2014-10-25.88	2037+511	test	16.29	1.1	0.353	0.0181 102	24.8	6.8	-0.08 -0.26 -1.50	49 62	20.6 51	-106.7	4.2 -2.0	-14.9 -80.5	0.532 7.1E-3	0.582 8.2E-3	15.9 0.2	-3.4 1.8
2014-10-25.89	2037+511	test	16.31	1.1	0.353	0.0232 101	25.2	6.8	-0.08 -0.26 -2.10	48 62	20.6 51	-107.0	1.8 -1.9	-16.9 -80.2	0.372 8.4E-3	0.421 9.8E-3	16.2 0.4	-1.2 -1.2
2014-10-25.90	2037+511	test	16.33	1.1	0.353	0.0230 101	25.3	6.8	-0.08 -0.26 -0.90	48 62	20.6 51	-107.4	-2.0 -0.5	-21.3 -78.7	0.624 7.3E-3	0.675 9.2E-3	15.8 0.2	-2.7 0.5
2014-10-25.91	2037+511	test	16.36	1.1	0.353	0.0207 101	25.1	6.8	-0.08 -0.26 -2.70	48 62	20.6 51	-107.8	1.2 -3.1	-18.5 -81.1	0.230 8.3E-3	0.300 8.9E-3	17.7 0.6	-3.8 2.2
2014-10-25.92	2037+511	test	16.38	1.0	0.345	0.0140 101	25.2	6.8	-0.08 -0.26 -0.30	48 62	20.6 51	-108.2	-0.8 0.4	-20.3 -77.5	0.593 6.3E-3	0.651 6.4E-3	16.2 0.2	-0.1 4.4
# Sat Oct 25 16:26:22 UTC 2014 - B. Magnelli: Fits for focusZ are not good, we do FocusX FocusY
2014-10-25.93	2037+511	test	16.42	1.1	0.344	0.0180 97	25.0	6.6	0.00 -0.26 -1.50	48 63	20.6 51	-109.0	0.5 -0.3	-19.3 -77.8	0.583 7.3E-3	0.621 8.4E-3	15.8 0.2	-0.0 2.9
2014-10-25.94	2037+511	test	16.45	1.1	0.344	0.0149 101	25.0	6.6	-2.00 -0.26 -1.50	48 63	20.6 51	-109.4	1.4 -0.3	-18.3 -77.6	0.543 6.5E-3	0.578 7.9E-3	15.7 0.2	-2.2 7.7
2014-10-25.95	2037+511	test	16.47	1.1	0.344	0.0149 101	25.0	6.5	1.91 -0.26 -1.50	47 63	20.6 51	-109.8	-1.3 -0.3	-21.0 -77.4	0.534 6.4E-3	0.604 7.9E-3	16.3 0.2	-2.0 -3.4
2014-10-25.96	2037+511	test	16.49	1.1	0.343	0.0163 101	24.9	6.5	-4.00 -0.26 -1.50	47 63	20.6 51	-110.2	-0.3 0.9	-20.1 -76.1	0.367 6.4E-3	0.416 0.010	16.8 0.3	-2.1 6.5
2014-10-25.97	2037+511	test	16.51	1.1	0.347	0.0170 101	25.1	6.5	3.92 -0.26 -1.50	47 64	20.6 51	-110.6	3.9 -0.8	-16.0 -77.6	0.436 6.5E-3	0.524 9.3E-3	16.5 0.2	-2.0 -9.0
2014-10-25.98	2037+511	test	16.56	1.1	0.346	0.0158 100	25.2	6.4	0.24 -0.20 -1.50	47 64	20.6 51	-111.4	-1.4 -0.5	-21.5 -76.9	0.608 6.1E-3	0.643 7.2E-3	15.7 0.2	-5.3 2.1
2014-10-25.99	2037+511	test	16.58	1.1	0.354	0.0152 101	25.0	6.4	0.24 -2.20 -1.50	47 64	20.6 51	-111.8	0.4 0.7	-20.0 -75.5	0.490 7.3E-3	0.531 7.1E-3	16.2 0.2	1.7 1.9
2014-10-25.100	2037+511	test	16.60	1.1	0.355	0.0152 101	25.1	6.4	0.24 1.74 -1.50	46 64	20.6 51	-112.3	-0.3 0.9	-20.5 -75.2	0.589 5.7E-3	0.630 5.9E-3	15.8 0.2	-3.6 1.5
2014-10-25.101	2037+511	test	16.63	1.1	0.354	0.0210 101	25.0	6.3	0.24 -4.20 -1.50	46 65	20.6 51	-112.7	-1.1 0.5	-21.4 -75.5	0.377 6.7E-3	0.460 0.014	17.6 0.3	2.6 -1.8
2014-10-25.102	2037+511	test	16.65	1.1	0.357	0.0155 101	24.9	6.3	0.24 3.74 -1.50	46 65	20.6 51	-113.2	-3.2 0.0	-23.5 -75.7	0.504 5.7E-3	0.567 8.2E-3	16.3 0.2	-10.4 4.1
2014-10-25.103	2037+511	test	16.72	1.1	0.351	0.0175 101	25.1	6.2	0.24 0.00 -1.50	45 65	20.6 51	-114.6	-2.0 2.4	-22.2 -72.8	0.615 6.0E-3	0.648 8.0E-3	15.6 0.2	-3.8 1.8
2014-10-25.104	2037+511	test	16.74	1.1	0.351	0.0214 101	25.1	6.1	0.24 0.00 -2.10	45 66	20.6 51	-115.0	-0.5 -0.2	-21.2 -75.3	0.503 7.6E-3	0.564 9.8E-3	16.0 0.2	-5.2 -0.8
2014-10-25.105	2037+511	test	16.76	1.1	0.350	0.0204 101	25.1	6.1	0.24 0.00 -0.90	45 66	20.6 51	-115.5	-1.1 1.2	-21.8 -73.8	0.581 6.8E-3	0.603 7.5E-3	15.8 0.2	-2.5 -0.5
2014-10-25.106	2037+511	test	16.78	1.1	0.349	0.0185 101	25.3	6.1	0.24 0.00 -2.70	45 66	20.6 51	-115.9	0.4 0.5	-20.4 -74.3	0.321 7.0E-3	0.374 9.6E-3	16.5 0.4	-4.0 -1.0
2014-10-25.107	2037+511	test	16.81	1.1	0.345	0.0181 101	25.3	6.1	0.24 0.00 -0.30	45 66	20.6 51	-116.4	-4.0 2.9	-24.8 -71.7	0.473 6.3E-3	0.526 8.7E-3	16.3 0.2	-6.0 2.8
2014-10-25.108	2037+511	test	16.86	1.1	0.347	0.0173 101	25.2	6.0	0.24 0.00 -1.14	44 67	20.6 51	-117.5	-1.9 4.1	-23.0 -70.2	0.604 6.0E-3	0.664 7.7E-3	16.0 0.2	-0.8 -0.2
2014-10-25.109	2037+511	test	16.88	1.1	0.337	0.0141 102	25.2	6.0	0.24 -2.00 -1.14	44 67	20.6 51	-118.0	0.0 0.5	-21.0 -73.7	0.584 5.4E-3	0.651 7.3E-3	16.4 0.1	-1.4 1.2
2014-10-25.110	2037+511	test	16.90	1.1	0.336	0.0150 101	25.2	6.0	0.24 2.00 -1.14	44 67	20.6 51	-118.5	-2.1 0.5	-23.2 -73.5	0.579 5.0E-3	0.597 5.6E-3	15.9 0.1	-9.3 3.6
2014-10-25.111	2037+511	test	16.93	1.1	0.336	0.0145 102	25.1	6.0	0.24 -4.00 -1.14	43 67	20.6 51	-119.0	-0.2 1.4	-21.7 -72.5	0.426 6.1E-3	0.479 6.2E-3	16.8 0.2	4.6 3.2
2014-10-25.112	2037+511	test	16.95	1.0	0.335	0.0152 101	25.2	5.9	0.24 4.00 -1.14	43 67	20.6 51	-119.6	-5.2 2.2	-26.4 -71.6	0.469 5.5E-3	0.546 7.9E-3	16.9 0.2	-10.1 4.7
2014-10-25.121	1800+440	111-14	17.76	2.0	0.280	0.0188 103	25.4	5.4	0.24 0.00 -1.14	-62 69	18.0 44	99.9	-0.7 -0.1	6.8 -88.0	0.365 4.1E-3	0.375 4.6E-3	15.5 0.2	-1.7 0.4
2014-10-25.138	1800+440	111-14	19.34	2.0	0.276	0.0140 102	25.2	5.8	0.24 0.00 -1.14	-63 52	18.0 44	82.6	0.1 -0.0	8.4 -102.5	0.421 3.1E-3	0.421 4.6E-3	16.0 0.1	-1.4 0.8
# Sat Oct 25 20:04:10 UTC 2014 - Jens Erler: High priority time of project 111-14 completed. Started further obseravtions of the radio relic to make use of additional low priority time allocated for the project.
2014-10-25.149	2243-123	test	21.00	2.0	0.276	0.0144 104	26.5	5.7	0.24 0.00 -1.14	-175 41	22.8 -12	4.4	-0.3 -0.4	11.4 -72.7	0.650 4.1E-3	0.711 4.6E-3	16.2 0.1	-3.5 -0.4
2014-10-25.150	Uranus	test	21.10	2.0	0.278	0.0164 103	25.9	5.6	0.24 0.00 -1.14	138 50	0.9 5	-32.4	0.1 -0.3	-0.4 -64.0	12.5 0.016	16.7 0.023	18.7 0.0	-4.0 0.3
2014-10-25.151	Uranus	test	21.15	2.0	0.279	0.0146 103	25.8	5.6	0.24 0.00 -1.14	139 50	0.9 5	-31.7	0.3 -0.5	-0.0 -63.8	12.7 0.014	16.9 0.020	18.8 0.0	-3.4 0.5
# Sat Oct 25 21:12:05 UTC 2014 - Jens Erler: Flux calibration scans: 139 & 140 with bias = 8000 and 141 & 142 with bias = 10000
2014-10-25.152	Uranus	test	21.20	2.1	0.273	0.0171 105	25.8	5.6	0.24 0.00 -1.14	140 51	0.9 5	-31.0	0.1 -0.1	0.0 -63.1	12.8 0.015	16.8 0.021	18.5 0.0	-2.5 0.9
# Sat Oct 25 21:15:01 UTC 2014 - correction: scan numbers are 149 & 150 for bias = 8000 and 151 & 152 for bias = 10000.
2014-10-25.153	Uranus	test	21.24	2.0	0.273	0.0170 103	25.8	5.6	0.24 0.00 -1.14	140 51	0.9 5	-30.4	0.2 -0.1	0.3 -62.8	12.8 0.014	16.6 0.020	18.3 0.0	-2.9 0.3
2014-10-25.156	2037+511	094-14	21.73	2.1	0.348	0.0149 102	25.5	5.3	0.24 0.00 -1.14	-51 54	20.6 51	94.6	-0.5 -0.3	5.8 -103.8	0.718 5.0E-3	0.754 5.5E-3	15.5 0.1	0.2 1.0
# Sat Oct 25 22:41:33 UTC 2014 - Jens Erler: Paused observations for nitrogen topping.
2014-10-25.165	2037+511	094-14	22.74	2.0	0.364	0.0171 66	25.3	5.3	0.24 0.00 -1.14	-51 45	20.6 51	82.9	0.1 1.5	6.5 -107.2	0.739 5.7E-3	0.769 8.3E-3	16.2 0.1	0.2 1.7
2014-10-25.167	1828+487	test	22.97	2.1	0.309	0.0147 97	25.6	5.4	0.24 0.00 -1.14	-45 22	18.5 49	58.6	-0.4 -0.2	4.8 -117.2	0.432 4.2E-3	0.470 5.2E-3	17.1 0.2	-0.5 -0.9
# Sat Oct 25 23:04:03 UTC 2014 - swiched to project test to investigate low number of Ok channels; probably due to atmosphere.
2014-10-26.13	0336-019	109-14	1.10	2.0	0.317	0.0141 104	26.2	5.6	0.24 0.00 -1.14	168 51	3.7 -2	-9.2	0.1 0.4	7.9 -66.4	0.915 5.6E-3	0.954 5.0E-3	15.7 0.1	-0.9 2.7
2014-10-26.20	0336-019	109-14	2.22	2.0	0.320	0.0140 101	26.3	4.9	0.24 0.00 -1.14	-165 50	3.7 -2	11.9	-0.1 -0.2	12.4 -71.2	0.873 5.3E-3	0.914 4.9E-3	15.5 0.1	-0.3 1.2
2014-10-26.30	0235+164	115-14	3.82	2.0	0.354	0.0173 101	25.3	4.9	0.24 0.00 -1.14	-102 43	2.6 17	54.6	-0.1 0.1	15.2 -97.2	0.770 5.5E-3	0.856 6.7E-3	16.0 0.1	-3.2 0.5
2014-10-26.31	0851+202	115-14	4.05	2.0	0.355	0.0173 103	25.4	4.8	0.24 0.00 -1.14	103 50	8.9 20	-55.7	-0.1 0.2	-9.9 -69.1	2.25 0.010	2.53 9.4E-3	15.3 0.1	0.2 3.6
#.2014-10-26.40	1055+018	117-14	5.38	2.1	0.378	0.0170 100	25.3	5.0	0.24 0.00 -1.14	113 30	11.0 2	-47.1	-1.2 2.0	-3.0 -74.8	1.77 0.011	2.05 9.3E-3	15.8 0.1	-1.0 -6.1
# Sun Oct 26 06:43:46 UTC 2014 - B. Magnelli : Tau~0.49 --> not suitable for deep field. Switch to project test to do pointing/focus/beammap
2014-10-26.49	1055+018	test	6.70	2.0	0.481	0.0262 99	25.6	5.0	0.24 0.00 -1.14	132 43	11.0 2	-36.5	1.3 0.8	-0.3 -66.8	1.63 0.014	1.91 0.012	15.8 0.1	-2.0 -0.7
2014-10-26.50	1055+018	test	6.77	1.1	0.482	0.0225 99	25.1	5.0	0.24 0.00 -1.14	133 44	11.0 2	-35.8	1.4 2.6	-0.2 -64.5	1.68 0.015	1.94 0.015	15.0 0.1	-3.0 -1.8
2014-10-26.51	1055+018	test	6.79	1.0	0.482	0.0220 99	25.2	5.0	0.24 0.00 -1.74	133 44	11.0 2	-35.6	1.1 -1.8	-0.3 -68.8	1.83 0.015	2.02 0.018	15.1 0.1	-3.7 0.7
2014-10-26.52	1055+018	test	6.82	1.1	0.481	0.0218 99	25.0	5.0	0.24 0.00 -0.54	133 44	11.0 2	-35.3	-2.6 0.9	-4.0 -65.9	1.56 0.012	1.76 0.015	15.4 0.1	-4.6 0.8
2014-10-26.53	1055+018	test	6.84	1.1	0.481	0.0216 99	24.9	5.0	0.24 0.00 -2.34	134 44	11.0 2	-35.0	-0.5 1.5	-1.8 -65.1	1.37 0.013	1.72 0.017	16.3 0.2	-2.3 2.5
2014-10-26.54	1055+018	test	6.86	1.1	0.481	0.0171 101	25.1	5.0	0.24 0.00 0.06	134 45	11.0 2	-34.8	-2.6 -1.7	-3.8 -68.2	1.08 0.016	1.48 0.014	17.6 0.2	-4.3 1.9
# Sun Oct 26 07:36:02 UTC 2014 - B. Magnelli : Going back to COSMOS though tau is still ~0.5.
2014-10-26.67	1055+018	117-14	9.15	2.0	0.549	0.0168 93	26.2	7.6	0.24 0.00 -1.33	-174 54	11.0 2	5.3	0.3 -0.3	12.6 -64.4	1.86 0.011	2.05 8.0E-3	15.2 0.1	0.7 -0.1
# Sun Oct 26 09:27:17 UTC 2014 - B. Magnelli : Data reduction died this morning, COSMOS-A scans 59 to 64 were not merged (but data are in the system). We needed to restart cronjobs --> Everything works fine again
2014-10-26.76	1055+018	117-14	10.47	2.0	0.547	0.0210 94	25.7	8.9	0.24 0.00 -1.33	-143 48	11.0 2	28.9	-0.8 -0.5	16.6 -81.0	1.87 0.012	2.03 0.010	15.0 0.1	-5.2 0.0
# Sun Oct 26 10:33:16 UTC 2014 - B. Magnelli : All science targets are at relatively low elevation for such high tau~0.55 --> We stop observing
# Sun Oct 26 14:18:17 UTC 2014 - JLS; Recycling , Zero bias, Crate and Tower off. Cap in place.
2014-10-26.77	2037+511	test	14.89	2.0	0.576	0.0150 90	25.6	8.3	0.24 0.00 -1.33	51 49	20.6 51	-88.6	-1.1 -1.1	-16.5 -88.8	0.512 3.7E-3	0.562 6.2E-3	16.7 0.1	-1.2 -0.3
2014-10-26.78	2037+511	test	14.96	1.1	0.576	0.0134 91	24.9	8.2	0.24 0.00 -1.33	51 50	20.6 51	-89.3	0.0 -0.1	-14.9 -86.4	0.506 5.0E-3	0.525 7.4E-3	15.4 0.2	-0.4 -0.2
2014-10-26.79	2037+511	test	14.98	1.0	0.576	0.0131 92	25.1	8.1	0.24 0.00 -1.93	51 50	20.6 51	-89.5	0.9 0.3	-14.2 -85.9	0.465 5.7E-3	0.472 6.7E-3	15.7 0.2	-2.4 -0.2
2014-10-26.80	2037+511	test	15.00	1.0	0.576	0.0128 92	25.0	8.1	0.24 0.00 -0.73	51 50	20.6 51	-89.8	-2.8 -0.2	-17.9 -86.1	0.443 4.4E-3	0.472 7.9E-3	15.9 0.2	-2.0 -1.4
2014-10-26.81	2037+511	test	15.02	1.1	0.575	0.0123 92	25.2	8.1	0.24 0.00 -2.53	51 50	20.6 51	-90.0	3.5 0.7	-11.7 -85.1	0.365 5.6E-3	0.415 7.4E-3	16.5 0.2	-1.3 -0.7
2014-10-26.82	2037+511	test	15.04	1.1	0.575	0.0126 92	25.1	8.1	0.24 0.00 -0.13	51 51	20.6 51	-90.3	-3.4 0.2	-18.6 -85.4	0.302 5.4E-3	0.349 7.8E-3	16.6 0.3	-3.0 0.0
2014-10-26.83	2037+511	test	15.33	2.0	0.598	0.0133 94	25.6	9.0	0.24 0.00 -1.40	51 53	20.6 51	-94.0	0.7 -2.4	-15.6 -85.8	0.549 4.6E-3	0.574 5.4E-3	15.6 0.1	-4.2 2.3
# Sun Oct 26 15:33:24 UTC 2014 - Jens Erler: Tau still around 0.6. Sky seems to clear up towards the north, so taumeter readings migtht be wrong. Started observations of NGC6946.
2014-10-26.85	1611+343	113-14	16.41	2.1	0.553	0.0144 98	25.3	7.1	0.24 0.00 -1.40	-86 62	16.2 34	74.1	0.5 -1.7	13.3 -90.2	0.735 5.2E-3	0.774 6.2E-3	16.2 0.1	-1.4 3.0
2014-10-26.86	1611+343	113-14	16.51	1.1	0.561	0.0125 99	24.9	6.9	0.24 0.00 -1.40	-85 61	16.2 34	73.9	-0.3 -0.0	12.2 -90.0	0.690 5.3E-3	0.739 7.8E-3	15.8 0.1	-4.0 2.8
2014-10-26.87	1611+343	113-14	16.53	1.1	0.562	0.0130 99	24.9	6.9	0.24 0.00 -2.00	-85 61	16.2 34	73.8	0.4 -2.0	13.0 -92.3	0.705 6.3E-3	0.749 8.3E-3	15.6 0.1	-5.3 3.4
2014-10-26.88	1611+343	113-14	16.55	1.1	0.562	0.0117 100	25.1	6.9	0.24 0.00 -0.80	-85 61	16.2 34	73.8	-1.8 1.4	10.7 -89.2	0.576 5.7E-3	0.647 6.7E-3	16.3 0.2	-3.3 1.4
2014-10-26.89	1611+343	113-14	16.57	1.1	0.562	0.0127 98	24.8	6.8	0.24 0.00 -2.60	-84 60	16.2 34	73.7	2.6 -0.7	15.1 -91.6	0.605 5.9E-3	0.668 7.5E-3	16.1 0.2	-5.8 1.1
2014-10-26.90	1611+343	113-14	16.59	1.1	0.562	0.0115 100	24.9	6.8	0.24 0.00 -0.20	-84 60	16.2 34	73.7	-2.4 2.5	10.1 -88.8	0.375 4.9E-3	0.470 7.1E-3	17.6 0.2	-0.7 1.3
# Sun Oct 26 16:47:47 UTC 2014 - Jens Erler: Tau still high but decreasing slowly. Started observing low priority project 113-14 because source is at high elevation.
2014-10-26.107	1611+343	113-14	18.28	2.0	0.534	0.0157 87	25.4	5.6	0.24 0.00 -1.70	-74 40	16.2 34	67.6	-0.5 -0.3	12.7 -106.1	0.607 5.6E-3	0.676 7.7E-3	16.4 0.2	-0.4 -2.9
2014-10-26.121	1828+487	094-14	19.57	2.1	0.529	0.0182 98	25.4	6.2	0.24 0.00 -1.70	-56 54	18.5 49	90.4	0.2 0.3	6.7 -104.3	0.548 5.2E-3	0.541 6.3E-3	15.5 0.1	1.4 1.7
2014-10-26.139	2037+511	094-14	21.07	2.0	0.531	0.0139 98	25.6	6.3	0.24 0.00 -1.70	-50 60	20.6 51	102.9	0.2 1.3	5.6 -97.3	0.606 4.4E-3	0.634 5.3E-3	15.7 0.1	-0.6 0.3
2014-10-26.156	2037+511	094-14	22.45	2.0	0.515	0.0127 95	25.4	6.0	0.24 0.00 -1.70	-51 47	20.6 51	85.3	-0.3 0.4	8.3 -107.3	0.566 3.4E-3	0.595 5.1E-3	16.0 0.1	-1.7 -0.3
2014-10-26.166	0106+013	109-14	23.35	2.0	0.562	0.0449 86	26.0	5.9	0.24 0.00 -1.70	-172 54	1.1 2	6.9	1.8 -2.2	14.7 -64.0	0.387 0.012	0.325 0.012	14.1 0.4	1.2 2.6
2014-10-27.13	0235+164	115-14	2.36	2.1	0.514	0.0179 64	25.5	4.8	0.24 0.00 -1.70	-123 58	2.6 17	44.7	0.8 -0.3	20.0 -77.6	0.623 5.3E-3	0.665 5.8E-3	15.8 0.1	-1.6 0.3
2014-10-27.14	0336-019	115-14	2.44	2.0	0.513	0.0149 99	26.0	4.8	0.24 0.00 -1.70	-159 49	3.7 -2	16.9	-0.1 0.0	16.6 -70.9	0.765 5.3E-3	0.783 4.7E-3	15.8 0.1	-1.6 -0.3
2014-10-27.21	0851+202	117-14	3.92	2.1	0.519	0.0156 98	25.3	4.4	0.24 0.00 -1.70	102 49	8.9 20	-56.0	-0.5 -0.2	-8.2 -66.4	1.93 9.1E-3	2.06 8.8E-3	15.3 0.1	-1.8 -1.0
2014-10-27.30	1055+018	117-14	5.30	2.1	0.527	0.0164 58	25.3	4.0	0.24 0.00 -1.70	113 30	11.0 2	-47.2	-1.3 -0.6	-2.5 -76.5	1.07 6.1E-3	1.13 7.7E-3	15.2 0.1	-2.4 -1.6
2014-10-27.39	1055+018	117-14	6.63	2.0	0.514	0.0140 96	25.7	3.8	0.24 0.00 -1.70	131 43	11.0 2	-36.6	-0.1 0.1	1.4 -66.4	1.90 9.3E-3	2.12 9.4E-3	15.0 0.1	-0.3 -0.2
2014-10-27.48	1055+018	117-14	8.00	2.1	0.492	0.0140 98	26.1	4.7	0.24 0.00 -1.70	159 53	11.0 2	-16.4	0.8 0.3	7.4 -58.8	2.07 9.3E-3	2.33 7.4E-3	15.7 0.1	-0.1 0.0
2014-10-27.49	1055+018	117-14	8.07	1.1	0.488	0.0131 98	25.5	4.8	0.24 0.00 -1.70	161 53	11.0 2	-15.2	-0.4 0.5	6.7 -58.5	1.98 0.013	2.32 0.012	14.7 0.1	-0.2 0.7
2014-10-27.50	1055+018	117-14	8.09	1.1	0.488	0.0129 98	25.5	4.9	0.24 0.00 -2.30	161 53	11.0 2	-14.8	0.6 0.3	7.8 -58.7	1.59 0.014	1.94 0.012	15.8 0.1	-1.9 -1.0
2014-10-27.51	1055+018	117-14	8.11	1.1	0.487	0.0122 99	25.5	4.9	0.24 0.00 -1.10	162 53	11.0 2	-14.4	-1.8 0.3	5.6 -58.7	1.70 0.013	2.10 0.013	14.9 0.1	-2.7 2.0
2014-10-27.52	1055+018	117-14	8.13	1.1	0.493	0.0136 99	25.5	5.0	0.24 0.00 -2.90	162 53	11.0 2	-13.9	3.6 -0.7	11.0 -59.7	1.05 0.013	1.47 0.012	17.9 0.2	0.7 -0.9
2014-10-27.53	1055+018	117-14	8.16	1.1	0.493	0.0134 98	25.7	5.0	0.24 0.00 -0.50	163 53	11.0 2	-13.5	-3.4 1.0	4.2 -58.0	1.63 0.012	1.95 0.011	15.8 0.1	-4.3 -0.1
2014-10-27.62	1055+018	117-14	9.50	2.0	0.481	0.0153 99	26.2	6.1	0.24 0.00 -1.36	-163 53	11.0 2	13.7	-0.1 -0.2	12.8 -67.7	2.09 9.2E-3	2.30 8.6E-3	15.4 0.1	-2.4 1.1
2014-10-27.71	1055+018	117-14	10.82	2.0	0.499	0.0152 97	25.7	6.5	0.24 0.00 -1.36	-135 45	11.0 2	34.4	-1.0 -0.8	14.8 -83.4	1.81 8.7E-3	2.05 7.9E-3	15.5 0.1	-2.4 0.2
2014-10-27.72	1800+440	111-14	10.99	2.1	0.502	0.0142 78	25.5	6.6	0.24 0.00 -1.36	58 36	18.0 44	-70.5	-0.7 -1.1	-10.6 -91.5	0.246 3.2E-3	0.265 6.5E-3	15.9 0.2	-5.0 -0.6
2014-10-27.75	1800+440	111-14	11.41	2.1	0.499	0.0137 86	25.3	6.6	0.24 0.00 -1.36	60 40	18.0 44	-73.8	0.3 0.4	-11.4 -87.3	0.245 4.0E-3	0.264 4.8E-3	16.0 0.3	-1.6 -0.9
# Mon Oct 27 12:13:24 UTC 2014 - Jens Erler: Scan 78 was taken under bad conditions and rising detector temperatures.
2014-10-27.79	1611+343	113-14	17.64	2.1	0.508	0.0146 85	25.2	3.9	0.24 0.00 -1.36	-77 47	16.2 34	70.0	-0.8 -1.0	11.1 -102.2	0.604 4.6E-3	0.616 5.5E-3	16.1 0.1	-0.1 1.1
2014-10-27.81	1611+343	113-14	17.74	1.1	0.504	0.0109 90	24.9	3.8	0.24 0.00 -1.36	-76 46	16.2 34	69.6	-1.0 0.0	11.2 -102.2	0.592 5.6E-3	0.646 7.4E-3	15.8 0.2	-2.5 -0.1
2014-10-27.82	1611+343	113-14	17.76	1.1	0.501	0.0112 91	25.0	3.8	0.24 0.00 -1.96	-76 45	16.2 34	69.6	0.8 -1.2	12.6 -103.6	0.617 6.0E-3	0.638 6.3E-3	15.3 0.1	-2.1 1.8
2014-10-27.83	1611+343	113-14	17.78	1.1	0.500	0.0112 90	25.0	3.8	0.24 0.00 -0.76	-76 45	16.2 34	69.5	-1.3 2.6	10.5 -100.0	0.448 4.7E-3	0.508 7.6E-3	16.3 0.2	-1.7 0.5
# Mon Oct 27 17:49:34 UTC 2014 - Jens Erler: Observations had to be paused for several hours because of bad weather.
2014-10-27.84	1611+343	113-14	17.80	1.1	0.500	0.0108 89	25.0	3.8	0.24 0.00 -2.56	-76 45	16.2 34	69.4	2.9 0.5	14.6 -102.3	0.509 4.8E-3	0.570 6.2E-3	16.2 0.2	1.9 0.0
2014-10-27.85	1611+343	113-14	17.83	1.1	0.498	0.0109 89	24.7	3.8	0.24 0.00 -0.16	-76 45	16.2 34	69.3	-2.2 2.1	9.4 -101.0	0.261 5.4E-3	0.368 8.4E-3	18.5 0.4	2.4 4.0
2014-10-27.102	2037+511	094-14	19.39	2.0	0.481	0.0157 100	26.1	3.0	0.24 0.00 -1.75	-30 73	20.6 51	139.7	0.5 -0.1	-1.1 -85.0	0.507 4.3E-3	0.485 3.9E-3	15.3 0.1	0.8 -0.2
2014-10-27.119	2037+511	094-14	20.82	2.0	0.472	0.0136 100	25.7	3.2	0.24 0.00 -1.75	-49 61	20.6 51	105.8	0.2 -0.1	5.2 -92.3	0.550 3.5E-3	0.528 4.3E-3	15.6 0.1	-0.8 0.8
2014-10-27.136	2037+511	094-14	22.24	2.0	0.450	0.0128 99	25.6	3.1	0.24 0.00 -1.75	-51 48	20.6 51	86.9	-0.4 0.2	7.9 -103.3	0.589 3.9E-3	0.590 5.3E-3	15.9 0.1	-0.9 1.6
# Mon Oct 27 23:16:28 UTC 2014 - Jens Erler: Project 094-14 is now completed. Now doing pointing scans on Uranus for flux calibration. Bias = 8000.
2014-10-27.148	Uranus	test	23.32	2.0	0.478	0.0133 101	26.1	4.1	0.24 0.00 -1.75	-162 56	0.8 5	14.6	-1.4 -0.9	15.9 -64.5	10.8 0.014	13.6 0.018	18.4 0.0	-0.6 0.8
2014-10-27.149	Uranus	test	23.36	2.0	0.478	0.0169 90	26.2	4.1	0.24 0.00 -1.75	-161 56	0.8 5	15.3	-0.3 -1.2	17.2 -65.2	10.3 0.023	12.8 0.020	17.5 0.0	1.8 2.2
2014-10-27.150	0336-019	094-14	23.45	2.1	0.488	0.0116 99	26.0	3.9	0.24 0.00 -1.75	137 42	3.7 -2	-32.8	0.1 -0.1	3.5 -64.9	0.672 4.1E-3	0.710 5.7E-3	15.8 0.1	0.1 1.2
2014-10-28.5	0133+476	050-14	0.83	2.0	0.567	0.0138 100	25.6	3.8	0.24 0.00 -1.75	-48 71	1.6 48	117.3	0.5 -0.8	5.2 -86.9	1.20 5.7E-3	1.23 5.8E-3	15.4 0.1	0.3 2.1
2014-10-28.12	0133+476	050-14	1.93	2.1	0.580	0.0123 99	25.6	3.9	0.24 0.00 -1.75	-56 61	1.6 48	97.6	-0.6 0.4	7.7 -95.2	1.26 6.8E-3	1.33 5.8E-3	15.7 0.1	0.2 2.0
2014-10-28.30	0851+202	117-14	5.37	2.0	0.534	0.0184 108	25.5	3.6	0.24 0.00 -1.75	128 65	8.9 20	-41.5	3.4 -1.3	-3.4 -50.1	1.78 9.9E-3	1.96 8.5E-3	15.7 0.1	1.4 1.2
2014-10-28.39	1055+018	117-14	6.69	2.0	0.502	0.0157 98	25.7	3.7	0.24 0.00 -1.75	133 44	11.0 2	-35.2	-0.3 0.1	1.0 -64.5	1.91 0.010	2.06 0.010	15.3 0.1	-0.2 0.9
2014-10-28.48	1055+018	117-14	8.05	2.1	0.441	0.0135 100	26.3	4.8	0.24 0.00 -1.75	162 53	11.0 2	-14.1	-0.2 -0.1	7.7 -58.4	2.16 0.010	2.42 8.2E-3	15.5 0.1	0.1 1.8
2014-10-28.49	1055+018	117-14	8.11	1.0	0.440	0.0134 99	25.5	4.8	0.24 0.00 -1.75	163 53	11.0 2	-13.1	0.8 0.3	9.1 -58.0	1.99 0.014	2.38 0.014	15.0 0.1	2.3 3.2
2014-10-28.50	1055+018	117-14	8.13	1.1	0.440	0.0132 100	25.5	4.8	0.24 0.00 -2.35	164 53	11.0 2	-12.7	2.5 -0.7	10.9 -58.9	1.62 0.014	2.02 0.013	15.7 0.1	2.2 1.9
2014-10-28.51	1055+018	117-14	8.15	1.0	0.440	0.0126 100	25.9	4.9	0.24 0.00 -1.15	164 53	11.0 2	-12.3	-1.4 -0.2	7.2 -58.4	2.03 0.011	2.41 0.012	14.7 0.1	1.3 4.3
2014-10-28.52	1055+018	117-14	8.18	1.1	0.439	0.0121 100	25.5	4.9	0.24 0.00 -2.95	165 53	11.0 2	-11.9	2.6 -0.1	11.3 -58.4	1.08 0.013	1.56 0.012	18.5 0.2	0.5 0.0
2014-10-28.53	1055+018	117-14	8.20	1.1	0.440	0.0128 100	25.4	4.9	0.24 0.00 -0.55	165 54	11.0 2	-11.4	-1.3 3.4	5.8 -57.7	1.80 0.014	2.21 0.013	15.4 0.1	-1.3 4.4
# Tue Oct 28 09:34:52 UTC 2014 - Gismo Pool 6 officially completed- Thanks to the IRAM staff and to the good weather :)
