# id	object	project	UTh(f2)	obsmins(f1)	tau.225GHz(f3)	NEFD(f4) okchannels	scanspeed(f1)	Tamb(f1)	foc.dX(f2) foc.dY(f2) foc.dZ(f2)	AZd(f0) ELd(f0)	RAh(f1) DECd(f0)	PAd(f1)	pnt.dAZ(f1) pnt.dEL(f1)	pnt.X(f1) pnt.Y(f1)	src.peak(s3) src.dpeak(s2)	src.int(s3) src.dint(s2)	src.FWHM(f1) src.dFWHM(f1)	pnt.asymX(f1) pnt.asymY(f1)
2015-02-23.140	Uranus	t16	12.26	2.0	0.000	0.0201 102	25.7	0.2	0.00 0.00 -2.00	122 42	0.9 5	-42.8	-17.7 15.8	-6.5 -59.4	10.8 0.020	14.4 0.024	21.0 0.0	-6.8 -5.9
2015-02-24.51	Uranus	test	16.87	2.0	0.230	0.0220 95	25.3	-6.4	0.00 0.00 -2.00	-131 47	0.9 5	37.1	-14.2 13.4	15.7 -77.6	13.8 0.029	17.0 0.036	20.3 0.0	-3.9 -1.9
2015-02-24.52	Uranus	test	16.94	2.0	0.221	0.0199 95	25.7	-6.4	0.00 0.00 -2.00	-130 47	0.9 5	37.9	2.1 0.3	17.9 -78.0	13.6 0.020	16.9 0.027	19.9 0.0	-2.0 0.6
2015-02-24.53	Uranus	test	17.00	1.1	0.271	0.0173 95	25.4	-6.5	0.00 0.00 -2.00	-129 46	0.9 5	38.5	-1.6 -1.0	16.3 -79.7	14.0 0.024	16.6 0.020	19.6 0.0	-3.3 0.6
2015-02-24.54	Uranus	test	17.02	1.0	0.271	0.0204 95	25.0	-6.6	0.00 0.00 -2.60	-129 46	0.9 5	38.7	-0.0 -0.6	17.9 -79.4	10.9 0.025	16.6 0.035	21.9 0.0	-3.6 0.4
2015-02-24.55	Uranus	test	17.04	1.1	0.271	0.0186 95	25.3	-6.6	0.00 0.00 -1.40	-129 46	0.9 5	38.9	-0.2 -0.6	17.8 -79.7	14.4 0.019	17.5 0.035	19.7 0.0	-2.2 1.1
2015-02-24.56	Uranus	test	17.06	1.1	0.251	0.0191 95	25.3	-6.6	0.00 0.00 -3.20	-128 46	0.9 5	39.2	4.0 -0.5	22.0 -79.8	6.83 0.034	16.1 0.038	27.0 0.1	-3.2 1.5
2015-02-24.57	Uranus	test	17.09	1.1	0.251	0.0183 95	25.5	-6.6	0.00 0.00 -0.80	-128 46	0.9 5	39.4	-0.5 -1.4	17.5 -80.9	13.1 0.022	17.3 0.094	20.4 0.0	-1.3 1.4
2015-02-24.58	Uranus	test	17.21	1.1	0.230	0.0178 95	25.3	-6.6	0.00 0.00 -1.50	-126 44	0.9 5	40.6	-0.3 -3.1	17.8 -83.8	14.2 0.027	16.3 0.020	19.3 0.0	-1.2 -0.4
2015-02-24.59	Uranus	test	17.23	1.0	0.230	0.0195 95	25.3	-6.6	-2.00 0.00 -1.50	-125 44	0.9 5	40.8	-1.7 0.2	16.4 -80.7	13.1 0.020	16.8 0.22	19.7 0.0	-2.1 4.4
2015-02-24.60	Uranus	test	17.25	1.1	0.284	0.0175 95	25.3	-6.7	2.00 0.00 -1.50	-125 44	0.9 5	41.0	1.0 -4.5	19.0 -85.7	12.9 0.020	16.6 0.24	20.2 0.0	-1.5 -3.0
2015-02-24.61	Uranus	test	17.28	1.1	0.284	0.0174 95	25.6	-6.8	-4.00 0.00 -1.50	-125 44	0.9 5	41.3	-1.9 2.8	16.2 -78.6	11.5 0.021	16.8 0.12	21.7 0.0	-1.9 6.3
2015-02-24.62	Uranus	test	17.30	1.1	0.284	0.0195 94	25.2	-6.9	4.00 0.00 -1.50	-124 43	0.9 5	41.5	-0.8 -7.1	17.4 -88.7	9.77 0.064	16.3 0.14	24.2 0.1	-4.8 -4.2
2015-02-24.63	Uranus	test	17.36	1.1	0.222	0.0159 94	24.9	-7.0	-0.40 0.00 -1.50	-123 43	0.9 5	42.0	-1.9 -1.6	16.3 -83.8	14.1 0.022	16.3 0.11	19.4 0.0	-3.3 1.2
2015-02-24.64	Uranus	test	17.38	1.1	0.222	0.0168 94	24.9	-7.0	-0.40 -2.00 -1.50	-123 43	0.9 5	42.2	-0.0 -2.1	18.2 -84.4	13.0 0.020	15.8 0.019	19.8 0.0	1.6 1.5
#!2015-02-24.65	Uranus	test	17.40	1.1	0.222	0.0168 94	25.2	-7.2	-0.40 2.00 -1.50	-123 42	0.9 5	42.4	-7.0 -1.5	11.1 -84.1	13.0 0.020	15.7 0.023	19.7 0.0	-8.2 0.6
2015-02-24.66	Uranus	test	17.43	1.1	0.252	0.0181 94	25.5	-7.3	-0.40 -4.00 -1.50	-122 42	0.9 5	42.6	3.0 -2.2	21.0 -85.0	10.7 0.024	16.3 0.15	22.1 0.0	4.1 1.3
#!2015-02-24.67	Uranus	test	17.45	1.1	0.252	0.0196 94	25.4	-7.4	-0.40 4.00 -1.50	-122 42	0.9 5	42.8	-9.3 -1.3	8.9 -84.2	10.4 0.024	15.9 0.19	22.0 0.0	-8.0 0.8
2015-02-24.68	Uranus	test	17.54	2.1	0.250	0.0165 94	25.5	-7.4	-0.40 0.00 -1.50	-121 41	0.9 5	43.7	-2.1 -2.8	16.1 -86.5	14.1 0.025	16.7 0.20	19.6 0.0	-3.3 0.9
2015-02-24.69	0716+714	223-14	17.74	2.0	0.231	0.0249 94	25.8	-7.6	-0.40 0.00 -1.50	22 46	7.4 71	-111.6	-0.9 -3.1	-11.2 -93.4	1.85 9.8E-3	1.82 7.5E-3	16.3 0.1	-1.7 0.2
2015-02-24.85	0716+714	223-14	19.17	2.0	0.257	0.0690 96	26.0	-9.5	-0.40 0.00 -1.50	16 52	7.4 71	-136.5	-0.8 4.0	-14.3 -88.2	2.04 0.015	1.80 0.013	16.0 0.1	-0.1 0.3
# Tue Feb 24 20:42:35 UTC 2015 - Alex Karim: Bad clouds kicked in after sunset and after hours of excellently stable low-tau atmosphere. Aborted the queue for a while. Try a pointing first before proceeding.
2015-02-24.89	Jupiter	test	20.83	2.0	0.125	1.4631 66	25.5	-9.3	-0.40 0.00 -1.50	114 54	9.2 17	-49.7	-1.4 0.6	-11.5 -55.6	429 4.1	1682 6.0	34.2 0.3	-9.1 -0.3
## Tue Feb 24 20:57:38 UTC 2015 - Alex Karim: Atmosphere unfortunately pretty unstable, also some wind kicking in. Will try yet another pointing.
2015-02-25.1	3C279	223-14	4.40	2.0	0.246	0.0435 103	26.1	-11.4	0.00 0.00 -2.00	-148 42	12.9 -6	25.0	-0.4 8.6	28.9 -78.5	3.56 0.036	6.04 0.037	22.1 0.2	-3.1 0.0
2015-02-25.2	3C279	test	4.61	1.0	0.193	0.0478 103	25.5	-11.4	0.00 0.00 -2.00	-145 41	12.9 -6	27.7	-1.4 2.8	27.9 -77.5	3.78 0.036	5.60 0.038	20.0 0.2	6.8 3.1
2015-02-25.3	3C279	test	4.63	1.0	0.193	0.0422 103	25.6	-11.4	0.00 0.00 -2.60	-144 40	12.9 -6	28.0	-1.3 -2.3	28.5 -82.7	1.52 0.028	3.83 0.036	27.5 0.4	-3.6 4.0
2015-02-25.4	3C279	test	4.65	1.0	0.193	0.0414 103	25.8	-11.4	0.00 0.00 -1.40	-144 40	12.9 -6	28.3	-3.1 1.9	26.7 -78.6	4.83 0.043	6.61 0.039	17.6 0.2	3.2 2.2
2015-02-25.5	3C279	test	4.67	1.1	0.169	0.0434 103	25.6	-11.4	0.00 0.00 -3.20	-144 40	12.9 -6	28.6	-0.4 -4.5	30.3 -85.0	1.24 0.024	2.92 0.036	27.0 0.4	-7.3 4.6
2015-02-25.6	3C279	test	4.69	1.0	0.169	0.0389 101	26.1	-11.4	0.00 0.00 -0.80	-143 40	12.9 -6	28.8	-7.0 5.3	22.6 -75.6	4.37 0.046	7.12 0.058	16.8 0.2	4.1 2.7
2015-02-25.7	1156+295	test	4.77	2.1	0.130	0.0318 103	25.3	-11.3	0.00 0.00 -2.00	-90 54	12.0 29	66.0	3.4 1.0	28.2 -92.5	0.797 0.013	1.05 9.4E-3	19.6 0.3	3.4 2.1
2015-02-25.8	1156+295	test	4.83	1.1	0.130	0.0231 103	24.7	-11.3	0.00 0.00 -1.00	-89 53	12.0 29	66.0	-3.1 0.8	25.6 -91.5	1.39 0.011	1.46 0.010	16.4 0.1	2.5 5.8
2015-02-25.9	1156+295	test	4.85	1.1	0.176	0.0239 103	25.2	-11.3	0.00 0.00 -1.60	-89 53	12.0 29	66.0	-1.8 -0.9	26.9 -93.4	1.04 0.011	1.23 0.012	18.0 0.2	1.5 4.6
2015-02-25.10	1156+295	test	4.87	1.1	0.176	0.0239 103	25.3	-11.2	0.00 0.00 -0.40	-89 52	12.0 29	66.0	-4.3 1.4	24.4 -91.3	1.60 0.010	1.61 0.011	16.1 0.1	1.4 4.8
2015-02-25.11	1156+295	test	4.89	1.1	0.176	0.0240 103	24.8	-11.2	0.00 0.00 -2.20	-89 52	12.0 29	66.0	-1.7 -2.3	26.7 -95.2	0.634 0.010	0.877 0.010	20.2 0.3	3.2 3.7
2015-02-25.12	1156+295	test	4.92	1.1	0.187	0.0239 103	24.9	-11.2	0.00 0.00 0.20	-88 52	12.0 29	66.0	-7.2 0.7	21.6 -92.4	1.51 9.9E-3	1.57 0.011	16.2 0.1	-0.4 4.7
2015-02-25.25	1156+295	223-14	6.09	2.0	0.152	0.0291 103	25.5	-10.2	0.00 0.00 -0.30	-79 38	12.0 29	63.8	-10.8 -2.8	18.4 -103.9	1.71 1.0E-2	1.64 8.4E-3	16.5 0.1	-1.2 0.5
2015-02-25.26	1156+295	223-14	6.16	2.0	0.140	0.0300 103	25.5	-10.1	0.00 0.00 -0.30	-79 37	12.0 29	63.6	-0.0 -0.7	18.4 -104.9	1.56 8.3E-3	1.57 7.9E-3	16.1 0.1	-0.8 1.9
2015-02-25.40	1156+295	223-14	7.31	2.1	0.154	0.0252 101	25.3	-9.3	0.00 0.00 -0.30	-70 24	12.0 29	59.4	-5.3 -3.6	12.8 -109.8	1.29 6.8E-3	1.34 7.7E-3	17.1 0.1	-1.5 -0.2
2015-02-25.55	3C345	223-14	8.69	2.0	0.193	0.0252 103	25.2	-8.1	0.00 0.00 -0.30	-74 66	16.7 40	86.3	9.0 11.4	14.6 -81.6	1.14 7.8E-3	1.25 7.7E-3	17.8 0.1	-3.2 3.9
2015-02-25.57	3C345	223-14	8.77	2.0	0.208	0.0248 103	25.2	-8.0	0.00 0.00 -0.50	-74 65	16.7 40	85.7	0.3 0.8	15.4 -81.7	1.25 7.7E-3	1.30 7.6E-3	17.2 0.1	1.1 4.2
2015-02-25.58	3C345	223-14	8.83	1.1	0.208	0.0225 103	24.8	-7.9	0.00 0.00 -1.00	-74 64	16.7 40	85.3	0.8 0.0	16.1 -82.3	1.33 9.2E-3	1.35 9.2E-3	16.4 0.1	0.8 3.3
2015-02-25.59	3C345	223-14	8.85	1.0	0.200	0.0208 103	24.8	-7.8	0.00 0.00 -1.60	-74 64	16.7 40	85.1	1.3 -0.4	16.9 -83.0	1.38 8.7E-3	1.37 7.6E-3	16.4 0.1	-0.4 3.9
2015-02-25.60	3C345	223-14	8.87	1.0	0.200	0.0220 103	24.9	-7.8	0.00 0.00 -0.40	-74 64	16.7 40	85.0	-1.4 1.2	14.3 -81.6	1.07 8.8E-3	1.17 9.5E-3	17.2 0.1	-0.1 3.7
2015-02-25.61	3C345	223-14	8.89	1.0	0.200	0.0208 103	24.9	-7.8	0.00 0.00 -2.20	-74 63	16.7 40	84.8	2.9 -0.3	18.6 -83.2	1.15 9.1E-3	1.20 8.5E-3	16.7 0.1	-1.3 1.1
2015-02-25.62	3C345	223-14	8.92	1.0	0.194	0.0217 103	24.9	-7.8	0.00 0.00 0.20	-74 63	16.7 40	84.6	-3.7 2.2	12.0 -81.0	0.682 8.7E-3	0.832 8.2E-3	18.8 0.2	-2.2 0.8
2015-02-25.69	3C345	223-14	9.51	2.0	0.225	0.0239 103	25.3	-6.6	0.00 0.00 -1.40	-72 56	16.7 40	80.4	-1.3 0.1	16.0 -88.6	1.58 6.4E-3	1.47 6.6E-3	16.3 0.1	0.7 2.1
2015-02-25.82	3C345	223-14	10.63	2.0	0.374	0.0439 101	25.1	-6.4	0.00 0.00 -1.40	-67 44	16.7 40	73.0	-2.9 -0.6	15.0 -96.8	1.54 9.8E-3	1.44 0.013	16.6 0.1	0.3 0.6
2015-02-25.83	3C345	223-14	10.71	2.0	0.292	0.1266 101	25.4	-6.0	0.00 0.00 -1.40	-67 43	16.7 40	72.6	-1.4 -0.4	14.8 -97.4	1.41 0.027	1.29 0.021	16.5 0.3	0.9 1.4
2015-02-26.2	2251+158	test	14.26	2.0	0.599	0.0248 100	25.3	-2.5	0.00 0.00 -2.00	-130 61	22.9 16	40.0	-8.6 18.8	19.4 -64.4	3.09 0.032	5.66 0.029	20.9 0.2	-10.1 3.3
2015-02-26.3	2251+158	test	14.32	1.1	0.599	0.0559 99	25.0	-2.5	0.00 0.00 -1.00	-128 60	22.9 16	40.8	-8.9 19.2	19.0 -65.0	5.15 0.045	6.47 0.046	16.0 0.1	-6.3 1.0
2015-02-26.4	2251+158	test	14.34	1.1	0.515	0.0433 101	25.3	-2.4	0.00 0.00 -1.60	-128 60	22.9 16	41.1	-7.4 17.7	20.5 -66.8	5.49 0.043	6.57 0.043	16.6 0.1	-3.7 0.3
2015-02-26.5	2251+158	test	14.36	1.1	0.515	0.0786 98	25.2	-2.4	0.00 0.00 -0.40	-127 60	22.9 16	41.5	-8.0 18.2	19.9 -66.7	5.28 0.056	5.89 0.064	16.5 0.2	-1.8 2.4
2015-02-26.6	2251+158	test	14.38	1.1	0.515	0.1411 91	25.1	-2.4	0.00 0.00 -2.20	-127 60	22.9 16	41.8	-5.2 17.2	22.8 -68.0	3.97 0.059	4.24 0.064	17.9 0.3	-6.5 4.5
2015-02-26.7	2251+158	test	14.41	1.1	0.351	0.0949 98	25.4	-2.4	0.00 0.00 0.20	-126 60	22.9 16	42.1	-10.6 17.2	17.5 -68.3	3.69 0.043	4.52 0.060	18.0 0.2	-1.3 3.4
2015-02-26.9	Uranus	test	14.53	2.0	0.419	0.2026 81	25.9	-2.4	0.00 0.00 -1.30	175 58	0.9 5	-3.7	-7.9 15.9	12.2 -52.7	9.36 0.24	37.6 1.2	38.7 0.8	-9.1 -4.9
2015-02-26.10	Uranus	test	14.60	1.0	0.512	0.0262 101	25.8	-2.3	0.00 0.00 -1.30	177 58	0.9 5	-2.5	0.8 1.4	13.4 -51.6	9.82 0.025	12.8 0.035	20.3 0.0	-2.8 -0.4
2015-02-26.11	Uranus	test	14.62	1.0	0.512	0.0220 101	25.5	-2.3	0.00 0.00 -1.90	177 58	0.9 5	-2.0	-0.3 2.1	12.4 -51.0	8.51 0.017	12.6 0.029	21.7 0.0	-7.9 0.7
2015-02-26.12	Uranus	test	14.64	1.0	0.512	0.0282 101	25.8	-2.3	0.00 0.00 -0.70	178 58	0.9 5	-1.5	-2.1 2.4	10.7 -50.8	9.88 0.023	12.9 0.032	20.1 0.0	-6.9 2.0
2015-02-26.13	Uranus	test	14.66	1.0	0.508	0.0166 101	25.5	-2.3	0.00 0.00 -2.50	178 58	0.9 5	-1.0	1.4 1.3	14.4 -52.0	6.26 0.025	12.8 0.026	25.5 0.1	-8.2 -0.2
2015-02-26.14	Uranus	test	14.68	1.0	0.508	0.0164 99	25.7	-2.3	0.00 0.00 -0.10	179 58	0.9 5	-0.5	-3.9 2.2	9.3 -51.3	8.52 0.023	13.1 0.037	22.0 0.1	-8.9 1.9
# Thu Feb 26 15:02:04 UTC 2015 - Tony: Tau is fairly high, the weather has been very cloudy and windy, and I'm not sure if the atmosphere will be stable enough.
2015-02-26.23	Uranus	224-14	15.43	2.1	0.490	1.3896 60	26.0	-2.8	0.00 0.00 -1.00	-160 57	0.9 5	16.1	-0.2 -0.8	17.8 -60.8	7.51 0.74	338 53	37.9 2.9	-5.9 12.3
# Thu Feb 26 15:29:39 UTC 2015 - ignore the first Uranus, at BIAS 10000
2015-02-26.24	Uranus	224-14	15.48	2.0	0.491	0.0231 101	26.0	-2.8	0.00 0.00 -1.00	-159 56	0.9 5	17.1	-1.9 1.6	16.4 -58.9	10.8 0.024	14.1 0.020	19.7 0.0	-3.2 0.7
# Thu Feb 26 15:32:10 UTC 2015 - use this Uranus one, at 10000
##2015-02-26.25	J010013	224-14	15.57	2.0	0.454	0.0308 101	25.5	-2.7	0.00 0.00 -1.00	-131 77	1.0 28	43.7	-2.9 101.2	4.3 43.1	0.386 0.033	0.0113 7.7E-3	8.6 0.7	-1.2 8.8
# Thu Feb 26 16:07:19 UTC 2015 - Tony: don't use J010013 for pointing model
##2015-02-26.39	Uranus	224-14	16.99	2.0	1.843	0.0141 48	25.8	-2.7	0.00 0.00 -1.00	-127 45	0.9 5	39.8	134.3 35.8	140.6 -65.0	0.610 0.042	0.0263 0.014	14.2 1.0	2.7 -1.8
# Thu Feb 26 17:04:52 UTC 2015 - Tony: the data are useless at least from scan 33 to here
##2015-02-26.41	Uranus	test	17.15	2.0	0.175	1.6443 52	25.6	-2.6	0.00 0.00 -1.00	-125 44	0.9 5	41.3	125.4 8.4	149.5 -70.8	213 15	265 5.4	16.7 1.2	-10.0 1.0
# Thu Feb 26 20:53:05 UTC 2015 - Alex Karim: We're giving it a try eventually. Tau is till fluctuating but skies are clearing up and trends in tau are low. Will do calibration first.
2015-02-26.42	0851+202	test	20.84	2.0	0.321	0.0750 100	25.3	-4.0	0.00 0.00 -2.00	117 60	8.9 20	-49.1	-7.2 13.7	-5.5 -52.1	2.55 0.022	2.45 0.020	16.4 0.1	-3.6 1.7
2015-02-26.43	0851+202	test	20.92	1.1	0.401	0.0385 101	24.9	-4.2	0.00 0.00 -1.50	118 61	8.9 20	-48.3	-0.1 3.4	-5.4 -47.9	2.35 0.021	2.45 0.020	15.2 0.1	-1.0 1.5
2015-02-26.44	0851+202	test	20.94	1.1	0.251	0.0508 101	25.2	-4.3	0.00 0.00 -2.10	119 61	8.9 20	-48.0	1.9 0.4	-3.6 -50.7	2.04 0.024	2.08 0.021	16.1 0.2	-1.6 3.3
2015-02-26.45	0851+202	test	20.96	1.1	0.251	0.0432 101	24.6	-4.3	0.00 0.00 -0.90	119 61	8.9 20	-47.8	-1.2 3.5	-6.7 -47.3	2.07 0.021	2.12 0.017	15.9 0.2	-3.1 1.5
2015-02-26.46	0851+202	test	20.99	1.0	0.251	0.0399 101	25.2	-4.4	0.00 0.00 -2.70	120 62	8.9 20	-47.5	4.2 0.5	-1.2 -50.1	1.33 0.018	1.48 0.019	16.7 0.2	-4.6 3.2
2015-02-26.47	0851+202	test	21.01	1.1	0.287	0.0324 100	25.1	-4.4	0.00 0.00 -0.30	120 62	8.9 20	-47.2	-3.4 5.5	-8.8 -44.9	1.53 0.018	1.86 0.020	17.2 0.2	-1.4 4.6
# Thu Feb 26 21:06:56 UTC 2015 - Alex Karim: Beam FWHM looked good and z-Focus looked pleasent. Refrained from doing x/y focus and went on COSMOS. Tau jumping between 0.2-0.4 currently.
# Thu Feb 26 21:58:47 UTC 2015 - Alex Karim: Intervening clouds hindered 3/4 COSMOS scans. Looks clearer now and I'll give it another shot now.
2015-02-26.52	0851+202	232-14	21.99	2.0	0.318	0.0348 99	25.9	-4.6	0.00 0.00 -1.50	147 70	8.9 20	-26.7	4.3 4.1	4.2 -36.9	2.63 0.018	2.60 0.010	15.3 0.1	-3.6 5.8
# Thu Feb 26 22:48:47 UTC 2015 - Alex Karim: Scan Speed was to high, hence had to abort the queue and restarted with 115 arcsec/sec.
2015-02-27.2	1055+018	232-14	0.95	2.0	0.221	0.0312 97	25.8	-4.6	0.00 0.00 -1.50	-175 54	11.0 2	4.0	-6.1 0.7	14.3 -54.6	3.56 0.015	3.56 0.011	15.9 0.1	-2.9 1.3
2015-02-27.3	1055+018	232-14	1.01	1.0	0.207	0.0358 97	25.7	-4.6	0.00 0.00 -1.50	-174 54	11.0 2	5.0	-6.0 0.1	14.8 -55.6	3.38 0.013	3.45 0.016	15.9 0.1	-2.9 1.7
2015-02-27.4	1055+018	232-14	1.03	1.0	0.207	0.0392 97	25.7	-4.6	0.00 0.00 -2.10	-173 54	11.0 2	5.4	-5.5 -0.5	15.1 -56.4	3.26 0.014	3.32 0.018	16.0 0.1	-3.1 1.8
2015-02-27.5	1055+018	232-14	1.05	1.0	0.207	0.0673 97	25.7	-4.6	0.00 0.00 -0.90	-173 54	11.0 2	5.9	-6.8 0.3	14.2 -55.7	3.01 0.023	2.92 0.022	16.5 0.1	-1.9 0.1
2015-02-27.6	1055+018	232-14	1.08	1.0	0.222	0.0393 97	25.8	-4.6	0.00 0.00 -2.70	-172 54	11.0 2	6.3	-3.9 -0.2	17.2 -56.4	2.59 0.013	2.84 0.017	17.2 0.1	-2.0 -0.6
2015-02-27.7	1055+018	232-14	1.10	1.0	0.222	0.0420 97	25.8	-4.6	0.00 0.00 -0.30	-172 54	11.0 2	6.8	-7.8 -0.1	13.5 -56.4	1.95 0.018	2.23 0.019	18.3 0.2	0.2 -0.1
2015-02-27.8	1055+018	232-14	1.13	2.0	0.254	0.0516 97	26.1	-4.6	0.00 0.00 -1.66	-171 54	11.0 2	7.6	1.0 0.5	16.3 -56.2	3.62 0.014	3.63 0.015	16.5 0.1	-2.5 1.0
2015-02-27.20	0851+202	232-14	2.88	2.1	0.314	0.0296 101	25.2	-3.3	0.00 0.00 -1.66	-89 34	8.9 20	58.1	-4.5 -6.5	14.5 -98.2	2.55 0.011	2.37 9.1E-3	16.1 0.1	-1.6 -1.9
2015-02-27.30	1334-127	232-14	4.22	2.0	0.416	0.0969 100	26.2	-3.4	0.00 0.00 -1.66	-165 39	13.6 -13	12.4	-0.2 3.3	14.9 -68.1	2.36 0.038	2.20 0.021	15.9 0.3	-0.7 0.8
2015-02-27.31	1334-127	223-14	4.30	2.0	0.351	0.1123 97	26.0	-3.8	0.00 0.00 -1.66	-164 38	13.6 -13	13.6	-0.2 -1.3	14.1 -69.9	2.32 0.027	2.16 0.022	16.2 0.2	0.4 1.2
2015-02-27.43	1334-127	223-14	5.32	2.0	0.287	0.0246 102	25.9	-3.7	0.00 0.00 -1.66	-146 33	13.6 -13	27.3	-0.9 -0.3	15.1 -76.7	2.25 0.011	2.44 9.3E-3	16.3 0.1	-2.5 -2.4
2015-02-27.62	3C286	223-14	7.10	2.0	0.186	0.0285 96	25.3	-3.2	0.00 0.00 -1.66	-80 43	13.5 31	65.8	2.4 -2.1	14.9 -98.6	0.417 5.2E-3	0.396 5.6E-3	16.4 0.2	-3.2 -0.5
2015-02-27.63	3C286	223-14	7.17	1.1	0.239	0.0227 96	24.7	-3.2	0.00 0.00 -1.50	-80 42	13.5 31	65.7	0.4 0.1	14.5 -98.9	0.386 6.6E-3	0.353 8.8E-3	16.2 0.3	-0.7 -0.1
2015-02-27.64	3C286	223-14	7.19	1.1	0.194	0.0294 96	24.8	-3.2	0.00 0.00 -2.10	-80 42	13.5 31	65.6	1.5 -0.9	15.9 -99.9	0.350 7.5E-3	0.303 8.3E-3	16.2 0.3	-0.3 1.3
2015-02-27.65	3C286	223-14	7.21	1.0	0.194	0.0275 96	24.7	-3.2	0.00 0.00 -0.90	-80 42	13.5 31	65.5	-1.2 -2.1	13.2 -101.3	0.287 7.0E-3	0.254 7.4E-3	15.4 0.4	-4.0 2.4
2015-02-27.66	3C286	223-14	7.24	1.1	0.194	0.0286 96	24.9	-3.2	0.00 0.00 -2.70	-80 41	13.5 31	65.5	1.4 -0.3	15.2 -98.8	0.272 6.1E-3	0.265 0.011	16.4 0.4	1.4 2.2
2015-02-27.67	3C286	223-14	7.26	1.1	0.194	0.0237 96	24.9	-3.2	0.00 0.00 -0.30	-79 41	13.5 31	65.4	-2.3 -0.6	12.1 -100.1	0.221 5.2E-3	0.231 8.1E-3	17.5 0.4	-3.3 -0.4
2015-02-27.68	3C286	223-14	7.30	2.0	0.186	0.0298 96	25.1	-3.2	0.00 0.00 -1.65	-79 41	13.5 31	65.3	-0.8 -1.0	13.7 -100.7	0.399 5.1E-3	0.383 5.8E-3	16.7 0.2	-2.2 3.8
2015-02-27.103	2251+158	224-14	10.57	2.1	0.189	0.0390 82	25.7	-1.6	0.00 0.00 -2.00	118 55	22.9 16	-46.9	-17.2 11.7	-13.0 -57.5	2.75 0.051	3.78 0.041	19.0 0.3	-10.0 -0.2
# Fri Feb 27 10:38:48 UTC 2015 - Tony: the Sun is directly on the dish surface, so the pointing and focus are going to be messy
2015-02-27.104	2251+158	224-14	10.63	1.1	0.189	0.0362 80	24.7	-1.6	0.00 0.00 -2.00	119 56	22.9 16	-46.4	-18.8 14.3	-14.7 -54.2	2.55 0.065	4.19 0.085	17.8 0.5	-13.1 1.8
2015-02-27.105	2251+158	224-14	10.65	1.1	0.189	0.0368 88	25.3	-1.6	0.00 0.00 -2.60	120 56	22.9 16	-46.2	-15.3 12.7	-10.9 -55.6	3.62 0.057	4.81 0.067	16.7 0.3	-17.0 -1.4
2015-02-27.106	2251+158	224-14	10.67	1.1	0.189	0.0318 83	25.0	-1.6	0.00 0.00 -1.40	120 56	22.9 16	-45.9	-19.5 12.5	-15.0 -55.6	2.43 0.056	4.20 0.073	19.2 0.4	-7.5 -3.6
2015-02-27.107	2251+158	224-14	10.69	1.1	0.095	0.0346 94	25.0	-1.6	0.00 0.00 -3.20	120 56	22.9 16	-45.7	-9.7 12.5	-5.3 -55.4	4.31 0.040	5.01 0.032	16.7 0.2	-7.5 -4.9
2015-02-27.108	2251+158	224-14	10.71	1.1	0.095	0.0344 92	25.1	-1.7	0.00 0.00 -0.80	121 57	22.9 16	-45.4	-18.3 14.6	-14.0 -53.1	3.71 0.044	5.48 0.043	18.0 0.2	-12.4 -3.0
2015-02-27.109	2251+158	224-14	10.75	2.0	0.197	0.0393 92	25.3	-1.9	0.00 0.00 -3.00	122 57	22.9 16	-44.9	-23.9 18.7	-6.9 -54.0	4.33 0.036	6.16 0.027	18.6 0.2	-7.7 -6.0
2015-02-27.110	2251+158	224-14	10.82	1.1	0.174	0.0511 94	25.5	-2.0	0.00 0.00 -3.00	123 58	22.9 16	-44.2	-0.2 1.1	-7.1 -52.2	5.35 0.044	6.01 0.040	16.9 0.1	-11.9 3.6
2015-02-27.111	2251+158	224-14	10.84	1.0	0.174	0.0393 94	25.2	-2.0	0.00 0.00 -3.60	123 58	22.9 16	-44.0	3.2 2.3	-4.1 -50.8	3.11 0.052	4.63 0.039	19.4 0.3	-8.7 -0.8
2015-02-27.112	2251+158	224-14	10.86	1.1	0.174	0.0414 83	25.0	-2.0	0.00 0.00 -2.40	124 58	22.9 16	-43.7	-3.5 4.1	-10.6 -48.8	2.38 0.070	3.96 0.11	16.6 0.5	-8.2 -4.6
2015-02-27.113	2251+158	224-14	10.88	1.1	0.157	0.0413 94	25.0	-2.0	0.00 0.00 -4.20	124 58	22.9 16	-43.4	5.3 1.4	-1.5 -51.3	1.36 0.047	2.81 0.044	23.9 0.7	-12.5 -4.9
2015-02-27.114	2251+158	224-14	10.91	1.1	0.157	0.0357 81	25.0	-2.0	0.00 0.00 -1.80	124 59	22.9 16	-43.1	-7.9 2.0	-14.6 -50.5	1.57 0.044	3.73 0.12	20.1 0.5	-6.3 2.1
2015-02-27.115	2251+158	224-14	10.95	2.0	0.002	0.0379 94	25.7	-2.1	0.00 0.00 -2.90	125 59	22.9 16	-42.4	0.5 1.9	-6.3 -50.2	3.16 0.040	4.84 0.024	18.4 0.2	-11.3 -1.3
2015-02-27.119	Uranus	224-14	11.32	2.0	0.177	0.0352 96	25.9	-1.1	0.00 0.00 -2.90	112 34	0.9 5	-47.7	-3.9 -3.2	-2.7 -68.1	8.94 0.073	18.2 0.45	25.3 0.2	-5.0 -6.7
2015-02-27.121	Uranus	224-14	13.94	2.0	0.190	0.0293 97	26.0	-1.9	0.00 0.00 -2.90	160 57	0.9 5	-15.2	4.6 -1.6	9.6 -55.5	9.08 0.037	15.3 0.035	23.2 0.1	-6.8 -0.6
2015-02-27.122	Uranus	224-14	14.00	1.0	0.083	0.0360 97	25.1	-1.9	0.00 0.00 -3.00	162 57	0.9 5	-14.3	5.9 -0.3	11.1 -54.2	7.05 0.075	13.5 0.044	28.9 0.3	-8.9 0.0
2015-02-27.123	Uranus	224-14	14.02	1.0	0.083	0.0335 97	25.3	-1.9	0.00 0.00 -3.60	162 57	0.9 5	-13.8	7.3 -1.5	12.3 -55.4	4.38 0.10	18.3 1.1	37.5 0.7	-3.9 -0.3
2015-02-27.124	Uranus	224-14	14.04	1.1	0.083	0.0401 94	25.6	-1.9	0.00 0.00 -2.40	163 57	0.9 5	-13.4	3.0 0.9	8.3 -53.0	9.57 0.24	31.0 2.0	33.0 0.7	-13.6 2.9
2015-02-27.125	Uranus	224-14	14.06	1.0	0.122	0.0319 97	25.7	-1.9	0.00 0.00 -4.20	164 57	0.9 5	-12.9	6.2 -2.2	12.0 -56.1	2.61 0.056	12.8 0.31	40.1 0.7	-5.9 -1.8
2015-02-27.126	Uranus	224-14	14.08	1.1	0.122	0.0300 97	25.3	-2.0	0.00 0.00 -1.80	164 57	0.9 5	-12.4	4.2 1.0	10.2 -53.0	12.1 0.046	15.0 0.53	19.9 0.1	-2.8 1.5
2015-02-27.127	Uranus	224-14	14.14	2.0	0.121	0.0272 96	26.1	-1.8	0.00 0.00 -1.60	166 57	0.9 5	-11.1	4.1 0.1	10.4 -54.0	12.6 0.041	15.8 0.037	20.4 0.1	-4.1 0.8
2015-02-27.128	Uranus	224-14	14.19	2.0	0.161	0.0349 97	26.1	-1.9	0.00 0.00 -1.60	167 57	0.9 5	-9.9	4.4 0.4	11.1 -53.8	12.7 0.034	15.4 0.18	19.6 0.0	-2.8 0.8
2015-02-27.140	Mars	224-14	15.35	2.0	0.309	0.0393 97	26.0	-1.2	0.00 0.00 -1.60	-150 51	0.4 2	23.8	-3.8 -1.0	17.3 -69.9	39.6 0.078	54.3 1.4	20.9 0.0	-5.2 0.2
2015-02-27.141	0003-066	224-14	15.41	2.1	0.170	0.0386 96	26.0	-1.2	0.00 0.00 -1.60	-149 42	0.1 -6	25.0	-6.9 -2.2	15.1 -75.6	2.13 0.011	2.10 0.012	16.5 0.1	-1.9 -1.4
2015-02-27.142	0003-066	224-14	15.47	1.0	0.181	0.0355 96	25.4	-1.3	0.00 0.00 -1.60	-147 41	0.1 -6	25.7	0.7 0.0	15.9 -76.1	1.84 0.017	1.93 0.021	16.1 0.1	-2.5 -1.2
2015-02-27.143	0003-066	224-14	15.49	1.1	0.181	0.0477 97	25.5	-1.3	0.00 0.00 -2.20	-147 41	0.1 -6	26.0	3.3 1.8	18.8 -74.5	1.54 0.015	1.67 0.017	17.0 0.2	-1.0 -0.4
2015-02-27.144	0003-066	224-14	15.51	1.0	0.181	0.0458 97	25.7	-1.2	0.00 0.00 -1.00	-147 41	0.1 -6	26.3	1.2 -0.4	16.7 -76.9	1.92 0.016	2.01 0.016	16.3 0.1	-0.9 -0.9
2015-02-27.145	0003-066	224-14	15.54	1.0	0.318	0.0320 97	25.5	-1.3	0.00 0.00 -2.80	-146 41	0.1 -6	26.6	4.9 0.8	20.5 -75.8	1.18 0.017	1.41 0.015	18.2 0.3	-3.4 -1.7
2015-02-27.146	0003-066	224-14	15.56	1.1	0.318	0.0276 96	25.4	-1.4	0.00 0.00 -0.40	-146 41	0.1 -6	26.9	-0.7 -0.4	14.9 -77.3	1.65 0.015	1.89 0.018	16.8 0.2	-4.4 0.6
2015-02-27.156	1055+018	test	22.60	2.0	0.500	0.0326 100	25.7	-2.7	0.00 0.00 -2.00	133 44	11.0 2	-35.5	-13.6 9.4	-0.4 -63.9	3.29 0.014	3.34 0.014	16.7 0.1	-3.2 -2.5
2015-02-27.166	1055+018	232-14	23.85	2.0	0.513	0.0278 99	26.1	-3.2	0.00 0.00 -2.00	158 52	11.0 2	-16.8	18.3 9.3	7.5 -57.4	2.95 0.013	2.88 0.013	16.5 0.1	-5.7 2.3
2015-02-28.1	1055+018	232-14	0.10	2.0	0.418	0.0253 79	26.3	-3.2	0.00 0.00 -2.00	164 53	11.0 2	-12.1	-13.5 -7.2	9.0 -57.0	2.66 0.015	2.88 0.013	16.0 0.1	-6.0 4.7
2015-02-28.2	1055+018	232-14	0.19	2.0	0.520	0.0228 80	26.0	-2.9	0.00 0.00 -2.00	167 54	11.0 2	-10.3	-0.6 0.3	8.4 -56.6	2.81 0.012	2.95 0.012	15.4 0.1	-5.9 4.0
2015-02-28.11	1611+343	test	7.38	2.1	0.515	0.0195 101	25.1	-4.0	0.00 0.00 -2.00	-93 72	16.2 34	74.4	-3.7 13.2	17.5 -72.5	1.03 6.4E-3	0.999 5.6E-3	16.9 0.1	-2.9 4.7
2015-02-28.12	1611+343	test	7.46	1.1	0.516	0.0214 97	25.0	-3.6	0.00 0.00 -1.50	-92 71	16.2 34	74.6	0.5 1.5	18.2 -72.2	0.899 9.1E-3	0.878 8.2E-3	16.5 0.2	-1.2 7.0
2015-02-28.13	1611+343	test	7.48	1.1	0.480	0.0164 101	24.8	-3.6	0.00 0.00 -2.10	-92 71	16.2 34	74.6	0.9 0.8	18.7 -73.2	0.913 6.3E-3	0.882 6.6E-3	16.4 0.1	-3.4 4.4
2015-02-28.14	1611+343	test	7.50	1.1	0.480	0.0176 101	24.8	-3.3	0.00 0.00 -0.90	-92 71	16.2 34	74.6	0.1 2.6	17.4 -71.8	0.791 0.010	0.854 8.9E-3	17.5 0.2	0.1 7.7
2015-02-28.15	1611+343	test	7.53	1.1	0.480	0.0199 101	25.1	-3.3	0.00 0.00 -2.70	-91 71	16.2 34	74.6	2.8 1.3	20.6 -73.5	0.773 8.8E-3	0.817 9.3E-3	17.4 0.2	-0.7 4.2
2015-02-28.16	1611+343	test	7.55	1.1	0.480	0.0200 101	24.7	-3.2	0.00 0.00 -0.30	-91 70	16.2 34	74.6	-1.7 3.6	16.5 -71.5	0.539 0.011	0.655 9.8E-3	19.1 0.4	-0.5 8.6
2015-02-28.33	1800+440	223-14	9.08	2.0	0.632	0.0663 98	25.3	-2.9	0.00 0.00 -1.80	-59 73	18.0 44	107.4	3.7 -0.4	11.7 -79.6	0.442 0.014	0.352 0.012	15.6 0.5	2.5 6.1
# Sat Feb 28 09:17:22 UTC 2015 - Is the source up from behind the mountain?  Probably not...
# Sat Feb 28 09:26:20 UTC 2015 - Loading from clouds on the horizon was blinding the detectors.  switching projects.
2015-02-28.43	1611+343	223-14	10.10	2.1	0.442	0.0218 99	25.1	-2.4	0.00 0.00 -1.80	-73 40	16.2 34	67.5	-11.6 -1.6	13.3 -101.0	1.08 7.2E-3	1.03 7.5E-3	16.5 0.1	-2.1 -2.1
2015-02-28.45	0112-017	test	12.71	2.1	0.374	0.0210 99	25.7	-0.9	0.00 0.00 -2.00	133 40	1.3 -1	-35.4	-15.2 6.0	-1.8 -67.9	0.115 3.3E-3	0.0972 6.2E-3	15.8 0.5	2.3 4.3
2015-02-28.54	0112-017	224-14	13.48	2.0	0.424	0.0628 98	25.7	-0.7	0.00 0.00 -2.00	147 46	1.3 -1	-25.6	-0.6 12.5	0.1 -61.1	0.128 0.011	0.135 0.018	21.6 1.6	-2.5 -0.6
2015-02-28.57	0112-017	224-14	13.59	1.1	0.386	0.0434 101	25.5	-0.8	0.00 0.00 -1.20	149 47	1.3 -1	-24.1	3.1 -1.4	3.5 -62.3	0.128 8.0E-3	0.111 0.010	14.8 0.9	0.9 3.0
2015-02-28.59	0112-017	224-14	13.63	1.0	0.431	0.0338 101	25.3	-0.8	0.00 0.00 -0.60	150 47	1.3 -1	-23.5	5.7 -4.3	4.5 -61.4	0.0819 5.6E-3	0.0556 6.6E-3	11.7 0.8	-3.9 1.9
2015-02-28.60	Uranus	224-14	13.66	2.0	0.431	0.0315 101	26.1	-0.8	0.00 0.00 -1.80	155 56	0.9 5	-19.6	5.8 -0.7	5.1 -57.2	11.6 0.026	14.0 0.027	19.7 0.0	-4.5 -1.0
2015-02-28.82	2318+049	224-14	15.57	2.0	0.420	0.0387 97	25.7	-1.4	0.00 0.00 -1.80	-123 43	23.3 5	42.3	5.7 2.6	20.1 -82.4	0.213 6.7E-3	0.167 7.9E-3	14.4 0.5	-4.8 1.3
2015-02-28.84	0202+149	228-14	15.76	2.0	0.397	0.0910 102	25.9	-1.4	0.00 0.00 -1.80	179 68	2.1 15	0.0	1.9 -1.2	7.3 -48.6	0.229 0.016	0.200 0.022	15.6 1.1	-1.3 3.5
2015-02-28.104	0202+149	228-14	17.50	2.0	0.365	0.0337 99	25.5	-1.9	0.00 0.00 -1.80	-127 58	2.1 15	41.9	-1.0 1.4	18.6 -72.6	0.281 5.5E-3	0.236 5.1E-3	15.9 0.3	0.4 -1.1
2015-02-28.119	0851+202	223-14	19.08	2.0	0.392	0.0339 103	25.3	-0.4	0.00 0.00 -1.80	95 41	8.9 20	-57.7	-4.9 -3.6	-7.9 -70.7	2.62 0.010	2.59 0.011	16.5 0.1	-2.4 -0.0
2015-02-28.120	0851+202	test	19.18	1.1	0.353	0.0303 103	24.8	-0.7	0.00 0.00 -1.80	96 42	8.9 20	-57.6	-8.5 11.7	-7.4 -72.0	2.31 0.012	2.34 0.020	16.5 0.1	-1.6 -0.9
2015-02-28.121	0851+202	test	19.20	1.1	0.353	0.0264 102	25.2	-0.7	0.00 0.00 -2.40	96 43	8.9 20	-57.6	-6.8 12.4	-5.8 -71.4	1.90 0.012	1.98 0.018	17.2 0.1	-1.4 0.7
2015-02-28.122	0851+202	test	19.22	1.1	0.353	0.0282 102	24.9	-0.9	0.00 0.00 -1.20	97 43	8.9 20	-57.5	-10.3 13.3	-9.4 -70.1	2.33 0.012	2.33 0.019	16.5 0.1	-0.9 -0.4
2015-02-28.123	0851+202	test	19.24	1.1	0.348	0.0274 100	24.7	-0.9	0.00 0.00 -3.00	97 43	8.9 20	-57.5	-4.0 11.3	-3.6 -72.0	1.19 0.013	1.46 0.017	19.5 0.2	-3.5 -5.4
2015-02-28.124	0851+202	test	19.26	1.1	0.348	0.0286 101	24.8	-0.9	0.00 0.00 -0.60	97 43	8.9 20	-57.4	-11.0 11.6	-10.2 -71.5	1.92 0.013	2.01 0.018	16.9 0.1	-3.2 -2.8
2015-02-28.125	0851+202	223-14	19.32	2.1	0.383	0.0408 101	25.3	-0.7	0.00 0.00 -1.40	98 44	8.9 20	-57.3	0.2 0.2	-9.8 -69.2	2.62 0.013	2.55 0.012	15.7 0.1	-1.6 -0.0
2015-02-28.137	1055+018	232-14	20.35	2.1	0.286	0.0529 98	25.5	0.2	0.00 0.00 -1.40	105 21	11.0 2	-50.5	-2.4 -0.4	-0.5 -69.8	2.48 0.019	2.71 0.023	17.0 0.1	-2.8 -3.4
2015-02-28.138	1055+018	232-14	20.43	2.1	0.280	0.0495 97	25.1	0.0	0.00 0.00 -1.60	106 22	11.0 2	-50.2	-1.8 -4.3	-0.1 -73.7	2.76 0.017	2.78 0.016	16.2 0.1	-2.5 -3.0
2015-02-28.149	1055+018	232-14	22.09	2.0	0.251	0.0412 96	25.3	-0.6	0.00 0.00 -1.80	126 40	11.0 2	-40.1	2.3 4.7	-1.8 -64.5	3.40 0.015	3.73 0.014	16.6 0.1	-4.4 -2.6
2015-03-01.5	1055+018	232-14	0.80	1.0	0.125	0.0226 95	25.6	-0.7	0.00 0.00 -1.80	-176 54	11.0 2	3.2	2.4 5.5	10.5 -56.4	2.64 0.021	3.32 0.020	15.5 0.1	-10.3 4.2
2015-03-01.6	1055+018	232-14	0.82	1.0	0.125	0.0216 96	25.5	-0.7	0.00 0.00 -2.40	-176 54	11.0 2	3.7	3.0 5.1	11.3 -57.0	2.62 0.021	3.29 0.017	16.5 0.1	-11.6 3.0
2015-03-01.7	1055+018	232-14	0.84	1.0	0.130	0.0305 93	25.6	-0.7	0.00 0.00 -1.20	-175 54	11.0 2	4.1	1.3 5.6	9.5 -56.6	2.82 0.021	3.27 0.017	16.1 0.1	-6.9 2.1
2015-03-01.8	1055+018	232-14	0.86	1.1	0.130	0.0234 97	25.6	-0.6	0.00 0.00 -3.00	-175 54	11.0 2	4.6	5.3 4.5	13.7 -57.8	2.08 0.018	2.69 0.016	17.6 0.1	-7.0 1.4
2015-03-01.9	1055+018	232-14	0.88	1.0	0.130	0.0295 97	25.6	-0.5	0.00 0.00 -0.60	-174 54	11.0 2	5.0	0.0 6.2	8.7 -56.3	2.36 0.018	2.97 0.018	17.1 0.1	-4.4 2.1
2015-03-01.28	1055+018	232-14	3.69	2.0	0.216	0.0322 97	25.3	0.6	0.00 0.00 -1.65	-119 35	11.0 2	44.3	-4.0 -3.0	14.3 -86.4	3.68 0.017	3.82 0.012	16.0 0.1	-2.9 -0.9
2015-03-01.40	1156+295	223-14	5.37	2.1	0.536	0.0265 104	25.2	-0.4	0.00 0.00 -1.65	-83 43	12.0 29	65.0	-1.1 -4.8	13.0 -97.8	1.68 0.010	1.66 8.1E-3	16.1 0.1	-1.1 1.2
# Sun Mar  1 05:26:12 UTC 2015 - Tony: from 4:13 UTC until 5:15 (2 scans ago) the detectors were anomalously warm.  This happened during the LN2 refill.
2015-03-01.58	3C286	223-14	7.02	2.0	0.262	0.0260 103	25.3	0.1	0.00 0.00 -1.65	-80 42	13.5 31	65.7	-0.4 -0.0	13.1 -98.9	0.400 4.7E-3	0.411 8.2E-3	17.6 0.2	-0.3 1.7
2015-03-01.59	3C286	223-14	7.08	1.1	0.262	0.0219 103	24.7	-0.4	0.00 0.00 -1.65	-80 42	13.5 31	65.6	-0.7 0.2	12.1 -98.9	0.366 5.3E-3	0.344 7.0E-3	16.5 0.2	1.6 -0.5
2015-03-01.60	3C286	223-14	7.10	1.1	0.262	0.0217 103	24.8	-0.8	0.00 0.00 -2.25	-80 41	13.5 31	65.5	0.9 0.2	12.7 -99.1	0.340 4.7E-3	0.330 5.5E-3	16.6 0.2	3.5 3.5
##2015-03-01.61	3C286	223-14	7.12	1.1	0.262	0.0657 84	24.8	-1.0	0.00 0.00 -1.05	-79 41	13.5 31	65.4	-7.1 9.0	5.7 -90.4	0.172 0.013	0.144 0.080	26.4 1.7	-4.5 5.5
2015-03-01.64	3C286	223-14	7.20	2.1	0.287	0.0269 99	25.3	-1.5	0.00 0.00 -1.90	-79 40	13.5 31	65.2	-0.7 0.2	12.0 -99.6	0.379 4.8E-3	0.360 6.2E-3	16.8 0.2	-2.0 -1.1
2015-03-01.69	1502+106	223-14	7.58	2.0	0.323	0.0229 99	25.3	-1.5	0.00 0.00 -1.90	-113 43	15.1 10	48.2	0.1 2.2	17.1 -85.9	0.793 4.9E-3	0.800 6.8E-3	17.1 0.1	-1.9 2.3
2015-03-01.70	1502+106	223-14	7.64	1.1	0.323	0.0202 99	25.2	-1.4	0.00 0.00 -1.65	-113 43	15.1 10	48.5	-1.0 2.5	15.8 -86.2	0.714 5.7E-3	0.689 5.5E-3	16.2 0.1	-1.8 2.0
2015-03-01.71	1502+106	223-14	7.66	1.1	0.323	0.0193 99	25.2	-1.4	0.00 0.00 -2.25	-112 42	15.1 10	48.7	1.8 2.2	18.5 -86.6	0.657 6.3E-3	0.645 7.3E-3	16.5 0.2	-1.2 0.8
2015-03-01.72	1502+106	223-14	7.68	1.1	0.316	0.0170 99	25.0	-1.3	0.00 0.00 -1.05	-112 42	15.1 10	48.8	-1.5 1.4	15.3 -87.5	0.661 5.5E-3	0.656 6.7E-3	16.4 0.1	-1.5 0.8
2015-03-01.73	1502+106	223-14	7.70	1.1	0.316	0.0189 99	24.8	-1.2	0.00 0.00 -2.85	-112 42	15.1 10	48.9	2.1 2.2	18.8 -87.0	0.494 6.1E-3	0.559 9.0E-3	17.9 0.2	-1.2 0.9
2015-03-01.74	1502+106	223-14	7.73	1.1	0.316	0.0205 99	24.8	-1.2	0.00 0.00 -0.45	-112 42	15.1 10	49.0	-3.0 0.8	13.7 -88.5	0.490 6.1E-3	0.538 8.8E-3	17.6 0.2	-2.5 2.1




# Sun Mar  1 13:48:03 UTC 2015 - Tony: Johannes let some air out of the vibration dampers. the pointing model may change abruptly (be discontinuous).
2015-03-01.107	Uranus	test	14.93	2.0	0.565	0.0270 98	26.0	3.7	0.00 0.00 -1.60	-169 58	0.9 5	9.5	-12.7 9.5	11.2 -63.2	9.96 0.034	13.0 0.031	20.2 0.1	-2.1 -2.4
2015-03-01.108	0119+041	224-14	15.02	2.0	0.611	0.0235 98	26.1	3.6	0.00 0.00 -1.60	-179 57	1.4 4	0.9	1.4 0.2	10.4 -60.5	0.183 6.5E-3	0.144 5.2E-3	13.8 0.5	-1.9 1.0
2015-03-01.121	2251+158	224-14	16.17	2.1	0.747	0.0229 76	25.4	2.7	0.00 0.00 -1.60	-98 38	22.9 16	55.4	0.1 -5.4	16.3 -102.0	2.35 0.031	3.03 0.043	18.4 0.2	6.6 2.0
2015-03-01.122	2234+282	224-14	16.26	2.0	0.614	0.0171 84	25.4	2.8	0.00 0.00 -1.60	-81 39	22.6 28	63.8	-0.3 -4.0	13.4 -105.2	0.473 5.6E-3	0.464 5.6E-3	16.3 0.2	0.1 -1.3
2015-03-01.134	0420-014	228-14	17.40	2.0	0.566	0.0209 99	26.2	2.7	0.00 0.00 -1.60	165 51	4.4 -1	-11.3	-0.4 1.6	6.1 -64.5	1.01 7.1E-3	0.947 7.1E-3	16.1 0.1	0.4 -0.3
# Sun Mar  1 17:27:51 UTC 2015 - Pointing is still great.  The detectors don't want to lock for the high load at low elevation, though.  One more try on MACSJ0416.
# Sun Mar  1 17:39:46 UTC 2015 - okay, switching to A370.  the higher elevation will make it easier.
2015-03-01.149	0420-014	228-14	18.83	2.0	0.540	0.0177 98	25.9	2.5	0.00 0.00 -1.60	-161 50	4.4 -1	15.7	-0.1 2.6	14.1 -71.7	1.00 6.4E-3	0.956 5.4E-3	16.2 0.1	0.6 0.6
2015-03-01.150	0851+202	223-14	18.98	2.0	0.546	0.0188 97	25.4	2.3	0.00 0.00 -1.60	95 41	8.9 20	-57.8	-1.7 -3.2	-8.4 -76.0	1.92 8.7E-3	1.97 9.6E-3	16.1 0.1	2.0 -2.6
2015-03-01.151	0851+202	223-14	19.04	1.1	0.500	0.0158 98	24.8	2.3	0.00 0.00 -1.80	96 42	8.9 20	-57.7	-0.6 -2.9	-7.6 -75.3	1.61 0.011	1.78 0.012	16.3 0.1	0.9 -2.7
2015-03-01.152	0851+202	223-14	19.07	1.1	0.500	0.0158 98	24.8	2.3	0.00 0.00 -2.40	96 42	8.9 20	-57.7	0.1 -3.2	-7.0 -75.5	1.25 0.012	1.59 0.012	18.4 0.2	2.0 -1.3
2015-03-01.153	0851+202	223-14	19.09	1.1	0.522	0.0161 98	25.0	2.3	0.00 0.00 -1.20	96 42	8.9 20	-57.6	-2.5 -3.3	-9.7 -75.4	1.85 0.011	1.95 0.012	15.4 0.1	-0.7 -0.6
2015-03-01.154	0851+202	223-14	19.11	1.1	0.522	0.0190 97	24.8	2.3	0.00 0.00 -3.00	96 42	8.9 20	-57.6	0.7 -2.4	-6.9 -74.4	0.723 0.010	1.05 0.013	20.5 0.3	-5.5 -2.8
2015-03-01.155	0851+202	223-14	19.13	1.1	0.522	0.0157 98	24.6	2.4	0.00 0.00 -0.60	96 43	8.9 20	-57.6	-3.5 -2.5	-10.9 -74.4	1.73 0.010	1.96 0.014	16.0 0.1	-0.6 0.8
2015-03-01.173	0851+202	223-14	20.30	1.1	0.465	0.0180 101	25.0	2.6	0.00 0.00 -1.40	111 56	8.9 20	-52.4	-0.0 0.2	-11.2 -61.4	1.96 0.011	2.20 9.6E-3	14.9 0.1	-0.4 1.5
2015-03-01.174	0851+202	223-14	20.32	1.1	0.465	0.0167 101	24.7	2.6	0.00 0.00 -2.00	111 57	8.9 20	-52.2	0.8 -0.1	-10.4 -61.4	1.84 0.011	2.11 0.011	15.7 0.1	-1.1 0.8
2015-03-01.175	0851+202	223-14	20.35	1.1	0.465	0.0168 101	24.9	2.6	0.00 0.00 -0.80	112 57	8.9 20	-52.1	-1.3 1.3	-12.5 -59.8	1.72 0.011	2.10 0.014	15.6 0.1	-0.6 2.5
2015-03-01.176	0851+202	223-14	20.37	1.1	0.465	0.0172 101	24.9	2.6	0.00 0.00 -2.60	112 57	8.9 20	-51.9	2.5 -0.2	-8.7 -61.1	1.52 0.015	1.78 0.012	17.0 0.2	-1.1 0.7
2015-03-01.177	0851+202	223-14	20.39	1.1	0.552	0.0174 101	24.7	2.7	0.00 0.00 -0.20	112 57	8.9 20	-51.7	-1.7 1.9	-13.0 -58.7	1.54 0.013	1.89 0.012	17.1 0.1	-0.3 0.4
2015-03-01.199	1055+018	232-14	23.46	2.0	0.469	0.0204 101	25.7	3.4	0.00 0.00 -1.40	153 51	11.0 2	-21.3	-2.1 2.5	0.7 -59.3	2.71 0.013	2.97 9.2E-3	16.0 0.1	-1.8 -0.7
2015-03-02.15	1055+018	232-14	2.11	2.0	0.494	0.0183 99	25.8	4.4	0.00 0.00 -1.40	-144 49	11.0 2	28.4	-0.1 0.4	14.1 -74.6	2.62 0.012	2.99 9.2E-3	16.0 0.1	-0.3 0.7
2015-03-02.24	1055+018	232-14	3.34	2.0	0.493	0.0162 96	25.4	4.8	0.00 0.00 -1.40	-123 38	11.0 2	42.1	-1.0 -2.2	14.4 -88.6	2.26 0.011	2.65 9.1E-3	16.3 0.1	-0.9 1.6
2015-03-02.25	1055+018	232-14	3.86	2.0	0.502	0.0169 89	25.3	4.3	0.00 0.00 -1.40	-116 32	11.0 2	45.9	-2.1 -4.7	13.0 -94.4	2.21 0.010	2.41 8.5E-3	16.6 0.1	-2.3 -2.3
##2015-03-02.65	1308+326	221-14	7.39	2.0	0.476	0.7769 92	25.3	4.2	0.00 0.00 -1.40	-73 34	13.2 32	64.2	92.1 65.3	105.5 -37.7	44.8 0.61	34.1 1.6	21.0 0.3	-3.1 -12.0
2015-03-02.66	1354+195	223-14	7.46	2.0	0.498	0.0170 91	25.3	4.3	0.00 0.00 -1.40	-92 36	14.0 19	57.6	0.8 -2.8	13.8 -100.1	0.412 4.7E-3	0.418 6.1E-3	16.7 0.2	1.0 1.6
2015-03-02.67	1354+195	223-14	7.54	2.1	0.517	0.0151 87	25.3	4.3	0.00 0.00 -1.40	-92 35	14.0 19	57.7	-16.7 10.3	12.3 -101.1	0.406 4.1E-3	0.396 5.5E-3	17.3 0.2	-2.2 -2.8
2015-03-02.75	1633+382	223-14	8.23	2.0	0.508	0.0202 101	25.1	4.6	0.00 0.00 -1.40	-78 66	16.6 38	82.7	7.7 5.2	11.9 -83.5	0.860 6.8E-3	0.846 6.6E-3	16.5 0.1	-0.9 1.3
# Mon Mar  2 10:29:21 UTC 2015 - the He3 sorption fridge ran out here.
2015-03-02.110	Uranus	test	13.44	1.0	0.468	0.0184 98	25.4	6.7	0.00 0.00 -1.40	152 55	0.9 5	-21.6	-11.2 4.2	3.4 -63.4	10.8 0.032	12.8 0.030	19.5 0.1	-3.1 0.1
2015-03-02.111	Uranus	test	13.46	1.1	0.468	0.0171 99	25.5	6.7	0.00 0.00 -2.00	153 55	0.9 5	-21.2	-11.9 5.0	2.7 -62.5	10.1 0.031	12.6 0.028	19.7 0.1	-5.3 0.2
2015-03-02.112	Uranus	test	13.48	1.1	0.487	0.0157 99	25.4	6.7	0.00 0.00 -0.80	153 55	0.9 5	-20.8	-13.0 5.4	1.8 -62.1	9.33 0.023	13.0 0.024	21.2 0.0	-3.3 -0.5
2015-03-02.113	Uranus	test	13.50	1.1	0.487	0.0155 100	25.3	6.8	0.00 0.00 -2.60	154 55	0.9 5	-20.4	-10.9 4.1	3.9 -63.3	8.57 0.023	12.6 0.025	21.8 0.1	-2.8 -0.3
2015-03-02.114	Uranus	test	13.53	1.1	0.487	0.0163 101	25.5	6.8	0.00 0.00 -0.20	155 56	0.9 5	-20.0	-13.6 4.8	1.3 -62.7	6.79 0.023	12.5 0.024	24.4 0.1	-4.6 -1.3
2015-03-02.115	Uranus	224-14	13.57	2.0	0.464	0.0152 101	25.8	6.9	0.00 0.00 -1.60	156 56	0.9 5	-19.0	0.6 1.1	4.5 -62.1	11.0 0.024	13.0 0.025	19.5 0.0	-1.9 0.3
2015-03-02.126	0106+013	224-14	14.54	2.0	0.442	0.0178 101	25.9	6.4	0.00 0.00 -1.60	176 55	1.1 2	-3.2	0.9 1.4	10.5 -65.3	0.581 5.3E-3	0.570 5.2E-3	16.5 0.2	0.4 0.2
2015-03-02.152	NGC1068	224-14	16.80	2.0	0.480	0.0135 99	26.1	7.1	0.00 0.00 -1.60	-167 52	2.7 -0	10.7	2.4 2.6	16.7 -69.9	0.0417 2.9E-3	0.0516 3.8E-3	19.1 1.3	1.9 4.9
2015-03-02.153	NGC1068	228-14	16.87	1.1	0.478	0.0128 99	25.4	7.1	0.00 0.00 -1.60	-165 52	2.7 -0	11.9	3.4 2.7	18.1 -70.3	0.0367 3.5E-3	0.0355 4.1E-3	15.8 1.5	-3.5 3.2
2015-03-02.155	NGC1068	228-14	16.92	1.0	0.478	0.0130 99	25.6	7.2	0.00 0.00 -1.00	-164 52	2.7 -0	12.7	-1.3 2.1	13.6 -71.3	0.0427 3.1E-3	0.0410 3.9E-3	16.2 1.2	1.0 1.2
2015-03-02.157	NGC1068	228-14	16.96	1.0	0.479	0.0125 99	25.8	7.2	0.00 0.00 -0.40	-163 52	2.7 -0	13.5	1.6 -3.2	16.6 -77.0	0.0375 2.9E-3	0.0371 3.8E-3	16.1 1.2	8.6 4.4
2015-03-02.170	0003+380	221-14	18.14	2.0	0.461	0.0181 92	25.3	6.4	0.00 0.00 -1.40	-67 38	0.1 38	69.0	-2.4 -1.1	10.0 -111.1	0.162 4.6E-3	0.146 4.1E-3	15.3 0.4	0.6 2.6
2015-03-02.189	0851+202	221-14	20.17	1.1	0.437	0.0201 101	24.8	4.4	0.00 0.00 -1.40	110 56	8.9 20	-52.9	3.3 0.4	-8.2 -66.8	1.82 0.016	1.98 0.011	15.1 0.1	2.7 -1.9
2015-03-02.190	0851+202	221-14	20.19	1.1	0.437	0.0181 101	24.9	4.3	0.00 0.00 -2.00	110 56	8.9 20	-52.8	1.9 0.3	-9.9 -66.8	1.46 0.014	1.70 0.012	16.6 0.2	-1.7 -2.0
2015-03-02.191	0851+202	221-14	20.21	1.1	0.437	0.0180 100	25.6	4.3	0.00 0.00 -0.80	111 56	8.9 20	-52.6	0.7 1.7	-10.9 -65.1	1.75 0.012	2.24 0.013	15.4 0.1	-2.0 1.0
2015-03-02.192	0851+202	221-14	20.23	1.1	0.422	0.0218 100	24.7	4.3	0.00 0.00 -2.60	111 56	8.9 20	-52.4	1.7 -0.6	-10.3 -67.1	0.897 0.014	1.22 0.014	19.3 0.3	-6.7 0.5
2015-03-02.193	0851+202	221-14	20.25	1.1	0.422	0.0181 101	25.3	4.3	0.00 0.00 -0.20	111 56	8.9 20	-52.3	-0.4 2.1	-12.1 -64.2	1.70 0.013	2.13 0.012	15.7 0.1	-0.0 1.9
2015-03-02.202	1055+018	232-14	21.50	1.1	0.446	0.0163 99	25.2	4.3	0.00 0.00 -1.20	120 35	11.0 2	-43.9	-3.8 -2.1	-4.2 -74.1	2.09 0.013	2.44 0.014	15.0 0.1	-2.8 -3.9
2015-03-02.203	1055+018	232-14	21.52	1.0	0.446	0.0164 99	25.1	4.3	0.00 0.00 -1.80	120 35	11.0 2	-43.8	-2.5 -2.0	-3.0 -73.9	2.20 0.014	2.52 0.015	15.2 0.1	2.1 -2.9
2015-03-02.204	1055+018	232-14	21.54	1.1	0.446	0.0249 97	25.2	4.4	0.00 0.00 -0.60	120 36	11.0 2	-43.6	-5.8 -2.8	-6.3 -74.6	2.06 0.017	2.21 0.018	15.8 0.1	-3.1 -2.8
2015-03-02.205	1055+018	232-14	21.56	1.1	0.443	0.0199 99	25.1	4.4	0.00 0.00 -2.40	120 36	11.0 2	-43.5	-1.0 0.3	-1.6 -71.4	1.93 0.018	2.23 0.015	16.6 0.2	3.2 -1.2
2015-03-02.206	1055+018	232-14	21.59	1.1	0.443	0.0256 97	25.0	4.4	0.00 0.00 -1.00	121 36	11.0 2	-43.3	-3.7 -1.3	-4.5 -72.9	2.20 0.016	2.40 0.016	14.8 0.1	-2.9 -2.1
2015-03-03.5	0851+202	232-14	0.85	1.1	0.402	0.0192 103	25.0	3.3	0.00 0.00 -1.40	-109 54	8.9 20	53.7	2.2 8.6	12.4 -85.9	1.80 0.013	2.11 0.012	16.5 0.1	-4.9 4.1
2015-03-03.6	0851+202	232-14	0.87	1.1	0.329	0.0195 103	25.1	3.3	0.00 0.00 -2.00	-108 54	8.9 20	53.8	3.1 7.8	13.4 -86.9	1.95 0.010	2.19 0.013	16.1 0.1	-1.9 1.9
2015-03-03.7	0851+202	232-14	0.89	1.1	0.329	0.0176 103	25.1	3.3	0.00 0.00 -0.80	-108 54	8.9 20	54.0	0.2 9.4	10.3 -85.6	1.32 0.012	1.77 0.013	18.8 0.2	-7.4 3.8
2015-03-03.8	0851+202	232-14	0.91	1.1	0.329	0.0195 103	25.1	3.3	0.00 0.00 -2.60	-108 54	8.9 20	54.1	3.0 8.2	13.5 -87.1	1.84 0.012	2.09 0.012	16.4 0.1	-5.5 3.9
2015-03-03.9	0851+202	232-14	0.94	1.1	0.379	0.0199 102	25.3	3.3	0.00 0.00 -0.20	-107 53	8.9 20	54.2	0.8 9.1	10.9 -86.4	0.719 0.012	1.23 0.013	21.8 0.3	-5.2 1.4
2015-03-03.10	0851+202	232-14	1.00	1.1	0.387	0.0211 102	24.8	3.4	0.00 0.00 -2.00	-106 53	8.9 20	54.6	4.0 7.2	14.4 -89.1	1.94 0.012	2.22 0.013	16.0 0.1	-1.9 3.4
2015-03-03.11	0851+202	232-14	1.02	1.0	0.387	0.0216 102	25.1	3.4	0.00 0.00 -2.60	-106 53	8.9 20	54.7	4.6 7.2	14.8 -89.3	1.92 0.013	2.12 0.013	16.1 0.1	0.2 2.0
2015-03-03.12	0851+202	232-14	1.04	1.1	0.387	0.0195 102	25.3	3.4	0.00 0.00 -1.40	-106 52	8.9 20	54.8	2.0 8.6	12.2 -88.1	1.83 0.012	2.16 0.013	16.7 0.1	-3.7 2.5
2015-03-03.13	0851+202	232-14	1.06	1.0	0.380	0.0194 102	25.0	3.4	0.00 0.00 -3.20	-106 52	8.9 20	54.9	6.0 7.3	16.1 -89.7	1.49 0.011	1.77 0.013	17.4 0.1	-4.0 1.6
2015-03-03.14	0851+202	232-14	1.09	1.0	0.380	0.0199 102	25.2	3.4	0.00 0.00 -0.80	-105 52	8.9 20	55.1	1.6 8.9	11.9 -88.3	1.34 0.012	1.70 0.014	18.1 0.2	-4.4 3.6
2015-03-03.32	0923+392	232-14	3.76	2.0	0.448	0.0179 98	25.2	2.6	0.00 0.00 -2.00	-64 35	9.5 39	67.6	1.2 -7.2	9.1 -112.3	1.85 8.5E-3	1.76 6.7E-3	16.0 0.1	-1.9 -2.0
2015-03-03.44	1144+402	223-14	5.21	2.1	0.403	0.0155 96	25.2	2.7	0.00 0.00 -2.00	-68 45	11.8 40	73.9	1.7 3.3	9.7 -105.7	0.865 4.6E-3	0.855 4.3E-3	16.4 0.1	-2.7 0.6
2015-03-03.62	0003+380	test	9.14	2.1	0.371	0.0257 101	25.4	4.4	0.00 0.00 -2.00	67 38	0.1 38	-69.3	-15.9 5.3	-12.1 -84.7	0.236 4.9E-3	0.212 4.8E-3	15.6 0.3	-2.5 4.1
