

*******************************************************************************
Mon Jun 15 15:31:07 2009


FIT:    data read from 'scale.dat' using 1:2
        #datapoints = 4
        residuals are weighted equally (unit weight)

function used for fitting: y(x)
fitted parameters initialized with current variable values



 Iteration 0
 WSSR        : 2.35515e+08       delta(WSSR)/WSSR   : 0
 delta(WSSR) : 0                 limit for stopping : 1e-05
 lambda	  : 4383.77

initial set of free parameter values

a               = 1
b               = 1
c               = 1

After 9 iterations the fit converged.
final sum of squares of residuals : 0.00032
rel. change during last iteration : -1.69145e-09

degrees of freedom    (FIT_NDF)                        : 1
rms of residuals      (FIT_STDFIT) = sqrt(WSSR/ndf)    : 0.0178885
variance of residuals (reduced chisquare) = WSSR/ndf   : 0.00032

Final set of parameters            Asymptotic Standard Error
=======================            ==========================

a               = -0.0014          +/- 8.944e-05    (6.389%)
b               = 0.2474           +/- 0.01523      (6.155%)
c               = -5.354           +/- 0.6387       (11.93%)


correlation matrix of the fit parameters:

               a      b      c      
a               1.000 
b              -0.999  1.000 
c               0.994 -0.998  1.000 


*******************************************************************************
Mon Jun 15 16:21:05 2009


FIT:    data read from 'scale.dat' index 1 using 1:2
        #datapoints = 6
        residuals are weighted equally (unit weight)

function used for fitting: y(x)
fitted parameters initialized with current variable values



 Iteration 0
 WSSR        : 7314.79           delta(WSSR)/WSSR   : 0
 delta(WSSR) : 0                 limit for stopping : 1e-05
 lambda	  : 13.7979

initial set of free parameter values

a               = -0.0014
b               = 0.2474
c               = -5.354

After 7 iterations the fit converged.
final sum of squares of residuals : 0.00521429
rel. change during last iteration : -7.11182e-10

degrees of freedom    (FIT_NDF)                        : 3
rms of residuals      (FIT_STDFIT) = sqrt(WSSR/ndf)    : 0.0416905
variance of residuals (reduced chisquare) = WSSR/ndf   : 0.0017381

Final set of parameters            Asymptotic Standard Error
=======================            ==========================

a               = 1.83036          +/- 0.1706       (9.319%)
b               = -17.2714         +/- 1.638        (9.486%)
c               = 71.2346          +/- 3.918        (5.5%)


correlation matrix of the fit parameters:

               a      b      c      
a               1.000 
b              -1.000  1.000 
c               0.998 -1.000  1.000 


*******************************************************************************
Mon Jun 22 15:24:32 2009


FIT:    data read from 'scale.dat' index 1 using 1:2
        #datapoints = 7
        residuals are weighted equally (unit weight)

function used for fitting: y(x)
fitted parameters initialized with current variable values



 Iteration 0
 WSSR        : 120.458           delta(WSSR)/WSSR   : 0
 delta(WSSR) : 0                 limit for stopping : 1e-05
 lambda	  : 14.4308

initial set of free parameter values

a               = 1
b               = 1
c               = 1

After 7 iterations the fit converged.
final sum of squares of residuals : 0.00809524
rel. change during last iteration : -3.29153e-11

degrees of freedom    (FIT_NDF)                        : 4
rms of residuals      (FIT_STDFIT) = sqrt(WSSR/ndf)    : 0.0449868
variance of residuals (reduced chisquare) = WSSR/ndf   : 0.00202381

Final set of parameters            Asymptotic Standard Error
=======================            ==========================

a               = 1.66667          +/- 0.1227       (7.363%)
b               = -15.7262         +/- 1.203        (7.652%)
c               = 67.6036          +/- 2.934        (4.34%)


correlation matrix of the fit parameters:

               a      b      c      
a               1.000 
b              -0.999  1.000 
c               0.997 -0.999  1.000 
