# id	object	project	UTh(f2)	obsmins(f1)	tau.225GHz(f3)	NEFD(f4) okchannels	scanspeed(f1)	Tamb(f1)	foc.dZ(f2)	AZd(f0) ELd(f0)	RAh(f1) DECd(f0)	PAd(f1)	pnt.dAZ(f1) pnt.dEL(f1)	pnt.X(f1) pnt.Y(f1)	src.peak(s3) src.dpeak(s2)	src.int(s3) src.dint(s2)	src.FWHM(f1) src.dFWHM(f1)
2012-04-16.3	GL490	test	21.83	1.9	0.147	2.0535 96	37.9	-9.5	-2.00	-29 19	3.5 59	48.4	--- ---	--- ---	--- ---	--- ---	--- ---
2012-04-16.4	0923+392	test	21.90	1.8	0.086	1.1962 77	37.9	-9.6	-2.00	-76 67	9.5 39	85.7	--- ---	--- ---	--- ---	--- ---	--- ---
#2012-04-16.5	GL490	test	21.97	1.9	0.148	0.5808 98	76.4	-9.6	-2.00	-28 18	3.5 59	46.8	123.8 31.3	125.1 -60.5	3.22 0.14	53.6 7.0	64.8 2.1
2012-04-16.6	1253-055	test	22.13	1.8	0.118	1.2219 68	38.1	-9.4	-2.00	152 43	12.9 -6	-22.0	--- ---	--- ---	--- ---	--- ---	--- ---
#2012-04-16.7	1253-055	test	22.39	1.8	0.132	1.0006 63	38.3	-8.6	-2.00	157 44	12.9 -6	-18.0	-4.0 5.1	-0.2 -38.9	0.930 0.068	11.5 2.5	59.9 3.2
2012-04-16.8	1253-055	test	22.57	2.0	0.075	0.0262 99	37.7	-8.1	-2.00	161 45	12.9 -6	-15.1	-1.8 -2.3	2.9 -47.3	11.0 0.014	16.5 0.025	22.2 0.0
#2012-04-16.9	1253-055	test	22.64	1.7	0.145	0.0284 63	38.2	-8.3	-1.00	162 46	12.9 -6	-14.0	-14.0 7.3	-9.0 -37.2	1.36 0.015	9.07 0.15	33.0 0.3
2012-04-16.10	1253-055	test	22.68	1.8	0.125	0.0241 96	38.1	-8.2	0.00	163 46	12.9 -6	-13.3	-0.3 1.4	4.9 -43.3	11.1 9.7E-3	16.4 0.014	21.4 0.0
#2012-04-16.11	1253-055	test	22.74	1.6	0.150	0.0285 66	38.2	-8.2	-0.50	164 46	12.9 -6	-12.4	-9.1 6.6	-3.6 -38.2	4.00 0.040	10.1 0.13	21.9 0.2
#2012-04-16.12	1253-055	test	22.80	1.7	0.126	0.0285 73	38.2	-8.1	-0.70	165 46	12.9 -6	-11.3	-5.2 5.6	0.6 -39.4	8.53 0.031	15.6 0.055	20.4 0.1
2012-04-16.13	0953+254	test	22.94	2.0	0.171	0.0165 105	37.1	-8.0	-0.70	-100 57	9.9 25	60.3	1.8 -2.6	17.1 -68.0	0.650 2.7E-3	0.670 5.0E-3	19.1 0.1
2012-04-16.14	CWLEO	test	23.02	2.0	0.144	0.0164 105	37.3	-8.0	-0.70	-113 47	9.8 13	49.1	-0.2 2.7	15.2 -65.7	0.471 2.5E-3	0.700 5.1E-3	22.7 0.1
2012-04-16.15	0851+202	247-11	23.07	2.0	0.162	0.0165 104	37.4	-8.0	-0.70	-94 40	8.9 20	57.9	3.9 2.6	16.6 -76.4	3.67 4.3E-3	3.96 7.9E-3	19.2 0.0
# Tue Apr 17 00:09:59 UTC 2012 - Some stronger wind during the COSMOS scans while tau was continuously increasing from 0.12 to 0.3 (AK).
# Tue Apr 17 08:00:25 UTC 2012 - Wind finally improved somewhat. We'll give it a shot at project 209-11 until technical time starts. Tau rather constant at ~0.4 for an hour now (AK).
2012-04-17.3	0316+413	209-11	8.08	1.9	0.018	0.0199 72	37.2	-3.4	-2.00	56 26	3.3 42	-62.4	0.7 3.3	-6.5 -80.0	3.76 5.3E-3	5.13 9.3E-3	21.7 0.0
2012-04-17.4	0316+413	209-11	8.15	1.7	0.437	0.0224 69	38.1	-4.4	-1.00	57 27	3.3 42	-62.9	4.3 2.2	-3.1 -78.7	6.70 8.4E-3	7.11 0.014	18.8 0.0
2012-04-17.5	0316+413	209-11	8.22	2.0	0.390	0.0342 62	37.2	-4.3	0.00	57 27	3.3 42	-63.4	3.9 2.4	-3.8 -78.3	5.09 0.012	6.20 0.023	20.2 0.0
# Tue Apr 17 08:21:25 UTC 2012 - Had to stop it before starting M33 due to the detector heating up. Need to recycle and time for technical time now (AK).
#2012-04-17.11	0316+413	test	15.32	1.9	0.006	0.0289 97	37.2	-1.5	-0.70	-69 72	3.3 42	96.9	7.6 3.9	16.0 -68.7	6.65 6.3E-3	9.70 0.014	22.3 0.0
# Tue Apr 17 15:28:14 UTC 2012 - Initial problems with array not tuning and wobbler alarm means scans 9 and 10 are junk (ACE)
# Tue Apr 17 15:28:42 UTC 2012 - Focus test: Scans 11/12/13 should be offset -0.7, -1.7, 0.3
2012-04-17.12	0316+413	test	15.44	1.9	0.037	0.0357 61	37.7	-1.7	-1.70	-69 71	3.3 42	95.3	2.9 2.6	11.6 -70.9	8.39 9.5E-3	8.91 0.017	19.1 0.0
# Tue Apr 17 15:33:56 UTC 2012 - Relocked during scan #14
#2012-04-17.15	0316+413	test	15.58	1.9	0.056	0.0389 98	37.7	-1.7	-2.70	-69 69	3.3 42	93.6	6.4 1.6	15.3 -73.5	7.91 8.5E-3	9.67 0.016	20.7 0.0
# Tue Apr 17 15:39:18 UTC 2012 - Lock lost on scan 13 and tau very variable. Cloud blowing over the summit. (ACE)
# Tue Apr 17 15:40:19 UTC 2012 - Scan 15 at offset -2.7; solution is -1.8; used for scan 16+
2012-04-17.17	0316+413	test	15.73	1.8	0.044	0.0406 94	38.2	-1.6	-1.80	-70 68	3.3 42	91.9	2.1 3.5	11.2 -73.6	10.4 9.3E-3	10.8 0.016	19.3 0.0
2012-04-17.18	Mars	test	21.24	2.0	0.114	0.0490 98	37.6	-3.6	-1.80	-168 65	10.4 13	10.0	-1.1 0.2	11.1 -43.7	221 0.14	309 0.19	21.7 0.0
# Tue Apr 17 21:17:54 UTC 2012 - After a long pumping & recycling, starting up again on Mars, scan #18.  (DjB)
2012-04-17.19	Mars	test	21.31	2.1	0.114	0.0575 94	37.1	-3.7	-1.80	-166 65	10.4 13	11.8	1.8 -1.1	14.5 -45.6	232 0.17	309 0.25	21.4 0.0
# Tue Apr 17 21:21:59 UTC 2012 - Focus curve on Mars; #19 is at -1.8, #20 at -2.8; #21 should be -0.8.  (DjB)
2012-04-17.20	Mars	test	21.37	2.0	0.092	0.0513 97	37.4	-3.6	-2.80	-164 65	10.4 13	13.3	2.5 -1.4	15.6 -46.8	198 0.16	317 0.43	23.5 0.0
2012-04-17.21	Mars	test	21.41	1.8	0.122	0.0526 96	38.1	-3.2	-0.80	-163 65	10.4 13	14.6	0.5 3.9	14.0 -43.0	172 0.14	312 0.18	25.1 0.0
2012-04-17.22	Mars	test	21.46	2.0	0.117	0.0499 97	37.3	-2.2	-1.30	-161 64	10.4 13	15.8	-1.5 6.7	12.2 -43.0	212 0.14	309 0.15	22.4 0.0
2012-04-17.23	Mars	test	21.51	2.0	0.130	0.0502 97	37.8	-2.0	-2.30	-159 64	10.4 13	17.1	2.2 6.1	16.2 -44.8	228 0.18	312 0.85	21.6 0.0
# Tue Apr 17 21:34:46 UTC 2012 - Mars scans 22/23 at FOC -1.3/-2.3; Final -1.9.  (DjB)
2012-04-17.24	Hydra-A	233-11	21.59	2.0	0.130	0.0146 97	37.3	-1.8	-1.90	-147 35	9.3 -12	26.5	0.6 1.3	13.0 -75.4	0.166 2.1E-3	0.228 3.7E-3	21.4 0.3
2012-04-17.25	Hydra-A	233-11	21.66	1.9	0.151	0.0196 101	37.9	-1.7	-1.90	-146 34	9.3 -12	27.4	2.0 4.2	14.4 -73.3	0.169 3.1E-3	0.233 5.1E-3	21.7 0.4
2012-04-17.27	0823+033	233-11	21.82	0.8	0.140	0.0119 99	38.2	-1.4	-1.90	-120 37	8.4 3	44.1	2.4 1.9	16.3 -84.2	0.306 2.7E-3	0.280 3.9E-3	17.8 0.2
# Tue Apr 17 22:16:32 UTC 2012 - Scan 28 had some weird lurch in signal & pixels disappeared.  Killed.  (DjB)
# Tue Apr 17 22:39:15 UTC 2012 - Doing checks for #31 and #32 at 2min each. Should be coaddable.  (DjB)
# Tue Apr 17 22:51:28 UTC 2012 - Still noisy... scan #33 with bias=10000.  (DjB)
2012-04-17.34	0851+202	test	22.95	0.8	0.113	0.0181 103	38.4	-1.8	-1.90	-95 41	8.9 20	57.8	1.2 -0.5	14.0 -92.4	3.65 8.2E-3	3.97 0.011	19.0 0.0
2012-04-17.35	0814+425	test	23.00	1.0	0.097	1.3257 53	36.1	-1.7	-1.90	-63 42	8.3 42	74.0	--- ---	--- ---	--- ---	--- ---	--- ---
# Tue Apr 17 23:12:28 UTC 2012 - Still noisy.  Relocked and retuned and reset.  #36 should be cleaner!  (DjB)
2012-04-17.36	0814+425	test	23.21	0.8	0.087	0.0144 104	38.4	-1.1	-1.90	-62 40	8.3 42	72.4	2.4 0.6	9.5 -101.5	0.398 4.0E-3	0.435 8.8E-3	19.0 0.2
# Tue Apr 17 23:15:40 UTC 2012 - Scan #37 will have bias of 8000.  (DjB)
2012-04-17.38	4C+55.16	233-11	23.32	2.0	0.104	0.0167 100	37.2	-1.3	-1.90	-45 44	8.6 56	85.6	-0.0 -1.2	3.2 -102.5	0.0643 2.6E-3	0.0694 4.9E-3	19.7 0.8
# Tue Apr 17 23:27:27 UTC 2012 - Bias 10000 at 39.  (DjB)
2012-04-17.39	1418+546	test	23.43	1.0	0.095	0.0175 100	37.4	-1.4	-1.90	33 68	14.3 54	-132.8	-7.9 1.0	-27.6 -67.1	0.201 4.9E-3	0.196 4.6E-3	17.7 0.4
2012-04-18.5	1637+574	test	0.99	1.0	0.115	0.0175 98	36.0	-3.0	-1.90	36 61	16.6 57	-120.7	-3.4 1.1	-21.6 -69.3	0.462 3.8E-3	0.448 5.5E-3	18.0 0.1
2012-04-18.9	1641+399	test	1.60	1.0	0.126	0.0169 97	37.5	-3.2	-1.90	74 71	16.7 40	-90.9	-7.1 -1.6	-28.1 -47.0	1.88 6.1E-3	2.06 8.7E-3	18.8 0.1
2012-04-18.11	A2270	233-11	1.70	1.9	0.107	0.0173 98	37.6	-3.5	-1.90	40 61	17.5 55	-115.3	-3.5 -0.8	-22.2 -68.3	0.0519 2.6E-3	0.0441 2.3E-3	16.1 0.8
2012-04-18.14	1144+402	test	2.08	1.0	0.142	0.0155 99	35.9	-3.2	-1.90	-68 46	11.8 40	74.4	1.0 -4.1	9.7 -97.1	0.668 3.8E-3	0.646 5.8E-3	18.1 0.1
2012-04-18.15	1156+295	test	2.11	1.0	0.142	0.0151 99	36.3	-3.2	-1.90	-83 44	12.0 29	65.1	2.4 -3.8	13.9 -94.2	0.581 3.5E-3	0.567 7.1E-3	18.2 0.1
2012-04-18.16	1226+023	test	2.15	0.8	0.190	0.0143 102	38.2	-3.1	-1.90	-117 34	12.5 2	45.5	-1.6 0.2	11.3 -84.9	4.26 5.3E-3	4.70 8.8E-3	19.3 0.0
2012-04-18.17	1253-055	test	2.21	0.8	0.134	0.0260 65	38.1	-3.2	-1.90	-128 32	12.9 -6	39.1	-8.7 -1.9	3.9 -83.2	1.11 0.020	7.32 0.20	31.6 0.5
# Wed Apr 18 02:14:05 UTC 2012 - Focus: 17/18/19 at -1.9/-2.4/-1.4.  (DjB)
#2012-04-18.18	1253-055	test	2.23	0.9	0.134	0.0306 70	36.0	-3.2	-2.40	-128 32	12.9 -6	39.3	-12.2 -2.7	0.4 -84.3	1.31 0.026	8.56 0.20	30.0 0.5
2012-04-18.19	1253-055	test	2.26	0.8	0.134	0.0264 65	38.2	-3.2	-1.40	-128 31	12.9 -6	39.5	-0.5 6.8	12.0 -74.9	2.95 0.038	5.77 0.23	19.8 0.2
2012-04-18.20	1253-055	test	2.31	0.8	0.142	0.0264 69	38.2	-3.1	-0.90	-127 31	12.9 -6	39.9	-0.0 7.5	12.3 -74.8	3.56 0.040	6.89 0.13	22.0 0.2
# Wed Apr 18 02:21:21 UTC 2012 - #19 at -0.9; chose -1.8 and took scan #20.  (DjB)
2012-04-18.21	1253-055	test	2.35	0.9	0.121	0.0262 67	37.2	-3.1	-1.80	-126 30	12.9 -6	40.4	-8.3 -3.7	3.9 -86.4	1.24 0.022	7.92 0.17	34.3 0.5
2012-04-18.22	1308+326	test	2.41	0.8	0.121	0.0141 98	38.4	-3.2	-1.80	-85 56	13.2 32	70.2	1.0 -2.2	13.9 -83.3	0.857 3.7E-3	0.886 5.8E-3	18.5 0.1
2012-04-18.28	R1558-14	233-11	3.15	4.8	0.098	0.0180 102	37.9	-3.1	-1.80	-167 38	16.0 -14	11.4	4.8 0.7	15.6 -65.7	0.0320 1.9E-3	0.0287 2.4E-3	17.8 1.1
2012-04-18.29	1757-240	test	3.27	1.0	0.098	0.0173 101	37.1	-3.0	-1.80	162 27	18.0 -24	-15.9	3.5 -0.8	8.0 -65.3	5.59 0.012	7.01 0.017	20.6 0.0
2012-04-18.42	1757-240	test	6.23	0.8	0.171	0.0179 99	38.2	-3.6	-1.80	-153 24	18.0 -24	23.1	2.5 -4.8	11.9 -78.5	6.37 0.012	7.64 0.014	20.3 0.0
2012-04-18.43	1757-240	test	6.26	1.0	0.171	0.0171 101	37.1	-3.5	-2.30	-153 24	18.0 -24	23.4	0.1 2.4	9.5 -71.6	6.50 0.011	7.96 0.013	20.9 0.0
2012-04-18.44	1757-240	test	6.28	0.8	0.157	0.0221 99	38.2	-3.5	-1.30	-153 24	18.0 -24	23.7	-2.9 -2.3	6.5 -76.5	5.64 0.012	7.39 0.022	21.3 0.0
2012-04-18.45	1757-240	test	6.33	1.0	0.157	0.0182 99	35.9	-3.2	-2.00	-152 23	18.0 -24	24.2	-1.4 -0.1	7.9 -75.2	6.16 0.014	7.64 0.014	20.6 0.0
# Wed Apr 18 06:27:21 UTC 2012 - New focus position -1.9 (delta=0.1mm) (ACE)
2012-04-18.47	2134+004	test	6.69	0.8	0.126	0.0211 78	38.2	-3.0	-1.90	148 49	21.6 1	-25.2	3.8 0.9	4.8 -51.9	0.668 6.2E-3	0.627 8.2E-3	17.4 0.2
2012-04-18.51	A2415	233-11	7.26	4.7	0.115	0.0186 99	38.2	-3.3	-1.90	153 44	22.1 -6	-20.8	-0.6 3.0	2.2 -52.8	0.0234 1.6E-3	0.0232 2.3E-3	18.1 1.2
2012-04-18.53	2223-052	test	7.79	0.8	0.087	0.0141 100	38.3	-2.9	-1.90	157 45	22.4 -5	-18.5	-2.6 0.8	1.0 -55.1	0.817 4.5E-3	0.838 5.5E-3	18.3 0.1
# Wed Apr 18 08:09:20 UTC 2012 - Problems with large drifts in sky signal in scan 55 due to cloud (ACE)
# Wed Apr 18 08:18:26 UTC 2012 - Clouds now too poor to produce much science. Scan 56 very poor. (ACE)
2012-04-18.57	2223-052	248-11	10.14	1.9	0.154	0.0203 96	37.2	-2.5	-1.90	-153 44	22.4 -5	21.6	-0.1 -2.8	13.5 -70.8	0.914 3.4E-3	0.959 5.3E-3	18.6 0.1
2012-04-18.58	K3-50A	248-11	10.23	1.8	0.110	0.0232 96	38.2	-2.4	-1.90	-77 44	20.0 34	68.7	3.7 1.5	14.2 -92.1	5.16 0.014	7.75 0.063	22.3 0.1
2012-04-18.59	2223-052	248-11	10.34	1.8	0.083	0.0171 97	38.2	-2.5	-1.90	-149 43	22.4 -5	24.6	0.4 -3.2	14.2 -73.3	0.908 2.8E-3	0.947 5.8E-3	18.7 0.1
2012-04-18.62	R2341+00	233-11	10.72	4.8	0.101	0.0166 95	37.8	-2.6	-1.90	-165 52	23.7 0	12.5	2.0 -2.4	14.5 -60.9	0.0340 1.5E-3	0.0370 2.3E-3	18.5 0.8
2012-04-18.64	2223-052	test	10.93	1.9	0.114	0.0137 97	38.0	-2.4	-1.90	-139 39	22.4 -5	32.2	-0.6 -4.0	13.3 -80.2	0.929 2.5E-3	0.964 4.6E-3	18.6 0.0
2012-04-18.65	2255-282	test	10.99	1.8	0.114	1.2743 64	37.7	-2.4	-1.90	-158 21	23.0 -28	20.3	--- ---	--- ---	--- ---	--- ---	--- ---
2012-04-18.66	2255-282	test	11.03	1.8	0.137	0.0134 101	38.2	-2.3	-1.90	-157 21	23.0 -28	20.8	-2.4 0.9	6.0 -74.9	2.70 3.1E-3	2.84 5.4E-3	19.2 0.0
# Wed Apr 18 11:15:19 UTC 2012 - Cap on from scan 66 (AKO)
# Wed Apr 18 11:18:14 UTC 2012 - Recycling (AKO)
# Wed Apr 18 15:05:58 UTC 2012 - Tetsing noise in various configurations and blanking plate. #69-#71 are default IRIG config.  (DjB)
# Wed Apr 18 15:06:18 UTC 2012 - #72-#74 will be with IRIG 5s cable disconnected.  (DjB)
# Wed Apr 18 15:16:35 UTC 2012 - Disconnected house IRIG.  Taking #75-77.  (DjB)
# Wed Apr 18 15:35:48 UTC 2012 - New state: House IRIG connected, 5s Time Trace disconnected.  (DjB)
2012-04-18.78	0727-115	test	15.61	1.8	0.240	0.0160 99	38.2	-2.4	-1.90	139 31	7.5 -12	-32.0	3.6 -1.8	4.2 -65.5	0.788 3.1E-3	0.851 5.4E-3	19.2 0.1
2012-04-18.79	0727-115	test	15.65	1.8	0.280	0.0149 101	38.1	-2.6	-1.90	140 32	7.5 -12	-31.6	3.3 -0.4	3.9 -63.5	0.851 2.9E-3	0.886 4.8E-3	19.0 0.1
2012-04-18.80	0727-115	test	15.69	1.8	0.280	0.0131 102	38.2	-2.5	-1.90	140 32	7.5 -12	-31.1	3.0 -2.2	3.7 -65.4	0.881 3.0E-3	0.891 4.3E-3	18.7 0.1
# Wed Apr 18 15:48:27 UTC 2012 - Still some noise seen... isolator on for scans #81-#83 for test.  (DjB)
2012-04-18.81	0727-115	test	15.81	1.9	0.270	0.0137 101	37.1	-2.8	-1.90	142 33	7.5 -12	-29.8	0.5 -5.5	1.5 -67.7	0.875 3.1E-3	0.926 5.6E-3	19.2 0.1
2012-04-18.82	0727-115	test	15.85	1.8	0.318	0.0148 99	38.1	-2.8	-1.90	143 33	7.5 -12	-29.3	2.6 1.1	3.7 -61.0	0.876 3.4E-3	0.932 6.3E-3	19.3 0.1
2012-04-18.83	0727-115	test	15.89	2.0	0.268	0.0145 101	37.1	-2.6	-1.90	143 33	7.5 -12	-28.9	2.0 -0.8	3.2 -63.2	0.873 3.5E-3	0.896 4.5E-3	18.9 0.1
2012-04-18.84	0528+134	test	15.97	1.0	0.268	0.0129 102	37.3	-2.5	-1.90	-179 66	5.5 14	1.2	4.5 -4.0	14.1 -46.3	1.65 3.6E-3	1.81 6.7E-3	18.9 0.0
# Wed Apr 18 16:00:31 UTC 2012 - Scans #84-86 are focus at -1.9/-2.4/-1.4.  (DjB)
2012-04-18.85	0528+134	test	16.01	0.8	0.273	0.0128 102	38.1	-2.5	-2.40	-178 66	5.5 14	2.2	1.7 -4.9	11.5 -47.6	1.55 4.7E-3	1.75 7.9E-3	19.4 0.1
2012-04-18.86	0528+134	test	16.03	0.8	0.273	0.0130 102	38.1	-2.9	-1.40	-177 66	5.5 14	3.0	0.6 -5.0	10.7 -47.0	1.61 4.0E-3	1.81 7.3E-3	19.1 0.0
# Wed Apr 18 16:04:44 UTC 2012 - Set new focus to -1.8.  (DjB)
2012-04-18.87	R0439+05	233-11	16.10	4.6	0.348	0.0195 77	38.2	-3.4	-1.80	-153 55	4.7 5	22.5	3.3 -0.9	18.2 -59.1	0.0393 2.7E-3	0.0327 2.0E-3	15.4 1.0
2012-04-18.88	0403-132	test	16.34	0.9	0.306	0.0118 99	36.0	-3.2	-1.80	-147 34	4.1 -13	26.3	2.0 -7.4	14.2 -81.3	0.182 3.2E-3	0.172 4.1E-3	18.6 0.3
# Wed Apr 18 17:09:42 UTC 2012 - Disconnected house IRIG before scan 88 I believe - to test noise.  Not much change.  SFM
# Wed Apr 18 17:12:15 UTC 2012 - Fog rolling in at start of scan 92 (ACE)
# Wed Apr 18 17:34:53 UTC 2012 - More fog during scan 94 (ACE)
2012-04-18.95	0823+033	test	17.75	1.9	0.327	0.0849 97	37.6	-5.1	-1.80	152 53	8.4 3	-21.8	--- ---	--- ---	--- ---	--- ---	--- ---
# Wed Apr 18 17:48:17 UTC 2012 - Reconnected house IRIG about two scans ago - SFM
# Wed Apr 18 17:52:41 UTC 2012 - Weather becoming very unstable. (ACE)
2012-04-18.96	0823+033	test	17.87	1.0	0.331	0.0222 79	36.0	-5.3	-1.80	155 53	8.4 3	-19.7	0.7 -8.4	3.4 -53.0	0.254 7.7E-3	0.254 8.9E-3	17.6 0.5
2012-04-18.97	0823+033	test	18.00	2.0	0.363	0.0252 100	37.3	-5.7	-1.80	158 54	8.4 3	-17.1	-0.3 -10.0	3.3 -53.4	0.252 5.5E-3	0.243 5.5E-3	17.5 0.4
2012-04-18.98	0923+392	test	18.23	1.9	0.420	0.0192 96	37.7	-5.5	-1.80	77 70	9.5 39	-88.0	-5.0 -7.0	-25.6 -47.5	2.39 4.7E-3	2.54 7.6E-3	18.8 0.0
# Wed Apr 18 18:24:48 UTC 2012 - Weather becoming very unstable. (ACE)
# Wed Apr 18 18:49:14 UTC 2012 - Weather extremely bad.  Stop working on science sources.  Take data (#103+) on MonR2IRS2 instead.  (DjB)
# Wed Apr 18 19:01:10 UTC 2012 - Ok, so that didn't work.  All pixels saturated!  M82 is higher...   (DjB)
#2012-04-18.107	M82	badweather	19.35	1.5	0.418	0.1206 88	38.1	-5.8	-1.80	9 56	9.9 70	-158.8	-9.1 -7.8	-22.4 -86.2	0.252 0.022	0.282 0.022	18.0 1.6
#2012-04-18.111	M82	badweather	19.89	1.8	0.901	0.0759 68	38.1	-5.8	-1.80	4 57	9.9 70	-170.7	-6.7 -7.5	-18.9 -86.6	0.318 0.023	0.410 0.025	20.4 1.4
#2012-04-18.113	M82	badweather	20.75	1.7	0.495	0.0356 53	38.2	-6.0	-1.80	-4 57	9.9 70	170.1	-12.8 -7.7	-23.0 -88.6	0.309 6.9E-3	0.422 0.012	20.6 0.4
#2012-04-18.114	M82	badweather	21.04	4.5	0.456	0.0148 102	37.7	-6.1	-1.80	-7 57	9.9 70	163.8	-6.6 -11.9	-16.1 -93.6	0.360 2.6E-3	0.599 4.0E-3	23.7 0.2
#2012-04-18.115	M82	badweather	21.13	4.3	0.439	0.0150 102	38.1	-6.1	-1.80	-7 57	9.9 70	161.9	-6.6 -12.7	-15.8 -94.6	0.351 2.6E-3	0.579 4.9E-3	23.3 0.2
#2012-04-18.116	M82	badweather	21.22	2.4	0.512	0.0132 101	37.7	-6.1	-1.80	-8 57	9.9 70	160.0	-6.0 -12.6	-15.0 -94.8	0.366 2.9E-3	0.598 4.9E-3	23.1 0.2
#2012-04-18.117	M82	badweather	21.31	4.0	0.437	0.0132 102	38.1	-6.0	-1.80	-9 57	9.9 70	158.0	-4.7 -12.6	-13.5 -95.0	0.349 2.5E-3	0.597 4.6E-3	23.9 0.2
# Wed Apr 18 21:53:20 UTC 2012 - Scans #119+ have big braid strap to Tower.  (DjB)
# Wed Apr 18 22:16:20 UTC 2012 - scans on A1348 poor (ACE)
2012-04-18.126	1253-055	test	22.57	1.8	0.459	2.2245 50	37.6	-5.8	-1.80	163 46	12.9 -6	-13.1	-0.0 -6.1	5.3 -56.1	9.66 0.82	10.2 0.60	19.4 1.6
2012-04-18.127	1253-055	test	22.63	1.8	0.459	0.1207 56	37.9	-5.7	-1.80	165 46	12.9 -6	-11.9	0.0 -5.2	5.7 -55.5	9.48 0.040	9.33 0.041	17.4 0.1
2012-04-18.128	1253-055	test	22.67	1.8	0.233	0.3478 67	37.3	-5.7	-2.80	166 46	12.9 -6	-11.3	-1.1 -3.6	4.7 -53.9	5.59 0.11	5.84 0.12	19.7 0.4
# Thu Apr 19 01:06:00 UTC 2012 - Weather getting worse with snow starting. Stowing at 3am (ACE)
#2012-04-20.3	Neptune	gismo11	9.43	0.8	0.423	0.0240 90	38.1	-1.7	-2.00	-164 41	22.3 -11	13.0	-1.8 0.7	9.7 -68.0	3.71 9.7E-3	3.96 0.015	18.5 0.0
#2012-04-20.5	Neptune	gismo11	9.64	1.0	0.407	0.0309 72	36.2	-1.7	-2.00	-160 40	22.3 -11	16.1	11.5 -5.3	23.5 -75.6	4.09 9.3E-3	4.11 0.014	18.5 0.0
#2012-04-20.7	Neptune	gismo11	9.83	1.0	0.438	0.0380 58	37.6	-1.5	-3.40	-157 39	22.3 -11	18.8	24.3 -9.1	36.6 -81.3	2.15 0.013	3.55 0.032	23.3 0.1
#2012-04-20.8	Neptune	gismo11	9.86	0.8	0.438	0.0269 58	38.3	-1.4	-1.30	-156 39	22.3 -11	19.1	17.9 -5.3	30.2 -77.9	4.35 8.3E-3	4.30 0.017	18.5 0.0
#2012-04-20.9	Neptune	gismo11	9.88	0.8	0.438	0.0322 57	38.3	-1.4	-0.60	-156 39	22.3 -11	19.5	15.5 -8.3	27.9 -81.1	3.19 0.011	3.95 0.026	20.1 0.1
#2012-04-20.11	2255-282	gismo11	9.96	0.8	0.438	0.0097 41	38.3	-1.3	-2.00	-170 24	23.0 -28	9.1	--- ---	--- ---	--- ---	--- ---	--- ---
#2012-04-20.13	2134+004	gismo11	10.13	0.9	0.422	0.0454 47	37.3	-1.3	-1.80	-132 43	21.6 1	36.3	44.4 -3.1	59.2 -82.1	0.375 6.6E-3	0.299 6.8E-3	14.8 0.3
2012-04-20.16	2251+158	test	11.13	0.8	0.377	0.0191 83	38.2	-1.4	-1.80	-121 57	22.9 16	45.3	-4.7 -3.2	12.2 -75.2	1.27 8.0E-3	1.30 0.013	18.7 0.1
2012-04-20.19	0106+013	test	11.52	1.0	0.139	0.0115 103	37.7	-1.6	-1.80	-178 55	1.1 2	1.5	-1.0 -0.9	8.8 -56.6	0.595 3.3E-3	0.647 4.4E-3	19.7 0.1
2012-04-20.42	0420-014	test	14.62	1.1	0.380	0.0122 101	36.6	1.3	-1.80	178 52	4.4 -1	-1.1	0.2 -3.1	9.3 -66.8	2.02 3.4E-3	2.19 6.6E-3	19.5 0.0
2012-04-20.43	0420-014	test	14.64	0.8	0.380	0.0115 101	38.0	1.3	-2.40	179 52	4.4 -1	-0.6	0.6 -3.6	9.8 -67.4	1.61 4.1E-3	2.09 8.3E-3	21.1 0.0
2012-04-20.44	0420-014	test	14.67	0.8	0.384	0.0119 101	38.3	1.3	-3.00	180 52	4.4 -1	-0.2	1.9 -1.0	11.2 -64.9	1.10 4.5E-3	1.93 9.5E-3	24.5 0.1
2012-04-20.45	0420-014	test	14.69	0.8	0.384	0.0109 101	38.2	1.4	-1.20	-180 52	4.4 -1	0.2	-1.0 0.8	8.5 -63.4	2.09 3.7E-3	2.23 6.6E-3	19.3 0.0
2012-04-20.46	0420-014	test	14.71	0.8	0.384	0.0108 102	38.2	1.5	-0.60	-179 52	4.4 -1	0.7	-1.6 -1.4	8.0 -66.0	1.87 3.8E-3	2.24 7.0E-3	20.3 0.0
2012-04-20.47	0221+067	test	14.81	1.0	0.384	0.0113 101	37.0	1.6	-1.40	-128 48	2.4 7	39.2	-0.2 1.5	15.7 -81.4	0.521 3.7E-3	0.537 6.0E-3	18.9 0.1
2012-04-20.49	0221+067	test	15.04	1.0	0.108	0.0161 98	36.0	1.6	-1.40	-125 46	2.4 7	41.5	-1.4 0.6	14.3 -85.2	0.439 5.9E-3	0.464 5.8E-3	19.0 0.2
2012-04-20.50	0221+067	test	15.09	1.0	0.108	0.0139 99	36.8	1.5	-1.40	-124 46	2.4 7	42.0	-5.1 0.5	10.5 -85.7	0.450 5.8E-3	0.513 6.9E-3	19.8 0.2
# Fri Apr 20 15:21:26 UTC 2012 - Scan #49+ have Nasmyth Offsets set to 0 0.  Scan #50+ have SET POINTING -20 9.  (DjB)
# Fri Apr 20 15:21:35 UTC 2012 - Scans #42-46 were focus scans.  (DjB)
# Fri Apr 20 15:22:20 UTC 2012 - Focus for scans #47- is at -1.4, which is notably different from the typical value of ~-1.8.  (DjNB
# Fri Apr 20 15:23:08 UTC 2012 - ugly stripes
# Fri Apr 20 15:28:53 UTC 2012 - Scan #53 is ROTF_TINY.  (DjB)
# Fri Apr 20 15:35:14 UTC 2012 - That should have been scans #53-56 as subscans of one ROTF_TINY call.  NEFD seems worse!  (DjB)
# Fri Apr 20 15:43:17 UTC 2012 - A slower Lissajous was implemented for #57.  (DjB)
# Fri Apr 20 15:54:00 UTC 2012 - A standard Lissajous (freq 0.1) being used for #58.  (DjB)
# Fri Apr 20 16:34:32 UTC 2012 - Scan 60 didn't close properly so scan 61 was cancelled and Steve should be able to salvage the data from scan 61 (ACE)
# Fri Apr 20 18:17:40 UTC 2012 - Manually reprocessed scan 60 - it is data from 60 and half of 61 due to operator error - SFM
# Fri Apr 20 16:43:51 UTC 2012 - Topping up He, adding magnetic insulation and reinstituting ground throught the power system (ACE)
2012-04-20.63	0528+134	test	17.30	0.8	0.003	0.0107 103	38.2	2.8	-1.40	-134 59	5.5 14	36.5	-4.7 4.1	12.2 -70.8	1.49 2.8E-3	1.54 5.4E-3	18.9 0.0
2012-04-20.64	0528+134	test	17.33	1.0	0.003	0.0109 103	37.1	2.8	-1.40	-133 59	5.5 14	36.9	-5.1 4.1	11.8 -71.2	1.45 3.4E-3	1.54 6.0E-3	19.2 0.0
2012-04-20.65	0336-019	test	17.38	0.9	0.003	0.0119 45	37.5	2.8	-1.40	-117 29	3.7 -2	45.4	0.7 1.3	12.4 -98.3	0.603 5.6E-3	0.738 7.4E-3	17.8 0.2
2012-04-20.66	0336-019	test	17.41	0.8	0.003	0.0097 95	38.1	2.7	-1.40	-117 28	3.7 -2	45.5	0.1 1.3	11.7 -98.2	0.803 2.2E-3	0.873 4.1E-3	19.4 0.1
# Fri Apr 20 17:39:08 UTC 2012 - Note: magnetic material was NOT added in grounding effort.  (DjB)
# Fri Apr 20 17:53:07 UTC 2012 - Tau meter is broken but old meter has read 0.4-0.45 consistently for the past 3 hours. (ACE)
# Fri Apr 20 18:04:55 UTC 2012 - Some errors when reprocessing scan 60
2012-04-20.71	0823+033	test	18.17	1.0	0.003	0.0102 104	35.9	3.7	-1.40	166 55	8.4 3	-11.3	-2.2 -0.5	3.5 -64.4	0.263 2.2E-3	0.265 3.6E-3	18.7 0.2
2012-04-20.72	0823+033	test	18.22	0.8	0.003	0.0097 103	38.2	3.7	-1.40	167 55	8.4 3	-10.3	-2.6 2.8	3.4 -61.1	0.257 2.1E-3	0.251 3.6E-3	18.1 0.1
2012-04-20.73	0823+033	test	18.24	0.8	0.003	0.0096 103	38.2	3.6	-1.40	167 55	8.4 3	-9.9	-0.4 3.9	5.8 -59.9	0.249 2.3E-3	0.254 3.6E-3	18.6 0.2
# Fri Apr 20 19:19:20 UTC 2012 - Tau seems to be around 0.30+/- 0.02.  Has been declining slowly & constantly.  (DjB)
2012-04-20.80	1055+018	test	19.37	0.8	0.003	0.0114 103	38.2	-0.6	-1.70	137 46	11.0 2	-32.8	-3.2 -5.1	-4.7 -65.5	1.59 3.2E-3	1.60 5.6E-3	18.7 0.0
# Fri Apr 20 19:25:23 UTC 2012 - Scans #80-84: Focus settings in order:  -1.7 -2.3 -2.9 -1.1 -0.5  (DjB)
2012-04-20.81	1055+018	test	19.40	0.8	0.003	0.0112 103	38.1	-0.6	-2.30	138 46	11.0 2	-32.5	-2.7 -4.4	-4.1 -64.6	1.33 3.1E-3	1.55 5.6E-3	20.0 0.0
2012-04-20.82	1055+018	test	19.42	1.1	0.003	0.0109 103	36.2	-0.6	-2.90	138 46	11.0 2	-32.2	2.0 -3.3	0.7 -63.5	0.991 2.8E-3	1.52 5.9E-3	22.8 0.1
2012-04-20.83	1055+018	test	19.45	1.0	0.003	0.0111 103	35.9	-0.7	-1.10	138 46	11.0 2	-31.9	-4.2 -4.0	-5.4 -63.7	1.56 2.7E-3	1.70 4.9E-3	19.1 0.0
2012-04-20.84	1055+018	test	19.47	1.1	0.003	0.0116 103	36.3	-0.7	-0.50	139 47	11.0 2	-31.6	-1.7 -2.6	-2.8 -62.2	1.29 2.9E-3	1.62 5.7E-3	20.5 0.0
# Fri Apr 20 19:30:20 UTC 2012 - Focus set to -1.6 for #85+.  (DjB)
2012-04-20.85	1055+018	test	19.50	0.8	0.003	0.0103 103	38.2	-0.7	-1.60	139 47	11.0 2	-31.2	-1.6 -7.3	-2.6 -66.7	1.61 2.6E-3	1.67 5.1E-3	19.0 0.0
# Fri Apr 20 19:57:36 UTC 2012 - Tau meter reads 0.26. First two scans had wrong step size so are rectangular not square! (ACE)
# Fri Apr 20 20:17:06 UTC 2012 - Tau is at 0.21 +/- 0.02.  (DjB)
# Fri Apr 20 20:26:59 UTC 2012 - Tau at start of scan 91 is 0.31 (ACE)
2012-04-20.92	1055+018	test	20.62	1.0	0.003	0.0140 100	36.1	-1.7	-1.60	164 53	11.0 2	-12.7	0.4 -4.0	5.7 -57.4	1.64 4.0E-3	1.75 5.5E-3	18.9 0.0
# Fri Apr 20 20:40:02 UTC 2012 - Pointing set to +3.3 +3.8
# Fri Apr 20 20:40:27 UTC 2012 - Tau at start of scan 93 is 0.27 (ACE)
# Fri Apr 20 20:42:22 UTC 2012 - Failed to lock pixels at start of scan 93 so killed it. (ACE)
# Fri Apr 20 21:03:13 UTC 2012 - Tau at start of scan 96 is 0.29 (ACE)
# Fri Apr 20 21:13:24 UTC 2012 - Tau at start of scan 97 is 0.23 (ACE)
# Fri Apr 20 21:26:00 UTC 2012 - Tau at start of scan 98 is 0.32 (ACE)
2012-04-20.100	1055+018	test	21.73	0.8	0.003	0.0130 98	38.0	-1.4	-1.60	-168 54	11.0 2	9.9	-4.7 -4.5	7.4 -63.7	1.67 3.9E-3	1.83 6.3E-3	18.9 0.0
# Fri Apr 20 21:46:24 UTC 2012 - Pointing set to -5.0 -0.8 (ACE)
# Fri Apr 20 21:46:55 UTC 2012 - Tau at start of scan 101 is 0.18 (ACE)
# Fri Apr 20 22:07:58 UTC 2012 - Tau at start of scan 103 is 0.28 (ACE)
# Fri Apr 20 22:19:54 UTC 2012 - Tau at start of scan 104 is 0.24 (ACE)
# Fri Apr 20 22:32:29 UTC 2012 - Tau at start of scan 105 is 0.25 (ACE)
2012-04-20.107	1055+018	test	22.81	1.0	0.003	0.0120 100	36.3	-1.4	-1.60	-143 48	11.0 2	28.6	-5.5 -2.9	9.7 -73.9	1.64 3.1E-3	1.69 5.5E-3	19.0 0.0
# Fri Apr 20 22:50:41 UTC 2012 - Pointing on #107:  set pointing 4.7 4.6.  (DjB)
# Fri Apr 20 22:51:36 UTC 2012 - Tau at start of scan 108 is 0.27 (ACE)
# Fri Apr 20 23:04:58 UTC 2012 - Tau at start of scan 109 is 0.35 (ACE)
# Fri Apr 20 23:12:41 UTC 2012 - Tau at start of scan 110 is 0.22 (ACE)
# Fri Apr 20 23:20:37 UTC 2012 - Tau at start of scan 111 is 0.22 (ACE)
# Fri Apr 20 23:31:21 UTC 2012 - Tau at start of scan 112 is 0.28 (ACE)
# Fri Apr 20 23:42:24 UTC 2012 - Tau at start of scan 113 is 0.25 (ACE)
# Fri Apr 20 23:51:13 UTC 2012 - End COSMOS observations at El=30 exactly! (ACE)
2012-04-20.114	1055+018	test	23.86	0.8	0.003	0.0109 104	38.2	-1.7	-1.60	-125 39	11.0 2	40.7	-2.0 -1.4	12.4 -83.8	1.62 3.4E-3	1.67 5.6E-3	18.6 0.0
#2012-04-20.115	1253-055	test	23.91	0.8	0.003	0.0229 67	38.2	-1.7	-1.70	-165 46	12.9 -6	12.2	-15.9 -0.3	-3.8 -65.5	1.08 0.016	4.01 0.15	32.2 0.4
#2012-04-20.116	1253-055	test	23.93	0.7	0.003	0.0209 64	38.1	-1.7	-2.30	-164 46	12.9 -6	12.6	-13.9 -0.3	-1.7 -65.7	1.08 0.014	4.51 0.15	31.3 0.3
#2012-04-20.117	1253-055	test	23.95	0.9	0.003	0.0235 71	37.2	-1.7	-2.90	-164 46	12.9 -6	13.0	17.2 -7.7	29.4 -73.3	1.38 0.019	6.57 0.18	32.4 0.4
#2012-04-20.118	1253-055	test	23.98	0.7	0.003	0.0208 65	38.1	-1.7	-1.10	-163 46	12.9 -6	13.4	-15.2 0.1	-2.9 -65.7	1.29 0.016	4.91 0.13	30.6 0.3
#2012-04-20.119	1253-055	test	0.00	0.8	0.003	0.0241 69	37.2	-1.7	-0.50	-163 46	12.9 -6	13.7	-18.3 0.6	-5.9 -65.4	1.60 0.016	8.08 0.18	33.5 0.3
#2012-04-21.2	1253-055	test	0.11	0.9	0.003	0.0228 71	37.3	-1.5	-1.80	-161 45	12.9 -6	15.6	-12.5 0.7	0.2 -66.7	0.873 0.023	2.57 0.13	30.5 0.6
# Sat Apr 21 00:13:34 UTC 2012 - Tau at start of scan 3 is 0.24 (ACE)
# Sat Apr 21 00:14:26 UTC 2012 - Pointing analysis on 3C279 done by hand - set to -5.3 +1.5 (ACE)
# Sat Apr 21 00:17:33 UTC 2012 - Bolometers not relocked at start of scan 3 (ACE)
# Sat Apr 21 00:23:44 UTC 2012 - Tau at start of scan 4 is 0.21 (ACE)
2012-04-21.5	A3581	233-11	0.57	1.9	0.003	0.0130 103	37.1	-1.4	-1.80	-177 26	14.1 -27	2.5	2.7 -5.1	10.2 -76.6	0.0488 1.7E-3	0.0436 2.3E-3	17.2 0.6
# Sat Apr 21 00:36:52 UTC 2012 - Tau at start of scan 4 is 0.21 (ACE)
2012-04-21.6	1144+402	test	0.67	0.9	0.003	0.0126 98	36.6	-1.6	-1.80	-72 59	11.8 40	82.5	-0.4 -5.8	9.7 -90.5	0.661 3.2E-3	0.684 5.8E-3	18.9 0.1
# Sat Apr 21 01:03:54 UTC 2012 - New Tau meter back on line! Reads 0.13 vs 0.17 from the old one. (ACE)
# Sat Apr 21 01:27:57 UTC 2012 - Old Tau meter reads 0.20 vs 0.07 from the new one. (ACE)
2012-04-21.12	1418+546	test	1.65	0.9	0.096	0.0148 98	37.5	-0.4	-1.80	-27 70	14.3 54	141.0	-1.9 2.1	-6.7 -79.0	0.205 4.2E-3	0.197 6.4E-3	18.1 0.4
# Sat Apr 21 01:41:34 UTC 2012 - Pointing set to -3.5 -0.5 (ACE)
2012-04-21.17	1308+326	test	2.43	0.8	0.166	0.0109 99	38.2	-0.3	-1.80	-84 53	13.2 32	69.7	-4.1 1.4	8.3 -88.8	0.904 3.1E-3	0.887 4.6E-3	18.4 0.1
2012-04-21.20	1757-240	test	2.90	0.8	0.155	0.0146 88	38.1	-0.4	-1.80	159 26	18.0 -24	-18.1	1.7 -2.0	5.7 -72.0	5.31 0.013	7.06 0.013	20.1 0.0
2012-04-21.21	1757-240	test	2.98	1.0	0.135	0.0137 91	36.4	-0.6	-1.80	160 26	18.0 -24	-17.1	-2.3 -3.2	2.0 -72.8	6.15 0.012	7.49 0.013	19.7 0.0
2012-04-21.22	1757-240	test	3.00	0.8	0.135	0.0138 87	38.1	-0.6	-2.40	161 26	18.0 -24	-16.8	1.3 -2.0	5.7 -71.7	5.22 0.014	7.02 0.015	20.1 0.1
2012-04-21.23	1757-240	test	3.03	0.8	0.135	0.0132 100	38.2	-0.6	-3.00	161 26	18.0 -24	-16.5	2.9 -0.7	7.3 -70.4	4.31 0.013	6.74 0.012	22.7 0.1
# Sat Apr 21 03:03:08 UTC 2012 - Focus scans #20-25; Focus settings in order:  -1.8 -2.4 -3.0 -1.2 -0.6.  (DjB)
2012-04-21.24	1757-240	test	3.05	1.0	0.128	0.0130 97	36.6	-0.6	-1.20	161 26	18.0 -24	-16.2	0.9 -3.9	5.4 -73.6	5.17 0.012	7.45 0.014	21.2 0.0
2012-04-21.25	1757-240	test	3.07	0.8	0.128	0.0140 95	38.3	-0.7	-0.60	162 27	18.0 -24	-15.9	0.1 -4.7	4.6 -74.2	4.03 0.012	7.22 0.014	24.1 0.1
# Sat Apr 21 03:09:31 UTC 2012 - Focus set to -1.9 (ACE)
# Sat Apr 21 03:44:05 UTC 2012 - Scan pattern for SgrA will be: (-300,-600, OTF);(-450,-900, ROTF); (-600-1200,OTF);(-750,-1500,ROTF).  Scans would be 26-33.  (DjB)
# Sat Apr 21 03:45:13 UTC 2012 - Tau in scan #28 is 0.35 +/- 0.03.  (DjB)
# Sat Apr 21 04:07:52 UTC 2012 - Scan #30 had offsets still in, so source won't be there!  (DjB)
2012-04-21.31	1757-240	test	4.13	1.0	0.216	0.0137 99	36.5	-0.9	-1.90	178 29	18.0 -24	-1.8	-2.4 -5.5	4.8 -76.4	6.38 0.012	7.82 0.014	19.8 0.0
2012-04-21.38	1757-240	test	5.60	0.9	0.194	0.0151 88	35.6	-1.4	-1.90	-160 26	18.0 -24	17.8	0.3 -1.5	9.7 -77.7	6.46 0.015	7.65 0.018	19.3 0.0
2012-04-21.40	1757-240	test	5.85	0.8	0.182	0.0142 82	38.1	-0.9	-1.80	-156 25	18.0 -24	20.9	-3.2 -2.9	6.2 -81.6	3.98 0.025	7.16 0.035	20.3 0.1
2012-04-21.41	1757-240	test	5.87	0.9	0.182	0.0152 82	36.1	-0.9	-2.40	-156 25	18.0 -24	21.1	-4.5 -1.1	5.0 -79.8	3.45 0.023	6.90 0.026	21.1 0.1
# Sat Apr 21 05:55:09 UTC 2012 - Focus settings in order:  -1.8 -2.4 -3.0 -1.2 -0.6; Scans #40-44.  (DjB)
2012-04-21.42	1757-240	test	5.89	1.0	0.182	0.0120 95	37.2	-1.0	-3.00	-155 25	18.0 -24	21.4	1.2 -2.8	10.7 -81.4	4.53 0.014	7.50 0.014	22.7 0.1
2012-04-21.43	1757-240	test	5.92	0.8	0.178	0.0144 80	38.1	-1.0	-1.20	-155 25	18.0 -24	21.7	-4.0 -4.5	5.4 -83.2	3.66 0.020	7.17 0.029	21.5 0.1
2012-04-21.44	1757-240	test	5.94	1.0	0.178	0.0126 98	35.9	-1.0	-0.60	-155 24	18.0 -24	22.0	-2.4 -2.2	7.0 -81.1	4.14 1.0E-2	7.36 0.014	24.5 0.1
# Sat Apr 21 05:59:59 UTC 2012 - Focus retained at -1.90.  Sun coming up.  Tau 0.27 +/- 0.03.  (DjB)
2012-04-21.45	1928+738	test	6.08	1.0	0.161	0.0119 102	35.9	-1.0	-1.90	-3 53	19.5 74	172.3	-2.7 0.4	-11.7 -92.2	2.11 4.1E-3	2.04 5.3E-3	18.8 0.0
# Sat Apr 21 06:27:22 UTC 2012 - Tau purports to be 0.27 +/- 0.03, but 2 minutes ago was 0.22 +/- 0.015.  (DjB)
# Sat Apr 21 06:40:51 UTC 2012 - Refilling nitrogen during scan #48 - no good data.  Tau 0.29 +/- 0.025.  (DjB)
2012-04-21.49	2223-052	test	6.72	0.8	0.147	0.0099 104	38.2	1.0	-1.90	140 40	22.4 -5	-30.7	-0.2 4.0	-0.2 -63.4	0.940 2.5E-3	0.893 4.7E-3	18.3 0.0
2012-04-21.54	2251+158	248-11	7.50	0.9	0.144	0.0126 101	35.7	2.3	-1.80	127 60	22.9 16	-41.5	-3.1 4.4	-9.6 -52.1	1.68 3.3E-3	1.80 6.0E-3	18.6 0.0
2012-04-21.55	2251+158	248-11	7.52	1.0	0.151	0.0116 101	36.9	2.3	-2.40	127 60	22.9 16	-41.1	0.2 5.3	-6.2 -50.9	1.63 3.2E-3	1.76 5.7E-3	18.8 0.0
2012-04-21.56	2251+158	248-11	7.55	0.8	0.151	0.0115 101	38.2	2.2	-3.00	128 60	22.9 16	-40.8	0.9 4.2	-5.3 -51.5	1.22 4.1E-3	1.60 6.7E-3	20.7 0.1
2012-04-21.57	2251+158	248-11	7.57	0.8	0.151	0.0110 101	38.0	2.3	-1.20	129 60	22.9 16	-40.4	-2.3 2.8	-8.4 -52.9	1.56 3.5E-3	1.79 5.9E-3	19.4 0.0
2012-04-21.58	2251+158	248-11	7.59	0.8	0.153	0.0114 101	38.2	2.3	-0.60	129 61	22.9 16	-40.1	-2.5 2.9	-8.5 -52.5	1.22 3.5E-3	1.78 7.6E-3	21.6 0.1
# Sat Apr 21 07:44:11 UTC 2012 - old tau meter reads tau 0.30 (JS)
2012-04-21.59	0133+476	248-11	7.83	0.9	0.154	0.0107 104	37.4	2.3	-1.90	56 45	1.6 48	-80.8	-1.6 10.5	-15.7 -77.0	0.951 3.0E-3	0.991 4.6E-3	18.7 0.1
2012-04-21.72	0133+476	test	9.26	0.8	0.169	0.0109 102	38.2	2.6	-1.90	57 60	1.6 48	-96.4	1.2 4.2	-17.6 -72.4	0.904 2.8E-3	0.967 6.0E-3	19.3 0.1
# Sat Apr 21 09:25:15 UTC 2012 - Old Tau meter reads 0.22 vs 0.16 from the new one. (ACE)
2012-04-21.73	Neptune	test	9.41	1.8	0.213	0.0135 98	38.2	2.4	-1.90	-163 40	22.3 -11	13.7	-3.2 4.4	8.5 -73.6	4.48 4.9E-3	5.37 8.0E-3	19.4 0.0
2012-04-21.74	2255-282	test	9.46	1.0	0.159	0.0117 101	36.5	2.5	-1.90	-176 25	23.0 -28	3.4	-2.8 3.9	4.6 -76.6	2.23 4.3E-3	2.57 7.1E-3	19.9 0.0
2012-04-21.75	2255-282	test	9.50	1.0	0.159	0.0109 101	37.3	2.6	-1.80	-176 25	23.0 -28	3.9	-0.0 2.4	7.4 -78.5	2.14 3.9E-3	2.61 7.2E-3	20.5 0.0
2012-04-21.76	2255-282	test	9.53	1.0	0.159	0.0104 101	37.7	2.6	-2.40	-175 25	23.0 -28	4.2	-2.6 2.4	4.9 -78.6	2.03 3.5E-3	2.57 8.4E-3	20.8 0.0
2012-04-21.77	2255-282	test	9.55	0.8	0.159	0.0106 101	38.2	2.6	-3.00	-175 25	23.0 -28	4.5	2.0 4.9	9.5 -76.1	1.58 4.2E-3	2.45 8.7E-3	22.9 0.1
2012-04-21.78	2255-282	test	9.57	0.9	0.159	0.0106 101	37.6	2.8	-1.20	-175 25	23.0 -28	4.8	-3.8 3.8	3.8 -77.8	2.02 4.2E-3	2.59 7.1E-3	20.9 0.0
2012-04-21.79	2255-282	test	9.59	1.0	0.132	0.0109 101	37.3	2.9	-0.60	-174 25	23.0 -28	5.1	-5.3 3.3	2.3 -78.6	1.66 4.9E-3	2.50 7.2E-3	22.7 0.1
# Sat Apr 21 10:07:16 UTC 2012 - Old Tau meter reads 0.25 vs 0.15 from the new one. (ACE)
2012-04-21.86	2255-282	test	10.74	1.0	0.128	0.0108 99	37.6	3.9	-1.80	-158 22	23.0 -28	19.6	-1.1 6.2	7.3 -82.7	2.05 3.8E-3	2.44 7.0E-3	20.5 0.0
# Sat Apr 21 11:01:21 UTC 2012 - Pointing shifted considerably - from 4.1 4.5 to -10.8 -2.8 (ACE)
# Sat Apr 21 11:38:04 UTC 2012 - Temperature in dewar started rising 7mins into scan 91 (ACE)
2012-04-21.92	0135-247	test	11.67	0.8	0.012	0.0160 95	38.0	3.4	-1.80	177 28	1.6 -25	-2.6	-2.3 3.2	4.8 -77.2	0.304 4.1E-3	0.315 5.1E-3	18.7 0.2
# Sat Apr 21 11:42:54 UTC 2012 - Temperature warning already sounding during scan 92! (ACE)
# Sat Apr 21 13:23:28 UTC 2012 - Scans from 95 are test of auto lock software (ACE)
# Sat Apr 21 13:25:19 UTC 2012 - Running some scans during cycling to test auto-relock SFM
2012-04-21.99	W0220+0137	test	13.77	0.9	0.002	0.0033 117	37.2	5.0	-1.80	-151 51	2.3 2	22.9	--- ---	--- ---	--- ---	--- ---	--- ---
# Sat Apr 21 14:16:04 UTC 2012 - Restarting observations early while T=273mK as a test (ACE)
2012-04-21.101	0528+134	test	14.28	1.0	0.001	0.0130 103	37.1	5.7	-1.80	134 59	5.5 14	-35.9	-4.8 4.9	-9.0 -58.8	1.30 4.4E-3	1.65 7.5E-3	20.7 0.1
# Sat Apr 21 14:19:53 UTC 2012 - New tau meter broken (again!). Old tau meter reads 0.30 (ACE)
2012-04-21.102	0528+134	test	14.32	0.8	0.001	0.0121 102	38.3	5.7	-1.80	135 60	5.5 14	-35.1	-4.0 5.2	-7.8 -58.0	1.36 3.3E-3	1.71 6.7E-3	20.5 0.0
2012-04-21.103	0528+134	test	14.35	1.0	0.001	0.0128 102	36.8	5.7	-2.40	136 60	5.5 14	-34.7	-5.3 6.9	-9.0 -56.2	0.981 3.8E-3	1.63 7.3E-3	23.4 0.1
2012-04-21.104	0528+134	test	14.37	1.1	0.004	0.0144 102	36.5	5.8	-3.00	136 60	5.5 14	-34.3	-2.8 6.0	-6.4 -57.0	0.585 4.1E-3	1.37 7.9E-3	27.9 0.2
2012-04-21.105	0528+134	test	14.40	0.8	0.004	0.0131 101	38.1	5.9	-1.20	137 60	5.5 14	-33.8	-4.1 6.2	-7.5 -56.8	1.58 4.2E-3	1.82 6.3E-3	19.2 0.0
2012-04-21.106	0528+134	test	14.42	1.0	0.004	0.0124 101	35.7	5.9	-0.60	138 60	5.5 14	-33.4	-6.4 9.9	-9.7 -52.9	1.55 3.5E-3	1.87 5.9E-3	20.0 0.0
2012-04-21.107	0528+134	test	14.47	1.1	0.003	0.0122 100	36.2	5.9	-1.70	139 61	5.5 14	-32.5	-3.7 6.5	-6.6 -55.9	1.40 2.9E-3	1.76 5.8E-3	20.4 0.0
2012-04-21.108	0528+134	test	14.49	1.0	0.003	0.0126 100	37.2	5.9	-2.30	139 61	5.5 14	-32.1	-3.2 8.5	-6.0 -53.7	1.03 3.3E-3	1.62 7.0E-3	22.7 0.1
2012-04-21.109	0528+134	test	14.52	1.0	0.004	0.0130 100	36.1	5.9	-2.90	140 61	5.5 14	-31.6	-1.6 9.0	-4.2 -53.0	0.654 4.6E-3	1.47 8.1E-3	27.1 0.2
# Sat Apr 21 14:33:22 UTC 2012 - Focus along way out as the telescope was pointing within 20deg of the Sun during the cycling (Doh!) (ACE)
2012-04-21.110	0528+134	test	14.54	0.8	0.004	0.0116 99	38.1	5.9	-1.10	141 61	5.5 14	-31.1	-5.7 9.7	-8.2 -52.2	1.63 3.9E-3	1.89 6.1E-3	19.5 0.0
2012-04-21.111	0528+134	test	14.56	0.8	0.004	0.0128 98	38.0	6.0	-0.50	141 62	5.5 14	-30.7	-3.5 12.5	-5.8 -49.4	1.48 3.8E-3	1.82 5.8E-3	20.0 0.0
2012-04-21.112	0528+134	test	14.59	0.8	0.004	0.0124 98	38.1	6.2	-1.00	142 62	5.5 14	-30.2	-5.9 10.4	-8.0 -51.8	1.65 3.3E-3	1.84 6.2E-3	19.2 0.0
# Sat Apr 21 14:40:08 UTC 2012 - Old Tau meter reads 0.23 at start of scan 113  (ACE)
# Sat Apr 21 14:40:28 UTC 2012 - Focus set to -1.1 after extensive focus run (ACE)
2012-04-21.114	M0242-21	233-11	14.80	1.9	0.001	0.0115 98	37.5	6.0	-1.00	-151 26	2.7 -22	24.7	-0.7 5.1	9.3 -90.0	0.0254 1.9E-3	0.0295 2.7E-3	19.5 1.4
# Sat Apr 21 14:51:59 UTC 2012 - Erratum - focus set to -1.0 (not -1.1) by mistake (ACE)
# Sat Apr 21 15:02:03 UTC 2012 - Set focus to -1.1 and will check on pointing source (ACE)
2012-04-21.116	0420-014	test	15.04	1.0	0.001	0.0122 101	35.9	6.0	-1.10	-170 51	4.4 -1	8.1	-7.1 6.6	4.5 -70.4	2.01 3.4E-3	2.38 6.3E-3	19.7 0.0
2012-04-21.117	0420-014	test	15.06	1.0	0.001	0.0120 102	37.2	6.0	-0.50	-169 51	4.4 -1	8.6	-7.4 7.4	4.3 -69.8	1.87 3.3E-3	2.39 7.7E-3	20.6 0.0
2012-04-21.118	0420-014	test	15.09	0.8	0.001	0.0114 102	38.3	6.0	-1.70	-169 51	4.4 -1	9.1	-6.0 9.2	5.8 -68.2	1.86 3.5E-3	2.34 7.9E-3	20.5 0.0
2012-04-21.119	0420-014	test	15.13	1.0	0.001	0.0121 102	37.1	6.0	-1.00	-168 51	4.4 -1	9.8	-6.1 9.8	5.9 -67.9	2.02 3.7E-3	2.36 6.3E-3	19.7 0.0
# Sat Apr 21 15:10:36 UTC 2012 - Focus WAS -1.0 (now set). Pointing offsets -10.5 -0.5 (ACE)
# Sat Apr 21 15:11:22 UTC 2012 - Tau at start of scan 120 is 0.25 (ACE)
# Sat Apr 21 16:06:58 UTC 2012 - Tau 0.32 (old) and 0.19 (new) at start of scan 125 (ACE)
# Sat Apr 21 16:08:26 UTC 2012 - Tau rising slightly over past 1.5 hours (from when new meter broke) from 0.13 to 0.20 (ACE)
2012-04-21.126	0420-014	test	16.29	1.0	0.005	0.0128 103	37.0	6.0	-1.00	-143 45	4.4 -1	28.9	-4.6 8.8	10.1 -80.8	2.11 4.0E-3	2.25 6.3E-3	19.1 0.0
2012-04-21.127	0420-014	test	16.33	0.8	0.007	0.0114 103	38.2	6.0	-1.50	-142 45	4.4 -1	29.3	-3.8 11.7	11.0 -78.3	1.97 3.3E-3	2.28 6.3E-3	20.0 0.0
2012-04-21.128	0420-014	test	16.35	0.8	0.007	0.0131 99	38.1	6.0	-0.50	-142 45	4.4 -1	29.7	-3.7 11.2	11.1 -79.1	2.08 4.2E-3	2.21 8.2E-3	19.5 0.0
# Sat Apr 21 16:30:23 UTC 2012 - Scan #129 taken while cryogen refill, so should be junk.  Tau 0.25 (old) and 0.2 (new).  Choose which you will.  (DjB)
2012-04-21.130	0823+033	test	16.83	1.0	0.031	0.0114 64	37.2	6.0	-1.00	137 48	8.4 3	-33.0	-2.7 5.9	-4.4 -67.7	0.243 2.8E-3	0.230 4.6E-3	17.4 0.2
2012-04-21.131	0823+033	test	16.87	0.8	0.031	0.0106 103	38.1	6.0	-1.00	138 48	8.4 3	-32.4	-1.3 9.7	-2.8 -63.6	0.294 2.1E-3	0.290 3.4E-3	18.6 0.1
# Sat Apr 21 16:57:13 UTC 2012 - Tau 0.22 (new) 0.28 (old).  Using GISMO_DJB Lissajous randomizer observing script.  (DjB)
2012-04-21.135	0805-078	test	17.49	1.0	0.100	0.0103 104	36.9	7.4	-1.00	162 43	8.1 -8	-14.3	0.0 11.1	5.0 -69.1	0.233 2.8E-3	0.260 4.0E-3	19.2 0.2
# Sat Apr 21 17:30:39 UTC 2012 - New tau meter waking up again! Old tau 0.3, New 0.2 on scan 135 (ACE) 
2012-04-21.137	Mars	test	17.67	1.0	0.114	0.0477 102	37.3	6.2	-1.00	110 43	10.4 12	-50.2	-1.3 10.8	-8.7 -70.1	190 0.15	272 0.14	22.0 0.0
2012-04-21.138	Mars	test	17.69	1.0	0.114	0.0493 103	36.2	6.2	-1.50	110 43	10.4 12	-50.1	-2.2 10.7	-9.5 -69.9	190 0.15	272 0.17	22.0 0.0
2012-04-21.139	Mars	test	17.72	0.8	0.116	0.0463 104	38.2	6.5	-0.50	110 43	10.4 12	-49.9	-4.4 12.0	-11.7 -69.1	155 0.15	268 0.18	23.8 0.0
2012-04-21.140	1055+018	test	17.80	1.0	0.145	0.0123 103	37.2	6.7	-1.70	115 31	11.0 2	-46.4	0.9 16.2	-2.9 -70.2	1.59 5.8E-3	1.84 7.5E-3	19.5 0.1
2012-04-21.141	1055+018	test	17.82	1.0	0.145	0.0108 103	37.0	6.5	-2.30	115 31	11.0 2	-46.3	-0.8 15.3	-4.6 -70.5	1.47 2.8E-3	1.77 6.3E-3	20.3 0.0
2012-04-21.142	1055+018	test	17.84	1.0	0.136	0.0122 103	37.2	6.3	-2.90	115 32	11.0 2	-46.1	0.3 13.2	-3.5 -72.1	1.13 5.7E-3	1.71 7.8E-3	22.4 0.1
2012-04-21.143	1055+018	test	17.87	0.8	0.136	0.0114 103	38.2	6.3	-1.10	116 32	11.0 2	-46.0	-0.0 11.7	-3.8 -73.5	1.46 3.9E-3	1.71 6.5E-3	19.7 0.1
2012-04-21.144	1055+018	test	17.89	0.8	0.136	0.0107 103	38.3	5.6	-0.50	116 32	11.0 2	-45.8	-3.0 8.1	-6.8 -75.3	1.12 3.6E-3	1.60 6.9E-3	22.0 0.1
2012-04-21.145	1055+018	test	17.92	0.8	0.148	0.0114 103	38.2	5.3	-1.50	116 32	11.0 2	-45.7	-0.9 8.1	-4.7 -74.5	1.57 4.0E-3	1.73 5.3E-3	19.4 0.0
# Sat Apr 21 17:58:28 UTC 2012 - Focus changed significantly in past hour from -1.1 to -1.6 (ACE)
# Sat Apr 21 17:58:55 UTC 2012 - Pointing set to 3.6 2.1 (ACE)
# Sat Apr 21 17:59:57 UTC 2012 - Old Tau meter reads 0.27 at start of scan 146  (ACE)
# Sat Apr 21 18:23:33 UTC 2012 - New Tau meter back to sensible values. Old meter reads 0.23 at this point (ACE) 
2012-04-21.152	1055+018	test	18.96	1.0	0.172	0.0114 103	37.5	1.8	-1.60	131 43	11.0 2	-36.9	-1.9 1.3	-4.5 -66.7	1.71 3.6E-3	1.88 7.6E-3	19.3 0.0
2012-04-21.158	1055+018	test	19.88	1.0	0.191	0.0122 103	36.2	1.4	-1.60	148 50	11.0 2	-24.6	0.2 1.9	1.3 -59.7	1.72 3.4E-3	1.90 6.4E-3	19.3 0.0
2012-04-21.159	1055+018	test	19.93	1.0	0.191	0.0126 103	36.3	1.3	-1.70	149 50	11.0 2	-23.9	-0.2 1.0	1.2 -60.3	1.80 4.6E-3	1.99 6.5E-3	19.0 0.0
# Sat Apr 21 19:57:35 UTC 2012 - Tau 0.32 (old) 0.22 (new).  Focusing using new static values of -1.7 -2.3 -2.9 -1.1 -0.5.  (DjB)
2012-04-21.160	1055+018	test	19.95	1.0	0.191	0.0131 103	35.8	1.3	-2.30	150 50	11.0 2	-23.5	-0.3 2.9	1.2 -58.3	1.76 4.9E-3	1.94 7.3E-3	19.0 0.1
2012-04-21.161	1055+018	test	19.97	0.8	0.191	0.0115 103	38.2	1.3	-2.90	150 51	11.0 2	-23.1	1.7 -0.3	3.3 -61.4	1.51 2.9E-3	1.77 6.6E-3	19.9 0.0
2012-04-21.162	1055+018	test	20.00	0.8	0.191	0.0122 103	38.1	1.3	-1.10	151 51	11.0 2	-22.7	-3.6 0.5	-1.8 -60.5	1.53 4.2E-3	1.86 6.2E-3	20.0 0.1
2012-04-21.163	1055+018	test	20.02	1.0	0.191	0.0133 103	37.5	1.4	-0.50	151 51	11.0 2	-22.3	-1.0 2.2	1.0 -58.9	1.05 7.0E-3	1.85 1.0E-2	23.8 0.1
2012-04-21.172	1055+018	test	21.34	1.0	0.244	0.0114 103	36.4	1.4	-2.00	-176 54	11.0 2	3.2	-2.1 3.9	8.3 -58.9	1.98 4.0E-3	2.08 6.2E-3	18.6 0.0
# Sat Apr 21 22:02:15 UTC 2012 - Tau values 0.29 and 0.21.  (DjB)
2012-04-21.177	0923+392	test	22.13	1.0	0.194	0.0113 100	36.9	0.7	-1.70	-75 61	9.5 39	81.9	-3.0 3.1	7.6 -84.5	2.57 3.2E-3	2.85 6.2E-3	19.2 0.0
2012-04-21.178	0923+392	test	22.15	0.9	0.194	0.0114 100	37.7	0.7	-2.30	-75 61	9.5 39	81.8	-3.3 2.1	7.4 -85.8	2.54 3.6E-3	2.77 6.0E-3	19.0 0.0
2012-04-21.179	0923+392	test	22.17	0.8	0.194	0.0105 100	38.1	0.7	-2.90	-75 61	9.5 39	81.7	-2.5 1.2	8.1 -87.0	2.18 4.2E-3	2.69 6.6E-3	20.2 0.0
2012-04-21.180	0923+392	test	22.20	0.8	0.185	0.0108 100	38.1	0.7	-1.10	-74 60	9.5 39	81.5	-4.4 3.4	6.2 -85.0	2.11 4.9E-3	2.75 7.3E-3	20.8 0.0
# Sat Apr 21 22:14:30 UTC 2012 - Focus scans 177-181.   -1.7 -2.3 -2.9 -1.1 -0.5 as usual.  (DjB)
2012-04-21.181	0923+392	test	22.22	1.0	0.185	0.0113 100	36.3	0.7	-0.50	-74 60	9.5 39	81.4	-4.8 3.6	5.7 -85.1	1.57 4.0E-3	2.72 7.9E-3	24.2 0.1
# Sat Apr 21 22:15:25 UTC 2012 - Focus set to -2.0.  (DjB)
2012-04-21.182	0923+392	test	22.29	1.0	0.185	0.0110 100	36.5	0.9	-2.00	-74 59	9.5 39	80.9	-6.4 2.3	4.1 -87.6	2.63 3.7E-3	2.80 6.4E-3	18.9 0.0
2012-04-21.187	1418+546	test	23.16	1.0	0.157	0.0117 99	37.0	0.8	-2.00	33 68	14.3 54	-132.5	-0.5 6.9	-20.2 -66.1	0.208 3.1E-3	0.218 5.4E-3	18.4 0.3
2012-04-22.2	1418+546	test	0.32	0.9	0.154	0.0110 100	38.0	0.3	-2.00	6 73	14.3 54	-172.1	-2.0 3.7	-17.7 -70.6	0.219 2.7E-3	0.221 4.1E-3	18.8 0.2
2012-04-22.9	1418+546	test	1.56	1.0	0.231	0.0108 100	36.7	0.7	-2.00	-27 70	14.3 54	141.8	-2.4 5.5	-7.4 -77.8	0.209 4.5E-3	0.207 4.8E-3	18.4 0.4
2012-04-22.14	1418+546	test	2.41	1.0	0.209	0.0112 100	35.9	0.6	-2.00	-39 64	14.3 54	119.9	1.1 6.7	1.0 -82.5	0.211 2.9E-3	0.203 4.2E-3	18.3 0.2
# Sun Apr 22 02:27:45 UTC 2012 - Going to 1757-240 to focus pre-SgrA.  Tau 0.24/0.21.  (DjB)
2012-04-22.15	1757-240	test	2.55	0.9	0.209	0.0128 95	37.5	0.5	-1.70	155 25	18.0 -24	-21.6	-0.5 2.9	3.0 -69.1	5.41 0.012	7.17 0.013	20.6 0.0
2012-04-22.16	1757-240	test	2.57	0.8	0.209	0.0146 82	38.2	0.4	-2.30	155 25	18.0 -24	-21.3	0.5 0.2	3.9 -71.6	4.64 0.025	6.76 0.033	19.3 0.1
2012-04-22.17	1757-240	test	2.59	0.9	0.209	0.0137 90	36.2	0.3	-2.90	156 25	18.0 -24	-21.0	-2.1 1.9	1.4 -69.6	5.66 0.015	7.37 0.016	20.4 0.1
2012-04-22.18	1757-240	test	2.62	0.8	0.197	0.0137 96	38.2	0.3	-1.10	156 25	18.0 -24	-20.7	-2.0 3.1	1.6 -68.5	4.12 0.011	6.59 0.012	22.8 0.1
2012-04-22.19	1757-240	test	2.64	1.0	0.197	0.0136 101	37.5	0.3	-0.50	156 25	18.0 -24	-20.5	-1.1 -0.1	2.5 -71.7	2.69 0.011	6.80 0.015	28.8 0.1
2012-04-22.20	1757-240	test	2.70	0.8	0.198	0.0138 92	38.2	0.2	-2.10	157 25	18.0 -24	-19.8	-3.7 2.1	0.1 -69.2	5.58 0.013	7.26 0.024	20.1 0.0
# Sun Apr 22 02:43:23 UTC 2012 - Focus set to -2.1.  (DjB)
2012-04-22.27	1757-240	test	4.18	1.0	0.091	0.0148 100	37.3	-0.7	-2.10	180 29	18.0 -24	-0.2	-3.4 -0.6	4.1 -72.4	6.50 0.012	7.89 0.013	20.1 0.0
# Sun Apr 22 05:14:03 UTC 2012 - SgrA #29 did not reduce due to Crush error.  By the way, tau is 0.3 or 0.25 and getting a bit variable/worse as Dawn's rosy fingers curl above the horizon.  (DjB)
2012-04-22.34	1757-240	test	5.71	0.8	0.242	0.0137 85	38.2	-1.2	-2.10	-157 25	18.0 -24	20.0	-1.7 -3.8	7.8 -81.4	4.36 0.011	6.38 0.015	20.6 0.0
#2012-04-22.40	1502+106	test	6.30	0.8	0.255	0.0114 64	38.1	-1.0	-2.10	-90 18	15.1 10	54.2	12.6 -22.0	20.0 -123.8	0.215 2.9E-3	0.197 5.3E-3	18.4 0.2
2012-04-22.44	1637+574	test	7.11	0.9	0.312	0.0098 102	37.0	0.1	-2.10	-43 44	16.6 57	87.1	1.2 3.4	3.9 -101.1	0.435 2.6E-3	0.424 4.5E-3	18.4 0.1
2012-04-22.48	1637+574	test	7.67	1.0	0.366	0.0089 99	37.3	1.6	-2.10	-42 39	16.6 57	80.5	1.8 13.0	4.5 -97.4	0.408 2.3E-3	0.429 4.4E-3	19.0 0.1
2012-04-22.49	2223-052	test	7.80	1.0	0.443	0.0092 101	36.2	1.8	-2.10	162 47	22.4 -5	-14.2	-1.6 5.0	3.4 -61.0	0.809 2.8E-3	0.850 4.2E-3	18.9 0.1
# Sun Apr 22 08:37:19 UTC 2012 - Tau now 0.4 and rising. (ACE)
2012-04-22.56	2145+067	test	8.94	1.0	0.393	0.0098 101	36.0	1.6	-1.70	-153 57	21.8 7	21.5	-3.3 5.4	11.6 -61.9	0.882 2.6E-3	0.915 5.0E-3	18.9 0.1
2012-04-22.57	2145+067	test	8.96	0.8	0.393	0.0090 101	38.3	1.6	-2.30	-152 57	21.8 7	22.0	-2.1 4.6	12.9 -62.9	0.918 2.8E-3	0.924 5.3E-3	18.4 0.1
2012-04-22.58	2145+067	test	8.98	0.8	0.364	0.0087 101	38.1	1.6	-2.90	-152 57	21.8 7	22.4	-2.4 1.6	12.6 -66.2	0.802 3.0E-3	0.856 4.8E-3	19.2 0.1
2012-04-22.59	2145+067	test	9.01	0.8	0.364	0.0088 101	38.2	1.5	-1.10	-151 57	21.8 7	22.9	-6.6 7.5	8.5 -60.4	0.639 2.7E-3	0.856 4.8E-3	21.2 0.1
2012-04-22.60	2145+067	test	9.03	0.9	0.364	0.0098 101	37.8	1.5	-0.50	-151 57	21.8 7	23.4	-7.4 9.2	7.8 -59.1	0.405 3.2E-3	0.730 5.5E-3	24.5 0.2
2012-04-22.61	2145+067	test	9.05	1.0	0.364	0.0095 101	35.7	1.5	-2.10	-150 57	21.8 7	23.7	-5.7 6.7	9.6 -61.9	0.873 2.4E-3	0.904 4.8E-3	18.8 0.1
# Sun Apr 22 09:12:17 UTC 2012 - Focus changed to -2.2 (ACE)
2012-04-22.66	2134+004	test	9.76	0.8	0.422	0.0093 99	38.2	1.3	-2.20	-136 45	21.6 1	33.6	-1.5 3.6	13.5 -78.4	0.682 2.5E-3	0.671 4.7E-3	18.5 0.1
2012-04-22.69	Neptune	test	10.43	1.8	0.383	0.0131 97	38.1	1.1	-2.20	-144 35	22.3 -11	28.4	-4.5 7.5	8.1 -76.4	4.40 4.3E-3	4.60 5.3E-3	19.3 0.0
2012-04-22.70	0234+285	test	10.54	0.8	0.384	0.0115 102	38.2	1.0	-2.20	96 60	2.6 29	-64.9	0.6 1.5	-14.0 -57.6	1.55 4.6E-3	1.59 6.7E-3	18.8 0.1
# Sun Apr 22 10:49:39 UTC 2012 - M33 observations made with ROTF script very close to the elevation limits (ACE)
# Sun Apr 22 10:50:50 UTC 2012 - Wisps of cloud over telescope at start of scan 74 (ACE)
2012-04-22.77	0235+164	test	11.09	1.0	0.276	0.0125 103	37.4	0.3	-2.20	125 59	2.6 17	-43.1	-4.2 -2.1	-11.2 -54.9	0.762 4.6E-3	0.816 6.9E-3	19.1 0.1
# Sun Apr 22 11:38:52 UTC 2012 - Temperature started to rise 6mins into scan 80 (ACE)
# Sun Apr 22 13:32:27 UTC 2012 - Telescope now in cloud. (ACE)
# Sun Apr 22 14:46:32 UTC 2012 - Trying to start after cool down but clouds over telescope are preventing us! (ACE)
2012-04-22.85	0316+413	test	14.77	1.0	0.655	0.0533 94	36.3	1.2	-2.20	-67 75	3.3 42	100.6	-5.6 2.2	2.2 -73.7	7.27 0.035	7.70 0.040	17.9 0.1
#2012-04-22.87	0316+413	test	14.83	1.0	0.655	2.3626 93	37.1	1.2	-2.30	-68 74	3.3 42	99.5	44.4 -167.4	52.4 -244.0	36.5 2.5	5.99 0.48	16.8 1.2
2012-04-22.90	0316+413	test	14.91	0.8	0.692	0.3088 78	38.2	1.2	-0.50	-68 73	3.3 42	98.3	--- ---	--- ---	--- ---	--- ---	--- ---
# Sun Apr 22 16:53:10 UTC 2012 - Still in cloud with tau>0.6. Waiting. (ACE)
2012-04-22.95	0316+413	test	17.75	1.0	0.855	0.0034 88	36.2	-0.5	-1.80	-64 42	3.3 42	73.0	--- ---	--- ---	--- ---	--- ---	--- ---
# Sun Apr 22 21:57:38 UTC 2012 - Fog appears to have lifted so we are going to test the sky! (ACE)
# Sun Apr 22 21:58:41 UTC 2012 - Nasmyth offsets input as -12.5 -3.8 (ACE)
2012-04-22.98	0923+392	test	22.03	1.0	0.075	0.0522 92	37.7	-1.9	-2.00	-75 61	9.5 39	82.2	-7.0 -2.2	3.7 -83.8	1.59 0.018	1.59 0.022	18.4 0.2
2012-04-22.99	0923+392	test	22.07	0.8	0.147	0.0679 86	38.2	-1.9	-1.70	-75 61	9.5 39	81.9	-1.4 -4.5	9.3 -86.5	1.90 0.026	1.84 0.030	17.4 0.2
2012-04-22.100	0923+392	test	22.09	1.0	0.147	0.0776 73	36.2	-1.9	-2.30	-75 61	9.5 39	81.8	-2.7 -4.1	7.9 -86.4	1.17 0.042	1.50 0.043	19.0 0.7
2012-04-22.101	0923+392	test	22.11	0.8	0.580	0.0574 99	38.1	-1.9	-2.90	-75 60	9.5 39	81.6	-2.4 -4.5	8.2 -87.1	1.19 0.024	1.58 0.032	20.4 0.4
2012-04-22.102	0923+392	test	22.14	0.8	0.580	0.0664 98	38.1	-1.9	-1.10	-74 60	9.5 39	81.5	-3.9 -0.7	6.7 -83.5	2.67 0.037	2.56 0.036	18.3 0.2
2012-04-22.103	0923+392	test	22.16	0.8	0.389	0.0697 95	38.2	-1.9	-0.50	-74 60	9.5 39	81.3	-5.8 -1.1	4.7 -84.1	1.65 0.025	1.55 0.025	17.4 0.3
2012-04-22.104	0923+392	test	22.21	0.8	0.389	0.0470 74	38.2	-1.9	-0.80	-74 59	9.5 39	81.0	-4.6 -1.6	5.9 -85.3	2.06 0.023	2.22 0.034	18.6 0.2
2012-04-22.106	0923+392	test	22.28	1.0	0.474	0.0185 101	35.8	-1.9	-1.30	-74 58	9.5 39	80.5	-5.0 -0.0	5.4 -84.5	3.05 7.6E-3	3.18 8.6E-3	19.0 0.0
2012-04-22.108	0923+392	test	22.37	0.8	0.190	0.0887 70	38.2	-1.9	-2.30	-74 57	9.5 39	80.0	-4.1 -4.2	6.2 -89.7	1.94 0.042	1.79 0.053	17.5 0.4
# Sun Apr 22 22:29:18 UTC 2012 - NCS had to be restarted, new focus sequence started with scan 110
2012-04-22.113	0923+392	test	22.54	1.0	0.657	0.0915 98	36.7	-2.1	-1.70	-73 56	9.5 39	78.9	-3.4 -0.8	6.7 -87.7	2.94 0.043	3.31 0.11	18.7 0.3
2012-04-22.115	0923+392	test	22.59	1.0	0.657	0.2829 65	36.4	-2.2	-2.90	-73 55	9.5 39	78.6	--- ---	--- ---	--- ---	--- ---	--- ---
2012-04-22.117	0923+392	test	22.63	0.8	0.257	0.1054 83	38.0	-2.2	-0.50	-73 54	9.5 39	78.3	-6.0 -5.1	4.1 -92.7	0.924 0.038	1.02 0.037	19.0 0.8
2012-04-22.118	0923+392	test	22.81	1.1	0.261	0.0147 100	36.4	-2.0	-1.70	-72 52	9.5 39	77.2	-4.5 0.1	5.4 -89.8	2.81 4.3E-3	2.96 7.7E-3	18.9 0.0
2012-04-22.119	0923+392	test	22.84	0.8	0.163	0.0177 100	38.2	-2.1	-2.30	-72 52	9.5 39	77.1	-3.2 -0.9	6.6 -90.9	2.63 6.1E-3	2.77 9.7E-3	18.8 0.0
2012-04-22.120	0923+392	test	22.86	0.8	0.163	0.0185 100	38.1	-2.1	-2.90	-72 52	9.5 39	77.0	-3.7 -0.8	6.1 -91.0	2.19 6.2E-3	2.63 0.011	20.0 0.1
2012-04-22.121	0923+392	test	22.88	1.0	0.163	0.0163 100	36.0	-2.1	-1.10	-72 52	9.5 39	76.8	-8.2 -0.2	1.6 -90.6	2.31 5.7E-3	2.72 8.9E-3	19.8 0.0
2012-04-22.122	0923+392	test	22.91	0.8	0.163	0.0137 100	38.2	-2.2	-0.50	-71 51	9.5 39	76.7	-4.2 -2.6	5.6 -93.0	1.61 5.3E-3	2.44 9.8E-3	22.5 0.1
2012-04-22.123	1418+546	test	23.07	1.1	0.177	0.0145 96	36.3	-2.5	-2.00	33 68	14.3 54	-131.9	1.8 -5.4	-17.9 -71.3	0.205 3.6E-3	0.195 4.7E-3	17.8 0.3
2012-04-23.2	1044+719	250-11	0.21	1.0	0.161	0.0139 99	35.9	-2.0	-2.00	-21 47	10.8 72	117.0	-2.0 -2.5	-5.4 -99.6	0.442 4.4E-3	0.461 6.5E-3	18.6 0.2
# Mon Apr 23 01:17:47 UTC 2012 - GISMO is now wearing its burqa.  (DjB)
# Mon Apr 23 01:25:12 UTC 2012 - Note: scan # 8 was made with the met glas flower!!!!!
2012-04-23.10	1044+719	250-11	1.53	0.8	0.130	0.0158 58	38.2	-2.2	-2.00	-23 42	10.8 72	96.4	0.3 -1.2	-1.6 -101.8	0.353 5.6E-3	0.339 6.4E-3	17.1 0.3
# Mon Apr 23 01:34:53 UTC 2012 - Metglas did not improve things - taken off again (JS)
2012-04-23.18	1044+719	250-11	2.81	0.8	0.150	0.0098 102	38.3	-0.8	-2.00	-23 36	10.8 72	78.3	1.9 3.2	0.8 -103.5	0.399 3.1E-3	0.408 4.3E-3	18.4 0.1
2012-04-23.26	1044+719	250-11	4.17	0.8	0.178	0.0105 102	38.2	-1.5	-2.00	-20 30	10.8 72	60.4	-1.2 2.2	-2.1 -104.9	0.383 2.5E-3	0.376 4.6E-3	18.3 0.1
2012-04-23.34	1044+719	250-11	5.47	1.1	0.192	0.0100 90	36.7	-2.1	-2.00	-16 25	10.8 72	43.7	0.3 0.0	-0.7 -106.4	0.377 2.5E-3	0.352 5.2E-3	18.1 0.1
2012-04-23.38	2254+617	250-11	6.15	1.0	0.213	0.0130 103	36.0	-0.9	-1.70	33 53	22.9 62	-112.7	1.7 0.5	-13.9 -82.2	1.28 9.7E-3	2.96 0.017	27.9 0.2
2012-04-23.39	2254+617	250-11	6.18	1.0	0.213	0.0134 103	36.0	-0.9	-2.30	33 54	22.9 62	-113.1	-0.1 -5.3	-15.8 -87.9	1.14 0.011	2.73 0.013	28.2 0.2
2012-04-23.40	2254+617	250-11	6.20	0.8	0.163	0.0131 103	38.1	-0.7	-2.90	33 54	22.9 62	-113.5	3.3 -2.0	-12.4 -85.0	0.840 8.4E-3	2.30 0.018	30.3 0.2
2012-04-23.42	1928+738	250-11	6.25	1.0	0.163	0.0110 103	37.1	-0.4	-1.70	-5 53	19.5 74	166.4	0.2 3.4	-8.3 -91.1	1.79 3.0E-3	1.85 4.8E-3	19.0 0.0
2012-04-23.43	1928+738	250-11	6.27	0.8	0.163	0.0108 103	38.3	-0.4	-2.30	-5 53	19.5 74	165.9	-1.8 2.2	-10.2 -92.3	1.63 3.4E-3	1.81 6.0E-3	19.7 0.0
2012-04-23.44	1928+738	250-11	6.30	0.8	0.163	0.0108 103	38.2	-0.3	-2.90	-5 53	19.5 74	165.5	-0.3 -1.6	-8.6 -96.4	1.14 3.7E-3	1.66 6.8E-3	22.2 0.1
2012-04-23.45	1928+738	250-11	6.32	0.8	0.163	0.0103 103	38.2	-0.3	-1.10	-5 53	19.5 74	165.0	-0.7 4.7	-9.1 -90.2	1.76 3.4E-3	1.88 5.0E-3	19.2 0.0
2012-04-23.46	1928+738	250-11	6.34	1.0	0.163	0.0106 103	36.3	-0.3	-0.50	-5 53	19.5 74	164.6	-4.2 4.1	-12.4 -90.8	1.50 3.4E-3	1.84 5.8E-3	20.6 0.0
2012-04-23.52	0003+380	209-11	7.18	1.0	0.357	0.0126 104	37.3	1.6	-1.60	74 54	0.1 38	-77.6	-2.3 3.7	-18.6 -69.3	0.309 3.0E-3	0.279 3.4E-3	17.7 0.2
# Mon Apr 23 07:51:49 UTC 2012 - M33X1: do not include first scan # 53 (bad scan!)  (JS)
2012-04-23.67	0003+380	test	8.41	0.8	0.297	0.0116 103	38.1	1.9	-1.60	78 69	0.1 38	-85.2	-0.6 2.7	-20.5 -55.6	0.300 3.8E-3	0.286 4.6E-3	18.5 0.2
2012-04-23.74	0316+413	test	8.99	0.8	0.273	0.0190 74	38.1	2.1	-1.70	63 39	3.3 42	-71.7	-0.7 8.5	-12.7 -79.5	3.70 0.024	8.01 0.064	18.4 0.1
2012-04-23.75	0316+413	test	9.01	0.8	0.273	0.0170 84	38.3	2.2	-2.30	63 40	3.3 42	-71.9	-3.4 8.8	-15.4 -79.2	6.40 0.013	8.26 0.025	18.9 0.0
2012-04-23.76	0316+413	test	9.03	1.0	0.273	0.0168 84	36.4	2.2	-2.90	63 40	3.3 42	-72.0	4.2 6.4	-7.9 -81.5	4.95 0.014	7.71 0.030	22.3 0.1
2012-04-23.77	0316+413	test	9.06	0.9	0.273	0.0157 90	36.0	2.1	-1.10	63 40	3.3 42	-72.2	-1.8 10.8	-14.0 -76.7	7.03 0.012	9.26 0.017	18.2 0.0
2012-04-23.78	0316+413	test	9.08	0.8	0.232	0.0173 102	38.2	2.1	-0.50	63 40	3.3 42	-72.4	0.2 8.9	-12.1 -78.4	6.43 7.1E-3	8.39 0.014	21.1 0.0
2012-04-23.79	0316+413	test	9.12	0.9	0.267	0.0202 81	36.8	2.1	-1.50	63 41	3.3 42	-72.7	-1.6 6.7	-14.0 -80.3	4.33 0.018	8.06 0.046	18.9 0.1
2012-04-23.80	2255-282	test	9.25	1.0	0.312	0.0123 98	37.4	2.1	-1.50	-178 25	23.0 -28	2.2	-3.0 4.5	4.3 -74.9	2.56 4.2E-3	2.64 6.3E-3	19.1 0.0
2012-04-23.88	2255-282	d07-11	10.60	0.8	0.260	0.0098 96	38.3	2.5	-1.50	-158 22	23.0 -28	19.6	-2.5 2.5	5.9 -83.4	2.32 4.2E-3	2.50 7.3E-3	19.4 0.0
# Mon Apr 23 11:11:03 UTC 2012 - Time for lunch and therefore refill.  Shutting down observations.  (DjB)
2012-04-23.102	0133+476	209-11	14.53	0.8	0.145	0.0121 98	38.2	2.6	-1.70	-57 58	1.6 48	93.7	-6.0 3.5	-0.1 -94.7	0.790 3.2E-3	0.966 6.6E-3	20.2 0.1
2012-04-23.103	0133+476	209-11	14.55	1.0	0.145	0.0119 98	37.0	2.6	-1.70	-57 57	1.6 48	93.4	-6.0 3.5	0.0 -95.0	0.798 3.5E-3	0.976 6.1E-3	20.4 0.1
2012-04-23.104	0133+476	209-11	14.58	0.8	0.142	0.0109 98	38.2	2.5	-2.30	-57 57	1.6 48	93.1	-2.5 3.0	3.5 -95.5	0.530 3.7E-3	0.866 7.1E-3	23.6 0.1
# Mon Apr 23 14:36:50 UTC 2012 - test
2012-04-23.105	0133+476	209-11	14.60	1.0	0.142	0.0119 98	36.3	2.5	-2.90	-57 57	1.6 48	92.8	-4.0 -0.8	2.0 -99.5	0.318 4.1E-3	0.761 7.1E-3	28.4 0.3
# Mon Apr 23 14:38:18 UTC 2012 - Up until now (<#102), detector biases had been set to 0 during recycle.  To quote one HJS, <<D'oh!>>.  (DjB)
2012-04-23.106	0133+476	209-11	14.63	1.0	0.142	0.0116 98	35.9	2.6	-1.10	-57 57	1.6 48	92.5	-3.8 4.9	2.2 -94.2	0.925 3.6E-3	0.977 5.3E-3	19.1 0.1
2012-04-23.107	0133+476	209-11	14.65	0.8	0.142	0.0107 98	38.2	2.7	-0.50	-57 56	1.6 48	92.2	-4.8 2.3	1.3 -97.3	0.937 2.6E-3	1.02 4.5E-3	19.2 0.1
# Mon Apr 23 14:40:57 UTC 2012 - Up until now (<#102), detector biases had been set to 0 during recycle.  To quote one HJS, --D'oh!--.  (DjB)
2012-04-23.108	0133+476	209-11	14.71	1.0	0.134	0.0117 98	37.1	2.8	-0.90	-57 56	1.6 48	91.5	-7.1 5.3	-1.0 -95.1	0.932 3.3E-3	1.01 6.8E-3	18.9 0.1
# Mon Apr 23 15:51:26 UTC 2012 - Taking a pointing scan during cryogen refill; #121 should be corrupt.  (DjB)
2012-04-23.122	0003+380	209-11	16.30	1.0	0.149	0.0133 99	36.9	2.7	-0.90	-57 21	0.1 38	58.6	-3.9 8.8	0.9 -108.3	0.234 4.0E-3	0.237 6.2E-3	18.9 0.3
# Mon Apr 23 16:20:30 UTC 2012 - Slewing past the Sun with the vertex closed.  #123 will be dark.  (DjB)
# Mon Apr 23 16:24:56 UTC 2012 - I take that back.  #123 is ok.  (DjB)
2012-04-23.126	0316+413	250-11	16.85	0.8	0.181	0.0216 82	38.2	5.2	-1.70	-67 51	3.3 42	79.0	-4.5 8.1	4.2 -100.0	2.24 0.025	6.36 0.10	26.3 0.2
2012-04-23.127	0316+413	250-11	16.87	0.8	0.181	0.0203 90	38.2	5.1	-2.30	-67 50	3.3 42	78.8	-6.1 9.5	2.6 -98.6	5.47 0.015	9.07 0.019	22.2 0.1
2012-04-23.128	0316+413	250-11	16.90	0.8	0.124	0.0185 100	38.2	5.1	-2.90	-67 50	3.3 42	78.7	-3.9 8.2	4.7 -100.1	3.97 0.011	8.68 0.018	27.1 0.1
2012-04-23.129	0316+413	250-11	16.92	0.9	0.124	0.0213 66	36.9	5.0	-1.10	-67 50	3.3 42	78.5	-4.9 8.6	3.8 -99.7	0.970 0.014	3.77 0.12	30.2 0.4
2012-04-23.130	0316+413	250-11	16.94	1.0	0.124	0.0223 78	36.2	5.0	-0.50	-67 50	3.3 42	78.3	-9.2 11.9	-0.6 -96.6	2.92 0.022	6.86 0.037	20.9 0.1
# Mon Apr 23 17:00:36 UTC 2012 - Hmm... 0316+413 is too bright to focus on!  Skip.  (DjB)
2012-04-23.131	0355+508	250-11	17.03	1.0	0.160	0.0155 101	36.0	5.3	-1.70	-52 56	4.0 51	96.7	-6.3 8.2	-1.8 -98.0	1.89 4.2E-3	2.07 6.4E-3	19.6 0.0
2012-04-23.132	0355+508	250-11	17.05	1.0	0.160	0.0160 101	37.5	5.3	-2.30	-52 56	4.0 51	96.4	-5.4 7.7	-0.9 -98.7	1.44 4.8E-3	1.98 9.8E-3	21.8 0.1
2012-04-23.133	0355+508	250-11	17.07	0.8	0.160	0.0156 101	38.2	5.3	-2.90	-52 56	4.0 51	96.1	-0.8 5.4	3.7 -101.2	0.875 5.3E-3	1.64 0.012	25.2 0.1
2012-04-23.134	0355+508	250-11	17.10	0.8	0.160	0.0148 101	38.2	5.3	-1.10	-52 55	4.0 51	95.8	-4.5 9.6	0.1 -97.2	2.12 5.2E-3	2.15 6.7E-3	18.8 0.0
2012-04-23.135	0355+508	250-11	17.12	1.0	0.186	0.0149 101	37.1	5.6	-0.50	-52 55	4.0 51	95.5	-8.1 14.3	-3.5 -93.3	2.06 4.5E-3	2.27 7.8E-3	19.5 0.0
2012-04-23.136	0954+658	250-11	17.22	1.0	0.172	0.0143 101	36.9	5.5	-1.00	27 52	10.0 66	-117.6	-6.2 11.5	-20.8 -87.9	0.608 3.1E-3	0.598 5.6E-3	18.6 0.1
2012-04-23.142	1418+546	250-11	18.24	0.9	0.148	0.0139 102	35.9	3.2	-1.70	41 28	14.3 54	-64.5	-6.6 12.7	-14.3 -90.0	0.171 3.2E-3	0.181 6.5E-3	18.6 0.3
2012-04-23.143	1418+546	250-11	18.26	1.0	0.148	0.0142 102	37.1	3.0	-2.30	41 28	14.3 54	-64.7	-4.6 12.9	-12.3 -89.2	0.164 3.4E-3	0.160 4.7E-3	18.4 0.4
2012-04-23.144	1418+546	250-11	18.29	1.0	0.148	0.0142 102	37.6	3.0	-2.90	41 28	14.3 54	-65.0	0.8 10.1	-7.0 -91.9	0.130 4.3E-3	0.138 5.6E-3	18.8 0.6
2012-04-23.145	1418+546	250-11	18.31	0.8	0.142	0.0134 102	38.1	3.0	-1.10	42 28	14.3 54	-65.2	-5.9 9.7	-13.8 -92.3	0.145 2.8E-3	0.155 4.4E-3	18.9 0.4
2012-04-23.146	1418+546	250-11	18.33	1.0	0.142	0.0147 102	35.8	3.0	-0.50	42 29	14.3 54	-65.5	-3.5 7.7	-11.5 -94.1	0.108 3.4E-3	0.154 6.5E-3	21.5 0.6
2012-04-23.147	1418+546	250-11	18.40	0.9	0.142	0.0129 103	37.0	2.9	-1.95	42 29	14.3 54	-66.2	-3.6 12.0	-11.8 -89.4	0.180 3.1E-3	0.194 4.9E-3	18.8 0.3
# Mon Apr 23 18:33:09 UTC 2012 - Focus shifted from -1.0 to -1.95 across HDF 137-141.  (DjB)
2012-04-23.155	Mars	250-11	19.86	1.0	0.127	 0	37.3	1.2	-1.70	157 63	10.5 12	-18.2	--- ---	--- ---	--- ---	--- ---	--- ---
2012-04-23.156	Mars	250-11	19.89	1.0	0.127	0.0465 98	37.0	1.2	-2.30	158 64	10.5 12	-17.6	-3.5 -0.1	-0.7 -50.0	210 0.14	276 0.17	21.3 0.0
2012-04-23.157	Mars	250-11	19.91	1.0	0.166	0.0487 99	37.5	1.2	-2.90	159 64	10.5 12	-17.0	-2.2 -1.9	0.9 -51.8	178 0.14	283 0.18	23.5 0.0
2012-04-23.158	Mars	250-11	19.94	0.8	0.166	0.0501 100	38.1	1.2	-1.10	160 64	10.5 12	-16.3	-4.8 1.1	-1.5 -48.7	192 0.12	283 0.15	22.8 0.0
2012-04-23.159	Mars	250-11	19.96	0.8	0.166	0.0478 99	38.2	1.2	-0.50	160 64	10.5 12	-15.7	-6.6 4.9	-3.0 -44.9	146 0.12	287 0.58	26.3 0.0
2012-04-23.163	Mars	test	20.88	0.8	0.114	0.0283 97	38.0	1.0	-1.90	-168 65	10.5 12	9.7	-4.7 4.3	7.4 -50.0	119 0.067	146 0.63	21.0 0.0
2012-04-23.174	0823+033	test	22.56	0.8	0.146	0.0114 102	38.2	1.5	-1.90	-106 25	8.4 3	50.2	-0.1 6.6	10.1 -94.9	0.286 3.1E-3	0.285 4.8E-3	18.4 0.2
2012-04-23.183	1055+018	test	23.89	0.8	0.094	0.0127 101	38.2	1.2	-1.90	-122 37	11.0 2	42.7	-3.0 8.0	10.9 -83.1	1.81 3.8E-3	1.90 6.8E-3	18.6 0.0
2012-04-24.4	1308+326	test	0.66	1.0	0.104	0.0146 99	37.4	1.2	-1.90	-99 72	13.2 32	68.8	-3.6 -3.7	11.8 -74.0	0.895 3.1E-3	0.935 6.2E-3	18.8 0.1
2012-04-24.9	0954+658	test	1.55	1.0	0.121	0.0136 104	36.8	1.6	-1.90	-31 36	10.0 66	78.9	-0.9 9.3	-0.5 -102.7	0.624 3.3E-3	0.619 6.4E-3	18.1 0.1
2012-04-24.17	0954+658	250-11	2.98	1.0	0.123	0.0371 96	36.4	0.9	-1.90	-27 28	10.0 66	61.1	-0.0 5.7	0.4 -107.6	0.414 0.011	0.376 0.016	17.4 0.4
2012-04-24.18	0954+658	250-11	3.03	0.8	0.099	0.0116 103	38.3	1.0	-1.90	-27 28	10.0 66	60.5	1.0 6.6	1.4 -106.9	0.580 3.0E-3	0.580 6.2E-3	18.5 0.1
2012-04-24.26	1044+719	250-11	4.34	0.9	0.101	0.0125 103	36.0	0.3	-1.90	-19 29	10.8 72	57.3	2.9 7.1	2.0 -104.2	0.428 2.7E-3	0.421 4.8E-3	18.3 0.1
2012-04-24.35	1044+719	250-11	5.94	0.8	0.146	0.0103 88	38.0	-0.3	-1.90	-14 23	10.8 72	36.9	2.8 7.2	1.8 -103.2	0.370 3.0E-3	0.373 7.3E-3	18.6 0.1
2012-04-24.37	1823+568	245-11	6.21	0.8	0.133	0.0114 98	38.3	0.1	-1.90	-33 64	18.4 57	127.1	-0.6 6.8	-2.6 -81.8	0.776 2.9E-3	0.799 5.0E-3	18.5 0.1
2012-04-24.40	1642+690	245-11	6.63	1.0	0.126	0.0123 99	35.9	0.3	-1.90	-26 46	16.7 69	104.4	-1.0 6.4	-2.7 -97.5	0.780 3.1E-3	0.747 5.8E-3	18.2 0.1
2012-04-24.41	1642+690	test	6.67	0.9	0.101	0.0117 99	36.0	0.3	-1.70	-26 45	16.7 69	103.7	-1.0 6.4	-2.7 -97.7	0.792 3.0E-3	0.775 4.7E-3	18.4 0.1
2012-04-24.42	1642+690	test	6.70	0.8	0.101	0.0114 99	38.2	0.3	-2.30	-26 45	16.7 69	103.3	3.6 7.8	1.9 -96.3	0.774 3.1E-3	0.778 6.4E-3	18.6 0.1
2012-04-24.43	1642+690	test	6.72	0.8	0.126	0.0112 99	38.2	0.2	-2.90	-26 45	16.7 69	103.0	5.0 7.0	3.4 -96.9	0.614 2.7E-3	0.734 6.5E-3	20.2 0.1
2012-04-24.44	1642+690	test	6.74	0.8	0.126	0.0110 99	38.2	0.2	-1.10	-26 45	16.7 69	102.6	1.2 5.8	-0.4 -98.2	0.671 3.3E-3	0.743 4.9E-3	19.4 0.1
2012-04-24.45	1642+690	test	6.77	1.0	0.126	0.0113 99	36.0	0.3	-0.50	-26 45	16.7 69	102.3	-2.7 6.9	-4.3 -97.4	0.476 3.2E-3	0.689 7.4E-3	22.1 0.1
2012-04-24.46	1642+690	test	6.81	1.0	0.126	0.0109 99	37.3	0.3	-1.90	-26 45	16.7 69	101.7	2.7 5.3	1.2 -99.2	0.789 3.2E-3	0.768 4.7E-3	18.2 0.1
2012-04-24.54	1800+440	248-11	8.11	0.9	0.077	0.0116 99	36.6	2.1	-1.90	-61 45	18.0 44	76.9	0.4 15.1	7.6 -91.5	0.249 2.5E-3	0.242 3.6E-3	18.1 0.2
