# id	object	UTh(f2)	obsmins(f1)	tau.225GHz(f3)	NEFD(f4) okchannels	scanspeed(f1)	Tamb(f1)	AZd(f0) ELd(f0)	RAh(f1) DECd(f0)	PAd(f1)	pnt.dAZ(f1) pnt.dEL(f1)	pnt.X(f1) pnt.Y(f1)	src.peak(s3) src.dpeak(s2)	src.int(s3) src.dint(s2)	src.FWHM(f1) src.dFWHM(f1)
2011-04-12.118	J0948+004	22.91	1.9	0.126	0.0147 98	37.9	3.3	-132 42	9.8 0	36.6	-2.8 2.6	-40.8 -58.4	0.412 3.5E-3	0.419 4.2E-3	17.4 0.1
2011-04-12.119	J0948+004	23.07	1.9	0.114	0.0145 98	37.6	3.6	-129 40	9.8 0	38.2	-3.1 2.4	-41.3 -60.0	0.412 3.2E-3	0.411 4.2E-3	17.3 0.1
# Nasmyth offset changed to -47.5, -14.3 but somehow does not seem to be applied...
2011-04-12.120	J0948+004	23.19	1.9	0.097	0.0148 98	37.7	3.2	-127 39	9.8 0	39.4	-3.1 2.7	-41.7 -60.8	0.400 3.3E-3	0.417 4.9E-3	17.3 0.1
2011-04-13.1	J0948+004	0.05	1.9	0.100	0.0158 93	37.9	2.8	-116 30	9.8 0	46.0	-4.4 1.2	-44.8 -69.9	0.395 3.4E-3	0.412 5.3E-3	17.2 0.1
2011-04-13.2	J1504+105	0.55	1.9	0.137	0.0153 94	37.9	2.6	140 58	15.1 10	-31.2	-0.0 2.5	-43.4 -59.2	0.722 3.7E-3	0.719 5.3E-3	17.3 0.1
2011-04-13.7	J1504+105	1.49	1.9	0.087	0.0150 98	37.8	3.2	167 63	15.1 10	-10.8	2.0 0.2	-40.8 -46.0	0.670 2.9E-3	0.702 4.8E-3	17.6 0.1
2011-04-13.8	J1405+043	1.60	1.9	0.085	0.0148 97	37.6	3.0	-161 56	14.1 4	14.7	-2.9 3.1	-46.4 -44.2	0.131 3.2E-3	0.124 3.2E-3	16.4 0.4
2011-04-13.12	J1504+105	2.22	1.9	0.096	0.0147 98	37.4	3.6	-169 63	15.1 10	8.5	-0.2 1.1	-41.5 -38.2	0.689 4.0E-3	0.730 4.8E-3	17.5 0.1
2011-04-13.13	J1405+043	2.28	1.9	0.081	0.0162 96	37.5	3.6	-145 52	14.1 4	27.1	-4.9 2.3	-47.2 -46.2	0.134 3.4E-3	0.124 3.0E-3	16.3 0.4
2011-04-13.14	IRAS16293	2.35	1.9	0.088	0.0149 97	37.4	3.3	164 27	16.5 -24	-13.6	-4.5 11.2	-51.6 -76.8	1.62 7.1E-3	2.25 8.2E-3	20.0 0.1
2011-04-13.15	Arp220	2.46	1.9	0.092	0.0148 98	37.7	3.2	-177 76	15.6 24	2.5	5.2 -0.2	-30.4 -22.1	0.0670 3.7E-3	0.0683 3.0E-3	15.5 0.8
2011-04-13.16	Arp220	2.52	1.9	0.089	0.0147 98	37.8	3.5	-173 76	15.6 24	5.8	4.1 0.6	-31.2 -20.6	0.0685 3.4E-3	0.0639 3.3E-3	16.1 0.8
2011-04-13.19	J1310+323	2.85	1.9	0.099	0.0154 97	38.2	3.7	-85 55	13.2 32	70.0	-2.5 -1.5	-33.3 -41.7	0.799 4.0E-3	0.796 4.9E-3	17.3 0.1
2011-04-13.20	J1506+427	3.09	1.9	0.042	0.0151 94	38.1	3.8	-62 76	15.1 43	106.7	3.0 -2.1	-13.4 -15.8	0.376 3.6E-3	0.416 4.9E-3	17.9 0.2
2011-04-13.21	J1506+427	3.14	1.9	0.042	0.0148 98	37.8	3.7	-63 75	15.1 43	105.8	3.1 -2.1	-13.7 -16.5	0.371 3.7E-3	0.414 4.8E-3	17.9 0.2
2011-04-13.22	J1642+689	3.30	1.9	0.087	0.0151 98	37.5	4.0	2 58	16.7 69	-175.1	5.5 1.9	-15.5 -47.1	0.573 3.4E-3	0.623 5.0E-3	17.8 0.1
2011-04-13.23	J2015+372	3.53	1.9	0.090	0.0151 99	38.0	3.9	73 48	20.3 37	-73.4	5.6 5.7	-27.2 -64.7	1.81 4.3E-3	2.00 6.5E-3	18.1 0.0
2011-04-13.25	J1733-131	3.66	1.7	0.079	0.0194 68	34.0	3.3	167 39	17.6 -13	-10.9	2.9 5.0	-41.5 -67.0	0.774 0.012	1.37 0.016	19.7 0.3
2011-04-13.30	J1504+105	4.91	1.9	0.090	0.0148 98	38.3	2.6	-111 41	15.1 10	49.1	-5.4 1.4	-43.6 -57.6	0.649 3.4E-3	0.666 4.4E-3	17.5 0.1
2011-04-13.31	J1405+043	4.96	1.9	0.131	0.0148 99	37.9	2.7	-105 25	14.1 4	50.6	-11.3 0.9	-52.7 -71.3	0.120 3.9E-3	0.126 3.8E-3	16.5 0.5
2011-04-13.33	J1415+133	5.06	1.9	0.082	0.0148 99	37.8	2.8	-98 32	14.3 13	54.3	-7.8 -0.6	-47.5 -68.0	0.338 3.5E-3	0.342 4.7E-3	17.1 0.2
2011-04-13.35	J2038+513	5.48	1.9	0.108	0.0147 99	37.8	3.0	46 65	20.6 51	-112.7	1.1 0.6	-25.5 -39.8	1.13 3.8E-3	1.23 6.0E-3	17.7 0.1
2011-04-13.36	J2007+661	5.55	1.9	0.095	0.0145 98	37.7	3.1	16 59	20.1 66	-147.2	1.2 0.9	-27.5 -45.6	0.246 3.0E-3	0.233 3.7E-3	16.7 0.2
# sunrise!
2011-04-13.41	J2038+513	6.36	1.9	0.097	0.0149 99	37.9	4.1	34 72	20.6 51	-134.6	0.4 2.2	-25.4 -28.2	1.07 4.2E-3	1.18 6.6E-3	17.8 0.1
2011-04-13.42	J2038+513	6.44	11.7	0.066	0.0146 99	68.2	4.5	30 73	20.6 51	-140.2	0.2 2.2	-25.3 -27.0	1.12 2.8E-3	1.31 3.6E-3	18.3 0.0
2011-04-13.43	J2007+661	6.73	1.9	0.087	0.0146 99	37.4	4.6	2 61	20.1 66	-175.1	1.0 0.6	-30.4 -43.7	0.234 3.4E-3	0.246 3.9E-3	17.6 0.2
2011-04-13.47	J2007+661	7.31	1.9	0.125	0.0149 99	37.8	5.4	-5 61	20.1 66	170.5	2.7 -0.3	-30.2 -46.5	0.229 4.0E-3	0.234 4.8E-3	17.2 0.3
2011-04-13.48	J2038+513	7.37	1.9	0.100	0.0157 99	37.7	5.5	3 76	20.6 51	-176.0	1.9 2.2	-24.6 -26.4	1.05 4.8E-3	1.20 5.5E-3	18.4 0.1
2011-04-13.48	J2038+513	7.37	1.9	0.100	0.0157 99	37.7	5.5	3 76	20.6 51	-176.0	1.9 2.2	-24.6 -26.4	1.05 4.8E-3	1.20 5.5E-3	18.4 0.1
2011-04-13.48	J2038+513	7.37	1.9	0.100	0.0157 99	37.7	5.5	3 76	20.6 51	-176.0	1.9 2.2	-24.6 -26.4	1.05 4.8E-3	1.20 5.5E-3	18.4 0.1
2011-04-13.52	J2038+513	8.01	1.9	0.088	0.0155 99	37.6	5.7	-20 75	20.6 51	154.1	2.7 0.3	-23.7 -34.5	1.06 4.2E-3	1.21 6.5E-3	18.5 0.1
2011-04-13.53	J2007+661	8.06	1.9	0.077	0.0150 98	37.8	5.8	-13 59	20.1 66	152.8	-0.0 0.8	-34.4 -50.2	0.227 4.1E-3	0.234 4.0E-3	17.3 0.3
2011-04-13.54	Neptune	8.24	1.9	0.122	0.0180 96	37.6	5.7	166 40	22.2 -12	-11.3	15.0 4.0	-16.2 -49.4	5.38 9.3E-3	6.44 0.010	19.1 0.0
2011-04-13.55	Neptune	8.36	1.9	0.050	0.0163 97	37.8	5.9	168 40	22.2 -12	-9.6	13.8 3.3	-16.7 -49.7	3.61 9.9E-3	6.06 9.8E-3	22.6 0.1
2011-04-13.56	Neptune	8.43	1.9	0.098	0.0173 89	37.9	6.2	170 40	22.2 -12	-8.5	14.8 3.4	-15.4 -49.5	4.22 0.012	6.30 0.013	21.0 0.1
2011-04-13.57	Neptune	8.51	1.9	0.052	0.0162 97	37.5	6.3	171 41	22.2 -12	-7.2	14.6 3.1	-15.1 -49.7	4.98 8.0E-3	6.11 8.9E-3	19.4 0.0
2011-04-13.58	Neptune	8.62	1.9	0.108	0.0171 96	37.3	6.0	173 41	22.2 -12	-5.5	13.1 1.5	-16.0 -51.2	4.43 0.011	5.84 0.010	20.0 0.0
2011-04-13.59	Neptune	8.83	16.1	0.085	0.0194 96	32.3	6.3	-180 41	22.2 -12	0.0	12.9 0.4	-14.8 -52.8	5.27 9.4E-3	6.77 7.6E-3	19.1 0.0
2011-04-13.60	Uranus	12.91	1.9	0.140	0.0193 98	37.8	6.0	-136 44	0.1 0	33.5	0.6 -1.5	-12.9 -65.7	7.77 0.016	13.7 0.020	23.1 0.0
2011-04-13.61	Uranus	12.99	1.9	0.112	0.0204 97	37.8	6.0	-135 43	0.1 0	34.4	1.4 -1.0	-12.5 -66.5	7.67 0.018	13.7 0.021	23.2 0.0
2011-04-13.62	Uranus	13.10	1.9	0.120	0.0194 98	37.5	6.0	-133 42	0.1 0	35.7	1.0 -1.8	-13.5 -69.1	9.85 0.018	13.9 0.022	20.4 0.0
2011-04-13.63	Uranus	13.19	1.9	0.113	0.0291 99	38.1	6.0	-132 41	0.1 0	36.6	-0.6 -0.4	-15.5 -68.9	3.61 0.024	13.1 0.033	33.1 0.2
2011-04-13.64	Uranus	13.26	1.9	0.146	0.0206 97	38.0	6.0	-130 41	0.1 0	37.4	1.2 1.3	-14.2 -68.4	3.74 0.015	12.9 0.028	32.5 0.1
2011-04-13.65	Uranus	13.69	1.9	0.159	0.0252 97	37.7	5.9	-124 37	0.1 0	41.4	2.4 0.9	-15.7 -75.4	7.70 0.020	13.0 0.020	22.4 0.1
2011-04-13.67	Uranus	14.11	1.9	0.132	0.0228 84	37.7	6.3	-118 32	0.1 0	44.6	4.2 -2.2	-17.1 -84.8	7.27 0.017	12.8 0.028	23.2 0.0
2011-04-13.68	Uranus	14.28	1.9	0.133	0.0234 85	37.6	6.2	-116 31	0.1 0	45.6	4.1 -0.6	-18.5 -85.6	7.40 0.021	12.6 0.028	22.8 0.1
2011-04-13.69	Uranus	14.32	1.7	0.157	0.0274 80	34.3	6.1	-116 30	0.1 0	45.9	6.6 0.2	-16.3 -85.4	8.22 0.021	12.9 0.031	22.2 0.0
2011-04-13.70	Uranus	14.37	1.9	0.155	0.0232 87	37.9	6.1	-115 30	0.1 0	46.2	7.4 -0.4	-15.9 -86.7	7.22 0.019	12.3 0.021	22.6 0.1
2011-04-13.71	Uranus	14.43	1.9	0.169	0.0218 85	37.5	6.0	-115 29	0.1 0	46.5	7.6 3.9	-16.2 -83.2	6.79 0.017	12.9 0.022	23.9 0.1
2011-04-13.72	Uranus	14.47	1.7	0.198	0.0246 88	34.0	6.0	-114 28	0.1 0	46.8	8.2 -3.4	-16.0 -91.1	6.88 0.022	12.7 0.024	23.3 0.1
2011-04-13.73	Mars	14.60	1.9	0.105	0.0270 82	38.4	6.0	-116 34	0.6 3	46.1	5.9 -2.3	-14.4 -85.4	23.6 0.028	41.6 0.043	23.2 0.0
2011-04-13.74	Mars	14.68	1.9	0.159	0.0296 95	38.0	6.1	-115 33	0.6 3	46.6	4.7 0.7	-16.3 -83.6	25.4 0.032	42.0 0.044	22.3 0.0
2011-04-13.76	Mars	14.81	1.9	0.172	0.0287 94	38.1	6.1	-113 31	0.6 3	47.4	0.6 -6.8	-21.5 -93.1	27.5 0.039	45.0 0.048	22.2 0.0
2011-04-13.77	Mars	14.89	1.9	0.141	0.0234 96	38.2	6.2	-112 30	0.6 3	47.8	5.4 -5.1	-17.4 -92.4	21.6 0.022	36.6 0.032	22.4 0.0
2011-04-13.78	J0719+331	15.13	1.9	0.145	0.0158 97	38.1	6.6	83 54	7.3 33	-70.8	-0.1 -11.7	-44.1 -63.6	0.157 3.8E-3	0.167 3.6E-3	18.0 0.4
2011-04-13.79	J0717+456	15.21	1.9	0.149	0.0166 96	37.8	6.7	61 57	7.3 46	-89.4	-0.4 -10.9	-44.8 -68.1	0.168 3.9E-3	0.163 3.6E-3	16.7 0.4
2011-04-13.83	J0719+331	15.81	1.9	0.225	0.0156 98	37.9	6.9	88 62	7.3 33	-72.1	-2.8 -3.6	-43.6 -46.7	0.179 3.6E-3	0.200 5.1E-3	17.9 0.3
2011-04-13.84	J0717+456	15.86	1.9	0.215	0.0157 99	37.7	6.9	60 64	7.3 46	-97.0	-1.9 -2.0	-43.2 -53.6	0.164 3.4E-3	0.174 3.6E-3	17.5 0.4
2011-04-13.88	J0719+331	16.46	1.9	0.190	0.0157 93	38.0	8.6	94 69	7.3 33	-71.9	-1.2 -1.1	-38.0 -33.8	0.158 4.1E-3	0.185 4.6E-3	18.2 0.4
2011-04-13.89	J0808+409	16.52	1.9	0.219	0.0158 93	37.8	8.3	71 62	8.1 41	-85.7	-1.6 1.2	-42.9 -52.0	0.237 3.8E-3	0.269 4.9E-3	18.2 0.3
#2011-04-13.90	J0808+409	16.62	1.9	0.176	0.0155 93	37.9	7.3	71 63	8.1 41	-86.6	-27.1 15.6	-67.8 -36.3	0.247 4.6E-3	0.292 5.8E-3	18.8 0.3
#  a few more pixels off than desired, relocked then retuned.  Didn't really change things.  See preTune4-13.png in Desktop/Gismo2011
2011-04-13.94	J0808+409	17.43	1.9	0.165	0.0161 99	37.9	11.3	71 72	8.1 41	-94.9	-5.9 3.6	-41.4 -38.2	0.235 4.5E-3	0.246 4.6E-3	17.1 0.3
2011-04-13.95	J0719+331	17.51	1.9	0.148	0.0162 99	38.0	12.3	116 82	7.3 33	-59.1	-3.0 5.0	-30.8 -5.9	0.164 4.1E-3	0.188 5.6E-3	17.8 0.4
2011-04-13.96	J0927+390	17.63	1.9	0.117	0.0163 98	37.8	13.4	74 59	9.5 39	-81.1	-2.0 4.1	-42.5 -56.6	2.57 5.3E-3	3.13 8.3E-3	19.2 0.0
#2011-04-13.97	J0927+390	17.89	1.9	0.097	0.0184 92	38.0	11.4	75 62	9.5 39	-82.8	-16.3 16.0	-55.4 -41.2	1.14 9.7E-3	1.65 0.015	19.6 0.2
2011-04-13.98	J0927+390	18.14	1.9	0.095	0.0187 81	38.1	11.0	76 65	9.5 39	-84.5	1.7 2.7	-35.8 -50.8	2.01 8.1E-3	2.94 0.011	19.8 0.1
2011-04-13.99	J0927+390	18.19	1.7	0.118	0.0201 73	33.9	11.0	76 66	9.5 39	-84.9	3.4 -0.6	-33.8 -53.3	1.14 8.6E-3	1.71 0.017	19.8 0.1
2011-04-13.100	J0927+390	18.25	1.7	0.116	0.0204 75	34.2	11.0	76 67	9.5 39	-85.3	1.1 0.7	-35.7 -51.2	1.45 9.5E-3	2.44 0.014	19.3 0.1
2011-04-13.101	J0927+390	18.30	1.9	0.105	0.0198 74	37.9	11.0	76 67	9.5 39	-85.6	1.6 1.3	-35.0 -49.9	1.42 7.5E-3	2.04 0.015	20.3 0.1
2011-04-13.102	J0927+390	18.37	1.9	0.119	0.0174 84	38.0	10.8	76 68	9.5 39	-86.2	-1.2 1.6	-37.2 -48.6	2.34 6.8E-3	3.21 9.1E-3	18.6 0.1
2011-04-13.103	J1012+232	18.49	1.9	0.145	0.0158 99	37.9	10.1	103 55	10.2 23	-57.8	0.2 -0.1	-41.3 -61.3	0.0888 3.5E-3	0.0771 3.1E-3	15.7 0.6
2011-04-13.117	J0909+014	20.38	1.9	0.188	0.0164 98	37.6	5.2	-168 54	9.2 1	9.2	-2.1 -2.3	-34.9 -50.7	1.16 4.6E-3	1.26 6.7E-3	18.0 0.1
2011-04-13.118	J0948+004	20.43	1.9	0.168	0.0159 98	37.5	5.1	176 53	9.8 0	-3.2	-2.9 -2.9	-39.6 -54.5	0.366 3.2E-3	0.357 4.3E-3	17.2 0.1
2011-04-13.123	J0948+004	21.29	1.9	0.276	0.0165 97	37.6	5.2	-163 52	9.8 0	13.7	-3.2 -0.6	-39.1 -51.7	0.361 4.5E-3	0.361 4.7E-3	17.2 0.2
2011-04-13.124	J0909+014	21.34	1.8	0.194	0.0186 93	37.9	5.2	-146 49	9.2 1	26.3	-0.8 -0.9	-34.1 -54.1	1.07 5.6E-3	1.14 7.9E-3	17.5 0.1
2011-04-13.128	J0948+004	21.99	1.9	0.243	0.0174 97	37.9	5.0	-147 48	9.8 0	25.6	-2.2 0.1	-38.4 -54.2	0.348 5.1E-3	0.366 6.1E-3	17.5 0.2
2011-04-13.129	J0909+014	22.04	1.9	0.280	0.0162 97	37.9	4.9	-133 44	9.2 1	35.5	-0.9 -0.6	-35.8 -60.0	1.09 4.3E-3	1.22 7.4E-3	18.1 0.1
2011-04-13.130	1418+546	22.24	1.9	0.234	0.0166 98	37.9	5.0	45 56	14.3 54	-102.9	1.7 1.1	-23.5 -77.4	0.250 4.2E-3	0.226 3.8E-3	16.3 0.3
2011-04-13.131	J0958+656	22.32	1.9	0.325	0.0172 96	37.4	5.0	-18 58	10.0 66	142.6	3.7 -2.6	-8.0 -63.9	1.69 4.3E-3	1.74 8.0E-3	17.6 0.0
2011-04-13.135	1418+546	22.97	1.9	0.338	0.0160 97	37.9	5.2	41 62	14.3 54	-115.2	3.0 -0.6	-16.7 -67.7	0.243 3.8E-3	0.228 3.8E-3	16.4 0.3
2011-04-13.136	J0958+656	23.04	1.9	0.381	0.0166 97	37.7	5.2	-24 55	10.0 66	127.8	4.3 -1.5	-9.7 -62.3	1.58 4.7E-3	1.68 8.0E-3	17.8 0.1
2011-04-13.140	1418+546	23.64	1.7	0.283	0.0165 97	33.9	5.3	34 67	14.3 54	-130.2	2.1 -0.3	-12.1 -56.3	0.232 4.5E-3	0.230 4.6E-3	17.1 0.3
2011-04-13.141	J0958+656	23.71	1.9	0.334	0.0162 97	37.6	5.2	-28 52	10.0 66	115.6	4.4 -1.3	-12.7 -62.9	1.53 5.3E-3	1.65 6.2E-3	17.9 0.1
2011-04-14.2	1418+546	0.30	1.9	0.273	0.0161 97	37.6	5.2	22 71	14.3 54	-149.9	1.9 -1.9	-7.3 -47.0	0.232 4.1E-3	0.240 4.7E-3	17.3 0.3
2011-04-14.3	J0958+656	0.37	1.9	0.362	0.0168 97	37.6	5.1	-30 48	10.0 66	105.0	4.6 -1.2	-16.0 -64.5	1.55 5.5E-3	1.68 6.7E-3	18.1 0.1
2011-04-14.7	1418+546	1.03	1.9	0.325	0.0157 97	37.6	5.1	2 73	14.3 54	-177.8	1.7 -3.3	-4.7 -37.4	0.225 3.8E-3	0.222 3.9E-3	16.8 0.3
2011-04-14.8	J0958+656	1.09	1.9	0.261	0.0158 97	37.8	5.0	-31 43	10.0 66	94.3	3.9 -2.8	-20.8 -68.6	1.45 5.4E-3	1.67 6.1E-3	18.4 0.1
2011-04-14.12	1418+546	1.68	1.9	0.300	0.0173 98	37.6	5.0	-17 72	14.3 54	156.7	0.5 -4.6	-8.0 -33.3	0.214 3.9E-3	0.216 4.7E-3	16.7 0.3
2011-04-14.13	J0958+656	1.74	1.9	0.322	0.0172 96	37.8	5.0	-31 39	10.0 66	85.4	2.7 -3.4	-25.4 -71.5	1.40 5.1E-3	1.63 7.4E-3	18.4 0.1
2011-04-14.17	1418+546	2.38	1.9	0.328	0.0165 98	37.7	4.8	-31 68	14.3 54	134.5	-0.4 -6.6	-14.3 -35.6	0.222 4.3E-3	0.213 3.8E-3	16.9 0.3
2011-04-14.18	J0958+656	2.43	1.9	0.341	0.0173 91	37.2	4.9	-30 35	10.0 66	76.5	3.6 -4.4	-27.8 -75.2	1.52 5.8E-3	1.70 7.5E-3	18.1 0.1
2011-04-14.22	1418+546	3.01	1.9	0.339	0.0179 97	37.7	4.7	-40 64	14.3 54	119.3	0.9 -6.0	-18.4 -39.3	0.230 4.3E-3	0.222 4.8E-3	16.8 0.3
2011-04-14.23	J0958+656	3.06	1.9	0.318	0.0180 92	38.0	4.8	-29 31	10.0 66	68.6	1.4 -4.5	-32.6 -77.4	1.48 5.8E-3	1.68 7.8E-3	18.2 0.1
2011-04-14.27	J1504+105	3.68	1.9	0.278	0.0172 97	38.1	4.7	-130 53	15.1 10	38.7	-2.6 -1.3	-40.8 -46.5	0.520 3.9E-3	0.585 6.2E-3	18.4 0.1
2011-04-14.28	J1405+043	3.73	1.9	0.205	0.0171 97	37.8	4.7	-119 39	14.1 4	44.4	-3.0 2.6	-44.2 -58.2	0.0688 4.0E-3	0.0694 3.6E-3	15.6 0.9
2011-04-14.33	J1504+105	4.46	1.9	0.268	0.0189 97	38.1	4.2	-117 46	15.1 10	46.5	-3.5 -4.1	-41.6 -58.3	0.516 4.6E-3	0.618 7.0E-3	18.9 0.2
2011-04-14.34	J1405+043	4.51	1.9	0.249	0.0178 96	37.5	4.2	-109 30	14.1 4	49.1	-5.7 -1.5	-47.0 -70.0	0.0840 4.7E-3	0.0821 5.2E-3	16.2 0.9
2011-04-14.38	J2038+513	5.16	1.9	0.177	0.0207 96	37.9	3.8	48 62	20.6 51	-108.0	0.5 -0.6	-26.3 -44.8	0.962 5.4E-3	0.994 6.9E-3	17.5 0.1
2011-04-14.39	J2007+661	5.21	1.9	0.146	0.0191 98	37.7	3.8	18 58	20.1 66	-141.4	-0.0 -1.5	-28.0 -49.7	0.209 4.2E-3	0.191 4.0E-3	16.8 0.3
2011-04-14.42	J2038+513	5.62	1.9	0.220	0.0160 98	37.8	3.5	44 66	20.6 51	-116.9	0.3 0.4	-25.8 -37.4	1.01 4.4E-3	1.09 5.9E-3	17.9 0.1
2011-04-14.43	J2007+661	5.67	1.9	0.173	0.0159 98	37.8	3.5	14 59	20.1 66	-151.5	-0.4 -3.5	-29.3 -49.2	0.220 3.9E-3	0.214 3.5E-3	16.9 0.3
2011-04-14.47	J2038+513	6.24	1.9	0.196	0.0172 98	37.9	3.6	35 71	20.6 51	-132.9	-1.0 -2.0	-26.6 -32.9	0.931 5.3E-3	1.01 6.1E-3	17.9 0.1
2011-04-14.48	J2007+661	6.30	1.9	0.185	0.0160 97	37.6	3.7	7 60	20.1 66	-166.1	-1.3 -3.7	-31.6 -47.8	0.197 4.1E-3	0.193 4.5E-3	17.1 0.3
2011-04-14.52	J2038+513	6.90	1.9	0.197	0.0175 96	37.5	3.8	18 75	20.6 51	-157.2	-2.1 -2.7	-28.0 -30.2	0.931 5.5E-3	1.04 6.5E-3	18.0 0.1
2011-04-14.53	J2007+661	6.95	1.7	0.190	0.0174 97	34.0	3.9	-1 61	20.1 66	177.9	-1.5 -4.4	-33.5 -49.3	0.214 3.7E-3	0.204 4.0E-3	17.0 0.3
2011-04-14.54	J2223+628	7.13	1.9	0.178	0.0158 98	38.0	3.8	26 58	22.4 63	-130.5	-0.5 -2.6	-35.0 -48.1	0.134 3.9E-3	0.152 6.6E-3	17.9 0.5
2011-04-14.55	J2007+661	7.19	1.9	0.091	0.0166 97	37.7	3.8	-4 61	20.1 66	171.8	-0.7 -4.9	-33.2 -50.7	0.203 3.7E-3	0.199 4.0E-3	17.3 0.3
2011-04-14.60	1828+487	8.01	1.9	0.092	0.0161 96	37.4	4.6	-55 58	18.5 49	95.5	-1.5 -2.9	-30.8 -58.0	1.07 4.3E-3	1.16 5.5E-3	17.9 0.1
2011-04-14.64	1828+487	8.58	1.9	0.160	0.0166 97	37.7	5.2	-56 52	18.5 49	88.7	-3.2 -0.4	-34.4 -64.1	1.14 4.5E-3	1.19 5.7E-3	17.6 0.1
2011-04-14.68	1828+487	9.15	1.9	0.159	0.0182 96	38.0	5.8	-55 47	18.5 49	82.7	-4.1 0.1	-37.1 -71.7	1.14 4.7E-3	1.21 6.5E-3	17.7 0.1
2011-04-14.72	1828+487	9.72	1.9	0.216	0.0164 96	37.8	6.1	-54 41	18.5 49	77.2	-5.1 1.3	-39.7 -78.1	1.11 4.8E-3	1.22 6.0E-3	18.0 0.1
# 12:15pm cycled.  During cycling noticed strange temperature readings AND sync fault on crate.  Power-cycled crate
2011-04-14.88	Mars	13.08	1.9	0.351	0.0273 96	37.8	6.8	-138 48	0.6 3	32.0	2.7 0.6	-7.3 -58.5	31.9 0.033	44.3 0.048	20.8 0.0
2011-04-14.89	Mars	13.16	1.9	0.344	0.0278 95	37.7	6.8	-137 48	0.6 3	33.1	1.9 -0.4	-8.5 -60.8	30.7 0.030	45.4 0.051	21.4 0.0
2011-04-14.90	Mars	13.23	1.9	0.394	0.0294 96	37.8	6.7	-136 47	0.6 3	34.0	1.5 -0.2	-9.3 -61.7	31.3 0.036	46.9 0.053	21.6 0.0
2011-04-14.91	Mars	13.38	1.9	0.379	0.0301 95	37.7	6.6	-133 46	0.6 3	35.8	1.2 -0.3	-10.3 -64.3	30.0 0.031	46.1 0.055	21.8 0.0
2011-04-14.92	Mars	13.56	1.9	0.373	0.0263 93	37.8	6.6	-130 44	0.6 3	37.8	2.4 -0.6	-10.1 -67.6	29.8 0.029	44.8 0.046	21.4 0.0
2011-04-14.93	Mars	13.62	1.9	0.405	0.0270 94	37.6	6.6	-129 44	0.6 3	38.5	2.7 0.6	-10.2 -67.4	27.1 0.031	45.5 0.045	22.9 0.0
2011-04-14.94	Mars	13.73	1.9	0.364	0.0254 93	38.0	6.7	-127 43	0.6 3	39.6	2.2 0.2	-11.5 -69.6	27.0 0.028	43.9 0.038	22.4 0.0
2011-04-14.95	J0048+320	13.93	1.9	0.391	0.0199 96	38.2	6.8	-89 60	0.8 32	70.2	-1.7 -3.4	-6.5 -69.9	0.129 5.4E-3	0.138 4.6E-3	17.0 0.7
2011-04-14.100	J0048+320	14.58	1.9	0.461	0.0179 97	38.2	7.4	-84 52	0.8 32	69.3	1.6 -1.9	-8.9 -79.1	0.126 5.4E-3	0.119 4.2E-3	16.3 0.7
2011-04-14.102	J0048+320	14.66	1.9	0.395	0.0195 97	38.1	7.4	-83 51	0.8 32	69.1	2.6 1.9	-8.5 -76.5	0.125 6.4E-3	0.137 6.5E-3	17.3 0.9
2011-04-14.104	J0048+320	14.75	1.9	0.495	0.0184 93	38.0	7.4	-83 50	0.8 32	68.9	0.2 -3.2	-11.7 -83.1	0.131 5.8E-3	0.137 5.7E-3	16.7 0.7
2011-04-14.105	Mars	14.81	1.9	0.445	0.0339 81	38.0	7.4	-112 31	0.6 3	47.6	7.5 0.5	-14.5 -85.9	27.5 0.042	43.5 0.057	21.8 0.0
2011-04-14.106	Mars	14.86	1.7	0.482	0.0395 87	34.0	7.4	-112 31	0.6 3	47.9	6.9 1.5	-15.6 -85.5	26.6 0.047	44.0 0.053	22.4 0.0
#2011-04-14.107	Mars	15.01	1.9	0.473	0.0359 91	37.8	7.3	-110 29	0.6 3	48.6	-22.8 -51.6	-46.6 -140.7	25.3 0.035	42.0 0.061	22.6 0.0
2011-04-14.108	Mars	15.22	1.9	0.486	0.0307 89	37.7	7.2	-108 27	0.6 3	49.5	6.1 -1.1	-19.4 -93.1	26.2 0.047	44.3 0.047	22.6 0.0
2011-04-14.109	Mars	15.40	1.9	0.411	0.0280 86	38.2	7.2	-106 25	0.6 3	50.2	3.7 0.4	-23.4 -93.7	25.5 0.035	39.8 0.043	22.1 0.0
2011-04-14.110	Mars	15.47	1.9	0.453	0.0312 89	37.8	7.2	-105 24	0.6 3	50.5	7.2 -0.4	-20.4 -95.4	24.6 0.040	42.3 0.047	22.9 0.0
2011-04-14.111	Mars	15.72	1.9	0.472	0.0374 81	38.0	7.3	-103 21	0.6 3	51.2	8.0 -0.8	-21.7 -98.6	22.8 0.052	37.5 0.061	22.1 0.0
2011-04-14.114	J0238+166	16.02	1.9	0.501	0.0184 93	38.1	7.8	-109 50	2.6 17	51.8	0.8 -4.6	-8.3 -73.3	0.544 5.5E-3	0.589 6.3E-3	18.1 0.2
2011-04-14.115	J0238+166	16.09	1.9	0.489	0.0174 92	38.0	8.2	-108 49	2.6 17	52.2	-1.4 -2.8	-11.2 -72.7	0.548 6.6E-3	0.680 8.4E-3	18.9 0.2
2011-04-14.116	J0433+054	16.63	1.9	0.417	0.0186 86	37.7	8.7	-145 53	4.6 5	27.6	-1.1 -7.1	-12.1 -57.0	0.729 5.9E-3	0.886 7.7E-3	19.1 0.1
2011-04-14.119	J0433+054	17.10	1.9	0.424	0.0183 95	37.8	8.9	-135 50	4.6 5	34.5	0.8 -5.3	-12.5 -62.6	0.783 5.3E-3	0.961 7.0E-3	19.2 0.1
2011-04-14.120	J0433+054	17.14	1.7	0.452	0.0179 96	34.3	9.0	-134 49	4.6 5	35.0	0.8 -5.0	-12.8 -62.9	0.776 6.9E-3	1.02 9.7E-3	19.8 0.2
2011-04-14.121	J0433+054	17.17	1.7	0.360	0.0165 96	34.2	9.0	-134 49	4.6 5	35.5	1.0 -5.3	-12.7 -63.8	0.753 5.0E-3	0.880 6.7E-3	18.5 0.1
2011-04-14.122	J0433+054	17.25	1.9	0.464	0.0170 96	37.8	8.9	-132 48	4.6 5	36.5	0.9 -5.6	-13.3 -65.3	0.789 4.7E-3	0.940 7.1E-3	18.9 0.1
2011-04-14.123	IRC+10216	17.38	9.9	0.445	0.0165 96	153.7	8.6	108 43	9.8 13	-51.3	0.8 -10.7	-42.9 -79.6	0.462 6.4E-3	0.771 0.014	21.9 0.3
2011-04-14.125	IRC+10216	17.63	9.7	0.421	0.0152 96	115.1	8.7	111 45	9.8 13	-49.9	0.7 -8.3	-42.2 -74.4	0.452 4.9E-3	0.783 9.8E-3	22.3 0.2
2011-04-14.126	IRC+10216	17.80	9.7	0.487	0.0152 96	114.8	8.6	113 47	9.8 13	-48.8	0.2 -6.8	-42.1 -70.7	0.481 5.3E-3	0.832 9.8E-3	22.3 0.2
2011-04-14.127	IRC+10216	17.98	9.7	0.430	0.0151 96	115.0	8.4	116 49	9.8 13	-47.5	0.2 -6.2	-41.5 -68.0	0.455 5.4E-3	0.780 9.3E-3	22.0 0.2
2011-04-14.128	IRC+10216	18.15	9.7	0.448	0.0153 93	115.2	8.1	119 51	9.8 13	-46.0	-0.8 -5.8	-41.9 -65.2	0.466 5.4E-3	0.793 9.6E-3	21.9 0.2
2011-04-14.129	IRC+10216	18.32	9.7	0.449	0.0150 97	115.2	7.2	121 53	9.8 13	-44.4	-0.5 -4.5	-40.9 -61.6	0.457 4.7E-3	0.772 9.4E-3	22.0 0.2
2011-04-14.130	IRC+10216	18.50	9.7	0.436	0.0149 97	114.9	6.6	125 55	9.8 13	-42.3	-1.9 -3.9	-41.5 -58.4	0.462 4.9E-3	0.784 9.0E-3	21.8 0.2
2011-04-14.131	IRC+10216	18.67	9.7	0.460	0.0149 97	115.2	6.0	128 56	9.8 13	-40.1	-1.8 -4.1	-40.7 -56.0	0.474 4.9E-3	0.790 9.2E-3	21.7 0.2
2011-04-14.132	IRC+10216	18.85	9.7	0.473	0.0148 97	115.1	5.8	132 58	9.8 13	-37.7	-2.1 -4.4	-40.2 -53.8	0.464 5.0E-3	0.782 9.2E-3	21.8 0.2
2011-04-14.133	IRC+10216	19.02	9.7	0.474	0.0147 97	114.9	5.6	136 59	9.8 13	-35.0	-1.9 -3.5	-39.2 -50.3	0.476 4.9E-3	0.790 0.011	21.6 0.2
2011-04-14.134	IRC+10216	19.19	9.7	0.510	0.0147 97	114.9	5.3	140 61	9.8 13	-31.9	-2.4 -3.0	-39.0 -47.4	0.465 5.3E-3	0.795 0.011	22.1 0.2
2011-04-14.135	IRC+10216	19.36	9.7	0.413	0.0147 97	115.0	5.2	144 62	9.8 13	-28.5	-2.5 -2.8	-38.2 -44.8	0.450 4.8E-3	0.726 8.7E-3	21.5 0.2
2011-04-14.136	J0719+331	19.60	1.9	0.464	0.0159 97	38.1	5.4	-95 70	7.3 33	71.6	-1.8 -3.1	-3.8 -34.5	0.179 4.1E-3	0.182 5.3E-3	17.1 0.4
2011-04-14.138	J0948+004	20.40	1.9	0.432	0.0161 80	37.7	5.6	177 53	9.8 0	-2.4	-2.0 -0.8	-38.4 -52.1	0.343 5.4E-3	0.334 5.7E-3	17.1 0.3
2011-04-14.139	J0909+014	20.45	1.9	0.410	0.0161 79	38.0	5.6	-165 53	9.2 1	11.9	-1.6 -1.6	-34.0 -50.2	1.14 5.5E-3	1.18 5.9E-3	18.0 0.1
2011-04-14.143	J0948+004	21.08	1.9	0.402	0.0151 73	37.8	5.2	-166 52	9.8 0	10.9	-1.0 -0.2	-36.7 -50.9	0.341 4.6E-3	0.326 5.5E-3	16.8 0.2
2011-04-14.144	J0909+014	21.13	1.9	0.417	0.0235 78	37.4	5.2	-149 50	9.2 1	23.9	-2.2 -1.1	-35.0 -53.2	1.16 7.8E-3	1.20 9.9E-3	17.5 0.1
2011-04-14.148	J0948+004	21.85	1.9	0.396	0.0152 97	37.8	4.8	-149 49	9.8 0	24.4	-3.4 -0.3	-39.4 -54.1	0.364 4.3E-3	0.361 5.5E-3	17.2 0.2
2011-04-14.149	J0909+014	21.89	1.9	0.426	0.0154 97	37.6	4.9	-135 45	9.2 1	34.6	-1.8 -0.4	-36.2 -59.1	1.19 4.6E-3	1.34 7.9E-3	18.3 0.1
2011-04-14.151	J0948+004	22.12	1.9	0.403	0.0164 97	37.7	5.3	-143 47	9.8 0	28.4	-2.0 0.4	-38.4 -55.3	0.362 3.8E-3	0.364 4.8E-3	17.4 0.2
2011-04-14.152	J0909+014	22.16	1.9	0.433	0.0155 97	37.8	5.3	-130 42	9.2 1	37.6	-1.6 0.0	-36.8 -61.3	1.16 4.7E-3	1.25 6.1E-3	17.9 0.1
2011-04-14.155	J0948+004	22.55	1.9	0.365	0.0148 97	37.7	5.1	-135 44	9.8 0	34.1	-2.5 0.1	-39.6 -59.0	0.364 4.6E-3	0.380 4.8E-3	17.7 0.2
2011-04-14.156	J0909+014	22.60	1.9	0.364	0.0207 93	37.9	5.2	-123 38	9.2 1	41.7	-1.8 -1.0	-38.4 -66.6	1.14 5.8E-3	1.20 7.7E-3	17.5 0.1
2011-04-14.160	J0948+004	23.16	1.9	0.367	0.0163 96	37.4	4.9	-126 38	9.8 0	40.3	-3.8 -0.0	-42.2 -64.6	0.338 4.4E-3	0.332 5.1E-3	16.7 0.2
2011-04-14.161	J0909+014	23.21	1.9	0.340	0.0162 93	37.7	4.9	-116 32	9.2 1	46.1	-3.9 -2.1	-42.3 -73.5	1.08 4.5E-3	1.15 6.2E-3	17.6 0.1
2011-04-14.165	J0948+004	23.77	1.9	0.344	0.0154 96	37.9	4.8	-118 32	9.8 0	45.0	-6.3 -0.9	-46.1 -71.0	0.355 4.1E-3	0.347 4.6E-3	16.6 0.2
2011-04-14.166	J0909+014	23.81	1.9	0.295	0.0197 90	38.0	4.7	-109 25	9.2 1	49.2	-5.8 -3.8	-45.7 -80.3	1.04 7.4E-3	1.14 7.8E-3	17.7 0.1
2011-04-15.3	1418+546	0.44	1.9	0.339	0.0161 96	37.8	4.4	16 72	14.3 54	-157.2	0.8 -2.8	-7.2 -44.8	0.237 4.3E-3	0.225 3.8E-3	16.6 0.3
2011-04-15.4	J0958+656	0.51	1.9	0.308	0.0163 94	38.0	4.5	-31 47	10.0 66	101.9	6.6 -1.2	-15.1 -65.4	1.49 4.6E-3	1.60 6.2E-3	18.0 0.1
2011-04-15.8	1418+546	1.08	1.9	0.313	0.0150 97	37.8	4.3	-2 73	14.3 54	177.6	2.2 -6.2	-4.2 -39.1	0.234 3.9E-3	0.235 4.8E-3	16.8 0.3
2011-04-15.9	J0958+656	1.14	1.9	0.278	0.0169 93	37.6	4.3	-31 43	10.0 66	92.8	5.9 -2.3	-19.2 -68.7	1.45 5.1E-3	1.62 6.3E-3	18.0 0.1
2011-04-15.13	1418+546	1.71	1.9	0.216	0.0154 98	37.8	4.1	-19 71	14.3 54	153.4	4.1 -4.8	-4.8 -33.3	0.237 3.9E-3	0.229 4.1E-3	16.7 0.3
2011-04-15.14	1418+546	1.75	1.9	0.244	0.0151 98	37.9	4.1	-20 71	14.3 54	152.1	1.4 -3.9	-7.8 -32.3	0.236 4.3E-3	0.242 4.9E-3	17.0 0.3
2011-04-15.15	J0958+656	1.80	1.9	0.267	0.0191 96	37.8	4.1	-31 39	10.0 66	83.7	5.5 -1.9	-23.1 -70.8	1.54 4.9E-3	1.66 8.4E-3	17.9 0.1
2011-04-15.19	1418+546	2.38	1.9	0.281	0.0155 97	37.9	3.8	-32 68	14.3 54	132.7	3.1 -4.5	-11.1 -33.9	0.251 4.2E-3	0.258 5.5E-3	17.4 0.3
2011-04-15.20	J0958+656	2.44	1.9	0.241	0.0156 97	37.8	3.8	-30 35	10.0 66	75.6	4.1 -2.8	-27.5 -74.0	1.54 4.6E-3	1.62 5.6E-3	17.6 0.1
2011-04-15.24	1418+546	3.01	1.9	0.227	0.0163 98	37.9	3.6	-40 63	14.3 54	118.0	1.0 -5.6	-18.6 -39.5	0.242 4.0E-3	0.226 3.6E-3	16.6 0.3
2011-04-15.25	J0958+656	3.06	1.9	0.237	0.0181 97	38.0	3.6	-29 31	10.0 66	67.8	2.8 -3.0	-31.4 -76.4	1.50 6.1E-3	1.61 6.9E-3	17.7 0.1
2011-04-15.29	1418+546	3.64	1.9	0.200	0.0180 96	37.8	3.2	-44 58	14.3 54	106.5	1.0 -3.9	-23.6 -44.2	0.251 4.0E-3	0.233 4.4E-3	16.6 0.3
2011-04-15.30	J0958+656	3.69	1.9	0.240	0.0256 96	37.7	3.0	-27 27	10.0 66	60.2	2.5 -4.7	-33.9 -80.0	1.46 0.010	1.53 8.9E-3	17.3 0.1
2011-04-15.34	1418+546	4.32	1.9	0.220	0.0150 98	37.8	3.0	-47 52	14.3 54	96.4	-0.4 -4.0	-29.5 -51.9	0.260 4.2E-3	0.252 4.7E-3	17.0 0.3
2011-04-15.35	J0958+656	4.38	1.9	0.170	0.0173 95	37.8	2.9	-24 24	10.0 66	51.9	0.4 -5.4	-37.9 -82.6	1.36 9.1E-3	1.47 6.4E-3	17.5 0.1
2011-04-15.39	J1504+105	4.98	1.9	0.188	0.0187 92	38.0	2.9	-109 39	15.1 10	50.2	-5.3 1.7	-43.9 -59.4	0.625 5.1E-3	0.641 5.9E-3	17.3 0.1
2011-04-15.40	J1405+043	5.03	1.8	0.176	0.0200 91	37.9	2.8	-103 23	14.1 4	51.2	-12.9 7.6	-54.4 -66.2	0.106 8.3E-3	0.0969 4.8E-3	15.8 1.2
2011-04-15.43	J1504+105	5.29	1.9	0.198	0.0192 95	37.9	2.5	-105 36	15.1 10	51.6	-5.9 1.1	-44.9 -63.7	0.634 4.7E-3	0.669 6.2E-3	17.6 0.1
2011-04-15.44	J1357+193	5.34	1.9	0.196	0.0184 96	38.2	2.5	-85 27	14.0 19	57.4	-9.1 -2.7	-49.3 -74.7	0.358 6.0E-3	0.349 5.5E-3	16.8 0.3
2011-04-15.45	1413+135	5.38	1.9	0.188	0.0180 96	38.4	2.5	-93 27	14.3 13	54.9	-8.6 -1.9	-49.0 -74.0	0.311 6.4E-3	0.334 7.4E-3	17.4 0.3
2011-04-15.47	2136+141	5.68	1.9	0.168	0.0156 98	38.3	2.5	112 48	21.7 14	-49.9	5.2 7.0	-30.9 -50.5	0.340 3.9E-3	0.328 4.1E-3	17.0 0.2
2011-04-15.51	2136+141	6.27	1.9	0.141	0.0147 99	37.9	2.5	121 54	21.7 14	-44.8	5.0 4.4	-28.1 -42.8	0.356 3.6E-3	0.347 3.9E-3	17.1 0.2
2011-04-15.55	2136+141	6.84	1.9	0.208	0.0150 99	37.9	2.7	133 60	21.7 14	-37.2	4.2 3.1	-24.9 -35.1	0.354 4.0E-3	0.357 4.0E-3	17.3 0.2
# Fri Apr 15 07:13:41 UTC 2011 - IRAM alarm for network; look for possible dropouts
2011-04-15.59	2136+141	7.42	1.9	0.182	0.0148 98	37.6	3.0	148 64	21.7 14	-25.7	5.0 2.3	-19.1 -28.8	0.343 3.6E-3	0.367 5.6E-3	17.8 0.2
2011-04-15.63	2230+114	8.26	1.9	0.138	0.0151 98	37.7	3.4	149 62	22.5 12	-24.8	3.8 1.8	-19.2 -29.2	0.656 3.7E-3	0.739 6.2E-3	18.2 0.1
# Fri Apr 15 08:19:40 UTC 2011 - starting pointing
2011-04-15.64	2318+049	8.31	1.9	0.155	0.0155 98	37.6	3.4	137 51	23.3 5	-32.9	6.1 2.2	-23.9 -39.0	0.223 3.1E-3	0.215 3.2E-3	16.9 0.2
#2011-04-15.65	2251+158	8.41	1.9	0.148	0.0252 63	37.4	3.4	139 64	22.9 16	-33.3	13.6 -5.2	-9.5 -32.3	1.22 0.014	2.72 0.027	23.9 0.2
2011-04-15.66	2234+282	8.46	1.9	0.139	0.0164 97	38.0	3.5	126 77	22.6 28	-47.4	2.7 -0.0	-16.0 -12.6	0.552 3.7E-3	0.600 5.3E-3	17.8 0.1
2011-04-15.67	J2321+275	8.60	1.9	0.142	0.0169 99	37.8	3.6	111 70	23.4 28	-57.0	1.9 -0.0	-23.5 -20.3	0.192 3.9E-3	0.198 3.6E-3	17.0 0.3
2011-04-15.68	J2301+374	8.66	1.9	0.172	0.0171 99	37.7	3.6	83 78	23.0 37	-87.3	-0.9 -0.9	-27.6 -14.7	0.103 4.3E-3	0.0900 3.3E-3	15.1 0.6
2011-04-15.69	J2225-050	8.75	1.9	0.152	0.0163 97	37.7	3.6	172 48	22.4 -5	-6.3	4.3 1.6	-21.1 -44.6	0.991 4.8E-3	1.11 5.5E-3	18.3 0.1
2011-04-15.70	Mars	8.82	1.9	0.170	0.0248 97	38.0	3.6	125 42	0.6 3	-40.6	4.6 -2.3	-30.1 -48.9	35.2 0.030	46.5 0.041	20.0 0.0
2011-04-15.71	J0050-095	8.86	1.9	0.142	0.0162 97	37.6	3.7	133 30	0.8 -9	-36.3	9.8 0.1	-27.6 -54.9	0.340 5.2E-3	0.348 5.3E-3	17.2 0.3
2011-04-15.72	0235+164	8.93	1.9	0.141	0.0180 97	38.0	3.8	90 29	2.6 17	-56.4	7.8 -7.7	-34.8 -65.6	0.679 6.0E-3	0.750 6.0E-3	17.7 0.2
2011-04-15.73	Mercury	8.99	1.9	0.136	0.0532 92	38.0	3.8	120 43	0.9 7	-43.9	4.7 -5.5	-30.2 -50.1	174 0.10	256 0.26	21.2 0.0
2011-04-15.74	J0010+110	9.03	1.9	0.130	0.0157 99	37.8	3.8	130 54	0.2 11	-38.8	1.4 -2.2	-27.3 -36.7	0.113 3.5E-3	0.100 3.2E-3	16.2 0.5
2011-04-15.75	J2321+275	9.08	1.9	0.221	0.0161 99	38.1	3.8	124 75	23.4 28	-48.4	1.8 -1.9	-17.9 -14.4	0.201 4.7E-3	0.217 5.4E-3	17.7 0.4
2011-04-15.76	J2253+161	9.14	1.9	0.197	0.0255 62	37.6	3.9	163 68	22.9 16	-14.1	4.8 -7.5	-9.3 -30.0	1.20 0.019	2.98 0.031	25.4 0.3
2011-04-15.77	J2232+117	9.19	1.9	0.197	0.0156 98	37.8	4.0	179 65	22.5 12	-0.8	1.3 0.6	-12.1 -29.0	0.647 4.3E-3	0.731 5.5E-3	18.3 0.1
2011-04-15.78	J2225-050	9.24	1.9	0.170	0.0162 97	37.7	4.0	-177 48	22.4 -5	2.4	2.9 2.5	-19.6 -44.5	0.998 5.1E-3	1.18 7.4E-3	18.8 0.1
2011-04-15.79	J2258-280	9.30	1.9	0.141	0.0163 96	37.7	4.0	175 25	23.0 -28	-4.5	7.1 1.2	-27.2 -61.1	1.59 8.5E-3	1.84 7.5E-3	18.1 0.1
2011-04-15.80	J2011-158	9.37	1.9	0.182	0.0173 97	37.6	4.1	-139 26	20.2 -16	32.9	0.5 6.2	-31.4 -67.0	0.579 6.3E-3	0.632 6.0E-3	17.5 0.2
2011-04-15.81	J2148+070	9.42	1.9	0.184	0.0155 98	38.0	4.4	-153 57	21.8 7	21.3	-1.1 0.4	-15.5 -43.7	0.826 3.9E-3	0.898 5.5E-3	18.1 0.1
2011-04-15.82	J2203+318	9.49	1.9	0.179	0.0158 98	38.0	4.3	-116 79	22.1 32	57.6	-2.6 1.2	-4.7 -29.3	0.897 4.7E-3	1.04 6.6E-3	18.4 0.1
2011-04-15.83	K3-50A	9.54	1.9	0.201	0.0246 68	38.2	4.2	-83 55	20.0 34	71.8	2.0 3.3	-20.2 -60.2	2.08 0.031	4.96 0.034	24.2 0.3
2011-04-15.84	J2202+423	9.60	1.9	0.210	0.0180 87	37.7	4.3	-58 79	22.0 42	113.0	-1.2 -0.6	-16.6 -41.1	3.10 8.2E-3	4.07 0.011	18.4 0.0
2011-04-15.85	J2015+372	9.65	1.9	0.194	0.0166 98	38.0	4.4	-77 58	20.3 37	77.6	-2.5 -1.2	-24.4 -63.4	1.65 4.4E-3	1.88 7.2E-3	18.5 0.0
2011-04-15.88	J1642+689	9.83	1.9	0.170	0.0162 97	37.7	4.4	-25 32	16.7 69	68.7	-10.0 -7.4	-52.0 -91.9	0.562 4.1E-3	0.590 5.2E-3	17.3 0.1
2011-04-15.89	J1800+785	9.88	1.9	0.178	0.0165 95	37.8	4.4	-14 39	18.0 78	92.8	-8.1 -8.2	-50.5 -86.2	1.38 4.3E-3	1.46 5.6E-3	17.7 0.1
2011-04-15.90	J1824+569	9.95	1.9	0.123	0.0175 95	37.8	4.5	-42 39	18.4 57	79.8	-7.2 -4.6	-44.4 -86.3	0.759 4.6E-3	0.803 6.7E-3	17.6 0.1
2011-04-15.91	J2038+513	10.00	1.9	0.149	0.0169 96	37.9	4.5	-50 58	20.6 51	100.8	-5.1 -4.9	-32.8 -69.6	1.10 4.4E-3	1.15 5.5E-3	17.8 0.1
2011-04-15.92	J0102+584	10.08	1.9	0.153	0.0172 96	37.8	4.3	29 63	1.0 58	-132.5	-3.9 -0.4	-44.9 -44.1	1.59 4.8E-3	1.78 7.5E-3	18.2 0.1
2011-04-15.93	J0359+510	10.13	1.9	0.192	0.0181 97	38.1	4.2	51 41	4.0 51	-78.8	-1.5 -7.6	-47.8 -65.5	2.14 5.1E-3	2.45 8.5E-3	18.4 0.0
2011-04-15.94	J0319+415	10.18	1.9	0.186	0.0247 64	37.8	4.2	66 46	3.3 42	-76.2	4.8 -7.7	-39.5 -56.6	1.61 0.014	2.97 0.027	20.8 0.2
2011-04-15.95	J0418+380	10.23	1.9	0.198	0.0171 96	38.0	4.1	66 35	4.3 38	-67.3	2.6 -10.6	-43.4 -68.7	1.94 5.1E-3	2.17 6.6E-3	18.1 0.0
2011-04-15.96	J0359+510	10.28	1.9	0.181	0.0173 97	37.7	4.1	51 42	4.0 51	-80.2	-0.6 -6.9	-46.9 -63.9	2.05 4.5E-3	2.34 6.4E-3	18.5 0.0
2011-04-15.97	J0217+738	10.34	1.9	0.158	0.0169 97	37.7	4.1	15 49	2.3 74	-129.9	-4.7 -6.5	-49.4 -70.1	0.905 5.0E-3	0.932 5.7E-3	17.5 0.1
2011-04-15.98	J0102+584	10.38	1.9	0.225	0.0165 97	37.5	4.1	25 65	1.0 58	-139.9	-5.5 -1.3	-46.2 -45.4	1.67 4.6E-3	1.86 7.5E-3	18.1 0.0
2011-04-15.99	J0102+584	10.47	1.9	0.216	0.0168 97	37.6	4.0	24 65	1.0 58	-142.0	-6.3 -2.0	-46.9 -46.3	1.69 4.4E-3	1.83 7.2E-3	17.9 0.0
2011-04-15.102	Uranus	10.72	1.9	0.211	0.0496 68	37.6	4.1	178 53	0.1 0	-1.5	3.5 -2.0	-12.5 -40.8	8.53 0.038	11.0 0.047	19.3 0.1
2011-04-15.103	Uranus	10.76	1.7	0.167	0.0308 82	34.0	4.1	179 53	0.1 0	-0.8	3.7 -2.0	-12.0 -41.0	9.11 0.019	11.3 0.022	19.6 0.0
2011-04-15.104	Uranus	10.81	1.6	0.239	0.0347 81	34.0	4.0	-180 53	0.1 0	0.3	3.7 -1.6	-11.7 -40.9	8.76 0.019	10.7 0.023	19.4 0.0
2011-04-15.105	Uranus	10.84	1.7	0.200	0.0281 80	34.1	4.0	-179 53	0.1 0	1.0	3.7 -1.9	-11.4 -41.4	8.84 0.023	11.1 0.022	19.7 0.0
2011-04-15.106	Uranus	10.89	1.9	0.162	0.0267 79	37.7	4.0	-178 53	0.1 0	1.9	4.6 -3.2	-10.2 -43.0	8.41 0.015	11.0 0.020	20.2 0.0
2011-04-15.107	Uranus	10.93	1.9	0.181	0.0268 78	37.5	4.0	-177 53	0.1 0	2.7	2.5 -2.1	-12.1 -42.2	8.43 0.017	10.9 0.019	20.1 0.0
2011-04-15.108	Mars	13.30	1.9	0.273	0.0391 66	37.6	5.4	-134 47	0.6 3	35.3	2.1 0.8	-8.9 -62.1	29.8 0.042	42.6 0.059	21.1 0.0
2011-04-15.109	Mars	13.38	1.9	0.240	0.0403 62	37.9	5.4	-132 46	0.6 3	36.2	0.8 1.2	-10.7 -63.0	23.3 0.044	39.4 0.054	22.7 0.0
2011-04-15.110	Mars	13.42	1.9	0.240	0.0386 58	37.6	5.4	-132 45	0.6 3	36.7	3.0 4.0	-8.7 -60.8	27.9 0.055	40.3 0.064	20.9 0.0
2011-04-15.111	Mars	13.52	1.9	0.340	0.0454 59	37.8	5.3	-130 45	0.6 3	37.8	1.7 -1.0	-10.6 -67.6	26.3 0.069	43.1 0.085	22.0 0.1
2011-04-15.112	Mars	13.56	1.7	0.349	0.0346 64	34.2	5.3	-129 44	0.6 3	38.3	2.6 -0.4	-10.0 -67.7	25.7 0.047	43.2 0.056	22.5 0.0
2011-04-15.113	Mars	13.63	1.9	0.348	0.0321 61	37.9	5.4	-128 44	0.6 3	38.9	1.3 2.1	-11.6 -66.2	29.6 0.043	43.2 0.060	21.1 0.0
2011-04-15.114	Mars	13.67	1.7	0.348	0.0352 56	34.2	5.4	-128 43	0.6 3	39.3	3.9 1.4	-9.3 -67.5	26.3 0.048	43.1 0.073	22.4 0.0
2011-04-15.115	Mars	13.82	1.9	0.409	0.0259 95	37.9	5.4	-125 42	0.6 3	40.8	2.8 0.4	-11.5 -71.1	29.9 0.035	45.2 0.045	21.5 0.0
2011-04-15.116	J0112+227	13.93	1.8	0.365	0.0167 90	37.9	5.3	-109 60	1.2 23	54.8	-0.5 -4.5	-2.0 -63.6	0.247 4.0E-3	0.280 6.3E-3	18.4 0.3
2011-04-15.120	J0112+227	14.56	1.9	0.269	0.0173 88	38.2	5.5	-101 52	1.2 23	58.3	-3.1 -0.4	-10.5 -71.2	0.244 4.6E-3	0.250 4.4E-3	17.3 0.3
2011-04-15.121	J0112+227	14.65	1.9	0.280	0.0177 87	38.0	5.4	-100 51	1.2 23	58.6	0.4 -1.7	-7.8 -74.0	0.251 4.4E-3	0.271 5.1E-3	17.8 0.3
2011-04-15.122	J0112+227	14.84	1.9	0.242	0.0203 87	37.9	5.4	-98 49	1.2 23	59.1	-2.9 -5.7	-13.0 -81.3	0.251 5.4E-3	0.283 7.4E-3	18.6 0.4
2011-04-15.126	J0112+227	15.49	1.9	0.288	0.0173 95	38.0	6.0	-91 41	1.2 23	59.9	-0.8 -6.4	-17.1 -92.3	0.231 4.0E-3	0.242 5.3E-3	17.1 0.3
2011-04-15.130	J0112+227	16.07	1.9	0.334	0.0173 97	38.0	7.0	-86 34	1.2 23	59.7	3.9 -6.7	-17.7 -100.7	0.267 5.0E-3	0.283 6.3E-3	17.6 0.3
2011-04-15.134	J0112+227	16.70	1.9	0.341	0.0163 93	38.0	8.0	-81 27	1.2 23	58.7	1.9 -6.9	-25.2 -108.4	0.230 4.8E-3	0.238 5.4E-3	17.6 0.4
2011-04-15.135	J0405-131	16.79	1.9	0.421	0.0169 93	37.7	7.3	-144 32	4.1 -13	28.8	4.1 -4.9	-21.3 -78.5	0.260 6.4E-3	0.288 5.5E-3	18.1 0.4
2011-04-15.136	J0920+447	16.96	1.9	0.390	0.0156 95	38.1	7.7	63 55	9.3 45	-86.3	-16.3 -14.0	-58.6 -81.5	0.743 4.5E-3	0.822 6.2E-3	18.2 0.1
2011-04-15.140	J0920+447	17.46	1.9	0.378	0.0157 97	37.9	7.3	63 60	9.3 45	-91.4	-17.4 -10.9	-56.9 -73.3	0.797 4.0E-3	0.862 5.9E-3	18.1 0.1
2011-04-15.144	J0920+447	18.04	1.9	0.503	0.0150 97	37.0	6.6	62 67	9.3 45	-98.6	-19.2 -8.3	-54.8 -64.1	0.804 4.1E-3	0.855 5.5E-3	17.8 0.1
2011-04-15.148	J0920+447	18.65	1.9	0.487	0.0146 97	37.5	5.0	57 73	9.3 45	-109.4	-19.1 -5.9	-49.1 -54.7	0.791 4.3E-3	0.821 5.6E-3	17.5 0.1
2011-04-15.152	J0920+447	19.36	1.9	0.455	0.0145 97	37.1	3.4	41 80	9.3 45	-132.9	-18.1 -4.9	-38.0 -47.2	0.786 3.7E-3	0.771 5.2E-3	17.1 0.1
2011-04-15.153	J0948+004	19.57	1.9	0.518	0.0140 96	37.7	3.2	158 51	9.8 0	-17.2	-14.2 -0.8	-52.0 -56.3	0.334 4.2E-3	0.311 3.6E-3	16.7 0.2
2011-04-15.154	J0948+004	19.61	1.9	0.457	0.0141 96	37.1	3.2	159 51	9.8 0	-16.5	-14.1 0.2	-51.9 -55.1	0.330 3.9E-3	0.311 3.4E-3	17.1 0.2
# Fri Apr 15 19:43:45 UTC 2011 - UT 14:36 pointing model changed
# Fri Apr 15 19:43:58 UTC 2011 - Reverted pointing model
2011-04-15.155	J0948+004	19.75	1.9	0.383	0.0148 92	37.1	3.1	162 52	9.8 0	-13.9	-3.4 1.0	-40.8 -53.2	0.322 4.0E-3	0.314 4.5E-3	17.2 0.2
2011-04-15.156	1418+546	19.99	1.9	0.374	0.0142 95	38.0	2.8	45 38	14.3 54	-76.8	2.3 7.7	-35.3 -96.8	0.222 3.8E-3	0.223 4.4E-3	17.0 0.3
2011-04-15.157	J1033+609	20.11	1.9	0.424	0.0147 95	36.9	2.7	19 64	10.6 61	-148.6	-0.8 -6.0	-19.8 -74.1	0.823 4.8E-3	0.842 5.5E-3	17.5 0.1
2011-04-15.161	1418+546	20.68	1.9	0.355	0.0149 97	37.9	2.0	47 44	14.3 54	-84.4	2.1 7.4	-32.2 -90.2	0.247 3.5E-3	0.253 5.4E-3	17.3 0.2
2011-04-15.162	J1033+609	20.74	1.9	0.360	0.0144 92	37.7	2.0	8 66	10.6 61	-166.1	0.3 2.0	-13.1 -60.6	0.802 4.0E-3	0.872 5.7E-3	17.8 0.1
2011-04-15.166	1418+546	21.56	1.9	0.188	0.0147 96	37.9	1.7	47 51	14.3 54	-95.1	1.7 5.8	-27.4 -80.8	0.233 4.2E-3	0.228 4.2E-3	16.8 0.3
2011-04-15.167	J1033+609	21.63	1.9	0.232	0.0153 98	37.2	1.7	-8 66	10.6 61	167.4	2.0 1.3	-6.3 -54.4	0.792 4.6E-3	0.883 5.7E-3	18.0 0.1
2011-04-15.171	1418+546	22.22	1.9	0.172	0.0148 97	37.4	2.1	45 57	14.3 54	-104.5	-0.5 3.9	-25.2 -73.3	0.238 3.6E-3	0.232 4.1E-3	16.7 0.3
2011-04-15.172	J1033+609	22.29	1.9	0.210	0.0156 99	37.6	2.2	-18 64	10.6 61	149.1	2.8 1.0	-5.2 -51.5	0.844 4.7E-3	0.955 6.6E-3	18.1 0.1
2011-04-15.176	1418+546	22.88	1.9	0.198	0.0148 98	37.8	2.2	41 63	14.3 54	-116.2	-0.6 3.2	-20.1 -63.5	0.250 3.7E-3	0.243 4.2E-3	16.8 0.2
2011-04-15.177	J1033+609	22.96	1.9	0.147	0.0165 99	36.8	2.2	-27 61	10.6 61	133.0	3.0 1.1	-7.2 -50.4	0.849 5.1E-3	0.869 5.5E-3	17.4 0.1
2011-04-15.181	1418+546	23.58	1.9	0.183	0.0147 98	37.6	2.5	33 68	14.3 54	-132.1	-0.3 0.8	-14.0 -54.5	0.249 4.0E-3	0.249 4.2E-3	17.1 0.3
2011-04-15.182	J1033+609	23.66	1.9	0.155	0.0151 98	37.1	2.5	-32 57	10.6 61	118.8	4.2 0.2	-9.8 -52.6	0.868 4.2E-3	0.882 5.1E-3	17.2 0.1
2011-04-16.2	1418+546	0.25	1.9	0.139	0.0146 99	36.7	2.6	20 71	14.3 54	-152.7	-1.0 -0.9	-9.6 -45.1	0.238 3.2E-3	0.235 3.9E-3	16.8 0.2
2011-04-16.3	J1033+609	0.32	1.9	0.174	0.0188 97	37.2	2.5	-36 52	10.6 61	107.4	5.2 0.5	-13.1 -55.1	0.861 5.3E-3	0.853 6.2E-3	17.2 0.1
2011-04-16.7	1418+546	0.90	1.9	0.171	0.0145 97	36.6	2.3	2 73	14.3 54	-177.8	1.7 -1.6	-4.5 -36.2	0.227 3.5E-3	0.229 3.7E-3	17.2 0.3
2011-04-16.8	J1033+609	0.96	1.9	0.196	0.0159 98	37.0	2.3	-37 48	10.6 61	97.8	5.5 0.7	-17.0 -58.3	0.886 4.7E-3	0.916 5.8E-3	17.4 0.1
2011-04-16.13	1418+546	1.63	1.9	0.219	0.0168 98	36.7	2.0	-19 71	14.3 54	153.8	4.1 -3.3	-4.6 -31.9	0.236 4.4E-3	0.241 4.2E-3	17.2 0.3
2011-04-16.14	J1033+609	1.69	1.9	0.201	0.0157 98	37.3	2.0	-38 43	10.6 61	87.9	5.2 2.0	-21.8 -61.1	0.861 4.4E-3	0.863 4.3E-3	17.3 0.1
2011-04-16.18	1418+546	2.26	1.9	0.132	0.0159 98	36.9	1.8	-32 68	14.3 54	134.1	2.9 -0.5	-10.7 -29.7	0.235 4.0E-3	0.252 5.1E-3	17.7 0.3
2011-04-16.19	J1033+609	2.32	1.9	0.132	0.0182 96	37.2	1.8	-37 38	10.6 61	80.1	4.7 -0.1	-25.7 -66.8	0.807 4.4E-3	0.832 5.8E-3	17.4 0.1
2011-04-16.24	1418+546	3.06	1.9	0.136	0.0176 96	37.5	1.1	-41 62	14.3 54	115.7	1.6 -1.7	-18.8 -36.7	0.242 3.7E-3	0.239 4.6E-3	17.1 0.3
2011-04-16.25	J1033+609	3.11	1.9	0.152	0.0171 97	36.8	1.0	-35 32	10.6 61	70.7	2.7 -0.9	-31.4 -71.8	0.858 4.9E-3	0.914 5.8E-3	17.5 0.1
2011-04-16.29	1418+546	3.68	1.9	0.150	0.0192 98	37.2	1.0	-45 57	14.3 54	104.8	-0.3 -2.8	-25.5 -44.2	0.231 4.8E-3	0.221 4.9E-3	16.7 0.3
2011-04-16.30	J1033+609	3.74	1.9	0.115	0.0161 97	37.6	1.1	-33 28	10.6 61	63.5	1.7 -2.6	-34.8 -76.4	0.805 4.4E-3	0.866 6.2E-3	17.5 0.1
2011-04-16.34	1418+546	4.32	1.9	0.133	0.0171 99	37.9	0.9	-47 52	14.3 54	95.6	-1.4 -3.0	-30.7 -51.5	0.245 3.3E-3	0.236 4.2E-3	17.1 0.2
2011-04-16.35	J1033+609	4.37	1.9	0.165	0.0211 95	37.1	1.0	-31 24	10.6 61	56.3	-0.4 -4.1	-38.9 -80.5	0.808 6.4E-3	0.842 6.7E-3	17.2 0.1
2011-04-16.39	1418+546	4.94	1.9	0.117	0.0157 98	37.0	1.5	-47 46	14.3 54	87.8	-0.8 -2.9	-33.6 -58.4	0.262 3.5E-3	0.262 4.0E-3	17.4 0.2
2011-04-16.40	J1033+609	5.00	1.9	0.135	0.0155 97	37.7	1.5	-28 20	10.6 61	49.2	-1.4 -6.2	-41.4 -84.9	0.772 4.1E-3	0.834 5.7E-3	17.4 0.1
2011-04-16.44	1418+546	5.56	1.9	0.143	0.0157 99	37.1	1.4	-46 41	14.3 54	80.7	-1.1 -3.2	-36.7 -65.5	0.256 4.4E-3	0.257 4.0E-3	17.2 0.3
2011-04-16.46	J1734+390	5.70	1.9	0.126	0.0154 97	37.4	1.3	-77 72	17.6 39	88.9	1.7 -1.2	-20.7 -28.2	0.738 4.1E-3	0.832 5.1E-3	18.3 0.1
2011-04-16.54	J1734+390	6.86	1.9	0.097	0.0162 51	37.0	2.7	-74 59	17.6 39	80.6	-1.6 4.8	-29.6 -43.4	0.792 4.6E-3	0.788 5.5E-3	18.0 0.1
2011-04-16.56	J1734+390	7.13	1.9	0.114	0.0179 99	37.1	3.5	-73 55	17.6 39	78.9	-2.8 5.6	-32.0 -47.3	0.831 5.3E-3	0.823 5.8E-3	17.4 0.1
2011-04-16.58	J1734+390	7.36	1.9	0.168	0.0178 95	37.9	3.4	-72 53	17.6 39	77.5	-2.7 5.7	-32.9 -51.0	0.767 5.4E-3	0.833 6.2E-3	18.0 0.1
2011-04-16.62	J1734+390	7.93	1.9	0.120	0.0162 99	37.8	4.0	-70 46	17.6 39	74.0	-3.9 7.1	-36.3 -58.5	0.739 4.5E-3	0.818 5.6E-3	18.2 0.1
2011-04-16.66	J1801+441	9.35	1.9	0.171	0.0219 79	37.8	3.3	-59 37	18.0 44	71.6	-8.4 6.3	-43.8 -74.0	0.198 6.2E-3	0.234 7.5E-3	17.6 0.5
2011-04-16.67	J1801+441	9.45	1.9	0.129	0.0202 79	37.6	3.4	-58 36	18.0 44	70.8	-10.4 4.8	-46.1 -76.8	0.194 6.2E-3	0.253 9.3E-3	18.5 0.6
# Sat Apr 16 09:41:14 UTC 2011 - UT 09:00 Added metal strips alongside ellipsoidal mirror
2011-04-16.68	2216-038	9.70	1.9	0.148	0.0191 71	37.5	4.3	-162 48	22.3 -4	14.0	-2.6 9.7	-22.2 -40.6	0.301 6.6E-3	0.325 7.4E-3	18.6 0.4
2011-04-16.72	2216-038	10.31	1.9	0.221	0.0165 99	37.0	3.9	-150 45	22.3 -4	23.6	-1.1 6.1	-19.8 -50.6	0.352 4.0E-3	0.390 5.0E-3	18.2 0.2
# Sat Apr 16 10:35:33 UTC 2011 - Ran out of 4He in Scan 74
2011-04-16.75	Mars	13.35	1.9	0.699	0.1680 45	37.9	5.0	-132 46	0.7 4	36.2	0.2 0.5	-10.9 -63.4	22.7 0.089	29.0 0.10	20.1 0.1
# Sat Apr 16 13:24:34 UTC 2011 - Crush autorun set to BRIGHT for scan 76+
# Sat Apr 16 13:30:26 UTC 2011 - Scans 76,77 not processed by crush correctly due to bad command line
2011-04-16.80	Mars	13.55	1.7	0.377	0.0672 50	34.2	5.1	-129 44	0.7 4	38.5	-0.2 4.5	-12.6 -62.7	27.9 0.063	38.1 0.060	20.8 0.0
# Sat Apr 16 13:45:57 UTC 2011 - retuned before scan 81
2011-04-16.81	Mars	13.77	1.9	0.215	0.4418 59	37.3	6.1	-125 42	0.7 4	40.7	-5.3 -2.8	-19.1 -73.6	8.18 0.30	20.9 0.31	27.5 0.8
2011-04-16.82	Mars	13.82	1.9	0.297	0.0822 93	37.1	6.2	-125 42	0.7 4	41.1	2.2 7.2	-12.0 -64.4	20.4 0.068	34.1 0.054	22.8 0.1
2011-04-16.83	Mars	13.85	1.9	0.297	0.0966 89	37.0	6.5	-124 41	0.7 4	41.4	-3.6 3.5	-18.1 -68.7	18.0 0.054	31.9 0.059	23.6 0.1
2011-04-16.84	Mars	13.90	1.9	0.250	0.1346 85	36.9	6.6	-123 41	0.7 4	41.9	1.9 0.6	-12.9 -72.4	18.8 0.10	27.6 0.097	21.6 0.1
# Sat Apr 16 13:57:48 UTC 2011 - Crush having problems - perhaps with writing FITS? 
# Sat Apr 16 13:58:12 UTC 2011 - Crush having problems: NullPtr AstroImage:483
# Sat Apr 16 14:21:01 UTC 2011 - IV curve shows most pixels saturated - then many came back - weather?
2011-04-16.87	J0237+288	14.38	1.9	0.221	0.0200 58	37.7	7.1	-115 73	2.6 29	55.9	-8.8 4.2	0.5 -34.4	0.937 7.6E-3	1.10 0.011	19.3 0.1
2011-04-16.88	J0237+288	14.51	1.9	0.728	0.0215 96	37.2	6.5	-112 72	2.6 29	57.9	-4.2 0.5	3.9 -41.2	0.996 8.6E-3	1.14 7.5E-3	18.4 0.2
2011-04-16.89	J0423-013	14.71	1.9	0.624	0.0747 84	37.3	6.8	174 51	4.4 -1	-5.1	-6.5 -1.7	-24.4 -41.5	0.313 0.027	0.341 0.019	17.4 1.5
2011-04-16.90	J0423-013	14.77	1.9	1.133	0.0224 91	36.7	6.9	175 51	4.4 -1	-4.1	3.8 0.8	-13.8 -39.2	1.93 0.012	2.51 0.016	19.8 0.1
2011-04-16.91	J0423-013	14.83	1.9	0.172	0.0313 94	37.4	6.8	176 52	4.4 -1	-3.0	-1.2 -4.2	-18.4 -44.5	1.09 0.011	1.31 0.011	18.6 0.2
2011-04-16.102	J0423-013	15.29	1.9	0.393	0.0301 89	36.8	5.1	-173 51	4.4 -1	5.9	0.4 -2.3	-14.8 -46.0	1.32 9.7E-3	1.54 0.011	18.5 0.1
2011-04-16.103	J0423-013	15.32	1.7	0.540	0.0523 91	34.2	5.1	-172 51	4.4 -1	6.6	-0.2 -1.9	-15.2 -46.0	1.01 0.013	1.04 0.012	17.4 0.2
# Sat Apr 16 15:28:18 UTC 2011 - More crush failures - small number of pixels probably
# Sat Apr 16 15:49:02 UTC 2011 - Relocked detectors
2011-04-16.116	J0423-013	15.89	1.9	1.382	0.0288 52	37.2	5.4	-159 50	4.4 -1	17.0	1.9 -1.9	-12.5 -52.1	2.15 0.017	2.21 0.018	17.3 0.1
2011-04-16.117	J0423-013	15.94	1.9	1.067	0.0376 57	36.8	6.0	-157 49	4.4 -1	17.9	0.4 4.1	-14.0 -46.8	1.58 0.017	1.74 0.019	17.7 0.2
2011-04-16.128	J0423-013	16.43	1.9	0.527	0.0542 70	37.9	7.5	-147 47	4.4 -1	25.6	0.2 -2.7	-15.3 -60.1	0.955 0.015	0.908 0.011	16.9 0.3
2011-04-16.129	J0423-013	16.47	1.9	0.230	0.0418 64	36.9	7.7	-147 46	4.4 -1	26.1	0.4 -6.9	-15.3 -64.8	0.990 0.011	1.03 9.9E-3	17.3 0.2
2011-04-16.140	J0423-013	16.96	1.8	0.661	0.0577 50	37.5	5.8	-137 43	4.4 -1	32.6	7.4 -2.7	-10.6 -67.6	0.873 0.026	0.949 0.020	16.6 0.5
# Sat Apr 16 17:29:06 UTC 2011 - Closing Shutter to enable noise measurements.
# Sat Apr 16 18:23:26 UTC 2011 - Taking shutter-closed IVs and noise data
# Sat Apr 16 18:25:52 UTC 2011 - 11-04-16_18_20_45.fits - telescope stationary shut clsd
# Sat Apr 16 18:29:34 UTC 2011 - 11-04-16_18_25_37.fits - telescope stationary shut clsd
# Sat Apr 16 18:36:41 UTC 2011 - 11-04-16_18_33_36.fits - telescope moving shut clsd
# Sat Apr 16 18:41:13 UTC 2011 - 11-04-16_18_37_17.fits - telescope moving shut clsd
2011-04-16.145	3C84	18.97	9.3	0.225	0.0235 85	38.0	3.0	-60 32	3.3 42	67.0	4.0 -4.4	-21.3 -102.3	4.93 7.5E-3	7.03 6.5E-3	19.1 0.0
2011-04-16.146	3C84	19.14	9.3	0.216	0.0222 75	38.1	3.0	-59 31	3.3 42	65.7	5.3 0.1	-21.2 -99.2	4.59 0.010	7.51 9.7E-3	18.7 0.0
2011-04-16.147	3C84	19.31	9.1	0.201	0.0213 79	34.3	2.8	-58 29	3.3 42	64.5	4.8 -1.6	-22.8 -102.1	4.49 8.3E-3	7.11 8.0E-3	18.5 0.0
2011-04-16.148	1418+546	19.58	1.9	0.270	0.0156 97	37.1	2.7	44 35	14.3 54	-73.1	0.8 4.5	-38.2 -102.7	0.223 3.5E-3	0.219 3.9E-3	16.7 0.3
2011-04-16.149	1418+546	19.63	1.9	0.285	0.0154 97	37.8	2.7	45 35	14.3 54	-73.7	2.5 2.5	-36.3 -104.3	0.227 4.2E-3	0.232 3.9E-3	17.0 0.3
2011-04-16.150	1418+546	19.67	1.7	0.231	0.0156 97	34.4	2.7	45 36	14.3 54	-74.1	-0.6 1.1	-39.3 -105.4	0.224 4.1E-3	0.236 4.8E-3	17.1 0.3
2011-04-16.151	1418+546	19.71	1.9	0.269	0.0158 97	37.2	2.6	45 36	14.3 54	-74.5	0.8 2.7	-37.7 -103.6	0.221 4.4E-3	0.219 4.7E-3	16.6 0.3
2011-04-16.152	1418+546	19.77	1.9	0.276	0.0164 97	37.6	2.5	45 36	14.3 54	-75.1	0.0 2.8	-38.2 -102.9	0.222 5.3E-3	0.219 4.3E-3	16.9 0.4
2011-04-16.153	1418+546	19.80	1.9	0.307	0.0158 97	37.2	2.4	45 37	14.3 54	-75.5	2.4 4.3	-35.7 -101.1	0.224 3.9E-3	0.232 4.5E-3	17.0 0.3
2011-04-16.154	1418+546	19.84	1.7	0.318	0.0158 97	34.2	2.3	45 37	14.3 54	-75.9	0.9 2.6	-37.1 -102.5	0.229 4.3E-3	0.230 5.0E-3	16.7 0.3
2011-04-16.155	J1033+609	19.90	1.9	0.268	0.0148 98	37.4	2.3	21 63	10.6 61	-145.0	-2.1 0.2	-22.6 -69.3	0.775 3.5E-3	0.815 5.1E-3	17.7 0.1
2011-04-16.159	J1033+609	20.47	1.9	0.348	0.0154 98	37.3	2.8	12 65	10.6 61	-160.3	-0.8 0.5	-16.0 -64.1	0.790 4.4E-3	0.841 5.5E-3	17.8 0.1
2011-04-16.160	1418+546	20.53	1.9	0.275	0.0149 97	37.6	2.8	47 43	14.3 54	-83.5	0.1 5.4	-34.8 -93.1	0.225 3.9E-3	0.235 4.5E-3	17.4 0.3
2011-04-16.164	J1033+609	21.11	1.9	0.313	0.0162 97	36.8	2.8	1 66	10.6 61	-179.0	0.2 0.7	-10.3 -58.6	0.760 4.6E-3	0.826 5.8E-3	17.9 0.1
2011-04-16.165	1418+546	21.17	1.9	0.312	0.0155 97	37.5	2.9	47 49	14.3 54	-91.0	-0.2 5.0	-31.5 -85.9	0.237 3.5E-3	0.238 4.3E-3	17.0 0.3
2011-04-16.169	1418+546	21.75	1.9	0.352	0.0147 97	37.4	3.3	46 54	14.3 54	-98.6	-0.7 3.5	-28.3 -79.6	0.229 3.5E-3	0.219 3.7E-3	17.0 0.3
2011-04-16.170	J1033+609	21.82	1.9	0.408	0.0152 97	37.2	3.3	-12 65	10.6 61	160.1	0.3 0.1	-7.6 -54.3	0.793 4.8E-3	0.865 5.8E-3	17.8 0.1
2011-04-16.174	1418+546	22.42	1.9	0.386	0.0147 97	37.2	3.2	44 59	14.3 54	-108.9	-1.2 2.5	-24.0 -70.8	0.236 3.5E-3	0.227 4.3E-3	16.8 0.2
2011-04-16.177	1418+546	22.63	1.9	0.368	0.0149 97	36.8	3.1	42 61	14.3 54	-112.6	-1.6 1.1	-22.8 -68.8	0.229 3.9E-3	0.229 4.1E-3	17.1 0.3
2011-04-16.181	0923+392	23.24	1.9	0.367	0.0172 97	37.0	3.1	-72 52	9.5 39	77.3	1.0 0.1	-19.9 -50.1	2.86 6.2E-3	3.11 8.3E-3	18.2 0.0
2011-04-16.182	1418+546	23.35	1.9	0.313	0.0150 97	37.8	2.8	35 67	14.3 54	-127.9	-0.6 0.4	-15.7 -57.8	0.224 3.7E-3	0.227 3.7E-3	17.5 0.3
2011-04-16.186	1418+546	23.95	1.7	0.315	0.0155 98	33.9	1.7	25 70	14.3 54	-144.8	0.1 0.4	-10.2 -48.0	0.205 4.9E-3	0.227 5.3E-3	17.5 0.4
2011-04-16.187	J1033+609	0.02	1.9	0.376	0.0215 94	37.3	1.5	-35 54	10.6 61	111.3	2.2 0.8	-14.4 -53.9	0.815 6.3E-3	0.841 6.8E-3	18.1 0.1
2011-04-17.4	1418+546	0.60	1.9	0.342	0.0151 97	37.0	1.7	9 72	14.3 54	-168.3	0.1 -0.1	-6.5 -38.1	0.222 4.1E-3	0.249 5.7E-3	17.8 0.3
2011-04-17.5	J1033+609	0.66	1.9	0.369	0.0154 97	37.1	1.8	-37 50	10.6 61	101.2	3.0 1.0	-17.8 -56.9	0.793 5.1E-3	0.848 6.1E-3	17.9 0.1
2011-04-17.9	1418+546	1.24	1.9	0.287	0.0149 98	37.7	2.2	-10 72	14.3 54	166.3	1.0 -0.4	-5.8 -31.0	0.213 3.7E-3	0.220 5.0E-3	17.1 0.3
2011-04-17.10	J1033+609	1.29	1.9	0.376	0.0169 97	36.9	2.1	-38 45	10.6 61	92.3	2.4 1.1	-22.4 -60.4	0.818 5.8E-3	0.863 6.6E-3	17.7 0.1
2011-04-17.11	J1033+609	1.33	9.6	0.353	0.0160 97	76.6	2.1	-38 44	10.6 61	90.9	2.7 0.3	-22.6 -61.9	0.867 3.6E-3	1.02 5.8E-3	18.2 0.1
2011-04-17.12	J1033+609	1.50	9.6	0.370	0.0184 97	76.6	2.0	-38 43	10.6 61	88.6	2.4 -0.5	-23.9 -63.7	0.864 3.9E-3	0.967 5.3E-3	17.9 0.1
2011-04-17.13	J1033+609	1.67	9.6	0.285	0.0176 93	76.6	2.2	-38 42	10.6 61	86.4	2.3 -1.1	-25.0 -65.3	0.833 3.6E-3	0.971 6.0E-3	18.1 0.1
2011-04-17.14	J1033+609	2.01	1.9	0.244	0.0194 96	37.1	2.3	-37 40	10.6 61	83.1	1.9 -1.7	-27.0 -67.2	0.764 5.0E-3	0.794 6.9E-3	17.5 0.1
2011-04-17.15	1418+546	2.06	1.9	0.270	0.0156 97	36.9	2.2	-29 69	14.3 54	137.8	0.4 -0.9	-11.9 -29.7	0.211 3.9E-3	0.225 4.3E-3	17.6 0.3
2011-04-17.19	J1033+609	2.63	1.9	0.281	0.0217 95	37.2	2.7	-36 35	10.6 61	75.5	1.4 -1.1	-30.8 -69.9	0.769 7.1E-3	0.804 8.2E-3	17.1 0.2
2011-04-17.20	1418+546	2.69	1.9	0.284	0.0193 91	37.5	2.7	-38 65	14.3 54	121.9	1.3 -1.0	-16.4 -33.3	0.197 4.8E-3	0.197 5.1E-3	16.8 0.4
2011-04-17.24	J1033+609	3.26	1.9	0.262	0.0153 92	37.1	2.2	-35 31	10.6 61	68.2	-0.4 -2.4	-35.3 -74.4	0.771 4.6E-3	0.848 5.9E-3	17.9 0.1
2011-04-17.25	1418+546	3.32	1.7	0.267	0.0174 97	34.2	2.2	-43 60	14.3 54	109.6	0.5 -1.1	-22.3 -39.3	0.224 4.6E-3	0.231 5.8E-3	17.6 0.4
2011-04-17.29	1418+546	3.97	1.9	0.202	0.0291 86	37.7	2.1	-46 54	14.3 54	99.5	-2.1 -2.0	-29.5 -47.3	0.206 6.2E-3	0.191 5.8E-3	17.0 0.5
2011-04-17.30	J1033+609	4.03	1.7	0.226	0.0189 84	34.1	2.1	-32 26	10.6 61	59.5	-1.8 -4.2	-39.3 -79.5	0.674 6.0E-3	0.726 7.2E-3	17.0 0.2
2011-04-17.34	1418+546	4.64	1.9	0.214	0.0206 95	37.1	2.0	-47 48	14.3 54	90.6	-1.2 -4.0	-32.6 -56.9	0.227 5.2E-3	0.241 5.6E-3	17.6 0.4
2011-04-17.38	1418+546	5.21	1.9	0.257	0.0269 83	36.7	1.7	-47 43	14.3 54	83.9	-5.1 -2.7	-39.3 -61.8	0.219 6.6E-3	0.236 7.5E-3	17.2 0.5
2011-04-17.42	MWC349	5.83	1.9	0.240	0.0159 98	38.0	1.0	70 75	20.5 41	-97.6	-0.1 3.0	-23.4 -23.9	0.958 4.2E-3	1.10 5.9E-3	18.3 0.1
2011-04-17.43	MWC349	5.87	1.9	0.269	0.0159 97	37.1	1.0	70 75	20.5 41	-98.2	0.2 3.2	-22.9 -23.0	0.980 5.1E-3	1.09 5.7E-3	18.0 0.1
2011-04-17.44	3C454.3	5.93	1.9	0.247	0.0234 64	37.7	0.9	99 39	22.9 16	-55.1	10.7 2.0	-27.9 -62.9	1.38 0.016	3.43 0.025	24.3 0.2
2011-04-17.45	2134+004	6.19	1.9	0.245	0.0165 97	37.2	1.0	136 45	21.6 1	-33.6	3.6 8.1	-32.9 -49.2	0.861 3.7E-3	0.964 5.8E-3	18.1 0.1
2011-04-17.46	2131-021	6.26	1.9	0.228	0.0153 97	37.5	1.1	140 43	21.6 -2	-30.8	3.5 8.7	-33.2 -49.3	0.653 4.1E-3	0.748 6.8E-3	18.3 0.1
2011-04-17.50	2131-021	6.82	1.9	0.274	0.0154 97	37.6	2.0	151 47	21.6 -2	-22.9	2.8 9.0	-30.7 -42.6	0.688 4.8E-3	0.753 5.9E-3	18.0 0.1
# GISMO warming up -- ran out of He4...
# OK after refill...
2011-04-17.53	1749+096	7.39	1.9	0.232	0.0177 97	37.7	2.9	-113 41	17.9 10	48.3	-7.2 4.1	-39.4 -60.4	3.03 4.9E-3	3.54 8.3E-3	18.5 0.0
2011-04-17.57	1749+096	7.98	1.9	0.272	0.0172 91	37.0	3.9	-105 35	17.9 10	51.3	-10.0 5.8	-43.5 -66.5	3.15 5.4E-3	3.59 8.6E-3	18.0 0.0
2011-04-17.61	1749+096	8.55	1.9	0.331	0.0180 93	37.3	4.1	-99 28	17.9 10	53.0	-12.1 7.8	-47.3 -71.8	3.02 5.6E-3	3.52 9.7E-3	18.1 0.0
2011-04-17.65	Uranus	9.25	1.9	0.358	0.0244 94	36.6	4.3	147 48	0.1 0	-25.8	-0.7 3.1	-28.5 -37.5	10.0 0.021	12.3 0.018	19.2 0.0
2011-04-17.66	Uranus	9.30	1.7	0.439	0.0246 94	33.9	4.2	148 48	0.1 0	-25.1	0.2 3.8	-27.2 -36.6	10.3 0.022	12.9 0.022	19.6 0.0
2011-04-17.67	Uranus	9.34	1.9	0.394	0.0244 92	36.8	4.1	149 49	0.1 0	-24.5	-1.0 2.5	-28.1 -37.6	10.2 0.017	12.8 0.017	19.6 0.0
2011-04-17.68	Uranus	9.39	1.9	0.423	0.0231 93	37.1	4.2	150 49	0.1 0	-23.7	-0.5 0.9	-27.2 -38.9	10.2 0.020	13.0 0.018	19.7 0.0
# Sun Apr 17 09:41:23 UTC 2011 - For focus on Uranus: CRUSH set to bright
2011-04-17.69	Uranus	9.67	1.9	0.437	0.0213 94	37.7	3.8	156 51	0.1 0	-19.1	-0.2 2.4	-24.4 -36.0	10.7 0.016	13.3 0.022	19.4 0.0
2011-04-17.70	Uranus	9.77	1.9	0.463	0.0195 95	37.1	3.7	158 51	0.1 0	-17.3	0.3 1.7	-22.9 -36.3	10.7 0.017	13.1 0.016	19.4 0.0
2011-04-17.71	Uranus	9.83	1.9	0.522	0.0212 92	37.0	3.8	160 51	0.1 0	-16.2	0.5 2.4	-22.1 -35.5	10.8 0.020	13.9 0.019	20.0 0.0
2011-04-17.72	Uranus	9.94	1.9	0.477	0.0187 95	37.9	3.8	162 52	0.1 0	-14.2	0.7 1.1	-20.9 -36.6	9.36 0.021	12.9 0.018	20.4 0.0
# Sun Apr 17 10:36:07 UTC 2011 - OTF Mars scan 2011-04-17.74 did not get seen/started by IRC; restarting as 75
2011-04-17.75	Mars	10.58	9.6	0.668	0.0192 94	76.3	4.2	163 56	0.7 4	-13.3	-1.1 1.2	-18.9 -31.5	33.4 0.033	52.0 0.032	21.2 0.0
2011-04-17.76	Mars	10.76	15.8	0.716	0.0502 91	32.4	4.5	169 56	0.7 4	-8.4	-1.6 2.2	-17.2 -31.0	30.8 0.028	49.6 0.035	21.6 0.0
2011-04-17.78	J0237+288	11.40	1.9	0.564	0.0323 84	37.7	4.7	103 66	2.6 29	-62.8	2.4 2.1	-28.9 -17.5	0.675 0.011	0.835 0.011	19.2 0.3
# Sun Apr 17 11:28:44 UTC 2011 - Helium4 ran out before scan 79
# Sun Apr 17 12:54:15 UTC 2011 - Scan 74 possibly stored in scan 73 data file! (due to strange IRAM messaging with IMBFitsStart)
#2011-04-17.82	J0005+383	14.34	1.9	-0.032	0.0503 63	37.3	5.7	-70 47	0.1 38	73.7	-5.1 4.5	-23.1 -83.1	0.0824 7.4E-3	0.0661 4.1E-3	8.1 0.7
# Sun Apr 17 14:52:07 UTC 2011 - Took calibration file: 2011-04-14_45_08- shutter closed, 30min 50Hz
# Sun Apr 17 15:27:35 UTC 2011 - Took calibration file: 2011-04-15_25_24- shutter closed, 30min 50Hz, tscope moving (scan .86)
2011-04-17.87	J0237+288	16.17	1.9	0.881	0.0154 94	37.7	5.5	-89 52	2.6 29	65.6	-0.2 1.9	-9.2 -72.3	1.19 6.1E-3	1.40 9.7E-3	18.8 0.1
2011-04-17.88	J0230+405	16.34	1.9	0.863	0.0150 94	37.3	6.4	-69 52	2.5 41	78.7	-2.4 1.3	-14.6 -79.3	0.230 5.7E-3	0.259 6.0E-3	18.0 0.4
# Sun Apr 17 16:23:46 UTC 2011 - tau sucks - Elmer
2011-04-17.91	J0230+405	16.77	1.9	0.790	0.0152 93	37.1	9.4	-67 47	2.5 41	75.8	0.8 -0.1	-14.6 -86.1	0.219 5.8E-3	0.249 7.3E-3	18.1 0.5
2011-04-17.95	J0230+405	17.43	1.9	0.874	0.0165 90	37.2	10.9	-64 40	2.5 41	71.4	3.7 0.0	-16.6 -93.5	0.213 5.9E-3	0.217 5.7E-3	17.0 0.5
2011-04-17.99	J0230+405	18.00	1.9	0.627	0.0208 88	37.5	9.5	-62 34	2.5 41	67.5	4.3 -1.4	-20.2 -100.6	0.167 7.9E-3	0.160 6.0E-3	16.3 0.8
2011-04-17.102	J1033+609	18.45	1.9	0.687	0.0149 95	37.5	7.2	33 56	10.6 61	-115.7	-2.4 0.1	-35.1 -80.0	0.729 5.1E-3	0.804 5.7E-3	18.1 0.1
2011-04-17.103	1418+546	18.51	1.9	0.641	0.0162 79	37.6	6.8	41 27	14.3 54	-62.8	-1.4 0.8	-43.4 -112.0	0.198 7.0E-3	0.229 7.1E-3	17.7 0.6
2011-04-17.104	J1033+413	18.57	1.9	0.649	0.0150 95	37.2	6.3	70 61	10.6 41	-85.7	-3.4 -2.5	-41.2 -66.4	0.469 3.8E-3	0.517 6.3E-3	18.1 0.1
2011-04-17.108	J1033+413	19.14	1.9	0.760	0.0155 94	37.3	4.6	71 67	10.6 41	-91.0	-5.1 -0.2	-39.0 -56.0	0.458 4.8E-3	0.500 6.5E-3	17.9 0.2
2011-04-17.112	J1033+413	19.72	1.9	0.604	0.0171 93	37.4	4.2	69 74	10.6 41	-98.2	-2.8 1.0	-31.9 -46.0	0.428 4.6E-3	0.471 6.9E-3	18.0 0.2
2011-04-17.116	J0721+713	20.36	1.9	0.561	0.0153 91	37.2	4.3	-18 51	7.4 71	130.4	2.2 4.2	-15.6 -77.5	1.75 5.4E-3	1.94 7.9E-3	18.3 0.1
#2011-04-17.117	J0721+713	20.41	0.9	0.632	0.0153 91	36.1	4.3	-18 51	7.4 71	129.7	15.3 37.0	-2.4 -44.7	0.0772 0.012	0.194 0.016	24.6 3.2
2011-04-17.119	J0721+713	20.45	0.9	0.632	0.0160 92	36.6	4.4	-18 50	7.4 71	128.9	2.3 4.3	-15.5 -77.4	1.98 8.3E-3	2.17 0.013	18.0 0.1
2011-04-17.120	J0721+713	20.47	0.9	0.719	0.0150 91	36.2	4.4	-18 50	7.4 71	128.6	2.1 4.8	-15.6 -76.9	2.01 7.0E-3	2.10 0.011	17.6 0.1
2011-04-17.121	J0721+713	20.49	0.8	0.719	0.0162 86	34.2	4.3	-18 50	7.4 71	128.1	1.9 3.6	-15.9 -78.1	1.86 0.011	1.89 0.012	17.1 0.1
2011-04-17.122	J0721+713	20.51	0.9	0.743	0.0154 91	36.0	4.4	-18 50	7.4 71	127.9	2.3 4.0	-15.5 -77.7	1.86 8.0E-3	2.08 0.013	18.1 0.1
2011-04-17.123	J0721+713	20.53	0.8	0.743	0.0151 91	33.6	4.4	-19 50	7.4 71	127.5	2.8 3.8	-15.0 -77.9	1.71 8.5E-3	1.87 0.013	18.0 0.1
2011-04-17.124	J0948+004	20.71	1.9	0.651	0.0142 92	37.2	4.4	-170 53	9.8 0	7.7	-4.1 2.0	-39.1 -48.3	0.285 4.1E-3	0.296 6.0E-3	17.6 0.2
2011-04-17.128	J0948+004	21.30	1.9	0.983	0.0142 93	37.2	4.1	-156 51	9.8 0	18.6	-5.3 3.0	-40.2 -48.9	0.319 5.8E-3	0.320 5.0E-3	17.6 0.3
2011-04-17.132	J0948+004	21.86	1.9	0.701	0.0153 92	36.9	4.0	-145 48	9.8 0	27.5	-3.5 1.8	-39.0 -53.5	0.270 4.3E-3	0.262 4.6E-3	17.1 0.3
2011-04-17.136	J0948+004	22.42	1.9	0.790	0.0142 92	37.7	3.9	-134 43	9.8 0	34.8	-3.9 2.4	-40.5 -57.4	0.284 4.5E-3	0.295 5.8E-3	17.7 0.3
2011-04-17.140	J0948+004	23.10	1.9	0.580	0.0146 91	37.7	4.1	-124 37	9.8 0	41.6	-3.4 1.1	-41.7 -65.1	0.263 4.5E-3	0.283 6.5E-3	17.7 0.3
2011-04-17.144	J0909+014	23.66	1.9	0.720	0.0164 63	37.1	4.3	-108 24	9.2 1	49.4	-6.2 -2.2	-46.0 -79.5	1.05 5.5E-3	1.15 9.3E-3	17.7 0.1
2011-04-17.145	J0948+004	23.71	1.9	0.558	0.0147 90	37.8	4.3	-116 30	9.8 0	45.9	-6.1 -0.6	-45.8 -72.2	0.263 5.4E-3	0.265 5.6E-3	16.9 0.3
2011-04-17.146	IRC+10216	23.98	9.6	0.761	0.0142 87	76.6	4.0	-100 35	9.8 13	53.8	-3.9 -1.6	-40.2 -68.1	0.495 4.1E-3	0.805 7.3E-3	21.4 0.2
2011-04-18.1	J1031+603	0.19	1.9	0.671	0.0148 90	36.9	4.0	-37 52	10.5 60	106.3	1.7 -1.0	-16.4 -56.9	0.289 4.1E-3	0.294 5.1E-3	17.2 0.2
2011-04-18.5	J1031+603	0.76	1.9	0.640	0.0152 90	37.6	4.5	-38 48	10.5 60	97.7	0.1 0.3	-21.8 -58.8	0.290 4.7E-3	0.288 4.8E-3	16.9 0.3
2011-04-18.9	J1031+603	1.33	1.9	0.563	0.0167 90	37.3	4.3	-38 44	10.5 60	89.9	1.1 0.2	-24.4 -62.2	0.296 4.9E-3	0.306 6.7E-3	17.5 0.3
2011-04-18.13	J1031+603	2.14	1.9	0.310	0.0179 90	37.0	4.1	-38 38	10.5 60	79.9	-0.1 -0.3	-30.2 -67.3	0.246 4.8E-3	0.262 5.9E-3	17.6 0.3
2011-04-18.15	1418+546	2.22	1.9	0.301	0.0163 88	37.2	4.1	-33 68	14.3 54	131.7	-0.6 -3.0	-14.6 -32.7	0.201 4.3E-3	0.197 4.0E-3	16.9 0.4
2011-04-18.16	J1033+609	2.28	1.9	0.330	0.0163 94	37.0	4.2	-37 37	10.6 61	79.0	-0.1 -2.1	-30.7 -69.6	0.678 4.3E-3	0.760 6.0E-3	17.9 0.1
2011-04-18.20	1418+546	2.85	1.9	0.228	0.0210 93	37.7	4.5	-41 63	14.3 54	117.1	-2.1 1.2	-21.5 -33.1	0.181 5.1E-3	0.183 5.1E-3	17.3 0.5
2011-04-18.21	J1033+609	2.91	1.9	0.280	0.0210 93	37.6	4.5	-35 33	10.6 61	71.5	-1.3 -1.2	-34.9 -71.9	0.609 7.0E-3	0.688 7.2E-3	18.0 0.2
2011-04-18.26	1418+546	3.89	1.9	0.353	0.0202 91	37.0	4.2	-46 54	14.3 54	99.7	-1.8 -3.0	-29.0 -48.1	0.221 6.0E-3	0.237 7.2E-3	17.8 0.5
2011-04-18.27	J1033+609	3.94	1.9	0.388	0.0212 90	37.1	4.3	-32 26	10.6 61	59.7	-3.8 -8.7	-41.2 -84.1	0.675 7.6E-3	0.714 7.0E-3	17.3 0.2
2011-04-18.31	1418+546	4.51	1.9	0.412	0.0154 96	37.2	3.8	-47 49	14.3 54	91.4	-5.8 -6.6	-36.8 -58.7	0.198 4.5E-3	0.209 4.9E-3	17.3 0.4
2011-04-18.37	1418+546	5.42	1.9	0.576	0.0206 89	37.9	3.1	-46 41	14.3 54	80.8	-6.5 -5.8	-41.9 -67.7	0.192 5.9E-3	0.199 5.9E-3	16.8 0.5
2011-04-18.38	NGC7027	5.53	1.9	0.457	0.0185 95	37.6	3.1	68 66	21.1 42	-92.0	2.0 0.3	-25.2 -38.8	2.48 6.3E-3	3.26 8.3E-3	19.7 0.0
2011-04-18.41	NGC7027	6.07	1.9	0.503	0.0191 94	38.0	3.4	66 72	21.1 42	-98.9	3.2 2.2	-22.1 -27.7	2.54 6.0E-3	3.49 0.010	20.2 0.0
2011-04-18.42	NGC7027	6.28	1.9	0.475	0.0185 94	37.6	3.6	65 74	21.1 42	-102.4	2.8 1.6	-21.9 -24.9	2.49 5.9E-3	3.29 8.1E-3	19.8 0.0
2011-04-18.45	1923+210	6.94	1.9	0.552	0.0182 97	36.8	3.5	-136 69	19.4 21	36.6	-1.8 -1.0	-21.7 -33.5	0.397 7.5E-3	0.544 8.3E-3	19.9 0.3
2011-04-18.48	1923+210	7.22	1.9	0.505	0.0181 96	37.2	3.6	-128 67	19.4 21	42.5	-5.9 0.4	-25.9 -36.4	0.368 4.5E-3	0.471 7.7E-3	19.1 0.2
2011-04-18.49	J1743-038	7.60	1.9	0.462	0.0206 64	37.5	4.4	-119 28	17.7 -4	44.2	-10.7 5.0	-47.0 -69.5	1.53 8.9E-3	1.70 0.011	17.8 0.1
#2011-04-18.50	G022.06	7.65	9.6	0.482	0.0161 77	76.4	4.5	-132 30	18.5 -10	36.9	38.5 -74.4	3.2 -145.8	0.220 5.9E-3	0.293 5.9E-3	19.3 0.5
2011-04-18.52	1923+210	7.93	1.9	0.565	0.0180 63	38.0	4.6	-113 59	19.4 21	52.0	-4.6 0.3	-26.1 -48.4	0.501 5.1E-3	0.509 7.8E-3	17.5 0.2
2011-04-18.58	1923+210	8.71	1.9	0.649	0.0174 92	37.1	4.8	-102 50	19.4 21	56.9	-7.2 2.6	-31.6 -59.4	0.527 5.7E-3	0.568 7.4E-3	17.7 0.2
2011-04-18.62	J2225-050	9.22	1.9	0.728	0.0165 93	37.7	5.3	-173 48	22.4 -5	5.6	2.2 5.4	-20.0 -42.8	0.925 7.0E-3	1.13 8.6E-3	18.9 0.1
2011-04-18.66	J2225-050	9.79	1.9	0.694	0.0168 94	37.4	5.7	-161 46	22.4 -5	15.4	1.7 3.4	-18.5 -48.9	0.986 5.6E-3	1.15 8.0E-3	18.6 0.1
2011-04-18.70	J2225-050	10.36	1.9	0.673	0.0170 92	36.6	6.0	-149 43	22.4 -5	24.1	3.7 3.3	-15.9 -54.9	0.877 7.1E-3	1.10 8.8E-3	19.3 0.1
2011-04-18.72	MWC349	10.63	1.9	0.783	0.0176 92	37.7	5.5	-68 48	20.5 41	76.7	-9.1 -1.3	-35.6 -78.0	1.10 6.6E-3	1.19 8.6E-3	17.8 0.1
2011-04-18.75	J0230+405	11.24	1.9	0.909	0.0155 93	37.9	5.8	72 69	2.5 41	-91.4	-4.6 2.3	-42.3 -21.9	0.211 4.8E-3	0.219 5.6E-3	17.4 0.4
2011-04-18.80	J0230+405	12.01	1.9	1.278	0.0180 91	37.8	6.9	68 78	2.5 41	-102.6	-7.3 4.4	-42.8 -11.9	0.204 8.6E-3	0.208 7.7E-3	17.2 0.7
# Mon Apr 18 12:09:45 UTC 2011 - Ran_out_of_cryogen 08:01; just_before_J0230_final_scan
#2011-04-18.83	J0230+405	17.74	1.9	0.885	0.0478 61	38.1	3.7	-63 36	2.5 41	68.8	-0.8 2.4	-23.9 -95.2	0.137 0.017	0.0903 9.3E-3	12.1 1.5
#2011-04-18.84	J0230+405	17.80	1.9	0.966	0.0244 73	37.4	3.8	-62 35	2.5 41	68.4	-61.6 -196.7	-85.1 -294.9	1.80 0.087	1.18 0.054	11.5 0.6
2011-04-18.85	J0230+405	17.88	1.9	0.959	0.0167 77	36.9	3.7	-62 34	2.5 41	67.9	1.2 -1.6	-22.8 -100.5	0.235 6.8E-3	0.226 6.5E-3	16.5 0.5
# Mon Apr 18 18:21:44 UTC 2011 - IV curve at 6:20pmUT 
# Mon Apr 18 19:43:08 UTC 2011 - SkyDip IV Curve Default DAC 6000 for 89, 9000 for 90-94
# Mon Apr 18 20:46:37 UTC 2011 - Oops - open/closed shutter during 18.97 SMA
2011-04-18.98	1418+546	21.89	1.9	0.558	0.0183 87	37.4	2.0	46 56	14.3 54	-102.5	-2.5 4.4	-28.5 -75.0	0.209 5.1E-3	0.196 4.8E-3	16.9 0.4
2011-04-18.99	1418+546	21.96	0.9	0.509	0.0175 82	36.8	2.0	45 57	14.3 54	-103.5	-3.4 2.6	-28.9 -75.8	0.218 8.3E-3	0.202 0.011	16.4 0.6
2011-04-18.100	1418+546	21.98	0.8	0.509	0.0169 85	34.1	2.0	45 57	14.3 54	-103.8	-1.2 3.1	-26.5 -75.1	0.215 7.8E-3	0.207 0.010	16.4 0.6
2011-04-18.101	1418+546	22.00	0.8	0.514	0.0170 88	34.3	2.0	45 57	14.3 54	-104.2	-1.4 4.5	-26.6 -73.3	0.214 7.0E-3	0.199 7.5E-3	17.0 0.6
2011-04-18.102	1418+546	22.02	0.8	0.514	0.0177 84	34.2	2.0	45 57	14.3 54	-104.4	-3.7 0.3	-28.8 -77.2	0.191 6.2E-3	0.190 9.5E-3	16.7 0.5
2011-04-18.103	1418+546	22.05	0.8	0.525	0.0176 82	34.3	2.1	45 57	14.3 54	-104.8	0.4 4.0	-24.5 -73.2	0.201 8.3E-3	0.228 9.6E-3	17.5 0.7
2011-04-18.104	1418+546	22.11	0.9	0.542	0.0183 79	37.6	2.1	45 58	14.3 54	-105.8	0.2 4.4	-24.2 -71.8	0.207 8.8E-3	0.196 7.9E-3	16.3 0.7
2011-04-18.105	1418+546	22.13	0.9	0.542	0.0194 76	36.9	2.1	45 58	14.3 54	-106.2	-0.7 3.3	-25.0 -72.6	0.228 9.1E-3	0.223 0.011	16.9 0.7
2011-04-18.106	1418+546	22.16	0.8	0.516	0.0180 80	34.4	2.1	44 58	14.3 54	-106.5	-3.6 3.4	-27.7 -72.2	0.221 6.9E-3	0.214 1.0E-2	16.8 0.5
2011-04-18.107	1418+546	22.18	0.9	0.516	0.0188 88	37.1	2.1	44 58	14.3 54	-106.9	-6.1 2.6	-30.0 -72.7	0.194 6.2E-3	0.172 6.9E-3	16.5 0.5
2011-04-18.108	1418+546	22.20	0.9	0.613	0.0182 81	36.3	2.1	44 59	14.3 54	-107.2	-0.0 6.3	-23.8 -68.7	0.208 8.0E-3	0.191 7.7E-3	15.9 0.6
2011-04-18.109	1418+546	22.26	1.9	0.633	0.0170 88	37.5	2.1	44 59	14.3 54	-108.3	-1.3 3.2	-24.5 -70.7	0.210 5.9E-3	0.192 4.4E-3	15.9 0.4
2011-04-18.110	J1033+609	22.34	1.9	0.555	0.0168 83	37.0	2.1	-22 63	10.6 61	142.9	-0.7 0.1	-9.1 -52.6	0.734 5.2E-3	0.818 7.3E-3	17.9 0.1
2011-04-18.114	1418+546	22.97	1.9	0.467	0.0162 97	36.9	2.6	38 65	14.3 54	-122.1	0.3 3.1	-17.1 -59.6	0.204 4.2E-3	0.205 5.7E-3	17.3 0.4
2011-04-18.115	J1033+609	23.05	1.9	0.562	0.0168 96	36.7	2.6	-29 59	10.6 61	126.8	-0.6 0.7	-11.9 -52.1	0.773 5.1E-3	0.815 6.7E-3	17.8 0.1
2011-04-18.119	1418+546	23.65	1.9	0.511	0.0156 97	37.0	2.3	28 69	14.3 54	-139.7	-0.4 1.6	-12.0 -49.9	0.211 3.9E-3	0.205 3.8E-3	16.9 0.3
2011-04-18.120	J1033+609	23.73	1.9	0.494	0.0172 96	37.2	2.4	-34 55	10.6 61	114.1	0.1 0.7	-15.2 -53.9	0.749 4.6E-3	0.766 6.5E-3	17.5 0.1
2011-04-19.2	1418+546	0.32	1.9	0.738	0.0195 94	36.9	2.1	13 72	14.3 54	-162.4	-2.9 1.3	-10.0 -39.4	0.197 5.8E-3	0.196 5.9E-3	16.9 0.5
2011-04-19.3	J1033+609	0.38	1.9	0.729	0.0215 91	38.0	2.1	-37 51	10.6 61	103.4	1.1 0.1	-18.5 -57.5	0.721 7.7E-3	0.754 9.6E-3	17.6 0.2
2011-04-19.4	J1405+043	0.51	1.8	0.749	0.0153 94	37.0	2.1	180 57	14.1 4	-0.2	-2.4 2.8	-47.0 -47.6	0.0958 4.9E-3	0.0859 4.0E-3	15.6 0.8
2011-04-19.9	J1405+043	1.30	1.9	0.764	0.0150 90	37.2	2.0	-159 55	14.1 4	16.6	-3.2 5.5	-46.5 -41.6	0.108 4.4E-3	0.104 4.3E-3	16.6 0.7
2011-04-19.13	J1405+043	1.87	1.9	1.150	0.0192 90	37.8	2.2	-146 52	14.1 4	26.8	-9.0 6.1	-51.4 -42.3	0.121 7.9E-3	0.129 7.2E-3	17.2 1.1
# Tue Apr 19 02:19:22 UTC 2011 - Closing for rain.  Going to Sleep.  Dominic.
# Tue Apr 19 08:48:19 UTC 2011 - Restarted server: default dac 9000, det bias 8000
# Tue Apr 19 09:05:17 UTC 2011 - Took iv curves op/cl styrofoam: 52_59cl, 55_01&55_55,59_26 open, 01_05 cl 
