# id	object	project	UTh(f2)	obsmins(f1)	tau.225GHz(f3)	NEFD(f4) okchannels	scanspeed(f1)	Tamb(f1)	foc.dZ(f2)	AZd(f0) ELd(f0)	RAh(f1) DECd(f0)	PAd(f1)	pnt.dAZ(f1) pnt.dEL(f1)	pnt.X(f1) pnt.Y(f1)	src.peak(s3) src.dpeak(s2)	src.int(s3) src.dint(s2)	src.FWHM(f1) src.dFWHM(f1)
2013-10-23.6	Mars	test	9.08	1.7	0.883	0.0981 50	22.0	4.4	-2.00	-163 63	10.5 11	14.1	-24.1 11.1	-0.4 -58.8	33.7 0.32	74.5 1.5	26.3 0.2
2013-10-23.7	Mars	test	9.12	0.8	0.883	0.0352 52	39.7	4.4	-2.00	-162 63	10.5 11	14.8	-24.9 11.7	-0.9 -58.7	13.5 0.066	31.9 0.26	20.0 0.1
2013-10-23.8	Mars	test	9.18	1.6	1.142	0.2041 49	22.0	4.6	-2.00	-160 63	10.5 11	16.4	-23.0 10.0	1.3 -61.1	39.4 0.32	26.7 0.18	32.9 0.2
2013-10-23.9	Mars	test	9.21	1.1	0.832	0.1005 48	39.7	4.6	-2.00	-159 63	10.5 11	17.1	-21.9 11.0	2.6 -60.6	22.1 0.58	25.0 2.0	33.8 0.7
# Wed Oct 23 09:24:36 UTC 2013 - I'm running tests using old skydips - there'll be errant log entries - SFM
# Wed Oct 23 09:27:52 UTC 2013 - IH: Bad weather conditions. Testing the new lissajous and on-the-fly scripts
2013-10-23.11	Mars	test	9.45	1.1	0.861	0.0650 46	13.2	5.1	-2.00	-152 61	10.5 11	22.8	-21.0 8.9	5.0 -66.0	23.0 0.075	24.2 0.11	15.3 0.1
2013-10-23.12	Mars	test	9.48	0.6	0.861	0.0352 52	26.5	5.0	-2.00	-151 61	10.5 11	23.1	-24.0 9.5	2.1 -65.7	28.1 0.039	31.5 0.28	16.9 0.0
2013-10-23.13	Mars	test	9.56	1.7	0.872	0.0238 54	44.1	4.9	-2.00	-149 61	10.5 11	25.2	-23.6 11.1	2.9 -65.4	31.5 0.035	40.4 0.32	19.0 0.0
2013-10-23.14	Mars	test	9.61	1.6	0.872	0.0197 57	39.7	4.9	-2.00	-148 61	10.5 11	26.2	-22.9 12.1	3.8 -65.1	31.0 0.028	40.7 0.19	18.6 0.0
2013-10-23.15	Mars	test	9.65	1.6	0.842	0.0313 60	39.7	4.9	-2.00	-147 60	10.5 11	26.9	-21.2 10.7	5.7 -66.9	23.7 0.034	50.8 2.0	19.7 0.0
2013-10-23.16	Mars	test	9.71	3.2	0.809	0.0282 56	26.5	5.1	-2.00	-145 60	10.5 11	28.4	-21.9 10.6	5.2 -68.0	35.2 0.020	39.1 0.15	18.2 0.0
2013-10-23.17	Mars	test	9.77	1.4	0.809	0.0177 59	66.1	5.1	-2.00	-143 59	10.5 11	29.3	-23.5 10.0	3.9 -69.4	29.4 0.036	104 0.52	19.6 0.0
2013-10-23.21	Mars	test	10.43	1.0	0.797	0.0664 61	35.4	5.7	2.00	-129 54	10.5 11	39.5	-9.8 7.5	19.8 -81.1	2.94 0.18	27.0 2.2	60.7 2.7
2013-10-23.22	Mars	test	10.45	1.0	0.797	0.0546 65	37.3	5.6	1.40	-128 54	10.5 11	39.8	-17.7 10.7	7.4 -78.0	3.71 0.15	30.6 0.46	57.0 1.8
2013-10-23.23	Mars	test	10.48	1.0	0.797	0.0477 59	35.4	5.6	0.80	-128 53	10.5 11	40.1	-24.5 7.8	4.7 -81.3	6.03 0.17	29.8 0.29	38.8 0.8
# Wed Oct 23 10:30:16 UTC 2013 - Note last Skydip is OLD -SFM
# Wed Oct 23 10:30:49 UTC 2013 - Done testing Skydips - future ones are real - SFM
# Wed Oct 23 10:39:09 UTC 2013 - Ignore last message - still working on Skydips - SFM
#2013-10-23.26	Mars	test	10.88	0.8	1.034	0.0488 59	38.2	6.0	2.00	-121 49	10.5 11	44.4	-8.0 5.0	22.1 -88.9	3.23 0.20	26.2 0.59	50.9 2.4
# Wed Oct 23 11:11:14 UTC 2013 - Take 2 - Done testing Skydips - future ones are real - SFM
#2013-10-23.32	Saturn	test	13.74	1.8	0.952	0.1424 50	38.1	7.0	3.20	-163 38	14.7 -14	14.4	25.3 1.4	53.6 -82.2	6.30 0.61	100 11	70.6 5.0
2013-10-23.35	K3-50A	test	14.12	2.1	0.705	0.0298 67	37.3	7.0	-2.00	75 42	20.0 34	-67.9	-24.7 -3.2	-21.4 -89.9	2.13 0.021	4.33 0.048	25.2 0.2
2013-10-23.36	K3-50A	test	14.22	1.0	0.838	0.0240 69	34.8	6.8	-2.00	76 43	20.0 34	-68.3	-23.2 -5.2	-20.5 -91.3	2.68 0.024	5.53 0.061	26.9 0.2
2013-10-23.37	K3-50A	test	14.24	0.8	0.802	0.0224 69	38.2	6.8	-2.60	76 43	20.0 34	-68.4	-21.3 -4.5	-18.8 -90.6	2.48 0.040	4.64 0.046	23.2 0.3
2013-10-23.38	K3-50A	test	14.26	1.1	0.802	0.0253 69	35.2	6.9	-3.20	76 43	20.0 34	-68.5	-21.7 -3.7	-19.0 -89.6	2.17 0.025	4.77 0.036	25.7 0.3
2013-10-23.39	K3-50A	test	14.29	1.0	0.753	0.0246 71	36.2	6.9	-1.40	76 44	20.0 34	-68.5	-25.0 -2.0	-23.0 -87.7	2.27 0.037	4.09 0.065	21.2 0.3
2013-10-23.40	K3-50A	test	14.31	1.1	0.753	0.0257 69	35.2	6.9	-0.80	76 44	20.0 34	-68.6	-24.6 -0.5	-22.5 -86.1	1.82 0.024	4.12 0.035	27.2 0.3
2013-10-23.41	K3-50A	test	14.42	1.0	0.833	0.0210 73	37.4	6.8	-1.40	77 45	20.0 34	-69.0	-24.9 -1.1	-23.8 -86.0	2.41 0.029	5.65 0.12	27.3 0.3
2013-10-23.42	K3-50A	test	14.44	1.0	0.794	0.0266 76	38.5	6.8	-2.00	77 45	20.0 34	-69.1	-23.7 -1.1	-22.2 -85.9	2.77 0.029	5.21 0.048	23.6 0.2
2013-10-23.43	K3-50A	test	14.46	1.1	0.794	0.0239 75	34.9	6.8	-2.60	77 46	20.0 34	-69.2	-22.9 -0.4	-21.6 -85.0	2.36 0.020	4.97 0.040	25.6 0.2
2013-10-23.44	K3-50A	test	14.48	1.0	0.794	0.0247 77	38.2	7.0	-0.80	78 46	20.0 34	-69.3	-24.1 1.1	-22.9 -83.3	1.99 0.025	4.41 0.057	26.7 0.3
2013-10-23.45	K3-50A	test	14.51	1.0	0.732	0.0218 80	34.8	7.0	-0.20	78 46	20.0 34	-69.4	-23.7 1.3	-22.6 -82.9	1.35 0.016	3.65 0.041	29.5 0.3
2013-10-23.46	K3-50A	test	14.55	1.1	0.732	0.0228 80	34.3	7.2	-2.50	78 47	20.0 34	-69.6	-23.6 -0.4	-22.8 -84.3	2.37 0.020	4.78 0.038	24.9 0.2
2013-10-23.47	K3-50A	test	14.58	1.0	0.759	0.0220 81	34.8	7.2	-3.10	78 47	20.0 34	-69.6	-21.5 -0.0	-20.9 -83.8	2.06 0.018	4.96 0.027	27.3 0.2
2013-10-23.48	K3-50A	test	14.60	1.0	0.759	0.0252 78	36.4	7.3	-3.70	78 47	20.0 34	-69.7	-16.0 -3.2	-15.5 -86.8	1.36 0.028	3.82 0.038	29.2 0.5
2013-10-23.49	K3-50A	test	14.62	1.0	0.759	0.0244 81	36.3	7.4	-1.90	78 48	20.0 34	-69.8	-23.4 2.3	-23.0 -81.1	2.64 0.029	4.83 0.036	23.1 0.2
2013-10-23.50	K3-50A	test	14.65	0.8	0.742	0.0223 81	38.3	7.4	-1.30	79 48	20.0 34	-69.9	-22.5 1.9	-22.3 -81.3	2.09 0.025	4.24 0.034	24.5 0.3
2013-10-23.51	K3-50A	test	14.78	1.0	0.798	0.0226 80	35.7	7.7	-1.80	79 49	20.0 34	-70.3	-23.0 4.4	-23.9 -77.7	2.70 0.029	5.12 0.035	23.8 0.2
2013-10-23.52	K3-50A	test	14.80	0.8	0.752	0.0236 81	38.0	7.7	-2.40	80 50	20.0 34	-70.4	-22.8 4.4	-23.5 -77.6	2.30 0.031	4.87 0.044	24.6 0.3
2013-10-23.53	K3-50A	test	14.82	0.8	0.752	0.0204 81	38.0	7.7	-3.00	80 50	20.0 34	-70.5	-21.1 3.7	-21.9 -78.1	1.82 0.023	4.54 0.030	27.4 0.3
2013-10-23.54	K3-50A	test	14.85	1.1	0.752	0.0244 76	34.3	7.6	-1.20	80 50	20.0 34	-70.6	-24.2 5.5	-25.2 -76.1	2.24 0.021	5.10 0.031	26.2 0.2
2013-10-23.55	K3-50A	test	14.87	1.0	0.768	0.0209 80	35.9	7.6	-0.60	80 51	20.0 34	-70.6	-24.9 7.0	-26.0 -74.4	1.93 0.020	4.43 0.034	26.9 0.2
2013-10-23.56	K3-50A	test	15.03	0.8	0.762	0.0258 78	38.2	7.7	-1.80	81 52	20.0 34	-71.1	-23.8 6.7	-25.8 -73.3	2.19 0.028	5.00 0.048	25.6 0.3
2013-10-23.57	K3-50A	test	15.05	1.1	0.780	0.0227 82	35.3	7.7	-2.40	81 53	20.0 34	-71.2	-21.3 5.9	-23.2 -74.0	2.19 0.018	4.82 0.028	25.8 0.2
2013-10-23.58	K3-50A	test	15.07	1.0	0.780	0.0224 82	36.0	7.7	-3.00	81 53	20.0 34	-71.3	-20.9 5.2	-23.0 -74.4	1.95 0.027	4.66 0.029	26.8 0.3
2013-10-23.59	K3-50A	test	15.10	0.8	0.780	0.0203 82	38.0	7.6	-1.20	82 53	20.0 34	-71.3	-23.6 7.9	-26.1 -71.5	2.13 0.024	4.55 0.033	25.1 0.2
2013-10-23.60	K3-50A	test	15.12	1.0	0.780	0.0239 81	36.7	7.4	-0.60	82 53	20.0 34	-71.4	-24.7 8.6	-27.6 -70.5	1.72 0.026	4.27 0.039	27.7 0.4
# Wed Oct 23 15:25:06 UTC 2013 - Last scan was Tip, not TipCurrentAzimuth, which confused backend - SFM
# Wed Oct 23 15:52:33 UTC 2013 - Changing CRUSH skydip elevation range to 35-60 in gismo/default.cfg - SFM
2013-10-23.66	2200+420	test	16.13	2.1	0.556	0.0177 69	37.3	6.4	-0.60	64 44	22.0 42	-75.7	-22.6 1.2	-21.6 -88.7	1.08 4.4E-3	2.26 0.010	26.0 0.1
2013-10-23.67	2200+420	test	16.19	1.0	0.556	0.0153 70	38.5	6.3	-2.00	64 45	22.0 42	-76.1	-22.0 -2.5	-21.4 -92.0	1.59 9.5E-3	2.57 0.016	22.0 0.1
2013-10-23.68	2200+420	test	16.21	0.8	0.780	0.0156 71	38.3	6.3	-2.60	64 45	22.0 42	-76.3	-21.0 -1.7	-20.4 -91.1	1.70 0.014	2.98 0.023	22.5 0.2
2013-10-23.69	2200+420	test	16.23	1.1	0.780	0.0164 71	34.6	6.2	-3.20	64 46	22.0 42	-76.5	-18.5 -2.0	-18.2 -91.2	1.35 9.0E-3	2.90 0.018	25.3 0.1
2013-10-23.70	2200+420	test	16.26	1.1	0.901	0.0141 70	36.5	6.2	-1.40	64 46	22.0 42	-76.7	-22.5 -1.0	-22.3 -90.1	1.77 7.6E-3	3.12 0.013	22.9 0.1
2013-10-23.71	2200+420	test	16.28	1.1	0.901	0.0153 71	36.7	6.2	-0.80	64 46	22.0 42	-76.8	-22.9 1.0	-22.9 -88.0	1.43 6.6E-3	2.92 0.038	25.3 0.1
#2013-10-23.73	2200+420	test	16.47	1.0	0.860	0.0561 70	1.3	6.3	-2.00	65 48	22.0 42	-78.3	1.5 -46.6	9.8 -137.2	0.392 0.032	0.0825 0.016	13.4 1.1
2013-10-23.74	2200+420	test	16.71	3.3	0.875	0.0209 77	26.4	6.0	-2.00	66 51	22.0 42	-80.3	-21.2 5.3	-23.7 -80.8	3.06 8.4E-3	2.80 0.023	17.7 0.0
2013-10-23.75	2200+420	test	16.79	1.3	0.820	0.0113 80	77.0	6.0	-2.00	66 52	22.0 42	-80.8	-21.1 4.7	-24.2 -80.9	2.37 8.3E-3	3.23 0.023	20.4 0.1
2013-10-23.76	2200+420	test	16.97	2.1	0.708	0.0171 75	37.3	5.7	-2.00	67 54	22.0 42	-82.2	-21.3 5.4	-25.5 -78.9	1.34 6.1E-3	2.62 9.9E-3	24.9 0.1
2013-10-23.77	2200+420	test	17.03	2.1	0.835	0.0196 74	37.2	5.6	-2.00	67 54	22.0 42	-82.7	-20.1 3.1	-24.8 -80.7	1.57 6.5E-3	3.01 0.012	24.3 0.1
2013-10-23.78	2200+420	test	17.08	2.0	0.835	0.0185 74	36.4	5.5	-2.00	67 55	22.0 42	-83.1	-20.4 1.9	-25.4 -81.6	1.57 6.3E-3	2.86 0.011	23.9 0.1
2013-10-23.79	2200+420	test	17.15	2.1	0.854	0.0180 75	36.8	5.4	-2.00	67 56	22.0 42	-83.7	-20.1 0.1	-25.4 -82.7	1.60 5.9E-3	2.99 0.012	24.1 0.1
2013-10-23.80	2200+420	test	17.23	1.8	0.951	0.0168 74	38.1	5.4	-2.00	67 56	22.0 42	-84.3	-17.1 3.8	-23.0 -78.4	1.58 6.2E-3	3.30 0.012	25.2 0.1
2013-10-23.81	2200+420	test	17.27	2.0	0.926	0.0192 73	37.2	5.3	-2.00	67 57	22.0 42	-84.7	-20.8 4.5	-27.0 -77.3	1.60 7.9E-3	2.96 0.013	23.9 0.1
2013-10-23.82	2200+420	test	17.32	2.0	0.926	0.0210 70	37.1	5.2	-2.00	67 58	22.0 42	-85.1	-23.4 3.8	-29.9 -77.6	1.62 7.8E-3	2.91 0.014	23.4 0.1
2013-10-23.83	2200+420	test	17.37	2.1	0.919	0.0185 75	36.8	5.1	-2.00	67 58	22.0 42	-85.6	-27.9 5.1	-34.7 -75.9	1.15 7.1E-3	2.67 0.013	26.9 0.1
2013-10-23.84	2200+420	test	17.44	2.0	0.902	0.0160 88	38.0	5.0	-2.00	68 59	22.0 42	-86.2	-20.6 5.6	-27.9 -74.8	1.64 5.0E-3	3.16 9.2E-3	24.4 0.1
2013-10-23.85	2200+420	test	17.49	2.0	0.858	0.0166 90	36.6	5.0	-2.00	68 59	22.0 42	-86.7	-22.9 2.1	-30.4 -77.9	1.77 4.6E-3	3.39 0.011	24.6 0.1
2013-10-23.86	2200+420	test	17.78	3.2	0.857	0.0370 87	26.4	4.8	-2.00	68 63	22.0 42	-89.5	-21.3 10.4	-30.4 -67.0	3.14 9.1E-3	3.47 0.029	19.3 0.1
2013-10-23.87	2200+420	test	17.85	1.3	0.857	0.0125 90	78.7	4.8	-2.00	68 63	22.0 42	-90.1	-19.1 8.2	-29.0 -68.5	2.39 1.0E-2	3.09 0.019	19.9 0.1
2013-10-23.88	2200+420	test	17.91	3.1	0.879	0.0194 90	26.4	4.8	-2.00	68 64	22.0 42	-91.0	-19.6 8.8	-29.8 -67.3	3.05 7.9E-3	3.50 0.029	19.0 0.0
2013-10-23.91	2200+420	test	18.31	2.0	0.901	0.0113 90	66.1	4.6	-2.00	67 69	22.0 42	-95.8	-18.7 9.2	-31.4 -63.1	2.85 6.9E-3	3.41 0.022	18.8 0.0
2013-10-23.96	K3-50A	test	18.75	1.8	1.103	0.0185 90	38.1	4.6	-2.00	-111 81	20.0 34	63.8	-16.2 13.4	4.5 -56.1	2.45 0.012	6.11 0.019	28.0 0.1
2013-10-23.99	K3-50A	test	19.35	2.1	0.930	0.0182 85	37.4	4.6	-2.00	-97 74	20.0 34	71.9	-14.5 9.3	6.9 -72.9	2.28 9.3E-3	5.51 0.024	27.7 0.1
2013-10-23.100	K3-50A	test	19.42	3.3	1.009	0.0202 84	26.4	4.6	-2.00	-96 74	20.0 34	72.6	-16.4 11.5	5.1 -71.8	4.16 7.4E-3	7.52 0.091	23.7 0.0
2013-10-23.101	K3-50A	test	19.51	0.7	0.904	0.0311 79	13.2	4.6	-2.00	-95 73	20.0 34	72.6	-15.8 12.0	5.6 -72.8	2.66 0.021	2.57 0.048	15.2 0.1
2013-10-23.102	K3-50A	test	19.53	0.5	0.904	0.0294 79	13.2	4.5	-2.00	-95 72	20.0 34	72.7	-14.3 11.5	7.0 -73.6	2.93 0.023	2.70 0.053	14.5 0.1
2013-10-23.103	K3-50A	test	19.90	1.8	0.968	0.0203 74	38.1	4.5	-2.00	-91 68	20.0 34	73.3	-16.0 6.9	6.3 -83.8	1.94 0.012	4.53 0.023	27.1 0.1
2013-10-23.111	2200+420	test	20.69	2.1	1.071	0.0122 81	37.3	4.6	-2.00	-49 82	22.0 42	125.1	-14.3 10.4	-9.5 -73.8	2.64 3.7E-3	3.00 7.1E-3	19.1 0.0
2013-10-23.112	2200+420	test	20.75	0.8	1.058	0.0105 79	37.9	4.6	-2.00	-51 81	22.0 42	122.5	-14.5 10.1	-8.7 -74.6	2.73 4.4E-3	3.02 8.6E-3	19.0 0.0
2013-10-23.113	2200+420	test	20.77	0.8	1.058	0.0103 82	38.3	4.6	-2.60	-52 81	22.0 42	121.5	-14.8 8.9	-8.6 -75.9	2.51 5.6E-3	2.98 0.012	19.5 0.0
2013-10-23.114	2200+420	test	20.79	0.9	0.871	0.0124 78	37.8	4.6	-3.20	-53 81	22.0 42	120.5	-13.9 6.8	-7.4 -78.2	1.80 6.0E-3	2.65 0.011	21.6 0.1
2013-10-23.115	2200+420	test	20.81	1.0	0.871	0.0104 89	37.0	4.6	-1.40	-53 80	22.0 42	119.6	-15.1 10.7	-8.1 -74.5	2.19 4.7E-3	2.69 8.2E-3	20.0 0.0
2013-10-23.116	2200+420	test	20.83	0.8	0.871	0.0103 79	38.2	4.6	-0.80	-54 80	22.0 42	118.7	-14.3 11.7	-7.1 -73.6	1.69 4.2E-3	2.57 0.011	22.3 0.0
2013-10-23.117	NGC7027	test	20.94	2.0	0.963	0.0132 69	37.6	4.7	-2.00	-67 69	21.1 42	95.5	-18.2 10.5	-2.3 -84.7	2.23 4.3E-3	2.52 7.4E-3	19.4 0.0
2013-10-23.118	NGC7027	test	21.07	1.8	1.029	0.0131 66	38.1	4.7	-2.00	-68 68	21.1 42	93.9	-0.6 -0.5	-2.3 -86.5	2.35 4.4E-3	2.68 7.3E-3	19.1 0.0
2013-10-23.119	K3-50A	test	21.16	2.0	0.922	0.0187 56	37.2	4.7	-2.00	-81 53	20.0 34	71.2	-1.0 -2.8	4.4 -97.7	2.75 8.2E-3	3.87 0.034	20.9 0.1
2013-10-23.120	K3-50A	test	21.23	1.8	1.001	0.0171 50	38.1	4.7	-2.00	-81 52	20.0 34	71.0	-0.0 -0.6	4.4 -98.9	0.237 8.6E-4	0.327 2.4E-3	20.9 0.1
2013-10-23.121	2251+158	test	21.35	2.0	1.662	0.0148 62	37.8	4.8	-2.00	-165 69	22.9 16	12.8	1.3 1.2	3.3 -56.1	6.08 0.013	7.94 0.015	18.6 0.0
2013-10-23.122	2251+158	test	21.43	1.8	1.008	0.0140 67	38.1	4.9	-2.00	-162 68	22.9 16	15.4	0.7 0.2	4.6 -57.2	5.51 5.6E-3	6.13 7.8E-3	18.8 0.0
2013-10-23.123	0316+413	test	21.58	1.8	0.773	0.0145 69	38.1	4.9	-2.00	66 46	3.3 42	-76.3	-1.9 -2.9	-20.3 -83.0	0.758 1.1E-3	0.779 4.6E-3	18.1 0.0
2013-10-23.125	W3OH	test	21.91	2.0	0.956	0.0184 46	37.2	5.0	-2.00	32 55	2.5 62	-117.7	0.7 0.2	-24.4 -90.1	0.0921 4.5E-4	0.113 4.6E-4	19.6 0.1
2013-10-23.128	NGC7538	test	22.32	2.1	0.837	0.0328 48	37.4	5.1	-2.00	-17 64	23.2 61	151.1	0.4 -0.8	-18.4 -96.9	0.0753 4.4E-4	0.0946 8.7E-4	19.9 0.1
2013-10-23.129	NGC7538	test	22.39	1.9	0.895	0.0240 48	38.1	5.2	-2.00	-17 63	23.2 61	149.4	-0.4 0.4	-18.4 -96.9	0.0899 6.6E-4	0.123 8.2E-4	20.7 0.1
2013-10-23.131	0133+476	test	22.77	2.0	0.953	0.0210 48	37.7	5.0	-2.00	39 75	1.6 48	-132.5	2.4 6.4	-33.9 -64.9	0.0619 3.1E-4	0.0672 5.7E-4	17.9 0.1
2013-10-23.132	0133+476	test	22.83	1.8	0.976	0.0163 47	38.2	5.0	-2.00	37 76	1.6 48	-135.0	-0.3 0.0	-34.3 -65.0	0.169 7.2E-4	0.196 1.5E-3	18.4 0.1
2013-10-23.134	Jupiter	test	0.04	2.0	1.043	0.0043 75	37.0	5.5	-2.00	77 19	7.4 22	-56.8	-5.1 -19.0	-6.8 -94.2	0.0969 5.0E-3	0.200 4.9E-3	26.6 1.2
2013-10-24.3	Jupiter	test	0.15	1.0	1.001	0.0051 84	36.7	5.4	-2.60	77 20	7.4 22	-57.1	-3.1 -15.8	-5.1 -91.5	0.109 4.8E-3	0.202 6.1E-3	24.8 1.0
2013-10-24.4	Jupiter	test	0.17	1.0	1.001	0.0049 46	35.5	5.4	-3.20	78 21	7.4 22	-57.1	1.2 -20.8	-1.2 -95.9	0.143 5.1E-3	0.308 0.010	28.7 0.9
2013-10-24.5	Jupiter	test	0.19	1.0	1.024	0.0056 71	35.9	5.4	-1.40	78 21	7.4 22	-57.2	0.0 -15.2	-1.6 -90.9	0.0806 6.7E-3	0.152 0.048	26.9 1.9
2013-10-24.6	Jupiter	test	0.21	0.8	1.024	0.0048 81	38.2	5.4	-0.80	78 21	7.4 22	-57.3	-1.2 -13.3	-4.1 -89.0	0.0787 4.1E-3	0.202 0.011	29.5 1.3
2013-10-24.7	Jupiter	test	0.27	2.0	0.837	0.0041 77	37.2	5.3	-2.10	78 22	7.4 22	-57.4	-3.3 -20.3	-6.0 -95.8	0.100 3.6E-3	0.234 4.1E-3	28.2 0.8
#2013-10-24.12	NGC1569	test	1.16	2.8	0.934	0.0121 62	66.1	5.7	-2.10	18 59	4.5 65	-145.5	331.4 -152.5	303.6 -237.4	0.198 4.4E-3	0.548 0.057	43.1 0.7
#2013-10-24.22	NGC1569	test	2.57	2.6	1.372	0.0096 67	33.4	5.4	-2.10	0 62	4.5 65	178.7	239.5 228.9	215.4 134.4	0.414 0.018	0.305 0.12	22.4 0.9
#2013-10-24.39	NGC1569	test	4.69	2.7	1.243	0.0153 51	19.5	4.7	-2.10	-24 56	4.5 65	129.5	251.6 212.8	227.9 102.3	0.597 0.035	0.129 0.031	21.3 1.1
#2013-10-24.41	NGC1569	test	4.96	2.9	1.062	0.0102 57	55.8	4.7	-2.10	-26 55	4.5 65	124.8	-234.5 -294.4	-239.6 -389.7	0.0652 5.4E-3	0.184 0.080	82.9 5.0
#2013-10-24.45	NGC1569	test	5.41	2.9	1.144	0.0064 68	49.3	4.6	-2.10	-28 53	4.5 65	116.1	355.1 -294.0	341.0 -389.2	0.0670 6.3E-3	0.0373 0.016	16.7 1.6
2013-10-24.60	Mars	test	7.41	1.5	1.016	0.0781 51	4.4	5.5	-2.00	145 60	10.5 11	-27.2	-17.2 -3.3	-7.5 -67.3	13.0 0.44	8.43 0.27	10.1 0.3
2013-10-24.62	Mars	test	7.63	1.7	0.983	0.0597 62	4.4	5.8	-2.00	151 61	10.5 11	-22.6	-15.1 3.9	-3.1 -59.3	18.8 0.38	12.0 0.12	13.0 0.3
2013-10-24.63	Mars	test	7.67	1.8	0.860	0.0497 60	4.4	5.8	-2.00	152 61	10.5 11	-21.7	-12.8 0.3	-1.2 -62.5	16.1 0.40	10.7 0.13	9.8 0.2
2013-10-24.64	Mars	test	8.38	1.8	0.976	0.1120 67	4.4	6.2	-2.00	175 64	10.5 11	-4.0	-19.7 1.9	-1.5 -62.0	17.6 0.27	22.7 0.16	15.9 0.2
2013-10-24.65	1253-055	test	11.03	1.8	0.806	0.0219 60	38.1	7.2	-2.00	-179 47	12.9 -6	1.4	-23.2 -2.6	1.0 -78.9	5.71 8.0E-3	6.66 0.027	19.4 0.0
2013-10-24.66	1253-055	test	11.14	0.8	0.786	0.0190 66	38.1	7.4	2.00	-176 47	12.9 -6	3.0	5.9 11.6	7.6 -68.3	0.672 0.016	3.98 0.039	43.3 0.8
2013-10-24.67	1253-055	test	11.16	1.1	0.803	0.0204 66	36.6	7.5	1.40	-176 47	12.9 -6	3.4	3.0 9.3	4.7 -70.6	1.02 0.012	5.44 0.034	40.4 0.4
2013-10-24.68	1253-055	test	11.18	1.0	0.803	0.0206 66	37.5	7.5	0.80	-175 47	12.9 -6	3.8	0.7 3.6	2.5 -76.4	2.43 0.013	6.89 0.031	30.0 0.1
#2013-10-24.69	1253-055	test	11.20	0.8	0.803	0.0312 58	38.1	7.6	2.60	-175 47	12.9 -6	4.2	-26.9 -3.2	-25.0 -84.9	0.274 0.019	2.13 0.10	43.2 2.3
2013-10-24.71	1253-055	test	11.34	0.8	0.790	0.0063 55	38.2	7.9	-2.00	-172 47	12.9 -6	6.6	5.9 8.6	6.1 -72.2	0.0159 1.6E-3	0.0756 0.018	27.7 2.3
#2013-10-24.72	1253-055	test	11.36	1.0	0.766	0.0057 55	37.5	7.9	-2.60	-172 47	12.9 -6	6.9	69.2 62.0	64.7 -26.5	0.0258 2.0E-3	7.01E-3 9.1E-3	11.0 0.9
2013-10-24.79	K3-50A	test	14.65	1.8	0.669	0.0256 69	38.2	8.1	-2.00	79 49	20.0 34	-70.2	-21.1 0.8	-21.6 -81.9	3.26 0.012	6.31 0.11	25.0 0.1
2013-10-24.80	K3-50A	test	14.72	0.8	0.669	0.0160 77	38.2	8.1	-2.00	79 50	20.0 34	-70.4	1.3 -0.6	-20.3 -81.7	3.75 0.013	4.94 0.033	23.1 0.1
2013-10-24.81	K3-50A	test	14.75	0.8	0.795	0.0177 80	38.2	8.1	-2.60	80 50	20.0 34	-70.4	-0.0 0.7	-21.8 -80.2	3.76 0.013	5.14 0.028	21.3 0.1
2013-10-24.82	K3-50A	test	14.77	0.8	0.795	0.0176 77	38.2	8.2	-3.20	80 50	20.0 34	-70.5	1.9 -2.2	-20.0 -82.9	3.09 0.012	4.90 0.035	22.6 0.1
2013-10-24.83	K3-50A	test	14.79	1.1	0.795	0.0197 77	36.1	8.3	-1.40	80 50	20.0 34	-70.6	-1.5 2.1	-23.7 -78.5	3.37 0.014	7.00 0.11	25.8 0.1
2013-10-24.84	K3-50A	test	14.81	1.0	0.770	0.0184 77	37.4	8.3	-0.80	80 51	20.0 34	-70.7	-0.3 3.2	-22.5 -77.1	2.69 0.016	6.19 0.15	24.2 0.1
2013-10-24.85	K3-50A	test	14.85	1.0	0.770	0.0167 84	37.5	8.2	-2.50	80 51	20.0 34	-70.8	0.6 -2.5	-21.8 -82.5	3.90 0.011	5.40 0.025	24.0 0.1
2013-10-24.86	K3-50A	test	14.87	0.8	0.770	0.0151 85	38.0	8.3	-3.10	80 51	20.0 34	-70.9	2.0 -1.5	-20.5 -81.3	3.34 0.013	5.06 0.023	22.2 0.1
2013-10-24.87	K3-50A	test	14.90	0.8	0.731	0.0182 86	37.9	8.3	-3.70	81 52	20.0 34	-70.9	2.7 -0.5	-20.0 -80.1	2.17 0.012	4.41 0.025	25.6 0.1
2013-10-24.88	K3-50A	test	14.92	0.8	0.731	0.0189 84	38.1	8.4	-1.90	81 52	20.0 34	-71.0	0.6 3.0	-22.2 -76.4	3.79 0.015	5.09 0.025	20.8 0.1
2013-10-24.89	K3-50A	test	14.94	0.8	0.731	0.0164 86	38.2	8.3	-1.30	81 52	20.0 34	-71.1	1.0 2.4	-21.9 -76.9	3.28 0.013	6.30 0.10	24.4 0.1
2013-10-24.90	NGC7027	test	15.01	2.0	0.742	0.0169 67	37.4	8.0	-2.50	63 43	21.1 42	-74.8	-19.4 1.0	-17.7 -89.5	2.09 4.3E-3	2.55 0.010	20.5 0.0
2013-10-24.93	1928+738	test	15.48	1.8	0.640	0.0276 59	38.2	7.4	-2.50	12 50	19.5 74	-141.7	-20.7 2.1	-19.6 -102.7	1.81 6.1E-3	2.08 0.019	19.1 0.1
2013-10-24.94	NGC7538	test	15.53	2.0	0.695	0.0553 47	37.4	7.5	-2.50	35 34	23.2 61	-73.6	-21.7 -1.8	-14.2 -104.7	0.0544 5.5E-4	0.0599 1.5E-3	20.1 0.2
2013-10-24.95	NGC7538	test	15.56	1.8	0.695	0.0600 49	38.2	7.6	-2.50	35 34	23.2 61	-74.1	-20.1 -0.6	-12.7 -103.5	1.29 0.013	2.81 0.15	20.4 0.2
2013-10-24.96	NGC7538	test	15.61	1.7	0.671	0.0416 51	22.0	7.8	-2.50	35 34	23.2 61	-74.5	-21.1 0.8	-13.9 -102.1	1.15 8.4E-3	1.46 0.019	20.0 0.1
2013-10-24.97	NGC7538	test	15.64	0.9	0.671	0.0293 50	39.7	7.8	-2.50	35 35	23.2 61	-74.9	-21.9 1.4	-14.8 -101.3	0.112 1.3E-3	0.152 2.1E-3	20.0 0.2
2013-10-24.98	NGC7538	test	15.69	2.0	0.665	0.0502 55	18.7	7.9	-2.50	35 35	23.2 61	-75.6	-20.7 2.5	-13.8 -100.2	1.33 0.012	2.23 0.049	20.6 0.2
2013-10-24.99	NGC7538	test	15.73	0.9	0.665	0.0187 60	41.2	7.8	-2.50	35 35	23.2 61	-76.0	-19.7 3.7	-13.0 -98.9	1.94 9.1E-3	2.87 0.019	22.0 0.1
2013-10-24.100	NGC7538	test	15.78	1.8	0.672	0.0276 53	38.2	7.7	-2.50	35 36	23.2 61	-76.7	-21.5 -1.5	-15.0 -104.0	1.36 8.3E-3	1.97 0.014	22.5 0.1
2013-10-24.102	2013+370	test	16.25	2.0	0.471	0.0270 101	37.5	7.0	-2.50	80 66	20.3 37	-81.1	-14.2 8.6	-24.0 -61.7	0.981 6.8E-3	2.01 0.013	25.2 0.1
2013-10-24.107	2200+420	test	17.52	2.1	0.541	0.0172 99	37.1	6.6	-2.50	68 60	22.0 42	-87.5	-16.1 4.1	-24.2 -75.1	3.31 4.5E-3	3.81 7.4E-3	19.3 0.0
2013-10-24.109	2200+420	test	17.80	2.0	0.493	0.0167 101	37.3	6.4	-2.50	68 64	22.0 42	-90.2	-15.2 4.3	-25.1 -72.2	3.25 4.0E-3	3.77 7.2E-3	19.4 0.0
2013-10-24.111	2200+420	test	18.01	1.8	0.430	0.0145 101	38.2	6.3	-2.50	68 66	22.0 42	-92.4	-15.6 5.6	-26.8 -69.0	3.16 4.0E-3	3.73 7.7E-3	19.5 0.0
2013-10-24.112	2131-021	test	18.13	2.0	0.529	0.0156 98	37.3	6.2	-2.50	147 46	21.6 -2	-25.2	-5.8 -7.0	-5.3 -73.6	0.759 4.3E-3	0.994 7.4E-3	20.3 0.1
2013-10-24.117	2131-021	test	18.68	2.0	0.553	0.0177 101	37.4	6.1	-2.50	159 49	21.6 -2	-16.4	0.2 -2.4	-1.5 -75.0	0.749 4.8E-3	1.06 8.7E-3	21.1 0.1
#2013-10-26.3	0316+413	test	0.24	0.6	1.151	1.6766 47	13.2	4.0	-2.00	65 77	3.3 42	-105.9	-11.9 -30.0	-29.4 -93.8	2.29 0.19	-0.362 0.94	33.1 2.2
2013-10-26.4	0316+413	test	0.26	1.8	2.063	0.8029 50	38.2	4.0	-2.00	64 77	3.3 42	-106.5	-21.3 2.9	-35.2 -60.1	4.36 0.42	54.4 9.0	57.0 4.1
2013-10-26.7	NGC7538	test	0.70	1.3	1.080	0.0576 56	26.5	4.2	-2.00	-36 49	23.2 61	101.8	-20.4 1.4	-7.3 -111.3	2.13 0.021	2.15 0.071	18.8 0.2
2013-10-26.8	NGC7538	test	0.72	1.3	1.046	0.0494 59	26.5	4.2	-2.00	-36 49	23.2 61	101.3	-24.4 1.8	-11.0 -111.0	2.41 0.024	2.75 0.058	17.6 0.2
2013-10-26.12	NGC7538	test	0.97	2.9	1.130	0.0217 57	66.1	4.4	-2.00	-36 47	23.2 61	97.9	-28.4 1.1	-13.9 -112.5	1.89 0.017	2.69 0.028	20.0 0.2
#2013-10-26.13	NGC7538	test	1.02	2.6	1.124	0.1457 51	66.1	4.3	-2.00	-36 47	23.2 61	96.7	-8.1 261.6	6.3 147.8	1.62 0.030	3.78 0.19	51.9 0.7
2013-10-26.17	W3OH	test	1.45	2.1	1.121	0.0800 67	37.2	5.1	-2.00	-17 63	2.5 62	150.5	-23.7 5.5	-21.7 -96.6	1.72 0.025	3.19 0.065	24.1 0.3
2013-10-26.28	0316+413	test	3.75	2.0	1.118	0.0607 74	37.3	4.8	-2.00	-69 61	3.3 42	86.3	-20.9 3.4	-1.8 -98.6	8.77 0.019	9.36 0.029	18.8 0.0
2013-10-26.29	0316+413	test	3.82	1.0	1.008	0.0208 85	37.1	4.8	-2.00	-69 60	3.3 42	85.7	1.3 1.6	-0.3 -98.0	8.77 9.8E-3	9.49 0.015	18.8 0.0
2013-10-26.30	0316+413	test	3.85	1.0	1.008	0.0171 86	36.8	4.8	-2.60	-69 60	3.3 42	85.5	1.4 -0.4	-0.2 -100.2	7.59 0.010	9.09 0.015	19.3 0.0
2013-10-26.31	0316+413	test	3.87	0.8	1.008	0.0272 86	38.2	4.8	-3.20	-69 60	3.3 42	85.3	1.7 -1.6	0.2 -101.6	6.07 0.012	8.63 0.027	21.2 0.0
2013-10-26.32	0316+413	test	3.89	1.0	1.008	0.0557 67	36.7	4.7	-1.40	-69 59	3.3 42	85.2	0.7 0.3	-0.7 -99.9	6.92 0.022	7.90 0.037	19.1 0.1
2013-10-26.33	0316+413	test	3.91	1.0	0.920	0.0605 65	36.5	4.7	-0.80	-69 59	3.3 42	85.0	-0.4 1.9	-1.8 -98.4	4.71 0.036	6.86 0.070	21.6 0.1
2013-10-26.36	0316+413	test	4.32	1.8	1.324	2.7141 60	38.2	4.0	-2.00	-68 55	3.3 42	81.6	3.2 -5.4	4.2 -109.2	3.81 0.12	1.60 0.68	14.6 0.4
# Sun Oct 27 10:09:10 UTC 2013 - IH: Starting the observations.
# Sun Oct 27 10:16:06 UTC 2013 - IH: Starting the observations.
2013-10-27.3	Mars	test	10.36	1.9	0.510	0.0217 95	38.1	8.1	-2.00	-129 53	10.6 10	39.4	-19.5 1.4	9.8 -87.7	37.4 0.034	54.5 0.039	21.7 0.0
2013-10-27.4	Mars	test	10.41	0.8	0.510	0.0198 98	38.1	8.1	-2.00	-128 52	10.6 10	40.0	-3.2 0.1	6.7 -88.3	41.3 0.038	53.0 0.045	20.6 0.0
2013-10-27.5	Mars	test	10.43	1.0	0.490	0.0186 99	36.2	8.1	-2.60	-127 52	10.6 10	40.2	-2.7 -1.3	7.1 -90.0	31.3 0.046	53.5 0.063	23.8 0.0
2013-10-27.6	Mars	test	10.45	0.8	0.490	0.0198 98	38.2	8.2	-3.20	-127 52	10.6 10	40.5	2.1 -2.4	12.0 -91.3	19.3 0.044	53.5 0.066	30.2 0.1
2013-10-27.7	Mars	test	10.48	0.8	0.490	0.0225 97	38.2	8.1	-1.40	-127 52	10.6 10	40.7	-0.3 0.3	9.7 -88.9	43.2 0.038	53.3 0.036	20.3 0.0
2013-10-27.8	Mars	test	10.50	0.8	0.490	0.0206 98	38.2	8.1	-0.80	-126 52	10.6 10	41.0	-1.1 2.5	8.9 -86.9	39.1 0.035	53.3 0.035	21.1 0.0
# Sun Oct 27 12:10:42 UTC 2013 - Ting Su: something wrong with the nexus when was doing the pointing.
2013-10-27.21	1308+326	102-13	12.89	2.0	0.520	0.0168 101	37.3	8.5	-2.00	-93 66	13.2 32	70.4	-12.3 14.2	5.2 -86.1	0.530 3.4E-3	0.596 6.8E-3	19.3 0.1
2013-10-27.26	1156+295	102-13	13.67	2.0	0.549	0.0146 98	37.4	8.6	-2.00	-82 42	12.0 29	64.7	-9.9 -14.1	4.0 -109.7	0.572 4.3E-3	0.726 9.2E-3	19.9 0.1
2013-10-27.27	1156+295	102-13	13.76	1.0	0.559	0.0136 98	37.5	8.7	-2.00	-81 41	12.0 29	64.5	0.4 1.9	4.7 -108.4	0.612 5.1E-3	0.751 0.012	20.0 0.2
# Sun Oct 27 13:47:01 UTC 2013 - Ting Su: relaunched pako before #16. so from 16 to this, the focus is -2.0. However, the focus should be around -1.4 as previous focus fitting result 
2013-10-27.28	1156+295	102-13	13.78	0.8	0.559	0.0122 98	38.1	8.7	-2.60	-81 41	12.0 29	64.4	1.1 -0.1	5.3 -110.6	0.430 5.7E-3	0.635 0.011	21.9 0.3
2013-10-27.29	1156+295	102-13	13.80	0.8	0.559	0.0128 98	38.2	8.7	-3.20	-81 40	12.0 29	64.4	5.9 0.2	10.1 -110.3	0.309 5.4E-3	0.593 0.011	24.6 0.4
2013-10-27.30	1156+295	102-13	13.82	0.8	0.542	0.0133 98	38.1	8.8	-1.40	-81 40	12.0 29	64.3	-0.9 1.0	3.6 -109.6	0.628 5.5E-3	0.686 7.0E-3	19.1 0.2
2013-10-27.31	1156+295	102-13	13.84	1.0	0.542	0.0133 97	35.9	8.8	-0.80	-80 40	12.0 29	64.3	-1.8 2.6	2.8 -108.2	0.541 4.9E-3	0.663 8.9E-3	19.9 0.2
2013-10-27.36	1308+326	102-13	14.59	2.0	0.546	0.0120 99	37.2	9.3	-1.36	-80 46	13.2 32	68.1	-0.6 1.5	2.5 -107.3	0.536 3.1E-3	0.616 5.8E-3	19.3 0.1
2013-10-27.37	0954+658	102-13	14.66	2.1	0.584	0.0152 62	37.1	9.3	-1.36	-27 28	10.0 66	62.1	-0.6 -2.9	-4.0 -120.4	0.853 3.2E-3	0.975 6.5E-3	19.8 0.1
2013-10-27.43	1044+719	103-13	15.61	2.0	0.548	0.0118 70	37.3	10.0	-1.36	-21 31	10.8 72	63.6	-2.7 -0.8	-8.2 -117.7	0.833 3.0E-3	0.968 6.6E-3	19.7 0.1
2013-10-27.53	K3-50A	test	19.17	1.8	0.484	0.0256 77	38.2	7.4	-1.36	-96 73	20.0 34	72.3	1.0 7.5	0.5 -76.1	5.20 8.3E-3	8.50 0.060	23.4 0.0
2013-10-27.54	K3-50A	test	19.24	0.8	0.484	0.0184 81	38.1	7.4	-1.30	-95 73	20.0 34	72.5	1.4 1.7	2.0 -75.4	5.24 0.011	8.44 0.058	23.1 0.0
2013-10-27.55	K3-50A	test	19.26	1.0	0.492	0.0180 77	38.1	7.4	-1.90	-95 72	20.0 34	72.6	0.7 0.7	1.4 -76.8	5.38 0.011	8.73 0.088	22.9 0.0
2013-10-27.56	K3-50A	test	19.28	0.8	0.492	0.0176 77	38.1	7.4	-2.50	-95 72	20.0 34	72.7	-0.1 -0.6	0.6 -78.4	4.55 0.010	8.11 0.060	24.2 0.0
2013-10-27.57	K3-50A	test	19.30	0.8	0.492	0.0156 74	38.3	7.4	-0.70	-95 72	20.0 34	72.7	-1.6 2.6	-0.7 -75.5	4.41 8.8E-3	8.29 0.054	24.7 0.0
2013-10-27.58	K3-50A	test	19.32	1.0	0.692	0.0168 76	37.3	7.4	-0.10	-94 72	20.0 34	72.8	-0.8 2.8	-0.0 -75.7	3.27 0.013	9.07 0.040	30.2 0.1
2013-10-27.59	2131-021	098-13	19.50	2.0	0.522	0.0163 101	37.2	7.4	-1.68	-177 51	21.6 -2	2.4	1.5 -3.8	4.2 -70.9	1.18 4.3E-3	1.28 8.4E-3	18.8 0.1
2013-10-27.66	2131-021	098-13	20.61	2.0	0.549	0.0155 98	37.4	7.3	-1.68	-152 48	21.6 -2	22.1	-0.2 -1.7	8.3 -80.4	1.14 4.0E-3	1.31 8.6E-3	19.3 0.1
2013-10-27.73	2131-021	098-13	21.70	2.0	0.560	0.0155 98	37.3	7.0	-1.68	-132 39	21.6 -2	36.4	1.2 -3.0	11.6 -91.6	1.13 4.1E-3	1.28 0.012	19.4 0.1
2013-10-27.77	W3OH	098-13	22.37	1.8	0.455	0.0143 102	38.2	7.0	-1.68	26 60	2.5 62	-131.8	0.9 5.0	-24.4 -87.6	3.95 7.1E-3	6.97 0.021	24.0 0.0
2013-10-27.78	W3OH	098-13	22.43	1.1	0.460	0.0143 102	36.3	7.0	-1.60	26 60	2.5 62	-132.9	0.1 -0.4	-24.3 -88.0	3.85 9.1E-3	6.90 0.026	23.9 0.0
2013-10-27.79	W3OH	098-13	22.45	0.8	0.460	0.0141 102	38.0	7.0	-2.20	25 60	2.5 62	-133.4	0.9 -1.0	-23.5 -88.5	4.03 0.011	6.37 0.020	22.7 0.1
2013-10-27.80	W3OH	098-13	22.47	1.0	0.460	0.0143 102	36.0	7.0	-2.80	25 60	2.5 62	-133.8	0.8 -1.1	-23.7 -88.6	3.68 9.7E-3	6.64 0.022	24.4 0.1
2013-10-27.81	W3OH	098-13	22.49	0.8	0.460	0.0139 102	38.2	7.0	-1.00	25 60	2.5 62	-134.3	0.3 1.3	-24.2 -86.3	3.20 9.1E-3	6.49 0.023	25.6 0.1
2013-10-27.82	W3OH	098-13	22.52	1.0	0.459	0.0138 102	36.5	7.0	-0.40	25 60	2.5 62	-134.8	1.2 2.6	-23.3 -84.9	2.26 0.012	6.54 0.024	30.7 0.1
2013-10-27.86	Uranus	098-13	23.19	2.0	0.462	0.0150 101	37.4	6.9	-2.00	-159 54	0.6 3	16.6	-0.8 -1.9	7.6 -72.5	14.1 0.014	17.3 0.018	20.1 0.0
# Mon Oct 28 00:00:24 UTC 2013 - Observer: PM
# Mon Oct 28 00:20:57 UTC 2013 - IH: Stopped due to strong wind
2013-10-28.4	W3OH	test	2.00	2.1	0.541	0.1171 52	37.2	6.3	-2.00	-25 60	2.5 62	134.4	-1.4 1.9	-13.8 -96.3	2.16 0.023	3.08 0.040	20.1 0.2
2013-10-28.5	W3OH	test	2.07	0.8	0.523	0.0135 101	38.2	6.4	-2.00	-25 60	2.5 62	133.1	0.4 -0.6	-13.6 -97.1	3.64 9.0E-3	6.07 0.021	23.2 0.1
2013-10-28.6	W3OH	test	2.09	1.0	0.523	0.0149 101	36.5	6.4	-2.60	-26 60	2.5 62	132.6	-1.1 -0.8	-15.0 -97.4	3.66 0.010	6.34 0.021	23.6 0.1
2013-10-28.7	W3OH	test	2.11	1.0	0.523	0.0147 101	35.9	6.4	-3.20	-26 60	2.5 62	132.2	-0.3 -1.2	-14.3 -97.9	3.39 9.3E-3	6.16 0.021	24.3 0.1
2013-10-28.8	W3OH	test	2.13	0.8	0.523	0.0129 101	38.2	6.4	-1.40	-26 60	2.5 62	131.7	-0.3 -0.7	-13.9 -97.5	3.15 8.9E-3	6.37 0.022	25.4 0.1
2013-10-28.9	W3OH	test	2.15	0.8	0.523	0.0133 101	38.2	6.4	-0.80	-26 60	2.5 62	131.2	0.5 0.9	-13.0 -96.0	2.28 7.9E-3	5.93 0.016	29.2 0.1
2013-10-28.17	0823+033	101-13	3.30	2.0	0.558	0.0163 99	37.4	6.3	-2.50	119 37	8.4 3	-44.0	0.5 -9.4	-6.9 -77.0	1.04 5.9E-3	1.31 0.013	20.3 0.1
#2013-10-28.25	0954+658	test	4.89	1.0	0.360	0.8049 54	37.2	6.1	-3.70	28 52	10.0 66	-117.0	-108.1 78.2	-127.4 -26.4	7.88 0.74	17.9 1.3	25.6 2.1
2013-10-28.26	0954+658	test	4.92	0.8	0.360	0.0141 103	38.2	6.1	-2.50	27 52	10.0 66	-117.7	4.6 5.6	-17.2 -93.9	1.28 4.9E-3	1.39 8.4E-3	19.1 0.1
2013-10-28.27	0954+658	test	4.94	0.8	0.363	0.0131 103	38.2	6.1	-3.10	27 52	10.0 66	-118.0	4.3 5.0	-17.6 -94.4	1.09 4.2E-3	1.41 8.8E-3	20.8 0.1
2013-10-28.28	0954+658	test	4.96	0.8	0.363	0.0139 102	38.0	6.1	-3.70	27 53	10.0 66	-118.4	5.6 2.2	-16.4 -97.3	0.787 6.3E-3	1.31 0.014	23.4 0.2
2013-10-28.29	0954+658	test	4.99	0.8	0.363	0.0136 102	38.2	6.1	-1.90	27 53	10.0 66	-118.8	3.0 5.8	-19.0 -93.6	1.28 4.7E-3	1.51 0.011	19.8 0.1
2013-10-28.30	0954+658	test	5.01	0.8	0.363	0.0130 102	38.2	6.1	-1.30	27 53	10.0 66	-119.2	1.9 7.4	-20.2 -91.9	1.05 4.6E-3	1.40 0.011	20.9 0.1
2013-10-28.41	1044+719	103-13	6.72	2.0	0.425	0.0163 101	37.4	6.4	-2.20	14 53	10.8 72	-142.0	0.1 7.7	-19.8 -95.8	1.24 3.8E-3	1.33 8.1E-3	18.9 0.1
2013-10-28.43	1156+295	103-13	7.10	1.8	1.166	0.0158 101	38.2	6.7	-2.20	91 56	12.0 29	-66.0	5.1 -3.0	-16.6 -70.7	1.04 4.7E-3	1.11 8.9E-3	18.7 0.1
2013-10-28.49	1156+295	102-13	7.86	0.8	0.513	0.0130 103	38.1	6.9	-2.20	100 65	12.0 29	-64.2	2.9 0.4	-17.3 -61.1	0.737 5.0E-3	0.813 8.2E-3	19.3 0.1
2013-10-28.50	1156+295	102-13	7.88	1.0	0.513	0.0129 103	35.7	6.9	-2.80	100 65	12.0 29	-64.1	0.7 -0.6	-19.5 -61.8	0.687 4.7E-3	0.825 7.8E-3	19.8 0.1
2013-10-28.51	1156+295	102-13	7.91	1.0	0.513	0.0137 103	35.9	6.9	-3.40	100 65	12.0 29	-63.9	3.5 -0.6	-16.8 -61.5	0.516 5.0E-3	0.756 8.4E-3	23.6 0.2
2013-10-28.52	1156+295	102-13	7.93	0.8	0.549	0.0127 103	38.2	6.9	-1.60	101 66	12.0 29	-63.8	2.6 2.0	-17.8 -58.6	0.725 7.2E-3	0.862 8.2E-3	19.8 0.2
2013-10-28.53	1156+295	102-13	7.95	1.0	0.549	0.0138 103	37.4	7.0	-1.00	101 66	12.0 29	-63.7	2.0 3.7	-18.4 -56.6	0.580 5.4E-3	0.936 0.011	24.3 0.2
2013-10-28.58	1156+295	102-13	8.70	1.0	0.550	0.0142 102	36.6	7.1	-2.20	116 74	12.0 29	-55.1	3.7 3.5	-16.5 -45.3	0.798 6.0E-3	0.971 0.013	19.8 0.1
2013-10-28.59	1156+295	102-13	8.73	1.0	0.550	0.0127 101	37.4	7.1	-2.80	116 75	12.0 29	-54.7	3.4 1.4	-16.9 -47.1	0.674 5.5E-3	0.833 0.010	20.2 0.2
2013-10-28.60	1156+295	102-13	8.75	1.0	0.550	0.0135 101	36.0	7.1	-3.40	117 75	12.0 29	-54.3	2.1 0.1	-18.2 -48.0	0.503 6.7E-3	0.855 0.014	23.6 0.3
2013-10-28.61	1156+295	102-13	8.77	1.0	0.592	0.0123 102	37.0	7.1	-1.60	118 75	12.0 29	-53.7	2.9 3.5	-17.2 -44.2	0.701 5.0E-3	0.816 9.2E-3	19.5 0.1
2013-10-28.62	1156+295	102-13	8.79	0.8	0.592	0.0131 102	38.2	7.1	-1.00	118 75	12.0 29	-53.2	3.9 5.3	-16.4 -42.1	0.563 5.6E-3	0.769 7.8E-3	21.3 0.2
2013-10-28.69	1156+295	102-13	9.89	1.0	0.596	0.0165 101	36.0	7.5	-1.90	-168 82	12.0 29	11.3	1.3 6.1	2.5 -39.2	0.745 9.6E-3	0.894 0.011	19.8 0.2
2013-10-28.70	1156+295	102-13	9.92	0.8	0.596	0.0143 102	38.2	7.5	-2.50	-166 82	12.0 29	13.2	1.8 5.5	3.5 -40.4	0.667 4.7E-3	0.772 9.5E-3	19.5 0.1
2013-10-28.71	1156+295	102-13	9.94	1.0	0.596	0.0306 91	37.0	7.5	-3.10	-164 82	12.0 29	14.9	2.5 3.1	4.2 -44.0	0.475 0.016	0.648 0.023	19.9 0.6
2013-10-28.72	1156+295	102-13	9.96	0.8	0.604	0.0150 101	38.2	7.5	-1.30	-162 82	12.0 29	16.8	1.8 8.8	4.7 -38.4	0.689 6.3E-3	0.915 0.014	21.2 0.2
2013-10-28.73	1156+295	102-13	9.98	1.0	0.604	0.0137 101	37.2	7.6	-0.70	-160 82	12.0 29	18.5	2.1 10.0	5.2 -38.0	0.531 7.7E-3	1.01 0.019	24.6 0.3
# Mon Oct 28 10:22:22 UTC 2013 - Ting Su: there's clouds coming into the telescope. The last 6(maybe up to this #) MACS1149-JD scans probably not useful.
2013-10-28.80	Mars	test	12.06	2.0	0.591	0.0200 73	37.3	9.6	-2.20	-104 34	10.7 10	51.8	-4.5 -4.3	10.1 -104.9	31.6 0.043	43.3 0.043	21.4 0.0
2013-10-28.83	Mars	test	12.58	1.0	0.519	0.0213 53	37.2	9.5	-1.50	-99 28	10.7 10	53.2	-1.9 -5.9	7.5 -112.6	29.8 0.046	39.8 0.18	20.9 0.0
2013-10-28.84	Mars	test	12.61	1.1	0.519	0.0415 54	36.2	9.5	-2.10	-99 28	10.7 10	53.3	-4.0 -8.3	5.2 -115.1	27.1 0.12	50.3 0.29	25.5 0.1
2013-10-28.85	Mars	test	12.63	0.8	0.519	0.0195 55	38.2	9.5	-2.70	-98 27	10.7 10	53.3	0.4 -5.5	9.8 -112.3	23.0 0.039	35.9 0.062	22.4 0.0
2013-10-28.86	Mars	test	12.65	0.8	0.539	0.0253 53	38.2	9.5	-0.90	-98 27	10.7 10	53.4	-2.5 -4.6	6.8 -111.4	23.6 0.065	36.4 0.097	22.9 0.1
2013-10-28.87	Mars	test	12.67	1.0	0.539	0.0363 53	37.3	9.5	-0.30	-98 27	10.7 10	53.4	-1.9 -1.8	7.5 -108.8	15.7 0.26	39.2 0.34	28.8 0.4
2013-10-28.88	1144+402	078-13	12.79	2.1	0.568	0.0190 98	37.1	9.3	-1.80	-70 52	11.8 40	78.2	0.9 2.0	3.3 -105.7	0.766 5.0E-3	0.828 7.6E-3	18.7 0.1
#2013-10-28.94	1928+738	test	15.47	1.6	0.733	0.0085 65	35.3	8.6	-1.80	11 51	19.5 74	-146.7	-245.2 101.0	-261.7 -1.8	0.341 0.020	0.478 0.024	20.3 1.1
2013-10-28.102	1633+382	test	16.01	2.1	1.102	0.0166 97	37.3	7.9	-1.80	-79 70	16.6 38	85.2	2.4 5.5	2.8 -84.0	4.06 6.8E-3	4.54 0.015	19.3 0.0
2013-10-28.103	1633+382	test	16.09	0.8	1.102	0.0120 98	38.2	7.9	-1.80	-79 69	16.6 38	84.7	-3.4 1.5	-0.3 -84.1	3.96 6.6E-3	4.50 9.9E-3	19.1 0.0
2013-10-28.104	1633+382	test	16.12	0.8	0.777	0.0124 97	38.0	7.9	-2.40	-79 69	16.6 38	84.5	-0.1 -0.2	3.0 -86.0	3.26 6.6E-3	4.03 0.013	20.0 0.0
2013-10-28.105	1633+382	test	16.14	1.1	0.777	0.0177 98	36.7	7.8	-3.00	-79 69	16.6 38	84.4	-0.5 -3.7	2.9 -89.8	2.63 8.0E-3	4.22 0.017	22.7 0.1
2013-10-28.106	1633+382	test	16.16	0.8	0.777	0.0125 98	38.2	7.7	-1.20	-79 68	16.6 38	84.2	-0.7 0.4	2.6 -85.9	3.34 6.7E-3	3.94 9.4E-3	19.6 0.0
2013-10-28.107	1633+382	test	16.18	0.8	0.726	0.0128 96	38.2	7.7	-0.60	-79 68	16.6 38	84.1	-1.5 2.7	1.8 -83.9	2.58 6.8E-3	3.71 0.015	21.6 0.1
2013-10-28.108	1633+382	test	16.23	0.8	0.726	0.0122 96	38.0	7.6	-1.70	-79 68	16.6 38	83.8	0.3 1.2	3.9 -86.0	3.38 6.4E-3	3.92 0.011	19.3 0.0
2013-10-28.109	1633+382	test	16.26	0.8	0.714	0.0131 96	38.2	7.5	-2.30	-79 67	16.6 38	83.6	0.5 -1.1	4.1 -88.6	2.99 5.9E-3	3.69 0.012	20.0 0.0
2013-10-28.110	1633+382	test	16.28	1.0	0.714	0.0125 96	35.9	7.5	-2.90	-79 67	16.6 38	83.5	-0.1 -0.9	3.5 -88.7	2.46 5.9E-3	3.81 0.013	22.4 0.0
2013-10-28.117	2131-021	test	17.70	2.0	0.911	0.0916 66	37.4	6.1	-1.70	144 45	21.6 -2	-27.5	-2.8 -6.6	-3.2 -72.2	0.739 0.018	0.677 0.024	17.2 0.4
2013-10-28.118	2131-021	test	17.78	1.0	0.796	0.0635 67	37.5	6.1	-1.70	146 46	21.6 -2	-26.6	1.8 1.3	-0.5 -70.0	0.935 0.054	1.73 0.11	23.1 1.2
2013-10-28.119	2131-021	test	17.80	1.0	0.796	0.0417 68	35.9	6.1	-2.30	146 46	21.6 -2	-26.3	0.6 -0.2	-0.9 -71.2	0.731 0.031	0.660 0.018	15.7 0.7
2013-10-28.120	2131-021	test	17.82	1.0	0.796	0.0468 66	37.4	6.1	-2.90	147 46	21.6 -2	-26.0	2.2 -1.2	-0.2 -72.5	0.606 0.035	0.555 0.018	17.3 1.0
2013-10-28.121	2131-021	test	17.84	0.8	0.743	0.0405 70	38.4	6.1	-1.10	147 46	21.6 -2	-25.6	0.9 -1.2	-1.7 -72.4	0.753 0.025	0.942 0.030	20.0 0.6
2013-10-28.123	2131-021	098-13	17.95	1.0	0.820	0.0484 63	36.6	6.1	-1.80	149 47	21.6 -2	-24.1	2.4 -0.6	-0.2 -71.6	0.730 0.020	0.610 0.016	16.2 0.4
2013-10-28.124	2131-021	098-13	17.97	1.0	0.820	0.0394 68	38.0	6.1	-2.40	149 47	21.6 -2	-23.7	3.5 -1.5	0.8 -72.5	0.867 0.035	0.984 0.039	19.4 0.7
2013-10-28.125	2131-021	098-13	17.99	1.0	0.820	0.0518 59	36.2	6.1	-3.00	150 47	21.6 -2	-23.5	7.3 1.0	3.4 -70.2	0.648 0.048	3.23 0.34	32.9 1.9
2013-10-28.134	2131-021	098-13	19.13	2.1	0.725	0.1265 83	37.3	5.7	-1.80	176 51	21.6 -2	-3.2	2.3 2.4	5.4 -69.7	1.11 0.026	1.91 0.12	27.8 0.5
2013-10-28.135	2131-021	098-13	19.21	0.8	0.725	0.0823 93	38.0	5.7	-1.80	177 51	21.6 -2	-2.0	-2.5 -1.0	3.1 -71.4	1.04 0.055	0.925 0.031	17.0 0.9
2013-10-28.136	2131-021	098-13	19.23	1.0	0.725	0.0535 92	36.4	5.7	-2.40	178 51	21.6 -2	-1.7	-0.4 -2.8	5.1 -73.3	0.864 0.044	0.790 0.017	16.2 0.8
2013-10-28.137	2131-021	098-13	19.25	1.1	0.725	0.0972 93	36.1	5.7	-3.00	178 51	21.6 -2	-1.3	-5.3 -2.1	0.5 -71.6	0.741 0.066	1.02 0.063	23.2 1.8
2013-10-28.138	2131-021	098-13	19.27	0.8	0.725	0.0399 92	38.1	5.7	-1.20	179 51	21.6 -2	-0.8	-3.3 1.2	2.5 -69.5	1.00 0.031	1.20 0.024	19.7 0.6
2013-10-28.139	2131-021	098-13	19.29	0.8	0.725	0.0480 91	38.2	5.7	-0.60	179 51	21.6 -2	-0.4	-4.2 3.2	1.1 -67.6	0.641 0.024	0.739 0.026	19.2 0.7
2013-10-28.146	2131-021	098-13	20.41	2.0	0.725	0.0180 70	37.3	5.7	-1.70	-155 48	21.6 -2	20.1	-3.8 -1.1	7.3 -80.6	1.03 5.0E-3	1.21 0.014	19.7 0.1
2013-10-28.153	W3OH	098-13	21.59	2.0	0.725	0.0197 96	37.2	5.5	-1.70	32 55	2.5 62	-117.8	-1.8 0.8	-23.5 -92.0	3.55 8.0E-3	5.71 0.020	22.6 0.0
2013-10-28.154	W3OH	098-13	21.65	1.0	0.725	0.0159 98	36.3	5.5	-1.70	31 56	2.5 62	-118.7	-0.9 0.3	-22.7 -92.3	3.65 0.014	5.57 0.025	22.2 0.1
2013-10-28.155	W3OH	098-13	21.67	1.0	0.725	0.0155 98	36.0	5.5	-2.30	31 56	2.5 62	-119.1	-1.6 0.5	-23.5 -92.1	3.51 9.6E-3	5.77 0.025	23.1 0.1
2013-10-28.156	W3OH	098-13	21.69	0.8	0.754	0.0146 98	38.3	5.6	-2.90	31 56	2.5 62	-119.5	-0.1 -0.7	-22.0 -93.3	2.94 9.1E-3	5.38 0.022	24.3 0.1
2013-10-28.157	W3OH	098-13	21.72	0.8	0.754	0.0147 98	38.2	5.6	-1.10	31 56	2.5 62	-119.9	-2.2 2.3	-24.2 -90.2	3.22 8.0E-3	5.73 0.025	23.8 0.1
2013-10-28.158	W3OH	098-13	21.74	1.0	0.754	0.0148 97	36.7	5.6	-0.50	31 56	2.5 62	-120.3	-1.5 2.3	-23.6 -90.2	2.40 0.012	5.41 0.024	27.0 0.1
2013-10-28.166	Uranus	101-13	23.11	2.1	0.752	0.0256 98	37.1	5.1	-1.93	-160 54	0.6 3	16.3	-2.0 -0.2	7.4 -74.6	12.7 0.034	16.9 0.034	20.8 0.1
2013-10-28.167	Uranus	101-13	23.17	0.8	0.580	0.0215 98	38.3	5.0	-1.90	-158 54	0.6 3	17.3	-0.3 0.3	7.3 -75.0	12.6 0.025	14.9 0.029	19.9 0.0
2013-10-28.168	Uranus	101-13	23.19	0.8	0.580	0.0187 98	38.2	5.0	-2.50	-158 54	0.6 3	17.7	0.2 -0.5	7.9 -75.9	10.1 0.019	15.2 0.028	22.1 0.0
2013-10-28.169	Uranus	101-13	23.21	1.0	0.580	0.0215 98	36.3	5.0	-3.10	-157 54	0.6 3	18.1	-2.1 -1.2	5.7 -76.9	7.28 0.026	14.7 0.033	25.8 0.1
2013-10-28.170	Uranus	101-13	23.23	0.8	0.602	0.0151 98	38.2	5.0	-1.30	-157 54	0.6 3	18.6	-0.8 1.0	7.0 -75.0	13.2 0.016	15.3 0.030	19.7 0.0
2013-10-28.171	Uranus	101-13	23.25	0.8	0.602	0.0163 98	38.2	5.0	-0.70	-156 54	0.6 3	18.9	-1.6 1.5	6.4 -74.6	11.8 0.023	16.0 0.034	21.3 0.0
2013-10-29.3	0954+658	101-13	1.06	2.1	0.647	0.0161 60	37.1	5.2	-1.52	28 29	10.0 66	-64.7	-3.4 -5.1	-11.8 -107.8	0.790 3.6E-3	0.885 9.1E-3	19.5 0.1
2013-10-29.5	Uranus	101-13	1.26	1.8	0.665	0.0787 60	38.2	5.1	-1.52	-119 37	0.6 3	44.3	-1.1 -7.0	9.8 -102.9	12.0 0.52	21.8 1.3	34.3 1.2
2013-10-29.6	Uranus	101-13	1.33	1.0	0.665	0.0147 67	37.9	5.1	-1.50	-118 37	0.6 3	44.7	1.6 2.2	11.9 -101.1	10.9 0.016	13.3 0.088	20.2 0.0
2013-10-29.7	Uranus	101-13	1.35	0.8	0.653	0.0169 71	38.4	5.1	-2.10	-118 36	0.6 3	44.9	1.9 0.1	12.0 -103.4	10.4 0.13	16.2 1.0	26.4 0.3
2013-10-29.8	Uranus	101-13	1.37	0.8	0.653	0.0138 68	38.2	5.1	-2.70	-118 36	0.6 3	45.0	3.1 -0.2	13.6 -103.8	6.86 0.019	13.0 0.028	24.8 0.1
2013-10-29.9	Uranus	101-13	1.40	0.8	0.653	0.0140 70	38.2	5.1	-0.90	-118 36	0.6 3	45.2	-0.1 2.9	10.2 -100.8	10.2 0.015	13.3 0.32	20.2 0.0
2013-10-29.10	Uranus	101-13	1.42	1.0	0.653	0.0136 67	35.7	5.1	-0.30	-117 36	0.6 3	45.3	-0.3 3.9	9.9 -100.0	7.92 0.014	12.7 0.048	22.8 0.0
2013-10-29.14	0954+658	101-13	2.10	2.0	0.684	0.0187 89	37.3	4.7	-1.35	30 36	10.0 66	-77.6	-1.9 4.4	-15.1 -103.9	1.07 5.9E-3	1.30 0.012	19.8 0.1
2013-10-29.18	W3OH	078-13	2.80	1.8	0.588	0.0222 98	38.2	4.6	-1.35	-32 55	2.5 62	117.2	1.2 3.8	-10.9 -104.9	3.55 7.3E-3	5.95 0.022	23.4 0.0
# Tue Oct 29 02:52:31 UTC 2013 - OBSERVER: ISRAEL HERMELO
2013-10-29.22	0823+033	101-13	3.51	1.8	0.506	0.0167 99	38.2	4.2	-1.35	123 40	8.4 3	-41.8	1.6 -3.3	-7.1 -74.7	0.973 4.1E-3	1.16 0.015	19.6 0.1
2013-10-29.26	0954+658	102-13	4.43	2.1	0.493	0.0158 101	37.4	3.9	-1.35	29 50	10.0 66	-110.6	-2.5 2.8	-22.7 -96.0	1.26 3.5E-3	1.48 6.5E-3	19.6 0.1
2013-10-29.27	0954+658	103-13	4.49	1.0	0.493	0.0140 102	37.2	3.8	-1.30	29 50	10.0 66	-111.5	-2.4 1.8	-22.7 -97.0	1.23 6.1E-3	1.41 8.9E-3	19.3 0.1
2013-10-29.37	0954+658	103-13	6.09	1.0	0.594	0.0130 98	36.6	3.5	-1.30	19 58	10.0 66	-141.6	-0.4 4.2	-23.9 -92.7	1.09 5.5E-3	1.31 0.013	19.7 0.1
2013-10-29.38	0954+658	103-13	6.11	1.0	0.594	0.0129 98	37.0	3.4	-1.90	19 58	10.0 66	-142.0	-0.1 3.5	-23.5 -93.5	1.25 5.5E-3	1.39 0.013	19.0 0.1
2013-10-29.39	0954+658	103-13	6.13	1.0	0.594	0.0130 98	36.5	3.4	-2.50	19 58	10.0 66	-142.5	1.1 2.3	-22.4 -94.6	1.15 4.8E-3	1.33 0.011	19.5 0.1
2013-10-29.40	0954+658	103-13	6.15	0.8	0.632	0.0116 98	38.1	3.4	-0.70	18 58	10.0 66	-143.0	-0.6 5.0	-24.1 -91.9	0.832 4.7E-3	1.23 7.9E-3	21.9 0.1
2013-10-29.41	0954+658	103-13	6.17	0.8	0.632	0.0123 98	38.2	3.4	-0.10	18 59	10.0 66	-143.5	-1.6 5.8	-25.1 -91.1	0.555 4.9E-3	1.19 0.010	26.5 0.2
# Tue Oct 29 07:40:09 UTC 2013 - JS: scans 44, 45 clouds rolling in, bad data
2013-10-29.47	0954+658	103-13	9.06	1.0	0.069	0.0195 94	36.7	4.3	-1.90	-16 59	10.0 66	147.1	3.0 3.9	-12.4 -100.3	1.43 7.4E-3	1.62 0.011	19.4 0.1
2013-10-29.48	0954+658	103-13	9.08	0.8	0.069	0.0166 94	38.1	4.3	-2.50	-17 59	10.0 66	146.5	0.8 1.8	-14.5 -102.4	1.36 5.8E-3	1.69 0.012	20.2 0.1
2013-10-29.49	0954+658	103-13	9.10	1.0	0.069	0.0193 94	36.0	4.4	-3.10	-17 59	10.0 66	146.1	1.4 -1.2	-13.9 -105.5	0.985 7.7E-3	1.57 0.016	22.7 0.2
2013-10-29.50	0954+658	103-13	9.12	0.8	0.122	0.0206 94	38.2	4.4	-1.30	-17 59	10.0 66	145.6	2.7 -0.4	-12.6 -104.9	1.36 5.7E-3	1.93 0.021	21.3 0.1
2013-10-29.51	0954+658	103-13	9.14	0.8	0.122	0.0164 94	38.2	4.4	-0.70	-17 59	10.0 66	145.1	1.3 4.6	-13.7 -99.9	1.16 4.5E-3	1.73 0.011	22.1 0.1
2013-10-29.56	1633+382	100-13	15.93	2.0	0.041	0.0260 89	37.3	3.4	-2.00	-79 70	16.6 38	85.3	-12.9 9.7	5.8 -81.7	4.42 6.9E-3	5.46 0.012	20.3 0.0
# Tue Oct 29 15:58:40 UTC 2013 - J.S.: GISMO was floating the whole week until NOW!!!!!!
2013-10-29.57	1633+382	100-13	15.99	1.0	0.017	0.0174 90	36.6	3.4	-2.00	-79 70	16.6 38	84.9	0.1 0.2	6.2 -82.2	4.47 5.8E-3	5.62 0.013	20.4 0.0
2013-10-29.58	1633+382	100-13	16.01	0.8	0.017	0.0208 89	38.2	3.4	-2.60	-79 69	16.6 38	84.8	-0.2 -1.5	5.9 -84.1	3.46 8.2E-3	5.22 0.018	22.1 0.0
2013-10-29.59	1633+382	100-13	16.03	0.8	0.017	0.0191 89	38.2	3.4	-3.20	-79 69	16.6 38	84.6	-0.6 -1.6	5.6 -84.5	2.37 6.2E-3	5.21 0.018	26.8 0.1
2013-10-29.60	1633+382	100-13	16.06	0.8	0.052	0.0176 88	38.2	3.5	-1.40	-79 69	16.6 38	84.5	-0.7 1.7	5.6 -81.5	4.88 6.9E-3	5.76 0.018	19.7 0.0
2013-10-29.61	1633+382	100-13	16.08	1.0	0.052	0.0166 88	37.3	3.5	-0.80	-79 69	16.6 38	84.3	-0.1 2.8	6.2 -80.7	4.61 5.8E-3	6.05 0.012	20.8 0.0
2013-10-29.67	1633+382	100-13	17.23	2.0	0.100	0.0192 87	37.3	2.8	-1.50	-74 55	16.6 38	77.6	-4.7 -4.0	4.5 -99.4	5.33 5.6E-3	6.34 0.011	19.3 0.0
2013-10-29.71	1633+382	100-13	17.99	1.8	0.056	0.0180 92	38.2	2.4	-1.50	-71 46	16.6 38	73.2	-15.3 5.6	3.3 -108.9	4.92 5.1E-3	5.78 9.4E-3	19.6 0.0
2013-10-29.72	1633+382	100-13	18.06	0.8	0.018	0.0157 91	38.1	2.3	-1.50	-71 46	16.6 38	72.9	-5.8 -3.4	2.2 -108.7	4.75 5.8E-3	5.44 0.011	19.1 0.0
2013-10-29.73	1633+382	100-13	18.08	1.0	0.031	0.0173 91	35.8	2.3	-2.10	-70 45	16.6 38	72.8	-5.0 -4.7	3.0 -110.2	4.89 5.5E-3	5.61 0.014	19.0 0.0
2013-10-29.74	1633+382	100-13	18.10	0.8	0.031	0.0154 94	38.0	2.3	-2.70	-70 45	16.6 38	72.7	-3.1 -5.4	4.9 -111.0	4.03 5.6E-3	5.48 0.012	20.5 0.0
2013-10-29.75	1633+382	100-13	18.12	1.0	0.031	0.0171 94	36.2	2.2	-0.90	-70 45	16.6 38	72.6	-5.5 -3.6	2.6 -109.3	3.85 6.4E-3	5.60 0.013	21.4 0.0
2013-10-29.76	1633+382	100-13	18.14	0.8	0.031	0.0163 94	38.2	2.2	-0.30	-70 45	16.6 38	72.4	-6.1 -1.9	2.0 -107.7	2.55 7.3E-3	5.36 0.014	25.8 0.1
#2013-10-29.79	1633+382	100-13	18.67	2.0	0.002	0.0278 89	37.3	1.4	1.87	-67 39	16.6 38	69.3	4.2 14.5	12.0 -93.3	0.530 0.010	4.16 0.037	50.4 0.7
#2013-10-29.81	1633+382	100-13	18.97	2.0	0.539	0.0334 90	37.2	1.0	1.87	-66 36	16.6 38	67.5	1.9 16.6	9.5 -92.2	0.736 0.017	5.34 0.081	48.0 0.8
2013-10-29.82	1633+382	100-13	19.17	1.0	0.068	0.0298 91	36.7	0.8	-1.80	-65 33	16.6 38	66.3	-7.6 -5.0	1.3 -114.6	4.20 0.018	5.01 0.017	19.4 0.1
2013-10-29.83	1633+382	100-13	19.19	1.0	0.069	0.0286 90	37.0	0.8	-2.40	-65 33	16.6 38	66.2	-7.5 -8.9	1.4 -118.6	4.68 0.013	5.84 0.035	19.8 0.1
2013-10-29.84	1633+382	100-13	19.21	0.8	0.069	0.0276 90	38.2	0.8	-3.00	-64 33	16.6 38	66.1	-4.9 -10.1	4.0 -119.8	4.13 0.013	5.69 0.021	20.8 0.1
2013-10-29.85	1633+382	100-13	19.23	1.0	0.069	0.0288 90	36.4	0.7	-1.20	-64 33	16.6 38	65.9	-7.7 -9.1	1.2 -118.9	4.17 0.014	5.69 0.022	20.6 0.1
2013-10-29.86	1633+382	100-13	19.26	1.0	0.111	0.0268 91	36.8	0.7	-0.60	-64 32	16.6 38	65.8	-7.1 -7.6	1.8 -117.4	3.13 0.013	5.91 0.025	24.4 0.1
2013-10-29.87	1633+382	100-13	19.30	2.0	0.111	0.0335 90	37.3	0.6	-2.10	-64 32	16.6 38	65.5	-5.6 -8.6	3.4 -118.4	4.81 8.1E-3	5.88 0.016	19.6 0.0
# Tue Oct 29 20:11:41 UTC 2013 - After scan 91, bias changed to 10,000. CK going for M33, 077-13
2013-10-29.92	0133+476	077-13	20.18	2.0	0.475	0.0278 65	37.3	0.0	-2.10	57 54	1.6 48	-90.3	-3.9 -3.6	-24.4 -85.1	3.20 7.4E-3	3.52 0.013	18.8 0.0
# Tue Oct 29 20:23:26 UTC 2013 - less than 90 OK channels, changed back to bias=8000, updated source
# Tue Oct 29 20:53:07 UTC 2013 - bias changed to 10,000 again, relocked this time
2013-10-29.108	0133+476	077-13	21.78	2.1	0.400	0.0209 89	37.2	-0.7	-2.10	50 70	1.6 48	-115.1	-2.0 1.0	-31.5 -70.5	3.06 5.7E-3	3.64 0.014	19.6 0.0
2013-10-29.118	0355+508	099-13	23.17	2.0	0.167	0.0247 90	37.3	-1.1	-2.00	50 60	4.0 51	-103.2	-18.7 8.3	-27.2 -77.5	2.82 6.2E-3	3.28 0.015	19.6 0.0
2013-10-29.119	0355+508	099-13	23.23	1.0	0.108	0.0215 90	37.2	-1.2	-2.00	50 61	4.0 51	-104.1	0.6 -1.0	-27.0 -78.1	2.64 8.4E-3	3.17 0.015	19.7 0.1
2013-10-29.120	0355+508	099-13	23.25	1.0	0.108	0.0205 90	37.1	-1.2	-2.60	50 61	4.0 51	-104.5	0.9 -1.7	-26.8 -78.7	2.35 8.8E-3	3.17 0.016	20.8 0.1
2013-10-29.121	0355+508	099-13	23.28	0.8	0.108	0.0199 90	38.2	-1.2	-3.20	50 61	4.0 51	-104.8	1.4 -3.2	-26.4 -80.1	1.82 8.4E-3	3.05 0.016	23.3 0.1
2013-10-29.122	0355+508	099-13	23.30	0.8	0.108	0.0199 90	38.4	-1.2	-1.40	50 61	4.0 51	-105.2	-0.3 0.8	-28.2 -75.9	2.60 7.9E-3	3.14 0.014	19.8 0.1
2013-10-29.123	0355+508	099-13	23.32	1.1	0.058	0.0211 90	36.1	-1.2	-0.80	49 61	4.0 51	-105.5	-0.9 1.1	-28.9 -75.5	2.11 5.1E-3	2.90 0.012	21.1 0.0
2013-10-29.124	0355+508	099-13	23.36	1.8	0.058	0.0242 90	38.2	-1.2	-1.75	49 62	4.0 51	-106.4	0.9 -1.7	-27.3 -78.1	2.61 5.4E-3	3.09 0.011	19.5 0.0
2013-10-30.5	0716+714	099-13	0.70	2.0	0.036	0.0434 82	37.3	-1.7	-1.75	23 43	7.4 71	-99.9	-1.6 -1.7	-16.7 -98.3	2.42 8.6E-3	2.80 0.021	19.3 0.1
# Wed Oct 30 01:07:17 UTC 2013 - LN2 refill
2013-10-30.9	0716+714	099-13	2.23	2.0	0.026	0.0200 105	37.3	-3.0	-1.75	19 50	7.4 71	-124.7	-0.6 -0.0	-19.0 -94.9	2.46 4.2E-3	2.83 0.013	19.3 0.0
2013-10-30.10	0716+714	099-13	2.27	1.8	0.027	0.0190 105	38.2	-2.9	-1.75	19 50	7.4 71	-125.4	-0.5 -0.4	-18.9 -95.3	2.50 3.8E-3	2.80 9.7E-3	19.1 0.0
2013-10-30.17	0716+714	099-13	3.36	2.0	0.056	0.0202 103	37.6	-3.4	-1.75	13 53	7.4 71	-145.7	-1.5 1.9	-20.9 -92.6	2.49 5.2E-3	2.82 0.010	19.1 0.0
2013-10-30.18	0355+508	099-13	3.43	2.0	0.028	0.0202 104	37.4	-3.3	-1.75	-45 67	4.0 51	115.8	2.9 2.6	-6.1 -89.3	2.51 5.1E-3	2.88 8.2E-3	19.2 0.0
2013-10-30.24	0954+658	103-13	4.13	2.0	0.028	0.0219 104	37.3	-3.9	-1.75	30 48	10.0 66	-106.8	-2.7 0.6	-21.8 -91.4	1.56 6.0E-3	1.76 9.1E-3	18.9 0.1
2013-10-30.35	0954+658	103-13	5.89	2.0	0.031	0.0198 98	37.4	-2.6	-1.75	20 58	10.0 66	-138.9	0.2 -1.3	-22.8 -91.0	1.53 4.1E-3	1.74 7.9E-3	19.4 0.0
2013-10-30.43	0954+658	103-13	7.14	2.0	0.065	0.0168 104	37.6	-2.1	-1.75	6 61	10.0 66	-168.0	2.1 0.9	-20.1 -90.0	1.57 3.8E-3	1.88 8.6E-3	19.6 0.0
2013-10-30.185	NGC7538	079-13	18.27	1.8	0.080	0.0377 101	38.2	-2.1	-2.00	32 56	23.2 61	-117.9	-18.3 6.3	-23.5 -89.1	4.35 0.014	9.46 0.096	26.8 0.1
2013-10-30.186	NGC7538	079-13	18.33	1.0	0.026	0.0368 101	36.1	-2.2	-2.00	32 56	23.2 61	-118.8	-0.6 0.5	-24.0 -88.5	4.26 0.022	6.51 0.022	22.0 0.1
2013-10-30.187	NGC7538	079-13	18.35	1.0	0.026	0.0483 101	35.8	-2.1	-2.60	31 56	23.2 61	-119.2	-1.2 -1.0	-24.6 -89.9	3.75 0.025	6.41 0.030	23.9 0.1
2013-10-30.188	NGC7538	079-13	18.37	1.0	0.026	0.0328 101	37.3	-2.1	-3.20	31 56	23.2 61	-119.5	0.9 -1.5	-22.6 -90.3	2.75 0.022	8.84 0.12	32.0 0.2
2013-10-30.189	NGC7538	079-13	18.39	1.0	0.029	0.0284 101	36.3	-2.1	-1.40	31 57	23.2 61	-120.0	0.3 0.8	-23.3 -88.0	4.16 0.018	9.67 0.11	27.7 0.1
2013-10-30.190	NGC7538	079-13	18.42	1.0	0.029	0.0308 102	37.1	-2.1	-0.80	31 57	23.2 61	-120.4	-0.5 2.3	-24.3 -86.5	3.53 0.016	8.84 0.12	28.6 0.1
2013-10-30.210	NGC7538	079-13	19.83	1.8	0.076	0.0229 103	38.2	-0.2	-2.18	16 64	23.2 61	-152.3	1.4 3.2	-23.9 -84.8	4.26 0.027	12.4 0.11	30.7 0.2
2013-10-30.211	NGC7538	079-13	19.92	1.0	0.092	0.0208 103	36.0	-0.2	-2.10	15 64	23.2 61	-154.1	-0.3 0.8	-24.1 -84.2	4.25 0.027	11.0 0.13	28.6 0.2
2013-10-30.212	NGC7538	079-13	19.94	1.0	0.091	0.0219 103	36.5	-0.2	-2.70	15 64	23.2 61	-154.7	0.1 0.0	-23.7 -85.0	3.70 0.026	10.7 0.14	30.3 0.2
2013-10-30.213	NGC7538	079-13	19.96	0.8	0.091	0.0230 102	38.2	-0.2	-3.30	15 64	23.2 61	-155.3	0.8 -1.4	-22.9 -86.4	2.46 0.021	7.87 0.11	31.8 0.2
2013-10-30.214	NGC7538	079-13	19.98	1.0	0.091	0.0227 102	36.0	-0.2	-1.50	14 64	23.2 61	-155.9	0.1 1.8	-23.7 -83.3	4.21 0.026	10.6 0.14	28.3 0.1
2013-10-30.215	NGC7538	079-13	20.00	1.0	0.080	0.0216 103	37.4	-0.2	-0.90	14 64	23.2 61	-156.5	-0.9 3.2	-24.6 -81.9	3.32 0.022	10.5 0.11	31.8 0.2
2013-10-30.228	2230+114	099-13	21.09	1.8	0.076	0.0252 102	38.2	-0.4	-2.02	-150 62	22.5 12	24.4	-1.8 0.3	7.4 -65.5	1.76 6.4E-3	1.91 8.0E-3	18.3 0.1
2013-10-30.229	2230+114	099-13	21.14	0.8	0.076	0.0189 102	38.4	-0.2	-2.00	-149 61	22.5 12	25.3	-1.5 1.0	8.0 -65.5	1.80 6.2E-3	1.92 9.7E-3	18.5 0.1
2013-10-30.230	2230+114	099-13	21.16	1.0	0.077	0.0191 102	37.3	-0.2	-2.60	-148 61	22.5 12	25.7	-0.8 -0.0	8.7 -66.8	1.47 8.2E-3	1.89 0.010	20.0 0.1
2013-10-30.231	2230+114	099-13	21.18	0.8	0.077	0.0271 102	38.2	-0.2	-3.20	-147 61	22.5 12	26.2	-1.1 -1.2	8.8 -68.3	1.23 9.2E-3	2.09 0.018	23.4 0.2
2013-10-30.232	2230+114	099-13	21.20	0.8	0.102	0.0223 102	38.2	-0.1	-1.40	-147 61	22.5 12	26.7	-2.5 1.7	7.2 -65.8	1.61 7.0E-3	1.91 0.012	19.2 0.1
2013-10-30.233	2230+114	099-13	21.23	1.0	0.102	0.0194 102	36.7	-0.1	-0.80	-146 61	22.5 12	27.1	-2.6 2.2	7.3 -65.6	1.30 6.6E-3	1.89 0.011	21.5 0.1
2013-10-30.240	2136+141	099-13	22.37	2.0	0.105	0.0197 103	37.3	-0.3	-1.85	-106 43	21.7 14	52.4	-4.4 -2.5	8.5 -95.0	0.431 3.5E-3	0.481 8.1E-3	19.0 0.1
2013-10-30.247	2136+141	099-13	23.44	1.8	0.060	0.0187 103	38.2	-0.2	-1.85	-95 30	21.7 14	55.2	-0.9 -3.8	7.7 -104.9	0.384 2.8E-3	0.399 6.2E-3	18.5 0.1
2013-10-30.251	2136+141	099-13	23.99	2.0	0.002	0.0203 103	37.3	-0.3	-1.85	-89 24	21.7 14	55.5	-1.6 -5.3	6.3 -107.4	0.367 3.5E-3	0.452 0.010	20.3 0.2
2013-10-31.1	0133+476	077-13	0.09	2.0	0.047	0.0189 103	37.4	-0.5	-1.85	-37 76	1.6 48	133.4	8.6 3.1	-8.1 -81.4	2.64 5.4E-3	3.05 8.7E-3	19.6 0.0
2013-10-31.2	0133+476	077-13	0.18	2.0	0.066	0.0189 103	37.3	-0.6	-1.85	-40 75	1.6 48	130.2	-0.3 0.3	-7.4 -81.8	2.43 5.3E-3	2.80 7.8E-3	19.2 0.0
2013-10-31.16	0133+476	077-13	1.69	1.6	0.055	0.0228 88	38.8	-0.7	-1.85	-56 61	1.6 48	98.0	-5.1 -2.3	-1.1 -96.2	2.48 4.5E-3	2.75 9.4E-3	18.9 0.0
2013-10-31.39	Uranus	077-13	2.93	1.8	0.054	0.0196 102	38.3	-0.7	-1.85	-99 17	0.6 3	52.1	-11.6 -11.9	4.9 -106.2	12.3 0.012	15.8 0.014	20.6 0.0
2013-10-31.40	Uranus	077-13	3.00	0.9	0.054	0.0195 102	36.8	-0.7	-1.80	-98 16	0.6 3	52.2	-11.6 -12.2	4.8 -106.5	11.9 0.015	15.9 0.021	21.1 0.0
2013-10-31.41	Uranus	077-13	3.02	0.8	0.054	0.0193 102	38.3	-0.8	-2.40	-98 16	0.6 3	52.3	-11.8 -12.4	4.7 -106.7	12.5 0.015	15.8 0.020	20.4 0.0
2013-10-31.42	Uranus	077-13	3.04	1.0	0.067	0.0189 102	37.0	-0.8	-3.00	-98 16	0.6 3	52.3	-10.8 -12.4	5.5 -106.6	10.8 0.014	16.1 0.023	22.2 0.0
2013-10-31.43	Uranus	077-13	3.06	1.0	0.067	0.0189 101	36.6	-0.9	-1.20	-98 15	0.6 3	52.4	-12.3 -11.5	4.1 -105.7	9.44 0.017	15.5 0.025	23.2 0.0
2013-10-31.44	Uranus	077-13	3.09	0.8	0.091	0.0206 100	38.0	-0.9	-0.60	-98 15	0.6 3	52.4	-11.4 -9.8	4.7 -104.0	6.66 0.021	15.4 0.028	27.5 0.1
2013-10-31.59	0954+658	103-13	4.15	1.9	0.134	0.0190 104	37.4	-0.7	-2.20	30 49	10.0 66	-108.2	-8.6 -5.2	-20.6 -95.2	1.58 4.8E-3	1.79 9.4E-3	18.9 0.1
# Thu Oct 31 04:55:58 UTC 2013 - JS: Scan 62 appears to have problenm with astrometry!? 
2013-10-31.69	0954+658	103-13	5.74	1.7	0.121	0.0172 104	38.2	-0.4	-2.20	21 57	10.0 66	-137.2	1.1 22.1	-23.2 -91.9	1.65 4.4E-3	1.86 9.1E-3	19.2 0.0
2013-10-31.70	0954+658	103-13	5.88	1.9	0.136	0.0167 104	37.1	-0.5	-2.20	20 58	10.0 66	-140.2	0.6 0.8	-22.7 -91.1	1.58 3.8E-3	1.82 8.9E-3	19.4 0.0
2013-10-31.75	0954+658	103-13	6.68	2.0	0.101	0.0188 104	36.9	0.0	-2.20	11 61	10.0 66	-158.4	0.6 0.5	-22.6 -90.9	1.56 4.1E-3	1.76 7.2E-3	19.3 0.0
2013-10-31.80	0954+658	103-13	7.46	1.9	0.118	0.0198 104	37.2	-0.1	-2.20	1 62	10.0 66	-177.6	2.1 0.8	-19.4 -92.3	1.62 5.0E-3	1.87 0.017	19.3 0.1
2013-10-31.81	1226+023	103-13	7.63	1.9	0.107	0.0189 104	37.3	-0.1	-2.20	127 41	12.5 2	-39.2	0.5 -1.9	-5.7 -69.6	4.25 5.0E-3	5.28 0.012	20.1 0.0
2013-10-31.84	1226+023	102-13	8.05	0.6	0.212	0.0202 105	35.2	0.3	-2.20	134 45	12.5 2	-34.7	1.2 -1.2	-4.8 -66.9	4.52 6.9E-3	5.32 0.014	19.9 0.0
2013-10-31.85	1226+023	102-13	8.08	0.9	0.212	0.0171 104	36.9	0.4	-2.80	135 45	12.5 2	-34.4	1.7 -2.4	-4.2 -68.0	3.83 8.8E-3	5.63 0.018	22.1 0.0
2013-10-31.86	1226+023	102-13	8.10	0.8	0.212	0.0170 104	37.9	0.4	-3.40	135 46	12.5 2	-34.1	3.0 -3.4	-3.0 -68.9	2.72 6.3E-3	5.23 0.015	25.1 0.0
2013-10-31.87	1226+023	102-13	8.12	0.8	0.127	0.0162 103	38.1	0.4	-1.60	136 46	12.5 2	-33.9	0.5 -1.1	-5.4 -66.6	4.23 8.0E-3	5.20 0.012	19.8 0.0
2013-10-31.88	1226+023	102-13	8.14	0.6	0.127	0.0163 104	35.4	0.4	-1.00	136 46	12.5 2	-33.6	-0.2 -0.5	-6.0 -65.9	3.90 7.1E-3	5.02 0.012	20.7 0.0
2013-10-31.89	1226+023	102-13	8.19	1.4	0.136	0.0198 104	38.1	0.5	-1.70	137 46	12.5 2	-32.9	0.6 -1.4	-5.2 -66.5	4.51 7.2E-3	5.30 0.011	19.5 0.0
2013-10-31.94	1226+023	102-13	8.96	1.6	0.107	0.0212 104	37.5	1.2	-1.70	152 52	12.5 2	-21.4	1.7 0.0	-1.6 -62.6	4.33 6.6E-3	5.18 0.013	19.8 0.0
2013-10-31.101	1116+128	102-13	10.04	1.9	0.092	0.0232 101	37.4	1.8	-1.70	-143 61	11.3 13	29.5	1.3 3.3	9.3 -68.0	0.399 4.8E-3	0.475 0.020	19.9 0.2
2013-10-31.106	1226+023	100-13	10.75	1.9	0.206	0.0211 103	37.8	1.9	-1.70	-162 54	12.5 2	14.3	-1.1 -0.3	6.0 -70.5	4.54 5.5E-3	5.37 0.012	19.6 0.0
2013-10-31.114	1226+023	100-13	12.08	1.7	0.202	0.0226 103	36.9	1.5	-1.70	-134 45	12.5 2	35.0	-2.9 -4.2	8.1 -88.1	4.56 6.1E-3	5.47 0.012	19.8 0.0
2013-10-31.115	1226+023	100-13	12.11	0.6	0.202	0.0172 103	36.8	1.5	-1.70	-134 45	12.5 2	35.3	-3.1 -5.0	8.0 -89.3	4.35 7.7E-3	5.31 0.015	19.5 0.0
2013-10-31.116	1226+023	100-13	12.13	0.9	0.202	0.0189 103	37.2	1.5	-2.30	-133 45	12.5 2	35.6	-1.9 -5.4	9.2 -89.9	3.58 8.1E-3	5.31 0.019	21.6 0.0
2013-10-31.117	1226+023	100-13	12.16	0.8	0.115	0.0190 103	38.1	1.4	-2.90	-133 45	12.5 2	35.8	-0.6 -5.9	10.6 -90.6	2.65 8.6E-3	5.15 0.026	25.2 0.1
2013-10-31.118	1226+023	100-13	12.18	0.9	0.115	0.0199 103	37.3	1.4	-1.10	-133 44	12.5 2	36.1	-2.6 -3.9	8.5 -88.9	4.00 7.3E-3	4.85 0.011	19.7 0.0
2013-10-31.119	1226+023	100-13	12.20	0.8	0.115	0.0205 99	38.8	1.4	-0.50	-132 44	12.5 2	36.3	-3.1 -3.0	8.1 -88.1	3.61 6.9E-3	4.89 0.017	20.9 0.0
2013-10-31.128	2254+617	079-13	16.39	1.9	0.037	0.0203 96	37.1	0.1	-1.30	36 45	22.9 62	-94.6	-0.6 -11.0	-18.8 -103.7	1.61 8.4E-3	5.44 0.022	33.0 0.1
2013-10-31.129	2254+617	079-13	16.46	0.8	0.059	0.0172 96	37.9	0.1	-1.30	36 46	22.9 62	-95.4	-1.6 -1.4	-20.6 -104.9	1.66 0.010	5.10 0.030	31.4 0.2
2013-10-31.131	2254+617	079-13	16.50	1.0	0.059	0.0185 96	35.3	0.1	-2.50	36 46	22.9 62	-96.0	-0.0 -1.5	-19.2 -104.9	1.20 0.011	4.91 0.025	36.0 0.3
2013-10-31.132	2254+617	079-13	16.52	0.6	0.097	0.0178 96	36.8	0.1	-0.70	36 46	22.9 62	-96.3	-2.6 -0.2	-21.8 -103.5	1.66 0.011	4.97 0.025	31.0 0.2
2013-10-31.134	2254+617	079-13	16.62	1.0	0.032	0.0172 96	37.8	0.0	-1.80	36 47	22.9 62	-97.7	-1.2 -1.4	-20.9 -104.5	1.52 8.9E-3	5.11 0.044	33.0 0.2
2013-10-31.135	2254+617	079-13	16.64	1.0	0.032	0.0177 97	37.2	0.0	-2.40	36 47	22.9 62	-98.0	0.2 -1.2	-19.6 -104.2	1.26 0.011	4.83 0.048	35.0 0.2
2013-10-31.136	2254+617	079-13	16.66	0.8	0.032	0.0168 96	38.2	0.0	-3.00	35 47	22.9 62	-98.3	1.7 -1.5	-18.1 -104.5	0.938 9.4E-3	4.33 0.037	38.4 0.3
2013-10-31.137	2254+617	079-13	16.69	0.8	0.035	0.0179 96	38.7	0.0	-1.20	35 47	22.9 62	-98.6	-2.2 -0.7	-22.1 -103.6	1.62 0.010	4.65 0.042	30.4 0.2
2013-10-31.138	2254+617	079-13	16.71	0.8	0.035	0.0168 96	38.6	0.0	-0.60	35 47	22.9 62	-99.0	-2.9 -0.4	-22.9 -103.3	1.52 9.0E-3	4.80 0.039	31.8 0.2
2013-10-31.139	2254+617	079-13	16.76	1.6	0.056	0.0183 96	37.3	0.0	-0.95	35 48	22.9 62	-99.9	-1.7 1.1	-22.0 -101.7	1.64 7.5E-3	5.35 0.035	32.5 0.1
2013-10-31.142	1928+738	079-13	16.93	2.0	0.179	0.0207 95	37.2	-0.3	-0.95	1 53	19.5 74	-178.8	0.5 6.3	-17.1 -103.9	3.11 6.0E-3	3.62 0.012	19.2 0.0
2013-10-31.144	1928+738	079-13	17.06	0.9	0.090	0.0187 94	37.2	-0.3	-2.40	-0 53	19.5 74	178.8	0.6 -1.4	-16.2 -105.6	2.33 8.5E-3	3.42 0.018	21.5 0.1
2013-10-31.146	1928+738	079-13	17.09	0.9	0.090	0.0161 94	36.2	-0.3	-1.80	-1 53	19.5 74	178.2	0.6 0.2	-16.2 -104.0	2.96 5.4E-3	3.49 0.010	19.3 0.0
2013-10-31.147	1928+738	079-13	17.11	0.8	0.150	0.0154 94	38.0	-0.3	-2.40	-1 53	19.5 74	177.7	1.0 -1.3	-15.7 -105.6	2.43 6.1E-3	3.43 0.012	21.1 0.0
2013-10-31.148	1928+738	079-13	17.13	1.0	0.150	0.0169 94	37.8	-0.4	-3.00	-1 53	19.5 74	177.3	2.3 -2.3	-14.3 -106.5	1.79 7.2E-3	3.42 0.013	24.9 0.1
2013-10-31.149	1928+738	079-13	17.16	0.8	0.150	0.0159 94	38.9	-0.4	-1.20	-1 53	19.5 74	176.8	0.2 -0.5	-16.4 -104.8	3.11 5.2E-3	3.46 9.3E-3	19.0 0.0
2013-10-31.150	1928+738	079-13	17.18	0.8	0.111	0.0157 93	38.0	-0.4	-0.60	-1 53	19.5 74	176.4	-0.2 1.5	-16.8 -102.8	2.61 4.4E-3	3.41 0.012	20.3 0.0
2013-10-31.159	1928+738	079-13	18.70	2.0	0.055	0.0199 103	37.9	-0.3	-1.40	-11 51	19.5 74	146.6	0.5 1.2	-12.6 -106.1	3.07 4.4E-3	3.37 8.2E-3	19.0 0.0
2013-10-31.160	1928+738	079-13	18.77	0.9	0.090	0.0189 103	36.0	-0.4	-1.40	-11 51	19.5 74	145.4	0.7 0.1	-11.9 -106.2	3.07 6.1E-3	3.30 1.0E-2	18.7 0.0
2013-10-31.161	1928+738	079-13	18.80	0.9	0.090	0.0180 103	36.2	-0.4	-2.00	-11 51	19.5 74	145.0	0.9 -0.7	-11.6 -107.1	3.08 6.7E-3	3.38 9.9E-3	19.0 0.0
2013-10-31.162	1928+738	079-13	18.82	0.8	0.090	0.0168 102	37.6	-0.4	-2.60	-12 51	19.5 74	144.6	1.5 -1.8	-11.0 -108.2	2.49 5.0E-3	3.14 9.9E-3	20.2 0.0
2013-10-31.163	1928+738	079-13	18.84	0.9	0.090	0.0171 102	36.5	-0.4	-0.80	-12 51	19.5 74	144.2	-0.4 -0.0	-12.8 -106.5	2.55 5.3E-3	3.23 0.011	20.3 0.0
2013-10-31.164	1928+738	079-13	18.86	1.0	0.090	0.0195 102	37.7	-0.3	-0.20	-12 51	19.5 74	143.7	-0.5 1.1	-13.0 -105.4	1.94 7.1E-3	3.24 0.013	23.6 0.1
2013-10-31.173	2136+141	099-13	20.53	1.6	0.196	0.0190 93	37.0	0.4	-1.70	-137 61	21.7 14	34.7	-0.3 5.6	8.7 -71.3	0.410 4.2E-3	0.425 7.1E-3	18.0 0.2
2013-10-31.174	2136+141	099-13	20.59	0.9	0.196	0.0182 92	36.5	0.4	-1.80	-135 61	21.7 14	35.6	-0.1 -0.9	8.3 -73.1	0.389 6.8E-3	0.403 7.0E-3	17.7 0.3
2013-10-31.175	2136+141	099-13	20.61	1.0	0.196	0.0175 92	37.3	0.4	-2.40	-135 61	21.7 14	36.0	-0.4 -1.1	8.4 -73.7	0.380 5.6E-3	0.406 8.7E-3	18.3 0.3
2013-10-31.176	2136+141	099-13	20.63	0.6	0.196	0.0158 93	36.8	0.4	-3.00	-134 60	21.7 14	36.3	0.7 -2.8	10.5 -75.7	0.279 7.3E-3	0.337 8.8E-3	19.1 0.5
2013-10-31.177	2136+141	099-13	20.65	0.9	0.155	0.0157 93	37.5	0.4	-1.20	-134 60	21.7 14	36.7	-1.4 0.9	7.8 -72.3	0.334 3.8E-3	0.369 6.6E-3	18.2 0.2
2013-10-31.178	2136+141	099-13	20.67	0.8	0.155	0.0160 93	38.7	0.4	-0.60	-133 60	21.7 14	37.1	-1.6 1.9	7.4 -71.6	0.263 4.7E-3	0.357 7.7E-3	20.2 0.3
2013-10-31.179	2136+141	099-13	20.71	2.0	0.198	0.0196 93	37.2	0.3	-1.95	-132 60	21.7 14	37.9	-0.2 0.3	8.9 -73.9	0.410 4.0E-3	0.433 5.5E-3	18.1 0.2
2013-10-31.187	2136+141	099-13	22.06	1.6	0.121	0.0162 95	38.8	0.5	-1.95	-109 46	21.7 14	51.3	-0.7 -3.5	9.8 -94.4	0.386 3.0E-3	0.458 0.015	19.0 0.1
2013-10-31.193	0235+164	099-13	23.20	2.0	0.214	0.0206 94	37.4	0.0	-1.95	143 66	2.6 17	-29.4	4.2 4.6	-7.6 -48.4	0.881 4.5E-3	1.01 0.011	19.2 0.1
2013-10-31.198	0133+476	077-13	0.06	1.8	0.179	0.0193 103	38.0	-0.4	-1.95	-38 75	1.6 48	132.2	4.8 0.1	-6.6 -81.1	2.61 5.1E-3	3.00 0.011	19.0 0.0
2013-11-01.1	0133+476	077-13	0.13	0.9	0.124	0.0167 102	37.3	-0.3	-1.90	-40 75	1.6 48	129.9	-1.4 0.6	-7.1 -81.0	2.54 6.0E-3	2.76 0.010	19.0 0.0
2013-11-01.3	0133+476	077-13	0.17	1.0	0.082	0.0185 102	35.8	-0.1	-3.10	-41 74	1.6 48	128.5	-1.3 -1.9	-6.5 -83.9	1.91 5.6E-3	2.65 0.011	20.9 0.1
2013-11-01.4	0133+476	077-13	0.19	0.8	0.082	0.0171 103	37.8	-0.1	-1.30	-41 74	1.6 48	127.7	-1.8 0.8	-6.7 -81.4	2.23 5.4E-3	2.68 0.011	20.0 0.0
2013-11-01.5	0133+476	077-13	0.22	0.9	0.082	0.0165 103	38.0	0.0	-0.70	-42 74	1.6 48	127.0	-1.3 2.9	-5.9 -79.4	1.67 4.9E-3	2.77 0.012	23.2 0.1
2013-11-01.6	0133+476	077-13	0.26	0.8	0.110	0.0170 103	38.3	0.1	-1.90	-43 74	1.6 48	125.6	-1.7 0.3	-5.9 -82.4	2.59 6.6E-3	2.74 8.2E-3	18.5 0.0
2013-11-01.7	0133+476	077-13	0.28	1.0	0.110	0.0173 103	36.3	0.1	-2.50	-43 74	1.6 48	125.0	-1.7 -0.0	-5.7 -82.9	2.36 6.1E-3	2.73 8.6E-3	19.2 0.0
2013-11-01.8	0133+476	077-13	0.30	0.9	0.110	0.0161 103	36.9	0.1	-3.10	-44 73	1.6 48	124.3	-1.0 -1.2	-4.7 -84.3	1.90 5.1E-3	2.73 0.011	21.3 0.1
2013-11-01.9	0133+476	077-13	0.33	1.0	0.070	0.0164 103	37.6	0.1	-1.30	-44 73	1.6 48	123.6	-2.0 1.6	-5.5 -81.7	2.19 6.3E-3	2.64 8.4E-3	20.0 0.1
2013-11-01.10	0133+476	077-13	0.35	1.0	0.070	0.0163 103	37.1	0.1	-0.70	-45 73	1.6 48	123.0	-1.6 2.7	-4.9 -80.7	1.67 6.1E-3	2.76 0.013	23.1 0.1
2013-11-01.23	0133+476	077-13	1.63	1.9	0.023	0.0191 88	37.7	-0.6	-2.00	-56 61	1.6 48	97.9	-5.3 -1.9	-0.1 -95.4	2.20 5.1E-3	2.52 7.4E-3	18.9 0.0
2013-11-01.42	0133+476	077-13	2.91	1.6	0.055	0.0177 103	37.5	-0.2	-2.00	-57 48	1.6 48	83.3	-0.5 -4.6	3.4 -108.1	2.52 5.1E-3	2.79 8.3E-3	19.0 0.0
2013-11-01.43	0133+476	077-13	2.98	0.9	0.055	0.0167 103	36.5	-0.2	-2.00	-56 47	1.6 48	82.7	0.5 0.7	4.1 -107.7	2.53 6.4E-3	2.78 8.4E-3	19.0 0.0
2013-11-01.44	0133+476	077-13	3.00	1.0	0.089	0.0167 103	36.4	-0.1	-2.60	-56 47	1.6 48	82.5	0.2 -0.1	3.8 -108.7	2.33 6.7E-3	2.83 0.011	19.9 0.1
2013-11-01.45	0133+476	077-13	3.03	0.8	0.089	0.0159 103	37.8	-0.1	-3.20	-56 47	1.6 48	82.3	0.6 -0.4	4.3 -109.1	1.78 5.7E-3	2.89 0.014	23.1 0.1
2013-11-01.46	0133+476	077-13	3.05	0.9	0.077	0.0162 103	37.6	-0.1	-1.40	-56 47	1.6 48	82.0	-1.5 1.6	2.2 -107.1	2.65 5.3E-3	2.89 0.011	19.2 0.0
2013-11-01.47	0133+476	077-13	3.07	0.9	0.077	0.0166 103	38.3	-0.2	-0.80	-56 46	1.6 48	81.8	-2.0 2.8	1.8 -106.1	2.12 5.7E-3	2.89 0.012	21.1 0.1
2013-11-01.54	0954+658	103-13	4.14	1.8	0.064	0.0184 103	38.1	0.8	-1.84	29 49	10.0 66	-109.0	-3.4 0.2	-20.3 -95.7	1.60 3.2E-3	1.69 6.1E-3	18.8 0.0
2013-11-01.64	1044+719	103-13	5.63	1.9	0.059	0.0181 103	37.1	3.0	-1.84	19 50	10.8 72	-126.7	-0.0 1.6	-18.7 -97.8	1.81 3.9E-3	2.09 0.010	19.5 0.0
2013-11-01.65	0954+658	103-13	5.69	1.9	0.076	0.0180 103	37.4	3.1	-1.84	21 57	10.0 66	-137.5	1.0 2.1	-22.2 -91.9	1.65 4.8E-3	1.90 9.8E-3	19.4 0.1
2013-11-01.66	0954+658	103-13	5.73	0.9	0.076	0.0152 103	36.9	3.1	-1.90	20 58	10.0 66	-138.1	1.6 2.2	-21.7 -91.7	1.62 3.9E-3	1.75 7.5E-3	18.8 0.0
2013-11-01.67	0954+658	103-13	5.75	1.0	0.076	0.0164 102	36.6	3.1	-2.50	20 58	10.0 66	-138.5	1.8 1.5	-21.6 -92.5	1.53 5.0E-3	1.78 9.9E-3	19.9 0.1
2013-11-01.68	0954+658	103-13	5.77	0.9	0.076	0.0157 103	38.3	3.1	-3.10	20 58	10.0 66	-139.0	3.1 0.5	-20.3 -93.4	1.13 4.6E-3	1.68 0.011	21.8 0.1
2013-11-01.69	0954+658	103-13	5.79	0.8	0.086	0.0152 103	37.9	3.2	-1.30	20 58	10.0 66	-139.5	0.8 3.2	-22.6 -90.8	1.50 4.7E-3	1.81 0.013	19.9 0.1
2013-11-01.70	0954+658	103-13	5.81	0.8	0.086	0.0154 103	37.8	3.2	-0.70	20 58	10.0 66	-139.9	0.4 4.6	-23.0 -89.3	1.23 5.3E-3	1.74 0.013	21.7 0.1
2013-11-01.77	0954+658	103-13	6.92	1.9	0.107	0.0172 103	37.5	2.7	-2.00	8 61	10.0 66	-165.7	1.2 1.2	-20.5 -91.7	1.61 4.5E-3	1.87 0.015	19.4 0.1
2013-11-01.81	0954+658	103-13	7.53	2.0	0.080	0.0180 103	37.0	3.2	-2.00	-0 62	10.0 66	179.1	0.7 0.9	-18.3 -92.6	1.49 4.2E-3	1.73 0.011	19.4 0.1
2013-11-01.82	1156+295	102-13	7.70	1.7	0.183	0.0191 102	36.6	3.1	-2.00	101 66	12.0 29	-63.6	0.3 1.7	-22.1 -55.4	0.752 5.0E-3	0.838 8.1E-3	19.1 0.1
2013-11-01.87	1156+295	102-13	8.47	1.8	0.096	0.0183 103	38.1	3.4	-2.00	117 75	12.0 29	-54.3	3.2 2.2	-18.8 -41.4	0.759 4.0E-3	0.914 7.2E-3	19.8 0.1
2013-11-01.88	1156+295	102-13	8.54	1.0	0.099	0.0163 103	36.8	3.4	-2.00	119 76	12.0 29	-52.9	0.4 0.1	-18.1 -40.1	0.759 5.3E-3	0.870 7.3E-3	19.5 0.1
2013-11-01.89	1156+295	102-13	8.57	0.9	0.099	0.0160 102	37.0	3.4	-2.60	120 76	12.0 29	-52.4	0.2 -0.7	-18.1 -40.6	0.596 6.1E-3	0.834 1.0E-2	21.3 0.2
2013-11-01.90	1156+295	102-13	8.59	0.8	0.124	0.0157 103	38.5	3.4	-3.20	120 76	12.0 29	-51.9	1.2 -1.7	-16.6 -41.3	0.505 4.5E-3	0.861 9.7E-3	23.4 0.2
2013-11-01.91	1156+295	102-13	8.61	0.8	0.124	0.0153 103	38.4	3.4	-1.40	121 76	12.0 29	-51.3	0.2 1.4	-17.6 -37.8	0.719 5.4E-3	0.891 0.012	20.0 0.1
2013-11-01.92	1156+295	102-13	8.63	1.1	0.124	0.0172 103	36.8	3.4	-0.80	122 76	12.0 29	-50.7	0.8 2.6	-16.9 -36.3	0.624 6.3E-3	0.898 9.0E-3	21.7 0.2
2013-11-01.99	1116+128	102-13	9.72	1.9	0.140	0.0226 100	38.0	3.8	-1.81	-151 63	11.3 13	24.1	-2.9 1.0	9.7 -62.5	0.382 5.0E-3	0.449 7.1E-3	23.2 0.3
2013-11-01.102	1116+128	102-13	9.82	0.9	0.094	0.0205 101	36.1	3.8	-1.80	-148 62	11.3 13	26.1	-0.1 1.7	9.9 -62.3	0.405 8.7E-3	0.521 0.011	20.0 0.4
2013-11-01.103	1116+128	102-13	9.85	0.7	0.094	0.0168 100	35.3	3.8	-2.40	-147 62	11.3 13	26.6	-0.8 -1.1	9.5 -65.5	0.314 6.1E-3	0.391 0.015	23.0 0.4
2013-11-01.104	1116+128	102-13	9.87	0.9	0.094	0.0184 101	36.1	3.8	-3.00	-146 62	11.3 13	27.0	-1.6 -2.2	9.0 -66.8	0.275 6.0E-3	0.400 9.4E-3	24.6 0.5
2013-11-01.105	1116+128	102-13	9.89	0.8	0.114	0.0198 101	37.5	3.7	-1.20	-146 62	11.3 13	27.5	-2.4 1.3	7.9 -63.7	0.323 7.4E-3	0.341 8.6E-3	17.9 0.4
2013-11-01.106	1116+128	102-13	9.91	1.0	0.114	0.0201 100	37.4	3.7	-0.60	-145 61	11.3 13	28.0	-2.4 2.3	7.9 -63.0	0.259 6.1E-3	0.352 9.9E-3	20.4 0.5
2013-11-01.111	1226+023	100-13	10.68	1.8	0.224	0.0217 100	38.2	3.8	-1.40	-163 54	12.5 2	14.1	-3.5 -3.5	6.1 -68.6	4.11 5.2E-3	5.39 0.013	20.2 0.0
2013-11-01.121	1308+326	100-13	12.30	2.0	0.160	0.0215 103	37.2	5.3	-1.40	-96 70	13.2 32	69.8	6.1 1.8	8.8 -77.2	0.704 5.0E-3	0.788 8.7E-3	18.9 0.1
# Fri Nov  1 13:10:28 UTC 2013 - Scans 126, 127, 128 against Styrofor
2013-11-01.131	1633+382	100-13	15.87	1.8	0.223	0.0185 98	38.0	3.3	-1.40	-79 69	16.6 38	84.4	4.3 2.3	9.7 -80.6	3.61 4.4E-3	5.23 0.014	21.6 0.0
2013-11-01.132	1633+382	100-13	15.93	1.0	0.249	0.0170 98	36.2	3.2	-1.40	-79 68	16.6 38	84.0	-3.6 -3.4	6.4 -84.6	3.98 9.5E-3	5.01 0.011	20.0 0.0
2013-11-01.133	1633+382	100-13	15.95	0.8	0.249	0.0190 98	38.3	3.2	-2.00	-79 68	16.6 38	83.9	-1.8 -6.2	8.2 -87.8	3.97 8.8E-3	5.01 0.014	19.9 0.0
2013-11-01.134	1633+382	100-13	15.97	0.9	0.249	0.0167 98	36.5	3.3	-2.60	-79 68	16.6 38	83.8	-1.3 -6.5	8.8 -88.2	3.63 5.5E-3	5.05 0.013	20.9 0.0
2013-11-01.135	1633+382	100-13	16.00	1.1	0.220	0.0194 98	36.6	3.3	-0.80	-79 67	16.6 38	83.6	-3.0 -1.7	7.1 -83.8	3.23 5.7E-3	5.27 0.016	22.8 0.0
2013-11-01.136	1633+382	100-13	16.02	1.0	0.220	0.0184 98	35.9	3.5	-0.20	-78 67	16.6 38	83.5	-3.3 0.1	6.9 -82.2	2.48 8.3E-3	5.12 0.016	26.0 0.1
2013-11-01.138	1928+738	079-13	16.33	1.5	0.271	0.0169 99	38.5	4.5	-1.80	4 53	19.5 74	-168.1	-8.1 -6.6	-16.2 -99.7	2.72 5.7E-3	3.46 0.011	19.8 0.0
2013-11-01.144	1928+738	079-13	17.32	2.0	0.283	0.0159 102	37.2	5.2	-1.80	-3 53	19.5 74	172.2	-0.2 0.6	-15.0 -100.5	2.55 5.1E-3	3.06 7.5E-3	19.6 0.0
2013-11-01.150	1928+738	079-13	18.30	1.6	0.367	0.0263 104	37.1	4.8	-1.80	-9 52	19.5 74	153.0	-0.3 0.2	-13.0 -103.4	2.75 0.010	3.67 0.098	20.9 0.1
2013-11-01.151	1928+738	079-13	18.36	0.8	0.337	0.0168 104	39.0	4.9	-1.80	-9 52	19.5 74	152.0	1.6 -0.0	-11.3 -103.6	2.62 5.8E-3	2.89 0.013	19.0 0.0
2013-11-01.152	1928+738	079-13	18.38	0.8	0.337	0.0372 104	38.2	4.9	-2.40	-9 52	19.5 74	151.6	0.9 -1.3	-12.0 -104.9	2.76 0.015	3.38 0.040	20.1 0.1
2013-11-01.153	1928+738	079-13	18.40	0.7	0.337	0.0391 103	38.0	4.9	-3.00	-10 52	19.5 74	151.2	2.0 -1.5	-10.8 -105.2	2.09 0.032	2.49 0.025	19.4 0.3
2013-11-01.154	1928+738	079-13	18.42	0.9	0.367	0.0473 102	36.6	4.9	-1.20	-10 52	19.5 74	150.8	0.8 0.3	-12.4 -103.4	2.25 0.025	2.52 0.022	19.0 0.2
2013-11-01.155	1928+738	079-13	18.44	0.7	0.367	0.0415 103	37.8	4.9	-0.60	-10 51	19.5 74	150.3	-1.1 0.8	-13.8 -102.9	1.69 0.024	2.44 0.030	24.8 0.3
2013-11-01.160	2254+617	079-13	19.26	1.9	0.379	0.0552 104	37.4	5.4	-2.10	18 63	22.9 62	-148.8	3.3 -1.4	-21.5 -90.7	1.57 0.015	3.71 0.035	27.5 0.2
2013-11-01.168	0202+149	099-13	20.72	1.8	0.113	0.0179 104	38.0	4.9	-2.10	108 46	2.1 15	-51.6	-2.9 0.3	-11.9 -71.2	0.278 3.5E-3	0.333 0.013	19.8 0.2
2013-11-01.169	0202+149	099-13	20.78	0.8	0.113	0.0117 105	38.2	4.9	-2.00	109 47	2.1 15	-51.4	-3.1 -0.7	-11.9 -71.8	0.266 3.6E-3	0.308 0.012	19.6 0.3
2013-11-01.170	0202+149	099-13	20.80	0.8	0.387	0.0127 105	38.4	4.9	-2.60	109 47	2.1 15	-51.2	-3.4 -0.7	-12.3 -71.6	0.286 5.1E-3	0.383 8.7E-3	21.4 0.3
2013-11-01.171	0202+149	099-13	20.82	0.5	0.387	0.0115 105	38.2	4.9	-3.20	110 48	2.1 15	-51.1	-1.3 -1.1	-10.3 -71.9	0.178 5.4E-3	0.203 6.3E-3	19.4 0.6
2013-11-01.172	0202+149	099-13	20.85	0.8	0.387	0.0147 103	38.4	4.9	-1.40	110 48	2.1 15	-51.0	-3.3 -0.2	-12.3 -70.7	0.284 4.6E-3	0.273 5.5E-3	17.9 0.3
2013-11-01.173	0202+149	099-13	20.87	0.9	0.387	0.0196 104	36.5	5.0	-0.80	110 48	2.1 15	-50.8	-3.5 -0.9	-13.5 -70.9	0.265 8.6E-3	0.440 0.019	42.5 1.0
2013-11-01.180	0235+164	099-13	22.16	1.9	0.433	0.0145 104	37.4	5.3	-2.00	120 57	2.6 17	-45.9	0.3 3.8	-13.6 -59.8	0.701 3.9E-3	0.832 9.3E-3	19.9 0.1
2013-11-01.181	0235+164	099-13	22.20	0.8	0.433	0.0122 105	38.4	5.3	-2.00	121 57	2.6 17	-45.6	-0.0 4.0	-13.9 -59.2	0.700 4.0E-3	0.691 6.2E-3	18.3 0.1
2013-11-01.182	0235+164	099-13	22.22	0.5	0.433	0.0115 104	37.7	5.3	-2.60	121 58	2.6 17	-45.3	-0.3 3.1	-14.1 -59.9	0.612 6.7E-3	0.689 0.010	19.6 0.2
2013-11-01.183	0235+164	099-13	22.24	1.1	0.452	0.0115 104	36.6	5.4	-3.20	122 58	2.6 17	-45.1	2.3 1.6	-11.6 -61.2	0.460 3.5E-3	0.689 8.7E-3	21.9 0.1
2013-11-01.184	0235+164	099-13	22.26	0.9	0.452	0.0113 105	36.6	5.4	-1.40	122 58	2.6 17	-44.8	-0.3 4.6	-14.1 -58.0	0.672 4.7E-3	0.732 6.5E-3	18.9 0.1
2013-11-01.185	0235+164	099-13	22.28	0.9	0.452	0.0113 105	37.4	5.4	-0.80	122 58	2.6 17	-44.5	-1.1 6.3	-14.9 -56.2	0.540 3.9E-3	0.763 0.011	21.2 0.1
2013-11-01.193	0235+164	099-13	23.56	1.9	0.545	0.0276 103	37.5	4.5	-1.95	158 68	2.6 17	-18.0	2.4 4.9	-4.3 -45.0	0.644 4.7E-3	0.793 0.018	20.2 0.1
2013-11-02.1	0133+476	077-13	0.07	1.9	0.731	0.0130 102	37.3	4.9	-1.95	-40 75	1.6 48	129.5	4.9 -2.5	-6.4 -82.3	2.07 4.9E-3	2.32 7.5E-3	19.0 0.0
2013-11-02.17	0133+476	077-13	1.44	2.0	0.689	0.0135 101	37.1	4.9	-1.95	-56 62	1.6 48	99.5	-4.0 -2.3	-0.3 -95.5	2.07 5.6E-3	2.34 7.4E-3	18.8 0.0
2013-11-02.18	0133+476	077-13	1.51	0.8	0.571	0.0108 102	38.0	5.0	-1.90	-56 61	1.6 48	98.7	-0.5 0.3	-0.5 -95.7	1.96 3.9E-3	2.14 6.9E-3	18.7 0.0
2013-11-02.19	0133+476	077-13	1.54	0.8	0.571	0.0111 102	37.7	4.9	-2.50	-56 61	1.6 48	98.4	-0.0 -1.1	0.1 -97.3	1.77 5.4E-3	2.15 9.5E-3	19.7 0.1
2013-11-02.21	0133+476	077-13	1.58	1.0	0.552	0.0114 101	36.8	4.9	-1.30	-56 61	1.6 48	97.8	-1.2 1.0	-0.8 -95.5	1.85 4.8E-3	2.25 0.011	19.7 0.0
2013-11-02.23	0133+476	077-13	1.66	0.8	0.503	0.0121 100	37.7	5.0	-1.90	-56 60	1.6 48	96.7	-1.0 -0.2	-0.3 -97.3	1.80 6.1E-3	1.97 7.4E-3	18.8 0.1
2013-11-02.24	0133+476	077-13	1.68	0.9	0.641	0.0121 101	38.3	5.0	-2.50	-57 60	1.6 48	96.4	-0.1 -1.4	0.7 -98.6	1.72 5.4E-3	2.06 8.2E-3	19.5 0.1
2013-11-02.25	0133+476	077-13	1.70	0.8	0.641	0.0120 101	38.2	5.0	-3.10	-57 60	1.6 48	96.1	0.1 -2.4	0.9 -99.9	1.36 5.7E-3	2.19 0.013	22.7 0.1
2013-11-02.26	0133+476	077-13	1.73	0.8	0.641	0.0126 100	37.3	5.0	-1.30	-57 59	1.6 48	95.8	-1.8 0.7	-0.8 -96.9	1.88 6.0E-3	2.20 9.0E-3	19.4 0.1
2013-11-02.27	0133+476	077-13	1.75	1.1	0.641	0.0124 100	36.3	4.9	-0.70	-57 59	1.6 48	95.5	-1.4 1.3	-0.4 -96.4	1.54 5.9E-3	2.06 0.010	20.8 0.1
2013-11-02.46	0133+476	077-13	3.05	1.8	0.496	0.0126 101	38.4	5.6	-1.75	-56 46	1.6 48	81.3	-3.3 -3.5	1.4 -109.0	1.97 3.6E-3	2.19 6.8E-3	19.1 0.0
2013-11-02.47	0133+476	077-13	3.12	0.8	0.502	0.0116 100	38.1	5.6	-1.70	-56 45	1.6 48	80.8	-0.4 -0.0	1.2 -109.3	1.95 4.0E-3	2.18 7.7E-3	19.2 0.0
2013-11-02.48	0133+476	077-13	3.14	1.0	0.502	0.0109 101	37.9	5.7	-2.30	-56 45	1.6 48	80.6	-0.1 -1.0	1.5 -110.4	1.78 5.0E-3	2.30 0.012	20.5 0.1
2013-11-02.49	0133+476	077-13	3.16	0.8	0.502	0.0116 101	38.2	5.7	-2.90	-56 45	1.6 48	80.4	1.6 -1.9	3.3 -111.4	1.43 4.8E-3	2.17 0.012	22.3 0.1
2013-11-02.50	0133+476	077-13	3.18	0.9	0.502	0.0129 101	38.4	5.6	-1.10	-56 45	1.6 48	80.1	-1.3 0.1	0.4 -109.4	1.77 4.5E-3	2.09 8.7E-3	19.8 0.0
2013-11-02.51	0133+476	077-13	3.20	1.0	0.485	0.0141 101	37.3	5.4	-0.50	-56 44	1.6 48	80.0	-1.7 1.0	0.1 -108.6	1.34 4.8E-3	2.09 0.011	22.7 0.1
2013-11-02.63	0954+658	103-13	4.20	1.8	0.573	0.0139 99	37.8	5.7	-1.68	29 50	10.0 66	-111.1	-1.3 0.4	-21.0 -95.2	1.19 3.6E-3	1.38 7.9E-3	19.5 0.1
2013-11-02.71	0954+658	103-13	5.45	1.9	0.596	0.0155 102	37.9	6.0	-1.70	22 57	10.0 66	-133.9	0.4 2.1	-23.4 -92.0	1.23 4.0E-3	1.39 0.010	19.4 0.1
2013-11-02.72	0954+658	103-13	5.51	0.8	0.596	0.0129 102	38.1	5.8	-1.70	22 57	10.0 66	-134.9	0.8 2.0	-22.7 -91.9	1.24 7.1E-3	1.44 0.013	20.7 0.1
2013-11-02.73	0954+658	103-13	5.53	0.8	0.621	0.0124 102	38.1	5.8	-2.30	22 57	10.0 66	-135.3	1.6 1.0	-22.2 -93.0	1.16 6.3E-3	1.44 0.015	20.2 0.1
2013-11-02.74	0954+658	103-13	5.55	0.8	0.621	0.0138 102	38.6	5.8	-2.90	21 57	10.0 66	-135.8	2.3 -0.0	-21.6 -94.1	0.885 5.5E-3	1.27 0.011	21.7 0.1
2013-11-02.75	0954+658	103-13	5.57	0.8	0.621	0.0116 102	37.9	5.7	-1.10	21 57	10.0 66	-136.2	1.0 3.2	-22.9 -90.8	1.19 5.7E-3	1.42 0.013	19.9 0.1
2013-11-02.76	0954+658	103-13	5.59	0.9	0.581	0.0110 102	36.4	5.6	-0.50	21 57	10.0 66	-136.7	0.1 4.5	-23.9 -89.5	0.861 4.4E-3	1.31 8.4E-3	22.5 0.1
2013-11-02.88	0954+658	103-13	7.63	2.0	0.500	0.0134 104	37.3	6.2	-1.80	-2 62	10.0 66	174.9	3.4 2.0	-17.8 -95.0	1.24 4.2E-3	1.40 7.8E-3	19.2 0.1
2013-11-02.89	1156+295	102-13	7.80	1.7	0.496	0.0135 104	37.3	6.3	-1.80	104 68	12.0 29	-62.4	3.1 3.9	-22.2 -53.9	0.665 3.9E-3	0.806 0.015	19.6 0.1
2013-11-02.94	1156+295	102-13	8.59	1.9	0.472	0.0140 105	37.2	7.2	-1.80	123 77	12.0 29	-49.9	3.5 3.1	-17.4 -38.5	0.624 3.8E-3	0.737 6.9E-3	19.5 0.1
2013-11-02.100	1156+295	102-13	9.52	1.6	0.509	0.0143 104	37.1	8.1	-1.80	-173 82	12.0 29	7.8	0.9 2.0	2.8 -34.9	0.596 4.8E-3	0.718 8.1E-3	19.8 0.2
2013-11-02.101	Mars	100-13	9.57	1.9	0.433	0.0182 102	37.2	8.1	-1.80	-143 57	10.8 9	29.3	-5.7 -2.2	9.1 -72.5	38.5 0.031	54.7 0.031	21.4 0.0
2013-11-02.102	Mars	100-13	9.63	0.8	0.552	0.0183 101	38.0	8.0	-1.80	-142 57	10.8 9	30.2	-1.3 -0.5	8.0 -73.8	41.6 0.039	57.0 0.042	21.2 0.0
2013-11-02.103	Mars	100-13	9.65	0.8	0.552	0.0184 100	38.7	8.0	-2.40	-141 56	10.8 9	30.6	-0.8 -1.3	8.6 -74.9	34.4 0.040	57.9 0.053	23.3 0.0
2013-11-02.104	Mars	100-13	9.67	0.7	0.552	0.0195 102	37.1	8.0	-3.00	-141 56	10.8 9	30.9	0.9 -1.7	10.4 -75.6	23.9 0.044	57.2 0.12	28.0 0.0
2013-11-02.105	Mars	100-13	9.70	0.9	0.552	0.0209 100	38.1	8.0	-1.20	-140 56	10.8 9	31.3	-1.7 0.4	7.8 -73.8	43.4 0.038	56.0 0.044	20.7 0.0
2013-11-02.106	Mars	100-13	9.72	0.9	0.528	0.0208 101	36.0	8.0	-0.60	-140 56	10.8 9	31.6	-2.0 1.4	7.5 -73.0	38.6 0.033	55.5 0.042	21.9 0.0
2013-11-02.107	0953+254	100-13	9.79	1.6	0.489	0.0131 101	37.5	8.0	-1.30	-101 57	9.9 25	60.0	-0.2 -0.0	7.7 -87.4	0.674 3.5E-3	0.773 6.1E-3	19.3 0.1
2013-11-02.123	1354+195	100-13	12.45	1.9	0.520	0.0150 105	37.1	8.9	-1.30	-138 67	14.0 19	35.0	-1.0 0.9	5.8 -65.1	0.643 5.5E-3	0.822 7.0E-3	21.7 0.2
2013-11-02.131	1928+738	079-13	16.13	1.9	0.444	0.0173 102	37.2	9.2	-1.30	5 53	19.5 74	-165.4	0.0 -6.1	-18.7 -101.8	2.41 4.6E-3	2.93 0.012	19.9 0.0
2013-11-02.132	1928+738	079-13	16.19	1.1	0.375	0.0150 101	36.1	9.1	-1.30	5 53	19.5 74	-166.6	-0.7 0.1	-19.3 -101.8	2.28 5.0E-3	2.80 0.013	20.0 0.0
2013-11-02.133	1928+738	079-13	16.22	0.9	0.375	0.0139 102	36.9	9.1	-1.90	5 53	19.5 74	-167.0	0.1 -0.4	-18.5 -102.4	2.14 6.8E-3	2.96 0.014	21.3 0.1
2013-11-02.134	1928+738	079-13	16.24	0.9	0.375	0.0120 102	36.7	9.1	-2.50	4 53	19.5 74	-167.4	1.9 -1.5	-16.6 -103.5	1.62 5.8E-3	2.77 0.012	23.6 0.1
2013-11-02.135	1928+738	079-13	16.26	1.1	0.428	0.0122 102	36.8	9.2	-0.70	4 53	19.5 74	-167.9	-1.1 1.0	-19.8 -100.9	2.19 4.7E-3	2.94 0.011	20.6 0.0
2013-11-02.136	1928+738	079-13	16.28	0.8	0.428	0.0115 102	38.1	9.2	-0.10	4 53	19.5 74	-168.3	-1.0 2.8	-19.6 -99.2	1.74 4.1E-3	2.70 0.011	22.5 0.0
2013-11-02.144	1928+738	079-13	17.45	1.5	0.449	0.0144 102	38.6	7.9	-1.20	-4 53	19.5 74	168.2	-0.5 0.1	-17.2 -103.6	2.39 4.4E-3	2.96 0.011	20.1 0.0
2013-11-02.149	1928+738	079-13	18.25	1.6	0.452	0.0145 104	37.0	7.7	-1.20	-9 52	19.5 74	152.6	0.7 0.2	-14.7 -105.0	2.60 4.4E-3	2.91 6.7E-3	19.2 0.0
2013-11-02.157	2136+141	099-13	19.68	1.9	0.390	0.0147 103	38.0	7.1	-1.20	-158 66	21.7 14	18.6	3.6 3.6	8.0 -61.7	0.332 3.1E-3	0.334 4.1E-3	17.9 0.2
2013-11-02.158	2136+141	099-13	19.72	0.8	0.390	0.0123 103	38.0	7.1	-1.80	-157 66	21.7 14	19.4	1.8 2.0	6.6 -63.9	0.323 3.5E-3	0.368 8.7E-3	19.1 0.2
2013-11-02.159	2136+141	099-13	19.74	0.8	0.448	0.0123 103	38.9	7.1	-2.40	-156 66	21.7 14	20.0	2.4 0.6	7.7 -65.6	0.265 4.7E-3	0.342 7.0E-3	21.9 0.4
2013-11-02.160	2136+141	099-13	19.76	1.1	0.448	0.0136 103	37.2	7.1	-3.00	-155 66	21.7 14	20.5	4.6 -0.7	9.2 -67.2	0.180 4.6E-3	0.372 0.016	25.3 0.6
2013-11-02.161	2136+141	099-13	19.78	0.9	0.448	0.0111 103	37.0	7.2	-1.20	-154 65	21.7 14	21.1	2.1 3.8	7.0 -63.0	0.327 4.2E-3	0.350 7.8E-3	18.9 0.2
2013-11-02.163	2136+141	099-13	19.85	1.6	0.456	0.0126 103	37.3	7.2	-1.80	-152 65	21.7 14	22.9	2.3 2.2	7.5 -65.7	0.334 3.5E-3	0.347 4.5E-3	18.2 0.2
2013-11-02.164	2136+141	099-13	19.89	0.6	0.456	0.0115 103	36.4	7.2	-1.20	-151 65	21.7 14	23.7	3.8 2.3	9.2 -66.1	0.319 6.1E-3	0.313 7.6E-3	17.6 0.3
2013-11-02.165	2136+141	099-13	19.91	0.6	0.456	0.0113 103	36.7	7.2	-1.80	-150 65	21.7 14	24.2	2.9 2.3	8.5 -66.5	0.353 4.2E-3	0.362 6.3E-3	18.4 0.2
2013-11-02.166	2136+141	099-13	19.93	0.6	0.470	0.0112 103	37.4	7.3	-2.40	-150 65	21.7 14	24.7	1.5 1.1	7.1 -68.0	0.276 5.7E-3	0.305 6.8E-3	18.8 0.4
2013-11-02.167	2136+141	099-13	19.95	0.9	0.470	0.0119 103	36.4	7.3	-0.60	-149 65	21.7 14	25.3	2.4 4.8	8.2 -64.6	0.299 3.5E-3	0.345 6.7E-3	19.3 0.2
2013-11-02.168	2136+141	099-13	19.97	0.8	0.470	0.0118 103	37.9	7.3	-1.00	-148 64	21.7 14	25.8	1.6 4.1	7.5 -65.7	0.336 5.1E-3	0.348 5.8E-3	18.1 0.3
2013-11-02.169	2136+141	099-13	20.01	1.9	0.449	0.0131 103	37.0	7.3	-1.55	-147 64	21.7 14	26.9	1.7 2.6	7.8 -67.9	0.341 3.2E-3	0.354 4.2E-3	18.1 0.2
2013-11-02.176	2113+293	099-13	21.17	2.1	0.374	0.0139 103	36.8	7.2	-1.55	-92 58	21.3 30	66.5	1.4 0.7	7.0 -93.7	0.210 3.0E-3	0.214 4.1E-3	18.2 0.3
2013-11-02.184	2113+293	099-13	22.32	1.8	0.418	0.0131 101	38.4	7.5	-1.55	-83 44	21.3 30	65.5	0.1 -0.5	6.3 -105.4	0.205 2.7E-3	0.217 4.9E-3	19.8 0.2
# Sat Nov  2 23:04:41 UTC 2013 - Bias calibration...
2013-11-02.190	Uranus	099-13	23.15	1.0	0.836	0.0150 102	36.4	7.3	-1.60	-151 52	0.6 3	23.1	-0.7 0.7	7.4 -77.0	17.4 0.018	20.2 0.021	19.7 0.0
2013-11-02.191	Uranus	099-13	23.17	1.0	0.836	0.0144 102	37.2	7.3	-2.20	-150 52	0.6 3	23.5	0.1 -0.4	8.3 -78.3	15.7 0.023	20.4 0.13	20.6 0.0
2013-11-02.192	Uranus	099-13	23.20	0.8	0.422	0.0147 102	37.7	7.3	-2.80	-150 52	0.6 3	23.9	0.5 -0.5	8.8 -78.6	9.97 0.017	16.1 0.026	23.3 0.0
2013-11-02.193	Uranus	099-13	23.22	1.1	0.422	0.0154 100	36.4	7.3	-1.00	-149 52	0.6 3	24.3	-0.8 1.2	7.6 -77.2	12.1 0.017	15.8 0.018	20.4 0.0
2013-11-02.194	Uranus	099-13	23.24	0.9	0.422	0.0146 101	37.3	7.3	-0.40	-149 52	0.6 3	24.6	-0.6 1.8	7.9 -76.8	9.85 0.010	15.4 0.015	22.6 0.0
2013-11-02.195	Uranus	099-13	23.30	1.8	0.419	0.0154 100	38.2	7.3	-1.60	-147 52	0.6 3	25.7	-0.5 0.3	8.1 -79.0	13.6 0.016	17.4 0.046	20.6 0.0
2013-11-02.196	Uranus	099-13	23.34	1.8	0.418	0.0179 99	38.4	7.3	-1.60	-147 51	0.6 3	26.4	-0.9 0.4	7.9 -79.4	14.9 0.016	17.5 0.021	19.8 0.0
2013-11-02.197	Uranus	099-13	23.39	1.9	0.459	0.0167 98	37.1	7.3	-1.60	-146 51	0.6 3	27.1	-0.5 0.4	8.4 -79.9	13.2 0.015	15.6 0.019	19.7 0.0
2013-11-02.198	Uranus	099-13	23.43	1.9	0.459	0.0175 98	37.0	7.3	-1.60	-145 51	0.6 3	27.7	-0.5 0.3	8.5 -80.5	13.4 0.017	15.9 0.021	20.0 0.0
2013-11-02.199	Uranus	099-13	23.47	1.6	0.435	0.0186 99	37.4	7.2	-1.60	-144 50	0.6 3	28.4	-0.5 0.5	8.6 -80.7	14.9 0.014	17.6 0.023	19.9 0.0
2013-11-02.200	Uranus	099-13	23.51	1.8	0.435	0.0144 101	38.4	7.2	-1.60	-143 50	0.6 3	29.0	-0.6 0.3	8.7 -81.3	13.7 0.013	16.1 0.018	19.7 0.0
# Sat Nov  2 23:51:49 UTC 2013 - Change to AMD version int_ant_gp on 2-Nov 23:50 UT
2013-11-02.207	0133+476	077-13	23.98	1.6	0.454	0.0155 101	36.8	7.0	-1.60	-39 75	1.6 48	130.4	6.5 4.2	-9.0 -84.0	2.18 5.2E-3	2.39 9.0E-3	19.0 0.0
2013-11-03.10	0133+476	077-13	0.98	1.9	0.437	0.0138 102	37.3	6.5	-1.60	-54 66	1.6 48	105.8	-2.5 -1.1	-3.0 -93.1	2.22 4.2E-3	2.49 6.8E-3	18.8 0.0
2013-11-03.15	0133+476	077-13	2.01	1.5	0.360	0.0147 103	38.7	6.3	-1.60	-57 56	1.6 48	91.5	-1.8 -2.1	-0.3 -102.8	2.21 5.0E-3	2.58 0.013	19.5 0.0
2013-11-03.16	0133+476	077-13	2.08	0.8	0.360	0.0135 103	38.2	6.3	-1.60	-57 55	1.6 48	90.8	-0.5 0.2	-0.6 -103.1	2.29 6.1E-3	2.45 0.013	18.8 0.0
2013-11-03.17	0133+476	077-13	2.10	1.0	0.428	0.0141 103	36.9	6.3	-2.20	-57 55	1.6 48	90.6	0.0 -0.7	-0.0 -104.1	2.17 5.7E-3	2.40 8.3E-3	18.9 0.0
2013-11-03.18	0133+476	077-13	2.12	0.8	0.428	0.0134 103	38.7	6.3	-2.80	-57 55	1.6 48	90.3	0.2 -1.4	0.2 -104.9	1.67 5.6E-3	2.42 0.012	21.4 0.1
2013-11-03.19	0133+476	077-13	2.14	0.8	0.428	0.0134 103	38.3	6.3	-1.00	-57 54	1.6 48	90.1	-1.7 0.8	-1.6 -102.9	2.12 4.3E-3	2.37 9.1E-3	19.3 0.0
2013-11-03.20	0133+476	077-13	2.16	0.9	0.428	0.0144 103	37.2	6.3	-0.40	-57 54	1.6 48	89.8	-1.2 2.8	-1.0 -101.0	1.57 5.3E-3	2.26 9.9E-3	21.6 0.1
2013-11-03.26	0954+658	103-13	3.14	1.9	0.425	0.0147 102	37.5	6.9	-1.60	31 44	10.0 66	-96.0	-3.1 -0.5	-18.7 -97.4	1.30 4.4E-3	1.54 9.8E-3	19.6 0.1
2013-11-03.33	1044+719	103-13	4.27	1.9	0.407	0.0154 101	37.2	7.0	-1.60	22 45	10.8 72	-106.5	0.5 -0.5	-17.5 -100.7	1.42 4.0E-3	1.66 0.010	19.6 0.1
# Sun Nov  3 06:00:35 UTC 2013 - Ting Su: lots of pixels have high gains. We change the configuration detector biases to 10000.
2013-11-03.44	1044+719	103-13	6.02	1.8	0.212	0.0181 101	38.0	6.7	-1.60	16 52	10.8 72	-136.2	0.6 -1.4	-20.3 -100.1	1.58 4.0E-3	1.79 8.4E-3	18.9 0.0
2013-11-03.45	1156+295	102-13	6.21	2.0	0.202	0.0186 101	37.0	6.5	-1.60	87 50	12.0 29	-65.9	0.4 -1.7	-20.0 -76.9	0.752 4.4E-3	0.857 8.4E-3	18.9 0.1
2013-11-03.52	1156+295	102-13	7.31	1.9	0.378	0.0194 103	37.6	5.9	-1.60	98 63	12.0 29	-64.8	2.9 2.9	-22.9 -62.0	0.884 5.1E-3	1.04 9.6E-3	19.6 0.1
2013-11-03.58	1156+295	102-13	8.41	1.5	0.132	0.0176 101	38.8	7.2	-1.60	119 75	12.0 29	-52.9	3.6 2.6	-19.4 -42.9	0.717 4.2E-3	0.889 0.010	20.0 0.1
2013-11-03.59	1156+295	102-13	8.47	0.8	0.121	0.0148 101	38.1	7.3	-1.60	121 76	12.0 29	-51.4	4.1 2.1	-18.6 -42.3	0.744 8.5E-3	0.993 0.018	20.8 0.2
2013-11-03.60	1156+295	102-13	8.50	1.0	0.121	0.0159 101	36.8	7.3	-2.20	122 76	12.0 29	-50.9	4.0 1.1	-18.7 -43.0	0.640 5.4E-3	0.858 0.010	20.5 0.2
2013-11-03.61	1156+295	102-13	8.52	0.6	0.141	0.0152 101	36.6	7.3	-2.80	122 77	12.0 29	-50.3	3.8 0.1	-18.5 -43.7	0.494 5.7E-3	0.797 0.015	23.0 0.2
2013-11-03.62	1156+295	102-13	8.54	0.8	0.141	0.0153 101	38.5	7.3	-1.00	123 77	12.0 29	-49.6	4.5 4.1	-17.8 -39.3	0.682 4.2E-3	0.866 9.0E-3	20.2 0.1
2013-11-03.63	1156+295	102-13	8.56	1.0	0.141	0.0164 101	35.8	7.3	-0.40	124 77	12.0 29	-49.0	4.6 5.0	-17.5 -38.1	0.534 5.4E-3	0.734 7.5E-3	21.2 0.2
# Sun Nov  3 09:04:24 UTC 2013 - Ting Su: #65 clouds is coming in
2013-11-03.67	Mars	100-13	9.16	1.6	0.141	0.0248 101	37.3	7.6	-1.30	-153 59	10.9 9	21.9	-5.2 0.6	6.8 -67.5	55.7 0.033	70.9 0.034	20.2 0.0
2013-11-03.79	1413+135	100-13	11.04	1.5	0.092	0.0194 101	38.1	7.8	-1.30	159 65	14.3 13	-16.9	1.9 -3.7	-4.6 -55.5	0.345 4.7E-3	0.429 0.011	19.7 0.3
2013-11-03.84	1633+382	100-13	11.84	1.9	0.128	0.0189 99	37.2	8.3	-1.30	78 65	16.6 38	-82.6	-1.8 1.4	-28.8 -65.3	4.10 6.7E-3	5.14 0.012	19.6 0.0
2013-11-03.87	1308+326	100-13	12.05	1.7	0.388	0.0186 101	36.7	8.2	-1.30	-98 71	13.2 32	69.3	3.3 0.2	6.5 -78.7	0.719 6.5E-3	0.797 9.4E-3	18.7 0.2
2013-11-03.94	1928+738	079-13	15.73	2.0	0.137	0.0215 100	37.1	8.6	-2.00	7 52	19.5 74	-159.0	-19.9 3.2	-18.9 -102.0	2.71 5.1E-3	3.15 9.7E-3	19.5 0.0
2013-11-03.95	1928+738	079-13	15.79	1.0	0.137	0.0282 100	35.4	8.6	-2.00	7 52	19.5 74	-160.0	-1.1 0.4	-19.9 -101.6	2.60 8.1E-3	3.26 0.022	20.2 0.1
2013-11-03.96	1928+738	079-13	15.82	0.8	0.202	0.0162 100	37.9	8.6	-2.60	7 52	19.5 74	-160.4	0.4 -0.7	-18.4 -102.7	2.14 5.3E-3	3.08 0.013	21.3 0.0
2013-11-03.97	1928+738	079-13	15.84	0.8	0.202	0.0155 100	38.1	8.7	-3.20	7 52	19.5 74	-160.9	2.1 -2.0	-16.6 -104.0	1.50 5.4E-3	3.03 0.012	25.5 0.1
2013-11-03.98	1928+738	079-13	15.86	1.1	0.202	0.0193 98	36.0	8.7	-1.40	6 52	19.5 74	-161.3	-1.1 0.6	-19.9 -101.4	2.72 5.0E-3	3.05 0.011	19.0 0.0
2013-11-03.99	1928+738	079-13	15.88	0.8	0.200	0.0145 99	37.7	8.7	-0.80	6 52	19.5 74	-161.7	-1.3 1.8	-20.1 -100.3	2.44 5.5E-3	3.09 0.011	20.3 0.0
2013-11-03.104	1928+738	079-13	16.66	1.6	0.219	0.0163 99	37.7	7.9	-1.49	1 53	19.5 74	-177.3	-0.2 -0.4	-18.1 -103.3	2.77 5.3E-3	3.29 0.010	19.3 0.0
2013-11-03.111	1928+738	079-13	17.80	1.9	0.274	0.0161 98	37.2	6.5	-1.49	-7 52	19.5 74	160.1	0.9 -0.6	-15.1 -105.9	2.86 4.0E-3	3.24 7.8E-3	19.1 0.0
2013-11-03.118	0133+476	077-13	18.93	1.7	0.354	0.0168 101	37.2	6.1	-1.49	56 45	1.6 48	-80.9	-2.6 0.4	-21.5 -89.8	2.55 5.2E-3	2.88 0.011	19.2 0.0
2013-11-03.121	0133+476	077-13	19.84	2.0	0.363	0.0137 100	37.4	5.7	-1.49	57 54	1.6 48	-90.2	-1.7 1.1	-26.0 -84.0	2.54 5.2E-3	3.08 0.012	19.7 0.0
2013-11-03.122	0133+476	077-13	19.90	1.0	0.363	0.0121 98	37.3	5.7	-1.40	57 55	1.6 48	-90.8	-1.4 1.4	-26.1 -83.3	2.43 5.9E-3	2.87 0.012	19.6 0.0
2013-11-03.123	0133+476	077-13	19.93	0.8	0.362	0.0113 99	38.0	5.7	-2.00	57 55	1.6 48	-91.1	-1.3 0.4	-26.2 -84.1	2.38 5.9E-3	2.93 0.016	20.0 0.0
2013-11-03.124	0133+476	077-13	19.95	0.8	0.362	0.0113 99	38.2	5.7	-2.60	57 55	1.6 48	-91.3	-0.4 -0.3	-25.4 -84.6	1.96 5.2E-3	2.89 0.014	21.7 0.1
2013-11-03.125	0133+476	077-13	19.97	0.8	0.362	0.0113 99	38.2	5.6	-0.80	57 56	1.6 48	-91.6	-1.9 2.4	-27.0 -81.8	2.16 5.7E-3	2.88 0.010	20.8 0.1
2013-11-03.126	0133+476	077-13	19.99	1.1	0.364	0.0122 99	36.8	5.5	-0.20	57 56	1.6 48	-91.8	-1.9 2.9	-27.1 -81.2	1.57 5.0E-3	2.81 0.012	24.2 0.1
# Sun Nov  3 20:04:33 UTC 2013 - crate power-cycled, server rebooted, to get rid of memory problem, retuned, before scan 121
2013-11-03.134	0234+285	077-13	21.48	2.0	0.159	0.0146 100	37.3	4.9	-1.57	94 58	2.6 29	-65.4	0.4 2.0	-21.7 -68.7	1.43 3.7E-3	1.61 8.3E-3	19.2 0.0
2013-11-03.135	0234+285	077-13	21.54	0.8	0.307	0.0133 100	38.2	4.9	-1.50	94 58	2.6 29	-65.3	0.6 1.0	-21.6 -67.0	1.55 4.9E-3	1.83 0.027	19.4 0.1
2013-11-03.136	0234+285	077-13	21.56	0.8	0.307	0.0130 100	38.2	4.9	-2.10	94 59	2.6 29	-65.3	0.6 -0.3	-21.7 -68.0	1.43 4.6E-3	1.73 0.012	19.7 0.1
2013-11-03.137	0234+285	077-13	21.58	1.0	0.307	0.0143 100	36.1	4.9	-2.70	95 59	2.6 29	-65.2	0.4 -1.0	-22.0 -68.6	1.18 4.4E-3	1.66 0.011	21.3 0.1
2013-11-03.138	0234+285	077-13	21.60	0.8	0.368	0.0139 100	38.2	4.9	-0.90	95 59	2.6 29	-65.2	0.8 1.5	-21.7 -65.8	1.42 5.9E-3	1.79 0.011	20.2 0.1
2013-11-03.139	0234+285	077-13	21.62	0.8	0.368	0.0173 96	38.1	4.8	-0.30	95 59	2.6 29	-65.1	0.9 2.5	-21.7 -64.4	1.05 6.8E-3	1.58 0.013	21.9 0.1
2013-11-03.141	0234+285	077-13	21.67	0.8	0.368	0.0139 100	38.2	4.8	-1.60	96 60	2.6 29	-65.0	1.6 1.2	-21.2 -65.2	1.60 5.5E-3	1.95 0.022	19.9 0.1
2013-11-03.142	0234+285	077-13	21.69	1.1	0.368	0.0146 100	36.2	4.8	-2.20	96 60	2.6 29	-65.0	0.9 1.1	-22.0 -65.0	1.46 5.2E-3	1.91 0.017	20.4 0.1
2013-11-03.143	0234+285	077-13	21.71	0.8	0.267	0.0130 100	38.2	4.8	-2.80	96 60	2.6 29	-64.9	0.3 0.1	-22.7 -65.8	1.07 4.7E-3	1.75 0.014	22.9 0.1
2013-11-03.144	0234+285	077-13	21.74	0.8	0.267	0.0132 100	38.1	4.7	-1.00	96 61	2.6 29	-64.9	-0.1 2.7	-23.2 -62.9	1.38 4.8E-3	1.76 0.010	20.4 0.1
2013-11-03.145	0234+285	077-13	21.76	1.1	0.300	0.0145 99	36.3	4.7	-0.40	97 61	2.6 29	-64.8	1.3 3.5	-21.9 -61.8	1.14 4.5E-3	1.73 0.012	22.3 0.1
# Sun Nov  3 22:30:01 UTC 2013 - Bias calibration...
2013-11-03.150	Uranus	test	22.48	1.8	0.266	0.0158 100	38.2	4.6	-1.58	-165 55	0.6 3	12.0	0.0 3.0	6.0 -68.1	15.2 0.014	18.3 0.020	20.1 0.0
2013-11-03.151	Uranus	test	22.53	2.0	0.307	0.0220 102	37.2	4.7	-1.58	-164 55	0.6 3	12.9	-0.4 3.1	5.8 -68.4	16.1 0.014	18.4 0.015	19.6 0.0
2013-11-03.152	Uranus	test	22.57	2.0	0.281	0.0174 102	37.4	4.7	-1.58	-163 55	0.6 3	13.7	-0.6 3.1	5.8 -68.8	15.1 0.014	18.2 0.019	19.9 0.0
2013-11-03.153	Uranus	test	22.61	2.1	0.281	0.0174 103	37.1	4.6	-1.58	-162 55	0.6 3	14.5	-0.9 3.1	5.8 -69.2	15.4 0.015	18.3 0.017	19.3 0.0
2013-11-03.154	Uranus	test	22.65	1.8	0.299	0.0151 103	38.2	4.7	-1.58	-161 55	0.6 3	15.4	-0.5 3.1	6.4 -69.6	15.7 0.015	18.5 0.018	19.8 0.0
2013-11-03.155	Uranus	test	22.70	2.0	0.299	0.0149 100	37.3	4.7	-1.58	-160 54	0.6 3	16.3	-0.9 3.2	6.2 -70.1	15.4 0.018	18.6 0.020	20.0 0.0
2013-11-03.156	2234+282	099-13	22.77	1.8	0.287	0.0200 101	38.2	4.7	-1.58	-91 54	22.6 28	65.3	0.0 1.8	6.7 -95.7	0.749 3.9E-3	0.782 7.2E-3	18.4 0.1
2013-11-04.1	2234+282	099-13	0.02	2.0	0.318	0.0151 102	37.3	3.9	-1.58	-81 39	22.6 28	63.7	-1.7 -2.5	5.5 -109.2	0.678 5.1E-3	0.736 6.4E-3	18.7 0.1
2013-11-04.7	0202+149	099-13	1.21	1.8	0.219	0.0154 97	38.2	3.4	-1.58	-125 58	2.1 15	42.6	0.8 0.3	10.1 -82.7	0.311 2.9E-3	0.305 5.7E-3	17.6 0.2
2013-11-04.12	0202+149	099-13	1.96	2.0	0.203	0.0155 99	37.5	3.2	-1.58	-113 50	2.1 15	50.0	0.3 0.4	10.1 -92.1	0.319 3.9E-3	0.384 0.014	19.5 0.2
2013-11-04.13	1044+719	103-13	2.07	2.0	0.295	0.0158 102	37.4	3.1	-1.58	22 35	10.8 72	-75.8	-3.6 -2.2	-14.6 -105.0	1.47 4.5E-3	1.77 0.013	19.8 0.1
2013-11-04.20	1044+719	103-13	3.18	2.0	0.091	0.0177 96	37.3	2.6	-1.58	23 40	10.8 72	-91.2	1.6 -0.8	-16.0 -104.6	1.53 4.8E-3	1.80 0.013	19.4 0.1
2013-11-04.30	1044+719	103-13	4.80	1.8	0.048	0.0136 95	38.2	3.0	-1.58	21 47	10.8 72	-116.0	0.3 0.0	-19.5 -101.1	1.50 3.0E-3	1.77 7.6E-3	19.4 0.0
2013-11-04.34	1156+295	103-13	5.54	2.1	0.051	0.0162 96	37.2	3.0	-1.58	82 43	12.0 29	-64.9	0.2 -0.2	-17.4 -81.6	0.703 3.5E-3	0.774 5.6E-3	18.9 0.1
# Mon Nov  4 06:46:20 UTC 2013 - Ting Su: Something probably wrong with the telescope tracking, the operator doing a rebooting.
# Mon Nov  4 06:51:12 UTC 2013 - Ting Su: last 3 scans may encounter telescope tracking problem.
2013-11-04.43	1156+295	102-13	6.99	2.0	0.248	0.0148 95	37.4	1.9	-1.58	95 60	12.0 29	-65.5	2.5 1.7	-22.4 -66.4	0.767 3.9E-3	0.911 8.8E-3	19.7 0.1
# Mon Nov  4 07:18:21 UTC 2013 - Ting Su: tracking is still bad. Set project test. #37-44 are not good
2013-11-04.50	1156+295	097-13	8.14	2.0	0.313	0.0145 99	37.4	2.1	-1.58	113 73	12.0 29	-57.0	5.1 2.2	-19.4 -47.8	0.657 4.1E-3	0.826 0.015	20.3 0.1
2013-11-04.51	1253-055	097-13	8.27	2.0	0.346	0.0189 95	37.2	2.3	-1.58	141 39	12.9 -6	-30.5	-6.6 -5.3	-3.5 -73.2	7.96 9.3E-3	10.4 0.016	19.8 0.0
2013-11-04.54	Mars	100-13	8.63	2.0	0.398	0.0155 102	37.4	2.6	-1.58	-168 61	10.9 9	10.4	2.9 2.8	6.1 -66.2	46.5 0.028	59.9 0.037	20.8 0.0
2013-11-04.55	Mars	100-13	8.69	0.8	0.398	0.0160 102	38.1	2.7	-1.50	-166 61	10.9 9	11.8	0.1 1.0	6.6 -65.9	47.0 0.031	58.1 0.031	20.5 0.0
2013-11-04.56	Mars	100-13	8.71	0.8	0.398	0.0153 102	38.0	2.7	-2.10	-165 61	10.9 9	12.3	0.2 0.3	6.9 -66.8	39.7 0.037	58.5 0.29	22.1 0.0
2013-11-04.57	Mars	100-13	8.73	0.8	0.393	0.0163 102	38.2	2.7	-2.70	-164 61	10.9 9	12.8	1.1 -0.7	7.9 -68.0	27.8 0.041	58.4 0.20	26.2 0.0
2013-11-04.58	Mars	100-13	8.75	1.1	0.393	0.0199 99	36.1	2.6	-0.90	-164 61	10.9 9	13.3	-0.7 1.3	6.1 -66.3	45.2 0.037	58.6 0.044	20.3 0.0
2013-11-04.59	Mars	100-13	8.78	1.0	0.393	0.0174 102	36.2	2.6	-0.30	-163 61	10.9 9	13.8	-2.1 2.7	5.0 -65.1	39.0 0.026	56.8 0.034	22.1 0.0
2013-11-04.68	1354+195	100-13	10.25	2.0	0.745	0.0142 99	37.3	3.3	-1.20	139 68	14.0 19	-33.3	1.4 1.3	-10.7 -51.8	0.595 4.8E-3	0.673 8.2E-3	19.2 0.1
2013-11-04.76	1418+546	100-13	11.59	2.0	1.051	0.0140 97	37.6	3.4	-1.20	1 73	14.3 54	-178.9	1.8 1.1	-22.2 -83.2	1.25 5.0E-3	1.34 6.9E-3	18.5 0.1
2013-11-04.77	1418+546	100-13	11.63	1.8	0.752	0.0157 97	38.2	3.4	-1.20	0 73	14.3 54	-0.4	0.8 1.8	-22.9 -82.8	1.13 5.1E-3	1.24 9.0E-3	18.8 0.1
2013-11-04.82	1308+326	100-13	12.40	2.1	0.724	0.0330 88	37.1	2.9	-1.20	-93 66	13.2 32	70.5	0.1 2.9	9.3 -82.9	0.467 0.013	1.47 0.12	35.9 0.8
#2013-11-04.87	1928+738	079-13	15.71	2.1	1.110	0.0073 76	37.1	1.7	-1.20	7 52	19.5 74	-159.8	7.6 68.9	-5.6 -31.6	0.0491 2.4E-3	-0.0200 0.030	51.3 1.9
2013-11-05.1	1156+295	test	4.96	2.0	0.578	0.0147 82	37.2	5.0	-2.00	78 36	12.0 29	-63.6	-18.7 -2.1	-11.8 -89.1	0.507 4.0E-3	0.522 6.8E-3	18.7 0.1
2013-11-05.7	1156+295	102-13	5.91	2.0	0.467	0.0161 94	37.2	4.9	-2.00	86 48	12.0 29	-65.7	1.7 5.4	-15.5 -77.7	0.560 4.0E-3	0.660 9.5E-3	20.0 0.1
2013-11-05.8	1156+295	102-13	5.98	0.8	0.467	0.0116 93	38.2	4.8	-2.00	86 49	12.0 29	-65.8	1.5 1.9	-14.7 -75.3	0.547 6.6E-3	0.800 0.015	21.2 0.2
2013-11-05.9	1156+295	102-13	6.00	0.8	0.467	0.0147 90	38.1	4.7	-2.60	86 49	12.0 29	-65.8	-0.4 -0.9	-16.7 -77.9	0.512 5.2E-3	0.572 8.4E-3	19.1 0.2
2013-11-05.10	1156+295	102-13	6.02	0.8	0.441	0.0127 87	38.3	4.6	-3.20	86 49	12.0 29	-65.8	1.8 -1.9	-14.5 -78.8	0.385 4.6E-3	0.544 0.013	21.3 0.2
2013-11-05.11	1156+295	102-13	6.04	0.8	0.441	0.0122 89	38.2	4.6	-1.40	87 49	12.0 29	-65.8	-0.1 0.4	-16.6 -76.3	0.539 5.1E-3	0.626 9.7E-3	19.2 0.2
2013-11-05.12	1156+295	102-13	6.06	0.8	0.457	0.0125 88	38.2	4.5	-0.80	87 50	12.0 29	-65.8	-0.7 2.1	-17.3 -74.4	0.428 4.3E-3	0.533 9.0E-3	20.1 0.2
2013-11-05.13	1156+295	102-13	6.12	1.0	0.457	0.0141 74	36.4	4.2	-1.50	87 50	12.0 29	-65.9	-0.3 0.9	-16.9 -75.0	0.565 5.5E-3	0.654 0.013	19.2 0.2
2013-11-05.14	1156+295	102-13	6.14	0.8	0.449	0.0141 75	38.2	4.2	-2.10	87 50	12.0 29	-65.9	0.1 0.4	-17.0 -75.4	0.552 7.0E-3	0.699 0.019	19.9 0.2
2013-11-05.15	1156+295	102-13	6.16	1.0	0.449	0.0130 72	37.9	4.1	-2.70	88 51	12.0 29	-65.9	0.7 -0.6	-16.3 -76.1	0.471 6.3E-3	0.534 9.4E-3	22.7 0.3
2013-11-05.16	1156+295	102-13	6.19	1.0	0.449	0.0114 75	36.5	4.1	-0.90	88 51	12.0 29	-66.0	-0.7 2.8	-17.5 -72.6	0.445 4.5E-3	0.608 7.1E-3	20.9 0.2
2013-11-05.17	1156+295	102-13	6.21	0.8	0.449	0.0122 75	38.1	4.0	-0.30	88 51	12.0 29	-66.0	-1.6 3.8	-19.0 -71.3	0.298 5.6E-3	0.634 0.013	25.8 0.4
# Tue Nov  5 06:50:53 UTC 2013 - Ting Su: Set the detector biases to 10000 b4 #20
2013-11-05.24	1156+295	102-13	7.34	2.0	0.485	0.0157 92	37.4	4.2	-1.67	100 65	12.0 29	-64.1	4.2 6.9	-18.2 -55.3	0.666 5.4E-3	1.00 0.022	22.1 0.2
2013-11-05.25	1156+295	102-13	7.40	1.0	0.485	0.0128 92	38.2	4.2	-1.60	101 66	12.0 29	-63.8	4.1 7.2	-18.2 -54.2	0.645 5.7E-3	0.889 0.019	21.7 0.2
2013-11-05.26	1156+295	102-13	7.42	1.0	0.502	0.0128 92	37.4	4.2	-2.20	101 66	12.0 29	-63.7	4.2 6.3	-18.3 -54.7	0.680 6.0E-3	0.952 0.032	21.3 0.2
2013-11-05.27	1156+295	102-13	7.45	0.8	0.502	0.0133 93	38.1	4.2	-2.80	101 66	12.0 29	-63.6	5.3 4.6	-17.2 -56.2	0.604 5.0E-3	0.721 9.8E-3	20.5 0.2
2013-11-05.28	1156+295	102-13	7.47	1.0	0.502	0.0130 93	37.3	4.2	-1.00	102 66	12.0 29	-63.4	3.8 9.2	-18.7 -51.2	0.529 6.3E-3	0.938 0.019	24.1 0.2
2013-11-05.29	1156+295	102-13	7.49	1.0	0.463	0.0135 93	36.7	4.3	-0.40	102 67	12.0 29	-63.3	4.4 8.9	-18.2 -51.2	0.343 5.7E-3	0.756 0.017	26.7 0.4
2013-11-05.37	Mars	100-13	7.75	2.0	0.546	0.0180 99	37.2	5.1	-2.70	166 61	10.9 9	-10.5	5.7 3.4	5.5 -58.3	45.2 0.034	61.3 0.039	21.1 0.0
2013-11-05.38	Mars	100-13	7.81	0.8	0.546	0.0191 99	38.4	5.1	-2.70	168 61	10.9 9	-9.2	-2.1 -0.8	3.9 -59.3	44.7 0.042	61.0 0.040	21.4 0.0
2013-11-05.39	Mars	100-13	7.84	0.8	0.546	0.0192 100	38.2	5.0	-3.30	169 61	10.9 9	-8.6	-2.3 -1.9	3.8 -60.5	33.2 0.046	60.2 0.053	24.3 0.0
2013-11-05.40	Mars	100-13	7.86	1.0	0.412	0.0189 101	37.3	5.0	-3.90	170 61	10.9 9	-8.1	-2.1 -3.3	4.2 -61.9	20.4 0.034	56.8 0.060	30.0 0.0
2013-11-05.41	Mars	100-13	7.88	0.8	0.412	0.0197 101	38.2	5.0	-2.10	170 61	10.9 9	-7.6	-3.3 -0.4	3.3 -59.1	45.3 0.039	56.8 0.038	20.4 0.0
2013-11-05.42	Mars	100-13	7.90	0.8	0.393	0.0198 101	38.2	4.9	-1.50	171 61	10.9 9	-7.0	-3.0 1.2	3.7 -57.5	44.4 0.032	57.1 0.032	20.7 0.0
# Tue Nov  5 09:09:33 UTC 2013 - Mars bias=10000
# Tue Nov  5 09:11:24 UTC 2013 - 12,000
2013-11-05.50	Mars	100-13	9.16	1.8	0.325	0.0758 77	38.2	5.2	-1.90	-152 59	10.9 9	22.8	-2.6 -0.4	12.5 -70.9	49.0 0.86	132 4.7	31.1 0.4
2013-11-05.51	Mars	100-13	9.19	1.8	0.326	0.0216 101	38.2	5.2	-1.90	-151 58	10.9 9	23.5	-7.3 1.2	8.2 -69.8	48.9 0.034	61.0 0.036	20.3 0.0
# Tue Nov  5 09:14:46 UTC 2013 - #52: 14,000 bias
2013-11-05.52	Mars	100-13	9.24	2.0	0.332	0.0098 95	37.2	5.2	-1.90	-150 58	10.9 9	24.4	-7.4 0.9	8.3 -70.7	22.1 0.014	27.5 0.014	20.3 0.0
# Tue Nov  5 09:17:14 UTC 2013 - #53: 8,000 bias
2013-11-05.53	Mars	100-13	9.28	2.0	0.332	0.0182 82	37.2	5.2	-1.90	-149 58	10.9 9	25.2	-7.7 1.1	8.2 -71.1	47.0 0.035	60.3 0.038	20.2 0.0
# Tue Nov  5 09:20:39 UTC 2013 - 54: 6000, more pixels lost
# Tue Nov  5 09:22:33 UTC 2013 - scan 55: 16,000
2013-11-05.55	Mars	100-13	9.37	2.0	0.355	0.0104 69	37.2	5.2	-1.90	-146 57	10.9 9	26.9	-8.0 1.2	8.3 -72.2	20.0 0.013	24.7 0.013	20.1 0.0
# Tue Nov  5 09:28:09 UTC 2013 - scan 56: 18,000 bias
2013-11-05.56	Mars	100-13	9.46	2.0	0.332	0.0085 83	37.3	5.4	-1.90	-144 57	10.9 9	28.4	-8.4 0.1	8.2 -74.3	13.1 0.012	17.3 0.011	20.6 0.0
