# id	object	project	UTh(f2)	obsmins(f1)	tau.225GHz(f3)	NEFD(f4) okchannels	scanspeed(f1)	Tamb(f1)	foc.dZ(f2)	AZd(f0) ELd(f0)	RAh(f1) DECd(f0)	PAd(f1)	pnt.dAZ(f1) pnt.dEL(f1)	pnt.X(f1) pnt.Y(f1)	src.peak(s3) src.dpeak(s2)	src.int(s3) src.dint(s2)	src.FWHM(f1) src.dFWHM(f1)
2012-10-29.280	Uranus	gismo12	19.04	2.0	0.203	0.0391 103	37.1	-0.8	-2.00	120 36	0.3 1	-43.5	-13.5 7.4	-0.0 -69.4	15.5 0.022	17.5 0.029	19.5 0.0
2012-10-29.281	Uranus	gismo12	19.19	2.0	0.194	0.0318 103	37.0	-0.9	-2.00	122 37	0.3 1	-42.3	-18.9 8.4	-5.6 -67.8	15.3 0.027	17.9 0.025	19.8 0.0
2012-10-29.282	2255-282	gismo12	19.27	2.0	0.194	0.0362 100	37.2	-0.8	-2.00	160 22	23.0 -28	-17.3	-19.5 3.6	4.5 -72.3	2.53 7.8E-3	2.69 0.015	18.7 0.1
2012-10-29.283	2255-282	gismo12	19.32	1.8	0.194	0.0364 100	38.1	-0.7	-2.00	161 22	23.0 -28	-16.8	-19.0 -0.2	5.0 -76.2	2.55 8.3E-3	2.66 0.015	18.6 0.1
# Mon Oct 29 22:54:52 UTC 2012 - The previous scans were not stored in gismo12 directory due to permission errors.  SFM
# Tue Oct 30 10:00:11 UTC 2012 - Started cycle - EHS
# Tue Oct 30 15:47:05 UTC 2012 - ES - After pumping on the Baffle, I filled the Baffle with LN2
2012-10-31.2	Uranus	test	2.12	2.0	0.001	0.0234 104	37.1	-5.8	-2.00	-106 22	0.3 1	50.2	-22.0 -3.8	7.0 -107.4	11.4 0.014	15.5 0.016	21.2 0.0
# Wed Oct 31 02:15:45 UTC 2012 - Changed Detector Bias to 8000 - SFM
# Wed Oct 31 02:16:15 UTC 2012 - First five scans are in ~t16/GismoData/merged - SFM
2012-10-31.3	Uranus	test	2.28	1.8	0.001	0.0149 95	38.1	-5.0	-2.00	-104 20	0.3 1	50.7	-21.0 10.9	5.9 -110.7	10.0 0.011	13.7 0.014	21.5 0.0
# Wed Oct 31 02:28:51 UTC 2012 - Don't know if using dedicated GISMO pointing - SFM
2012-10-31.6	0234+285	test	2.49	1.8	0.001	0.0186 95	38.2	-4.8	-2.00	-96 60	2.6 29	65.0	-14.7 25.8	8.9 -86.6	1.45 4.0E-3	1.60 6.5E-3	19.6 0.1
2012-10-31.7	0234+285	test	2.65	1.8	0.001	0.0172 96	38.1	-4.9	-2.00	-94 59	2.6 29	65.3	-5.7 -13.6	5.0 -85.2	1.38 3.5E-3	1.60 5.9E-3	19.7 0.0
2012-10-31.8	0234+285	test	2.68	1.8	0.001	0.0146 96	38.2	-4.9	-2.50	-94 58	2.6 29	65.4	-2.7 -12.6	8.1 -84.7	1.11 3.3E-3	1.55 6.0E-3	21.6 0.1
2012-10-31.9	0234+285	test	2.72	1.8	0.001	0.0157 96	38.1	-5.1	-1.50	-94 58	2.6 29	65.4	-2.1 -14.8	8.7 -87.3	1.51 3.0E-3	1.58 5.3E-3	18.7 0.0
2012-10-31.10	0234+285	test	2.93	2.0	0.001	0.0169 96	37.4	-4.5	-1.00	-91 55	2.6 29	65.6	-6.8 -13.4	4.2 -88.2	1.48 3.4E-3	1.60 5.2E-3	18.9 0.0
2012-10-31.11	0234+285	test	2.97	1.8	0.001	0.0161 96	38.2	-4.5	-1.50	-91 55	2.6 29	65.6	-5.1 -16.8	5.9 -92.1	1.47 2.9E-3	1.59 5.3E-3	18.5 0.0
2012-10-31.12	0234+285	test	3.01	1.8	0.001	0.0138 96	38.2	-4.5	-0.50	-91 54	2.6 29	65.6	-5.3 -16.8	5.7 -92.4	1.34 3.1E-3	1.62 6.1E-3	19.9 0.0
2012-10-31.13	0234+285	test	3.05	2.0	0.001	0.0172 93	37.1	-4.3	-1.00	-90 54	2.6 29	65.6	-5.3 -17.5	5.7 -93.6	1.46 3.3E-3	1.46 4.5E-3	18.0 0.0
2012-10-31.14	0234+285	test	3.09	1.8	0.001	0.0151 95	38.2	-4.0	-1.50	-90 53	2.6 29	65.7	-5.9 -17.1	5.2 -93.5	1.49 3.2E-3	1.58 4.7E-3	18.8 0.0
2012-10-31.15	0234+285	test	3.12	1.8	0.001	0.0142 95	38.1	-3.9	-0.50	-90 53	2.6 29	65.6	-4.2 -12.6	6.9 -89.4	1.28 3.2E-3	1.58 5.2E-3	20.1 0.0
2012-10-31.16	0234+285	test	3.16	1.8	0.001	0.0151 95	38.2	-4.1	-1.00	-89 52	2.6 29	65.6	-3.9 -13.0	7.3 -90.1	1.47 2.8E-3	1.61 5.0E-3	19.0 0.0
2012-10-31.17	0234+285	test	3.21	1.8	0.001	0.0134 95	38.1	-4.3	-1.00	-89 52	2.6 29	65.6	-3.1 -13.8	8.0 -91.4	1.54 3.0E-3	1.60 4.6E-3	18.6 0.0
2012-10-31.18	0234+285	test	3.25	1.8	0.001	0.0136 95	38.2	-4.3	-1.20	-89 51	2.6 29	65.6	-3.6 -17.0	7.6 -95.0	1.51 3.0E-3	1.58 4.5E-3	18.7 0.0
2012-10-31.19	0234+285	test	3.29	2.1	0.001	0.0150 95	37.2	-3.5	-1.70	-88 51	2.6 29	65.6	-3.0 -16.4	8.2 -94.7	1.40 3.1E-3	1.56 4.7E-3	18.8 0.0
2012-10-31.21	0234+285	test	3.36	2.1	0.001	0.0187 88	37.2	-3.6	-1.20	-88 50	2.6 29	65.5	-7.3 -15.1	4.0 -94.1	1.57 3.7E-3	1.64 5.7E-3	18.5 0.0
2012-10-31.22	0234+285	test	3.40	1.8	0.001	0.0174 88	38.2	-3.5	-1.70	-87 50	2.6 29	65.5	-7.2 -15.3	4.1 -94.6	1.52 3.3E-3	1.61 5.5E-3	18.6 0.0
2012-10-31.23	0234+285	test	3.44	1.8	0.001	0.0173 88	38.1	-3.6	-0.70	-87 49	2.6 29	65.5	-6.5 -15.5	4.8 -95.2	1.42 3.4E-3	1.60 5.6E-3	19.1 0.0
# Wed Oct 31 03:31:03 UTC 2012 - Changed to use crush in ~gismo12
2012-10-31.24	0234+285	test	3.53	2.0	0.002	0.0157 88	37.7	-3.5	-1.40	-86 48	2.6 29	65.4	-8.1 17.0	7.9 -99.2	1.65 3.2E-3	1.79 5.6E-3	18.6 0.0
2012-10-31.26	0234+285	test	3.87	1.8	0.001	0.0159 88	38.1	-3.3	-1.40	-84 44	2.6 29	64.8	-10.1 -12.2	7.1 -98.8	1.59 3.5E-3	1.72 5.4E-3	18.6 0.0
2012-10-31.27	0234+285	test	4.00	1.8	0.002	0.0166 89	38.1	-3.0	-1.40	-83 42	2.6 29	64.6	0.0 -1.1	5.2 -104.6	1.63 2.9E-3	1.74 5.8E-3	18.6 0.0
2012-10-31.28	0234+285	test	4.06	1.8	0.001	0.0162 91	38.1	-3.1	-1.40	-82 42	2.6 29	64.4	0.1 -5.6	5.3 -105.4	1.59 3.0E-3	1.72 5.7E-3	18.6 0.0
2012-10-31.32	0234+285	test	5.06	1.0	0.001	0.0160 94	37.6	-1.5	-1.40	-75 30	2.6 29	61.5	-1.8 -11.4	3.3 -114.9	1.50 3.9E-3	1.66 6.8E-3	19.0 0.0
2012-10-31.33	0234+285	test	5.16	1.0	0.001	0.0178 94	35.9	-1.1	-1.40	-74 29	2.6 29	61.1	-19.3 11.5	4.8 -113.1	1.49 4.7E-3	1.66 6.7E-3	18.7 0.1
2012-10-31.34	0234+285	test	5.18	0.8	0.001	0.0151 94	38.2	-1.2	-2.00	-74 29	2.6 29	61.0	-22.4 9.6	1.8 -115.0	1.33 3.8E-3	1.60 7.9E-3	19.6 0.1
2012-10-31.35	0234+285	test	5.20	1.0	0.001	0.0151 94	37.5	-1.2	-2.60	-74 28	2.6 29	61.0	-22.4 9.5	1.7 -115.2	1.04 4.5E-3	1.55 8.4E-3	21.7 0.1
2012-10-31.36	0234+285	test	5.22	1.0	0.001	0.0152 94	36.2	-1.1	-0.80	-74 28	2.6 29	60.9	-22.4 9.5	1.6 -115.2	1.38 4.2E-3	1.63 7.3E-3	19.2 0.1
2012-10-31.37	0234+285	test	5.24	1.0	0.001	0.0149 94	36.5	-1.1	-0.20	-73 28	2.6 29	60.8	-21.1 9.6	3.0 -115.1	0.997 4.5E-3	1.54 9.0E-3	22.1 0.1
# Wed Oct 31 05:47:04 UTC 2012 - old taumeter says 0.15 (CK)
# Wed Oct 31 05:59:25 UTC 2012 - 0.127 (CK)
# Wed Oct 31 06:05:42 UTC 2012 - LN2 bath rising - topping off (cryostat only) - SFM
# Wed Oct 31 06:10:27 UTC 2012 - Scan 40.1 to be discarded, cryo adjustment, beam blocked
# Wed Oct 31 06:26:02 UTC 2012 - old taumeter 0.134 (MH)
# Wed Oct 31 06:46:39 UTC 2012 - old tau-meter 0.1086 (MH)
# Wed Oct 31 06:46:43 UTC 2012 - old tau-meter 0.1086 (MH)
2012-10-31.46	1226+023	085-12	6.96	1.0	0.003	0.0162 104	36.9	-0.7	-1.40	118 35	12.5 2	-44.7	-13.8 16.8	-2.3 -71.4	3.78 5.4E-3	4.60 9.4E-3	19.7 0.0
2012-10-31.47	1226+023	085-12	7.03	1.0	0.003	0.0159 103	36.5	-0.6	-1.40	119 35	12.5 2	-44.2	11.5 -21.2	-5.2 -71.4	3.86 5.5E-3	4.57 8.9E-3	19.4 0.0
2012-10-31.48	1226+023	085-12	7.09	1.0	0.003	0.0157 101	36.7	-0.6	-1.40	120 36	12.5 2	-43.8	-30.3 25.3	-5.1 -72.4	3.67 7.5E-3	4.77 0.011	19.4 0.0
2012-10-31.50	1226+023	085-12	7.23	1.0	0.003	0.0163 103	36.4	-0.7	-1.40	122 38	12.5 2	-42.7	12.2 -18.4	-4.8 -69.6	3.81 5.9E-3	4.55 9.7E-3	19.6 0.0
2012-10-31.51	1226+023	085-12	7.26	0.8	0.003	0.0153 103	38.2	-0.7	-1.40	122 38	12.5 2	-42.4	-2.1 1.1	-7.1 -67.9	3.96 5.3E-3	4.69 9.0E-3	19.7 0.0
# Wed Oct 31 07:18:30 UTC 2012 - set  pointing -18 7 is fine (CK)
# Wed Oct 31 07:20:17 UTC 2012 - 0.117 (CK)
2012-10-31.52	1226+023	085-12	7.32	0.8	0.003	0.0155 102	38.3	-0.6	-1.40	123 38	12.5 2	-41.9	0.1 3.4	-5.0 -65.5	3.87 5.6E-3	4.67 9.9E-3	19.6 0.0
# Wed Oct 31 07:20:49 UTC 2012 - set pointing -18 7 is fine (CK)
2012-10-31.53	1226+023	085-12	7.34	1.0	0.003	0.0160 103	37.2	-0.6	-2.00	123 39	12.5 2	-41.8	1.7 0.7	-3.4 -68.1	4.07 5.6E-3	4.83 9.0E-3	19.7 0.0
2012-10-31.54	1226+023	085-12	7.36	0.8	0.003	0.0154 103	38.2	-0.6	-2.60	124 39	12.5 2	-41.6	-2.3 0.7	-7.4 -68.0	3.41 5.3E-3	4.62 9.5E-3	21.0 0.0
2012-10-31.55	1226+023	085-12	7.38	1.0	0.003	0.0161 103	37.1	-0.6	-0.80	124 39	12.5 2	-41.4	0.3 3.0	-4.8 -65.6	3.39 5.3E-3	4.62 9.9E-3	21.1 0.0
2012-10-31.56	1226+023	085-12	7.40	0.8	0.003	0.0153 103	38.3	-0.6	-0.20	124 39	12.5 2	-41.2	0.5 -1.0	-4.7 -69.5	2.28 5.8E-3	4.36 0.012	24.7 0.1
# Wed Oct 31 07:45:20 UTC 2012 - old tau 0.1865 (MH)
# Wed Oct 31 08:15:25 UTC 2012 - old tau 0.1047 (MH)
# Wed Oct 31 08:18:06 UTC 2012 - R1350+09, A1795, A1774 in project 085-12 (pako restart, project unset) (MH)
# Wed Oct 31 08:30:46 UTC 2012 - old tau 0.1164 (MH)
2012-10-31.64	1637+574	085-12	8.66	1.0	0.001	0.0170 103	35.8	1.2	-1.70	40 34	16.6 57	-73.0	-0.8 0.3	-11.6 -93.8	0.444 4.1E-3	0.468 6.2E-3	18.6 0.2
# Wed Oct 31 08:42:37 UTC 2012 - 0.14 (CK)
2012-10-31.65	1637+574	085-12	8.70	1.0	0.002	0.0150 103	36.0	1.1	-1.70	40 34	16.6 57	-73.4	-0.1 3.2	-11.1 -90.7	0.461 3.4E-3	0.478 5.7E-3	18.4 0.1
2012-10-31.66	1637+574	085-12	8.72	1.0	0.002	0.0154 103	36.2	1.1	-2.30	40 35	16.6 57	-73.6	-4.7 1.1	-15.8 -92.8	0.429 4.2E-3	0.464 5.9E-3	18.6 0.2
2012-10-31.67	1637+574	085-12	8.74	1.0	0.002	0.0155 103	36.4	1.1	-2.90	41 35	16.6 57	-73.9	-3.8 1.4	-15.1 -92.4	0.337 3.7E-3	0.447 6.5E-3	20.6 0.2
2012-10-31.68	1637+574	085-12	8.77	1.0	0.002	0.0150 103	36.7	1.2	-1.10	41 35	16.6 57	-74.1	-3.7 1.3	-15.0 -92.5	0.399 3.9E-3	0.453 5.8E-3	19.1 0.2
2012-10-31.69	1637+574	085-12	8.79	1.0	0.002	0.0158 103	35.8	1.2	-0.50	41 35	16.6 57	-74.4	-0.5 0.5	-12.0 -93.3	0.291 3.4E-3	0.393 6.5E-3	21.1 0.2
# Wed Oct 31 08:50:49 UTC 2012 - pointing and focus stable ! (CK)
# Wed Oct 31 09:01:13 UTC 2012 - old tau 0.1130 (MH)
# Wed Oct 31 09:21:39 UTC 2012 - old tau 0.1052 (MH)
# Wed Oct 31 09:28:32 UTC 2012 - old tau 0.1300 (MH)
# Wed Oct 31 09:40:00 UTC 2012 - old tau 0.0952 (MH)
2012-10-31.75	1334-127	085-12	9.78	1.0	0.002	0.0184 103	37.2	1.6	-1.70	154 36	13.6 -13	-20.8	1.9 5.9	4.4 -62.7	4.03 6.8E-3	4.66 8.9E-3	19.2 0.0
# Wed Oct 31 10:05:54 UTC 2012 - old tau 0.1400 (MH)
# Wed Oct 31 10:15:33 UTC 2012 - old tau 0.1099 (MH)
# Wed Oct 31 10:28:30 UTC 2012 - old tau 0.1082
# Wed Oct 31 10:29:08 UTC 2012 - Observing stopped for helium refill (MH)
# Wed Oct 31 12:42:45 UTC 2012 - ES - Filled all of the Tanks
# Wed Oct 31 13:24:00 UTC 2012 - old tau 0.18 (MH)
# Wed Oct 31 13:44:17 UTC 2012 - Tau .2 - SFM
2012-10-31.84	Mars	test	13.70	2.0	0.003	0.0429 103	37.5	2.1	-1.70	165 28	17.1 -24	-12.5	0.5 -5.1	6.6 -75.3	32.5 0.029	47.6 0.034	22.1 0.0
2012-10-31.85	Mars	test	13.86	1.0	0.006	0.0331 103	35.9	2.1	-1.70	168 28	17.1 -24	-10.5	2.0 -3.5	8.4 -74.1	37.6 0.033	50.0 0.036	21.0 0.0
2012-10-31.86	Mars	test	13.88	0.8	0.006	0.0406 103	38.1	2.1	-2.30	168 28	17.1 -24	-10.2	-0.5 -1.7	5.9 -72.3	33.0 0.048	49.1 0.048	22.4 0.0
2012-10-31.87	Mars	test	13.90	0.8	0.002	0.0471 103	38.2	2.1	-2.90	168 28	17.1 -24	-9.9	2.9 -1.6	9.4 -72.3	25.1 0.054	50.2 0.35	25.6 0.0
2012-10-31.88	Mars	test	13.92	1.0	0.002	0.0677 102	36.5	2.1	-1.10	169 28	17.1 -24	-9.6	-0.7 -4.7	5.8 -75.5	31.1 0.040	47.4 0.072	22.8 0.0
2012-10-31.89	Mars	test	13.94	0.8	0.002	0.0453 103	38.2	2.1	-0.50	169 28	17.1 -24	-9.3	0.1 -4.1	6.7 -74.9	23.3 0.044	46.0 0.045	25.5 0.0
# Wed Oct 31 14:00:29 UTC 2012 - Focus unchanged -1.7 - SFM (JS)
2012-10-31.91	A2052	test	14.21	1.8	0.012	0.0193 103	38.1	1.7	-1.70	-143 55	15.3 7	29.3	0.3 0.2	10.7 -75.9	0.0406 3.3E-3	0.0396 5.1E-3	22.0 1.6
# Wed Oct 31 14:26:57 UTC 2012 - tau 0.23
2012-10-31.95	1757-240	test	15.09	2.0	0.004	0.0360 103	37.2	1.9	-1.70	173 29	18.0 -24	-6.1	2.0 -2.2	9.1 -73.6	7.04 0.011	8.75 0.018	20.2 0.0
2012-10-31.96	1757-240	test	15.33	2.0	0.007	0.1485 100	37.8	1.7	-1.70	176 29	18.0 -24	-2.9	1.2 -3.0	8.9 -75.2	6.56 0.024	7.15 0.038	18.8 0.1
2012-10-31.97	1757-240	test	15.79	1.8	0.004	0.2712 69	38.1	1.3	-1.70	-176 29	18.0 -24	3.4	1.0 -0.3	9.6 -74.1	5.32 0.040	5.40 0.093	18.2 0.1
2012-10-31.98	1749+096	test	16.05	2.0	0.002	0.0274 103	37.4	0.9	-1.70	-160 61	17.9 10	16.5	1.6 7.3	8.4 -58.2	2.49 5.3E-3	2.61 9.1E-3	18.6 0.0
2012-10-31.99	1749+096	test	16.19	2.0	0.001	0.0436 103	37.2	0.7	-1.70	-156 61	17.9 10	19.8	5.4 10.5	13.1 -56.9	2.48 6.4E-3	2.57 0.014	18.6 0.0
2012-10-31.100	1749+096	test	16.23	2.1	0.001	0.0636 103	37.6	0.7	-1.70	-155 60	17.9 10	20.7	2.6 10.9	10.4 -57.0	2.47 9.1E-3	2.47 0.019	18.3 0.1
# Wed Oct 31 16:28:53 UTC 2012 - Looking at noise - removed plastic, pump isolators - SFM
2012-10-31.102	1749+096	test	16.43	2.0	0.004	0.0187 101	37.1	0.5	-1.70	-149 59	17.9 10	24.9	5.5 9.8	14.3 -60.8	2.41 3.8E-3	2.63 7.8E-3	19.0 0.0
# Wed Oct 31 16:29:12 UTC 2012 - Changed detector bias to 10000 - SFM
# Wed Oct 31 16:30:13 UTC 2012 - Checked laser alignment with wall - SFM
2012-10-31.103	1749+096	test	16.51	1.8	0.001	0.0661 82	38.1	0.6	-1.70	-147 59	17.9 10	26.5	0.8 8.4	10.0 -63.3	2.06 0.012	2.15 0.019	18.4 0.1
# Wed Oct 31 16:35:27 UTC 2012 - Old tau .35 - SFM
# Wed Oct 31 16:36:22 UTC 2012 - 16:29:12 log entry incorrect - changed to 8000 -SFM
2012-10-31.104	1749+096	test	16.62	1.8	0.001	0.0185 102	38.2	0.7	-1.70	-144 58	17.9 10	28.5	5.6 9.7	15.2 -63.4	2.39 3.7E-3	2.52 6.1E-3	18.7 0.0
# Wed Oct 31 16:43:25 UTC 2012 - Det bias to 12000 - SFM
2012-10-31.105	1749+096	test	16.73	2.0	0.003	0.0287 102	37.3	0.8	-1.70	-142 57	17.9 10	30.4	1.7 7.8	11.7 -66.9	2.04 4.4E-3	2.15 0.010	18.6 0.0
2012-10-31.106	1749+096	test	16.79	2.0	0.003	0.0170 102	37.2	0.8	-1.70	-140 57	17.9 10	31.4	4.0 6.9	14.2 -68.6	2.03 3.6E-3	2.16 5.4E-3	18.8 0.0
2012-10-31.107	1749+096	test	16.90	2.0	0.003	0.0197 102	37.8	0.8	-1.70	-138 56	17.9 10	33.2	5.9 9.3	16.4 -67.7	2.04 3.9E-3	2.17 7.8E-3	18.9 0.0
# Wed Oct 31 16:58:16 UTC 2012 - 10000 det bias - SFM
2012-10-31.108	1749+096	test	16.97	2.0	0.003	0.0274 103	37.4	0.6	-1.70	-136 55	17.9 10	34.3	4.3 6.7	15.0 -71.2	2.38 5.6E-3	2.44 8.7E-3	18.5 0.0
2012-10-31.109	1749+096	test	17.40	2.1	0.003	0.0491 89	37.1	0.4	-1.70	-128 52	17.9 10	40.0	4.4 5.7	15.9 -77.6	1.41 7.4E-3	1.45 0.014	18.5 0.1
2012-10-31.110	1749+096	test	17.48	1.8	0.009	0.0822 97	38.2	0.4	-1.70	-126 51	17.9 10	40.9	3.2 9.3	14.8 -75.0	1.80 0.013	1.67 0.021	17.5 0.1
2012-10-31.111	1749+096	test	17.85	2.1	0.463	0.1487 69	37.3	0.3	-1.70	-120 47	17.9 10	44.6	8.2 7.7	20.1 -80.7	1.06 0.035	1.20 0.31	49.7 1.2
#2012-10-31.112	1749+096	test	17.90	1.8	0.158	0.0969 61	38.2	0.3	-1.70	-119 46	17.9 10	45.0	27.4 -14.8	39.3 -103.7	1.25 0.020	1.78 0.17	20.9 0.3
2012-10-31.113	1749+096	test	18.32	1.9	0.164	0.0578 95	37.9	0.3	-1.70	-113 42	17.9 10	48.1	5.5 6.9	17.4 -85.9	2.04 0.013	2.18 0.022	18.7 0.1
2012-10-31.114	1749+096	test	18.40	2.0	0.164	0.0591 96	37.3	0.2	-1.70	-112 41	17.9 10	48.6	4.5 5.7	16.4 -87.7	2.11 0.015	2.11 0.018	18.0 0.1
2012-10-31.115	1749+096	test	18.50	2.0	0.164	0.0553 96	37.6	0.3	-1.70	-111 40	17.9 10	49.2	2.2 3.6	14.1 -90.6	2.02 0.012	2.10 0.020	18.3 0.1
2012-10-31.117	1749+096	test	19.08	2.1	0.798	0.2448 51	37.2	0.4	-1.70	-104 33	17.9 10	51.8	4.0 -4.9	15.5 -102.7	1.13 0.049	0.619 0.067	17.9 0.8
# Wed Oct 31 19:11:38 UTC 2012 - Add ground RC filter (before) and capped dewar (AFTER)
# Wed Oct 31 19:18:45 UTC 2012 - Remove DIODE
# Wed Oct 31 19:24:46 UTC 2012 - Remove RC filter
# Wed Oct 31 20:40:30 UTC 2012 - Disconnect shorted He3 pump themometry
#2012-10-31.125	1749+096	test	20.66	2.0	0.006	0.0208 108	37.7	0.5	-1.70	-89 15	17.9 10	54.0	-74.8 130.1	-65.7 30.4	0.938 0.050	0.0356 0.033	25.1 1.2
# Wed Oct 31 20:45:30 UTC 2012 - Removing hoses
# Wed Oct 31 20:54:02 UTC 2012 - Reconnect hoses and bias at 10000
# Wed Oct 31 21:06:38 UTC 2012 - Changed grounding
#2012-10-31.129	2251+158	test	21.12	2.0	0.003	0.0140 104	37.2	0.0	-1.70	-154 67	22.9 16	22.1	-129.1 101.0	-122.9 38.6	0.174 0.017	0.0288 5.2E-3	11.6 1.1
# Wed Oct 31 21:30:06 UTC 2012 - Last broken scans due to out of memory on client (it ran for 1 week) - restarted - SFM
# Wed Oct 31 21:39:42 UTC 2012 - Changed grounding in previous log entry meant we used new ground built by Juan - SFM
# Wed Oct 31 21:40:17 UTC 2012 - Took off cover - SFM
2012-10-31.135	2251+158	test	21.67	2.0	0.392	0.0290 81	37.6	-0.1	-1.70	-137 63	22.9 16	35.1	5.4 13.3	14.4 -58.4	1.71 6.0E-3	1.75 0.012	18.4 0.1
# Wed Oct 31 21:44:46 UTC 2012 - Old tau 1.03 - SFM
2012-10-31.136	2251+158	test	21.72	1.8	0.441	0.0770 100	38.1	0.0	-1.70	-136 63	22.9 16	35.9	7.9 10.8	17.0 -61.6	2.74 0.019	2.59 0.021	17.8 0.1
# Wed Oct 31 22:31:31 UTC 2012 - Removed hoses (window is open)
2012-10-31.137	2251+158	test	22.50	2.0	0.533	0.1369 65	37.3	0.1	-1.70	-119 56	22.9 16	46.9	15.1 0.9	25.8 -83.1	2.24 0.033	2.15 0.048	19.6 0.3
2012-10-31.138	2251+158	test	22.53	1.8	0.533	0.1243 77	38.2	0.1	-1.70	-118 55	22.9 16	47.2	16.4 0.4	27.1 -84.2	2.59 0.036	3.68 0.64	21.2 0.3
# Wed Oct 31 22:34:54 UTC 2012 - Old tau 3.1 - SFM
2012-10-31.139	2251+158	test	22.57	1.8	0.533	0.1381 73	38.1	0.1	-1.70	-118 55	22.9 16	47.6	15.4 0.1	26.1 -84.9	2.49 0.034	2.41 0.099	18.8 0.2
2012-10-31.140	2251+158	test	22.61	2.0	0.533	0.1422 65	37.0	0.0	-1.70	-117 54	22.9 16	47.9	13.7 -2.1	24.4 -87.7	2.17 0.039	2.24 0.050	19.3 0.3
# Thu Nov  1 06:14:32 UTC 2012 - ES - Both LN2 Tanks ran out.
# Thu Nov  1 06:15:04 UTC 2012 - ES - Filled Both of the LN2 Tanks to the top.
# Thu Nov  1 08:46:19 UTC 2012 - New recycling 22 hours after last one
# Thu Nov  1 13:13:42 UTC 2012 - Cap on - attached second ground cable - SFM
# Thu Nov  1 13:45:42 UTC 2012 - Before scan .3 removed one grnd cable - SFM
# Thu Nov  1 13:46:39 UTC 2012 - Before scan.5 removed all grnd - SFM
# Thu Nov  1 13:46:55 UTC 2012 - Reattached one grnd but without lug - SFM
# Thu Nov  1 13:58:59 UTC 2012 - connected ground across floor (prob. scaan before) SFM
# Thu Nov  1 14:00:16 UTC 2012 - Reattached one ground that is routed - SFM
# Thu Nov  1 14:02:51 UTC 2012 - Made sure second grnd wasn't connected - SFM
# Thu Nov  1 14:08:24 UTC 2012 - Cut second disconnected grnd cable - SFM
# Thu Nov  1 14:13:21 UTC 2012 - Cleaned window (fairly wet and icy) SFM
#2012-11-01.15	1830-211	test	14.53	1.0	0.576	0.0154 100	37.2	0.8	-2.00	156 28	18.6 -21	-20.3	-82.5 -123.7	-60.0 -199.9	0.413 0.032	0.294 0.027	17.6 1.4
#2012-11-01.22	Mars	test	16.20	0.8	0.002	0.0545 57	38.2	0.3	-2.00	-156 25	17.1 -24	20.7	37.4 -12.0	66.2 -98.1	18.6 0.34	31.3 0.31	22.6 0.4
2012-11-01.24	Mars	test	16.39	1.0	0.001	0.0463 98	36.5	0.3	-2.00	-154 24	17.1 -24	23.0	-21.7 7.6	7.1 -79.3	22.0 0.14	44.1 0.39	25.9 0.1
2012-11-01.25	Mars	test	16.45	0.8	0.001	0.0852 101	38.2	0.1	-2.00	-153 24	17.1 -24	23.7	8.5 7.8	15.4 -71.3	16.4 0.15	39.7 0.21	26.8 0.2
2012-11-01.26	Mars	test	16.52	1.0	0.326	0.0432 95	36.4	0.2	-2.00	-152 23	17.1 -24	24.5	-3.7 -15.7	12.2 -88.1	42.1 0.16	68.3 0.77	22.9 0.1
2012-11-01.27	Mars	test	16.54	0.8	0.326	0.0558 88	38.2	0.2	-2.60	-151 23	17.1 -24	24.7	-10.9 -12.4	5.0 -84.9	39.1 0.13	67.6 0.21	23.8 0.1
2012-11-01.28	Mars	test	16.56	0.8	0.326	0.3183 47	38.3	0.2	-3.20	-151 23	17.1 -24	25.0	-8.3 -12.6	7.6 -85.2	17.5 0.48	45.7 1.3	33.3 0.7
2012-11-01.29	Mars	test	16.58	1.0	0.326	0.0581 84	37.0	0.1	-1.40	-151 23	17.1 -24	25.2	1.7 -14.2	17.6 -86.8	35.9 0.047	50.7 0.076	21.7 0.0
2012-11-01.31	1749+096	test	16.71	0.8	0.326	0.0643 46	38.0	-0.2	-2.00	-141 57	17.9 10	31.0	12.6 -7.0	27.8 -74.2	2.58 0.023	2.86 0.028	18.0 0.2
# Thu Nov  1 16:53:31 UTC 2012 - old taumeter says 0.21 (CK)
# Thu Nov  1 16:53:37 UTC 2012 - old taumeter says 0.21 (CK)
2012-11-01.39	1749+096	test	17.92	1.0	0.003	0.0239 95	37.1	-0.1	-2.00	-118 46	17.9 10	45.6	-20.2 -1.4	14.8 -83.2	2.19 0.010	2.66 0.012	19.6 0.1
2012-11-01.40	1749+096	test	18.06	0.9	0.002	0.0130 97	37.9	0.5	-2.00	-116 44	17.9 10	46.7	-18.6 -4.3	16.4 -87.4	2.09 4.8E-3	2.61 8.5E-3	20.2 0.0
2012-11-01.41	2145+067	test	19.25	2.0	0.002	0.0160 90	37.6	0.8	-2.00	179 60	21.8 7	-0.1	-20.5 2.7	5.2 -50.3	1.21 4.1E-3	1.67 0.017	20.9 0.1
# Thu Nov  1 19:21:08 UTC 2012 - tau ~ 0.15
2012-11-01.43	2145+067	test	19.34	1.0	0.001	0.0187 45	35.9	0.9	-2.60	-178 60	21.8 7	1.8	-0.3 -5.7	6.0 -54.3	1.03 0.011	1.40 0.021	19.9 0.2
2012-11-01.44	2145+067	test	19.36	0.8	0.001	0.0177 46	38.2	0.9	-3.20	-177 60	21.8 7	2.3	0.9 -8.0	7.3 -56.7	0.762 8.9E-3	1.32 0.035	23.3 0.2
2012-11-01.46	2145+067	test	19.42	0.8	0.003	0.0145 99	38.2	0.9	-2.00	-176 60	21.8 7	3.8	3.0 -1.7	9.9 -50.9	1.19 5.7E-3	1.47 0.012	19.5 0.1
2012-11-01.47	2145+067	test	19.44	0.8	0.003	0.0143 99	38.2	0.9	-2.60	-175 60	21.8 7	4.3	2.4 -2.3	9.4 -51.7	1.04 5.8E-3	1.47 0.010	21.1 0.1
2012-11-01.48	2145+067	test	19.47	1.0	0.002	0.0147 99	37.1	0.9	-3.20	-174 60	21.8 7	4.8	2.0 -6.6	9.2 -56.2	0.788 6.3E-3	1.48 0.012	24.4 0.2
2012-11-01.49	2145+067	test	19.49	0.8	0.002	0.0142 99	38.0	0.9	-1.40	-174 60	21.8 7	5.3	2.1 -0.5	9.5 -50.2	1.15 6.6E-3	1.49 9.7E-3	20.2 0.1
2012-11-01.50	2145+067	test	19.51	0.8	0.002	0.0153 99	38.1	0.9	-0.80	-173 60	21.8 7	5.8	0.2 -2.0	7.7 -51.9	0.948 5.4E-3	1.47 0.014	22.2 0.1
# Thu Nov  1 19:38:46 UTC 2012 - Having ClassNotFoundException for crush.Instrument in crush - SFM
2012-11-01.51	2145+067	test	19.71	2.0	0.005	0.0190 99	37.7	0.7	-1.85	-167 59	21.8 7	10.7	-0.9 -0.5	8.0 -52.3	1.23 4.8E-3	1.54 9.7E-3	19.9 0.1
# Thu Nov  1 20:31:14 UTC 2012 - tau ~ 0.12
2012-11-01.56	2145+067	099-12	20.55	2.0	0.002	0.0196 98	37.8	0.8	-1.85	-145 55	21.8 7	27.7	1.2 -3.0	14.3 -64.8	1.21 4.3E-3	1.42 8.2E-3	19.3 0.1
# Thu Nov  1 20:58:28 UTC 2012 - tau ~ 0.12
# Thu Nov  1 21:22:27 UTC 2012 - tau ~ 0.16
2012-11-01.62	2145+067	099-12	21.47	1.8	0.000	0.0185 98	38.2	0.6	-1.85	-127 48	21.8 7	40.3	1.0 -4.2	15.9 -76.9	1.22 5.2E-3	1.44 9.3E-3	19.2 0.1
# Thu Nov  1 21:30:47 UTC 2012 - One LO was still on. Now turned OFF
2012-11-01.63	2145+067	099-12	21.51	1.8	0.000	0.0172 98	38.2	0.6	-1.85	-126 47	21.8 7	40.7	-1.0 -2.6	14.0 -75.7	1.22 3.6E-3	1.35 5.7E-3	18.9 0.1
# Thu Nov  1 21:38:01 UTC 2012 - 16 GHz downconverter is now also OFF
# Thu Nov  1 21:40:09 UTC 2012 - tau ~ 0.17
# Thu Nov  1 22:21:57 UTC 2012 - tau ~ 0.18
2012-11-01.69	2318+049	099-12	22.34	1.8	0.000	0.0183 98	38.2	0.9	-1.85	-141 52	23.3 5	30.6	0.1 -5.4	14.1 -70.7	0.520 3.9E-3	0.605 6.1E-3	19.2 0.1
2012-11-01.73	0221+067	099-12	22.96	2.0	0.001	0.0198 99	37.2	1.5	-1.85	154 57	2.4 7	-20.2	2.7 0.9	1.9 -45.2	1.03 4.8E-3	1.35 0.011	20.2 0.1
2012-11-01.74	0221+067	test	23.03	0.8	0.001	0.0166 97	38.2	1.5	-1.80	156 58	2.4 7	-19.0	3.4 1.1	3.0 -44.8	0.974 5.8E-3	1.25 0.018	19.9 0.1
2012-11-01.75	0221+067	test	23.05	1.0	0.001	0.0175 97	36.6	1.4	-2.40	156 58	2.4 7	-18.6	2.3 -0.6	2.1 -46.6	1.00 6.8E-3	1.30 0.014	20.3 0.1
# Thu Nov  1 23:05:11 UTC 2012 - tau ~ 0.16
2012-11-01.76	0221+067	test	23.07	0.8	0.001	0.0171 97	38.0	1.5	-3.00	157 58	2.4 7	-18.1	1.4 -4.6	1.3 -50.5	0.844 6.8E-3	1.30 0.024	22.0 0.2
2012-11-01.77	0221+067	test	23.09	0.8	0.001	0.0171 97	38.0	1.5	-1.20	158 58	2.4 7	-17.7	3.5 2.2	3.5 -43.7	0.893 6.8E-3	1.33 0.018	21.7 0.2
2012-11-01.78	0221+067	test	23.11	1.1	0.001	0.0182 95	36.2	1.5	-0.60	158 58	2.4 7	-17.2	0.7 1.9	0.9 -44.0	0.642 6.8E-3	1.25 0.029	24.7 0.2
2012-11-01.79	0221+067	test	23.18	1.8	0.000	0.0209 93	38.1	1.5	-2.00	160 59	2.4 7	-15.6	0.2 -0.2	0.8 -46.0	1.03 4.4E-3	1.21 0.012	19.5 0.1
# Thu Nov  1 23:40:38 UTC 2012 - tau=0.15 (CK)
2012-11-01.83	0221+067	097-12	23.84	1.8	0.000	0.0216 92	38.1	1.2	-2.00	179 60	2.4 7	-0.2	0.7 -2.2	6.5 -50.3	1.05 4.0E-3	1.31 0.016	19.9 0.1
# Fri Nov  2 00:21:08 UTC 2012 - tau ~ 0.17
2012-11-02.6	0221+067	097-12	1.02	2.0	0.000	0.0188 98	37.6	1.1	-2.00	-148 56	2.4 7	25.6	-0.4 -0.1	12.4 -60.5	0.752 4.7E-3	0.874 7.5E-3	19.1 0.1
2012-11-02.8	0221+067	097-12	1.18	1.0	0.001	0.0073 98	36.7	1.2	-2.00	-144 55	2.4 7	28.2	1.3 -4.7	14.7 -67.1	0.265 2.1E-3	0.294 3.1E-3	18.7 0.1
2012-11-02.9	0221+067	097-12	1.22	1.0	0.001	0.0072 98	36.1	1.2	-2.00	-143 55	2.4 7	28.8	2.6 -2.6	16.1 -65.6	0.249 2.2E-3	0.302 4.3E-3	19.2 0.2
2012-11-02.10	0221+067	097-12	1.24	1.0	0.001	0.0072 98	36.5	1.2	-2.00	-143 55	2.4 7	29.2	0.1 -0.1	13.6 -63.3	0.246 2.9E-3	0.275 2.9E-3	18.9 0.2
2012-11-02.11	0221+067	097-12	1.34	1.0	0.001	0.0075 101	35.8	1.2	-2.00	-141 54	2.4 7	30.7	0.3 -4.5	14.2 -68.9	0.250 1.9E-3	0.280 3.5E-3	18.7 0.1
# Fri Nov  2 01:25:10 UTC 2012 - Bias 16000!
# Fri Nov  2 01:29:42 UTC 2012 - tau ~ 0.19
2012-11-02.12	0954+658	097-12	1.51	1.0	0.001	0.0079 102	37.0	1.3	-2.00	30 34	10.0 66	-73.6	-6.8 -3.5	-13.7 -88.4	0.263 3.0E-3	0.307 4.5E-3	19.3 0.2
2012-11-02.13	0954+658	test	1.82	0.8	0.000	0.0146 102	38.1	1.6	-2.00	30 36	10.0 66	-77.5	-7.4 -7.1	-15.3 -91.6	0.233 5.6E-3	0.240 5.4E-3	18.3 0.4
2012-11-02.14	0954+658	test	1.85	1.0	0.000	0.0140 102	36.2	1.6	-2.00	31 36	10.0 66	-77.8	-4.1 -6.8	-12.1 -91.2	0.234 5.8E-3	0.292 6.5E-3	20.4 0.5
2012-11-02.15	0954+658	test	1.87	1.0	0.000	0.0134 102	37.0	1.6	-2.00	31 36	10.0 66	-78.2	-8.2 -6.1	-16.3 -90.5	0.329 4.1E-3	0.409 0.010	20.0 0.2
2012-11-02.17	0954+658	test	1.93	1.0	0.000	0.0222 103	36.7	1.6	-2.00	31 36	10.0 66	-78.9	-5.4 -6.1	-13.7 -90.4	0.848 7.1E-3	0.937 0.011	19.1 0.2
2012-11-02.18	0954+658	test	1.95	0.8	0.000	0.0187 102	38.2	1.6	-2.00	31 36	10.0 66	-79.2	-4.2 -3.3	-12.6 -87.5	0.760 4.8E-3	0.887 0.014	19.2 0.1
2012-11-02.19	0954+658	test	1.97	0.8	0.000	0.0196 103	38.2	1.6	-2.00	31 36	10.0 66	-79.4	-4.0 -2.7	-12.4 -86.9	0.798 7.9E-3	0.893 0.010	18.9 0.2
2012-11-02.20	0954+658	test	2.00	0.8	0.000	0.0256 85	38.1	1.6	-2.00	31 37	10.0 66	-79.7	-8.4 -5.3	-16.9 -89.4	1.14 8.0E-3	1.15 0.010	18.7 0.1
2012-11-02.21	0954+658	test	2.02	0.8	0.000	0.0247 85	38.4	1.7	-2.00	31 37	10.0 66	-80.1	-7.2 -2.7	-15.9 -86.9	1.10 6.8E-3	1.19 9.5E-3	18.8 0.1
# Fri Nov  2 02:27:41 UTC 2012 - tau = 0.23
2012-11-02.25	0954+658	098-12	2.70	1.0	0.002	0.0396 103	36.0	1.5	-2.00	31 41	10.0 66	-89.1	3.4 -5.6	-14.7 -85.5	0.756 0.012	0.785 0.015	20.6 0.3
2012-11-02.27	0954+658	test	2.93	0.8	0.003	0.0506 102	38.4	1.6	-2.00	31 42	10.0 66	-92.2	1.1 -4.3	-17.8 -83.9	0.803 0.016	0.825 0.019	26.5 0.4
2012-11-02.28	0954+658	test	3.01	1.0	0.003	0.0255 101	37.4	1.6	-2.00	31 43	10.0 66	-93.3	0.2 -4.5	-18.9 -83.8	0.810 0.011	0.918 0.018	19.0 0.2
# Fri Nov  2 03:14:15 UTC 2012 - tau=0.31
# Fri Nov  2 03:35:45 UTC 2012 - tau=0.33
# Fri Nov  2 03:57:22 UTC 2012 - tau=0.28
# Fri Nov  2 04:13:09 UTC 2012 - tau=0.32
2012-11-02.36	0954+658	098-12	4.42	1.1	0.022	0.0193 102	36.5	1.8	-2.00	28 51	10.0 66	-115.0	-4.3 -2.2	-28.2 -84.6	0.897 6.8E-3	1.20 0.019	20.4 0.1
2012-11-02.37	0954+658	098-12	4.44	0.8	0.022	0.0191 102	38.2	1.8	-2.00	28 52	10.0 66	-115.3	-3.4 -4.2	-27.5 -86.5	0.888 7.2E-3	1.17 0.022	20.5 0.2
# Fri Nov  2 04:30:52 UTC 2012 - tau=0.30
# Fri Nov  2 04:57:11 UTC 2012 - tau=0.30
2012-11-02.45	0954+658	test	5.70	1.0	0.123	0.0213 98	36.0	1.3	-1.90	20 58	10.0 66	-139.4	4.4 -0.1	-26.0 -84.0	0.897 7.7E-3	1.14 0.019	20.3 0.2
2012-11-02.46	0954+658	test	5.72	0.8	0.123	0.0186 98	38.1	1.4	-2.50	20 58	10.0 66	-139.8	4.1 -1.4	-26.3 -85.4	0.810 6.8E-3	0.960 0.012	19.8 0.2
2012-11-02.48	0954+658	test	5.76	0.8	0.123	0.0188 98	38.3	1.5	-1.90	19 58	10.0 66	-140.6	3.8 -0.0	-26.6 -84.0	0.901 7.1E-3	1.07 0.014	19.7 0.1
2012-11-02.49	0954+658	test	5.78	0.8	0.126	0.0202 96	38.2	1.5	-2.50	19 58	10.0 66	-141.0	8.2 0.3	-22.2 -83.7	0.853 6.7E-3	1.09 0.016	20.4 0.1
2012-11-02.50	0954+658	test	5.80	1.0	0.126	0.0199 97	36.9	1.6	-3.10	19 58	10.0 66	-141.4	3.7 -2.2	-26.8 -86.2	0.648 6.8E-3	0.994 0.015	22.1 0.2
2012-11-02.51	0954+658	test	5.82	0.8	0.126	0.0190 97	38.4	1.7	-1.30	19 58	10.0 66	-141.9	5.8 -1.3	-24.7 -85.2	0.774 6.1E-3	1.00 0.014	20.4 0.2
2012-11-02.52	0954+658	test	5.84	1.1	0.128	0.0195 96	36.6	1.9	-0.70	19 58	10.0 66	-142.4	6.3 -0.0	-24.1 -84.0	0.637 5.9E-3	1.04 0.015	22.8 0.2
# Fri Nov  2 06:03:01 UTC 2012 - tau=0.34
# Fri Nov  2 06:44:54 UTC 2012 - tau=0.31
2012-11-02.59	0954+658	test	7.17	1.1	0.112	0.0091 103	36.2	2.1	-1.93	3 61	10.0 66	-173.7	8.5 3.4	-20.5 -82.3	0.351 2.3E-3	0.398 5.5E-3	19.1 0.1
2012-11-02.60	0954+658	test	7.23	0.8	0.112	0.0199 94	38.3	2.2	-1.93	2 62	10.0 66	-175.4	4.4 3.8	-24.3 -82.1	0.890 7.9E-3	1.01 0.014	19.1 0.2
2012-11-02.61	1502+106	085-12	10.04	1.0	0.597	0.0209 106	36.7	2.7	-1.93	119 47	15.1 10	-45.1	9.8 -2.7	-8.0 -62.0	0.261 0.015	1.59 0.11	42.7 1.9
2012-11-02.62	1502+106	085-12	10.08	0.8	0.597	0.0182 106	38.2	2.7	-1.90	120 48	15.1 10	-44.7	0.9 -0.6	-7.0 -62.6	0.273 7.6E-3	0.398 0.022	21.9 0.6
2012-11-02.63	1502+106	085-12	10.10	0.8	0.597	0.0162 106	38.2	2.6	-2.50	120 48	15.1 10	-44.5	-0.3 -0.4	-8.2 -62.3	0.212 7.4E-3	0.361 0.022	23.4 0.7
2012-11-02.64	1502+106	085-12	10.12	1.0	0.597	0.0199 106	36.6	2.6	-3.10	120 48	15.1 10	-44.3	0.2 -0.1	-7.6 -61.8	0.141 7.6E-3	0.322 0.018	26.5 1.2
2012-11-02.65	1502+106	085-12	10.15	1.0	0.597	0.0189 106	35.9	2.6	-1.30	121 49	15.1 10	-44.1	1.6 3.2	-6.3 -58.3	0.288 7.8E-3	0.500 0.024	23.7 0.6
2012-11-02.66	1502+106	085-12	10.17	0.8	0.474	0.0194 106	38.2	2.5	-0.70	121 49	15.1 10	-43.9	-0.9 0.4	-8.8 -61.0	0.206 7.3E-3	0.222 8.3E-3	18.4 0.6
# Fri Nov  2 10:13:32 UTC 2012 - old tau 0.6 (MH)
# Fri Nov  2 10:22:26 UTC 2012 - old tau up to 0.8 (MH)
# Fri Nov  2 10:34:32 UTC 2012 - taumeter working again (CK)
2012-11-02.69	1354+195	test	10.72	1.8	0.604	0.0190 104	38.2	3.2	-1.90	151 70	14.0 19	-23.3	9.2 4.7	1.7 -39.5	0.504 5.6E-3	0.743 0.012	22.0 0.2
2012-11-02.72	1510-089	097-12	11.24	1.8	0.590	0.0250 105	38.2	3.5	-1.90	152 40	15.2 -9	-21.7	-8.0 -2.1	4.5 -61.1	0.684 6.9E-3	1.10 0.015	22.6 0.2
2012-11-02.78	1308+326	097-12	12.13	1.9	0.960	0.0427 105	37.9	3.6	-1.90	-97 71	13.2 32	69.4	3.8 -5.7	11.7 -73.9	0.479 0.012	0.549 0.015	18.9 0.4
2012-11-02.81	1308+326	test	12.56	2.0	0.823	0.0596 105	37.3	3.8	-1.90	-92 65	13.2 32	70.6	-1.8 5.9	10.5 -74.5	0.498 0.025	0.584 0.025	19.0 0.9
2012-11-02.82	1308+326	test	12.60	2.0	0.823	0.0640 105	37.4	3.7	-1.90	-92 65	13.2 32	70.6	-0.7 1.2	11.6 -79.6	0.418 0.022	0.418 0.017	17.2 0.9
2012-11-02.83	1308+326	test	12.63	2.1	0.925	0.0620 105	37.2	3.8	-1.90	-92 65	13.2 32	70.6	2.7 2.4	15.1 -78.9	0.522 0.021	0.609 0.028	19.5 0.7
2012-11-02.84	1308+326	test	12.67	1.8	0.888	0.0545 105	38.2	3.8	-1.90	-91 64	13.2 32	70.7	2.6 0.9	15.0 -80.9	0.473 0.013	0.650 0.043	21.0 0.5
2012-11-02.85	1308+326	test	12.71	1.8	0.888	0.0454 105	38.2	3.7	-1.90	-91 64	13.2 32	70.7	2.1 1.9	14.5 -80.4	0.496 0.010	0.715 0.049	20.9 0.4
2012-11-02.86	1308+326	test	12.74	2.0	0.888	0.0767 105	37.8	3.7	-1.90	-91 63	13.2 32	70.7	2.1 2.8	14.7 -79.9	0.503 0.022	0.578 0.027	19.4 0.8
2012-11-02.87	1308+326	test	12.78	1.8	0.792	0.0493 104	38.2	3.7	-1.90	-90 63	13.2 32	70.7	1.2 5.3	13.8 -77.9	0.457 0.014	0.443 0.013	17.1 0.5
2012-11-02.88	1308+326	test	12.82	1.9	0.601	0.0503 106	38.0	3.7	-1.90	-90 62	13.2 32	70.7	-1.1 3.7	11.5 -79.9	0.415 0.013	0.468 0.016	18.8 0.6
2012-11-02.89	1308+326	test	12.85	2.0	0.601	0.0438 105	37.2	3.7	-1.90	-90 62	13.2 32	70.7	-1.6 2.2	11.1 -81.9	0.437 8.9E-3	0.487 0.016	21.2 0.4
# Fri Nov  2 12:54:54 UTC 2012 - Heavy clouds moving in. tau=0.64. However, fluxes still pretty stable. (CK)
2012-11-02.90	1308+326	test	12.89	2.1	0.642	0.0476 105	37.2	3.7	-1.90	-89 61	13.2 32	70.7	-0.9 1.9	11.9 -82.6	0.432 0.016	0.437 0.015	17.6 0.6
2012-11-02.91	1308+326	test	12.94	0.8	0.642	0.0443 106	38.2	3.7	-1.90	-89 61	13.2 32	70.7	-2.9 5.8	9.9 -79.3	0.489 0.022	1.02 0.071	25.5 1.0
2012-11-02.92	1308+326	test	12.96	0.8	0.642	0.0451 106	38.2	3.8	-2.50	-89 61	13.2 32	70.6	-0.3 -1.6	12.6 -86.9	0.255 0.017	0.278 0.015	18.3 1.2
# Fri Nov  2 12:59:43 UTC 2012 - NEFD went up to 40mJy a while ago! (CK)
2012-11-02.94	1308+326	test	13.00	1.0	0.617	0.0486 106	37.2	3.7	-1.30	-88 60	13.2 32	70.6	-1.3 3.9	11.6 -82.0	0.480 0.018	0.632 0.027	22.4 0.8
2012-11-02.95	1308+326	test	13.02	0.8	0.741	0.0440 106	38.2	3.7	-0.70	-88 60	13.2 32	70.6	-1.2 5.4	11.7 -80.8	0.444 0.018	0.470 0.019	17.9 0.7
2012-11-02.99	1637+574	097-12	13.74	1.8	0.558	0.0461 105	38.1	4.1	-1.90	7 70	16.6 57	-169.8	-2.1 4.5	-21.1 -75.0	0.183 0.010	0.385 0.045	25.3 1.2
2012-11-02.108	1637+574	097-12	15.20	2.1	0.983	0.0408 105	37.2	2.5	-1.90	-24 67	16.6 57	142.6	0.5 -2.6	-10.0 -85.8	0.192 1.0E-2	0.173 0.014	16.8 0.9
2012-11-02.109	1637+574	097-12	15.24	2.1	0.983	0.0505 105	37.2	2.4	-1.90	-25 67	16.6 57	141.6	4.5 -0.9	-5.7 -84.3	0.180 0.016	1.64 0.23	57.5 3.9
2012-11-02.110	1637+574	097-12	15.27	1.8	0.983	0.0467 105	38.2	2.4	-1.90	-25 66	16.6 57	140.6	1.5 -2.0	-8.5 -85.7	0.224 0.011	0.254 0.015	18.5 0.9
# Fri Nov  2 15:46:03 UTC 2012 - Heavy clouds, tau increasing from 1 to 3 in the last three hours
2012-11-02.113	1637+574	test	15.93	2.1	0.860	0.0352 89	37.3	2.2	-1.90	-34 63	16.6 57	124.9	-5.2 -10.4	-6.2 -98.8	0.184 0.011	0.177 0.012	17.2 1.1
2012-11-02.114	1637+574	test	15.96	2.0	0.965	0.0332 89	37.1	2.1	-1.90	-34 62	16.6 57	124.1	-9.7 -12.3	-10.5 -100.8	0.226 0.010	0.286 0.025	20.0 0.9
2012-11-02.115	1637+574	test	16.02	2.1	0.609	0.0277 89	37.3	2.1	-1.90	-35 62	16.6 57	122.8	-9.7 -12.0	-10.2 -100.9	0.176 6.0E-3	0.152 5.7E-3	16.6 0.6
2012-11-02.116	1637+574	test	16.06	1.8	0.609	0.0264 89	38.1	2.1	-1.90	-35 62	16.6 57	122.0	-10.3 -12.7	-10.6 -101.8	0.188 7.5E-3	0.203 7.5E-3	19.1 0.7
# Fri Nov  2 16:07:25 UTC 2012 - Heavy clouds on top of the telescope. Looks like we need to stop. (CK)
2012-11-02.117	1637+574	test	16.10	1.8	0.972	0.0267 89	38.1	2.1	-1.90	-35 61	16.6 57	121.3	-4.7 -10.9	-4.8 -100.2	0.217 6.9E-3	0.199 6.8E-3	17.5 0.6
2012-11-02.118	Mars	test	16.40	2.0	0.993	0.0293 97	37.1	2.0	-1.90	-153 24	17.2 -24	23.3	-6.7 -7.8	13.5 -79.1	22.3 0.083	36.4 0.45	23.5 0.1
# Fri Nov  2 16:28:11 UTC 2012 - Bias 12K (above)
# Fri Nov  2 16:28:24 UTC 2012 - Bias 10K (below)
2012-11-02.119	Mars	test	16.44	2.0	0.965	0.0345 97	37.8	2.1	-1.90	-153 24	17.2 -24	23.8	-11.2 -10.0	9.1 -81.5	20.9 0.074	28.5 0.096	21.1 0.1
# Fri Nov  2 16:29:04 UTC 2012 - Bias 10K (below)
# Fri Nov  2 16:30:03 UTC 2012 - Bias 14K (below)
2012-11-02.120	Mars	test	16.50	0.8	0.873	0.0196 98	38.1	2.1	-1.90	-152 23	17.2 -24	24.4	-7.6 -8.3	12.6 -80.0	22.1 0.042	28.4 0.051	20.4 0.0
# Fri Nov  2 16:32:15 UTC 2012 - Bias 8K (below)
2012-11-02.121	Mars	test	16.53	0.8	0.873	0.0082 98	38.2	2.1	-1.90	-151 23	17.2 -24	24.8	-7.4 -8.9	12.9 -80.8	8.73 0.017	11.7 0.023	20.8 0.0
# Fri Nov  2 16:34:39 UTC 2012 - Bias 16K (below)
2012-11-02.122	Mars	test	16.57	1.0	0.873	0.0155 97	35.9	2.2	-1.90	-151 23	17.2 -24	25.2	-9.6 -11.9	10.7 -83.9	22.1 0.031	28.9 0.037	20.5 0.0
# Fri Nov  2 16:37:02 UTC 2012 - Bias 10K
2012-11-02.123	Mars	test	16.60	0.8	0.882	0.0471 92	38.2	2.2	-1.90	-151 23	17.2 -24	25.6	-10.3 -13.3	10.0 -85.4	29.1 0.10	40.1 0.16	21.1 0.1
# Fri Nov  2 16:38:42 UTC 2012 - 14K
2012-11-02.124	Mars	test	16.64	0.8	0.907	0.0249 100	38.2	2.3	-1.90	-150 23	17.2 -24	26.0	-10.5 -6.8	9.8 -79.0	20.1 0.044	26.3 0.060	20.6 0.0
# Fri Nov  2 16:40:54 UTC 2012 - 12K
2012-11-02.125	Mars	test	16.68	0.8	0.907	0.0099 98	38.0	2.4	-1.90	-149 22	17.2 -24	26.5	-10.7 -7.2	9.6 -79.6	7.46 0.020	10.1 0.026	21.0 0.1
# Fri Nov  2 16:43:33 UTC 2012 - 16K
2012-11-02.126	Mars	test	16.72	0.8	0.908	0.0196 101	38.2	2.4	-1.90	-149 22	17.2 -24	26.8	-9.3 -10.6	11.0 -83.1	15.3 0.033	19.7 0.048	20.7 0.0
# Fri Nov  2 16:45:42 UTC 2012 - 8K
2012-11-02.127	Mars	test	16.76	0.8	0.908	0.0401 95	38.2	2.5	-1.90	-148 22	17.2 -24	27.3	-8.2 -8.2	12.1 -80.9	22.9 0.069	30.4 0.12	21.1 0.1
# Fri Nov  2 16:47:04 UTC 2012 - 8K
2012-11-02.128	Mars	test	16.79	1.0	0.920	0.0308 100	36.4	2.6	-1.90	-148 22	17.2 -24	27.6	-10.1 -10.2	10.2 -83.0	15.6 0.17	44.5 0.94	30.1 0.3
2012-11-02.129	Mars	test	16.82	0.8	0.920	0.0254 102	38.2	2.6	-1.90	-148 21	17.2 -24	28.0	-9.7 -7.9	10.6 -80.7	15.7 0.072	21.0 0.095	20.8 0.1
# Sat Nov  3 22:30:09 UTC 2012 - 
# Thu Nov  8 15:11:17 UTC 2012 - Testing non-moving scans for noise analysis; DjB
# Sat Nov 10 00:57:43 UTC 2012 - Getting started... tau is about 0.2 - DjB
2012-11-10.2	Uranus	gismo12	0.98	0.8	0.002	0.0228 102	38.3	-1.4	-2.00	-111 27	0.3 1	48.2	-21.4 3.8	8.3 -98.7	8.05 0.018	13.4 0.026	23.6 0.0
2012-11-10.3	Uranus	gismo12	1.01	0.8	0.002	0.0217 102	38.2	-1.4	-2.00	-111 27	0.3 1	48.3	-21.1 2.9	8.6 -99.7	8.00 0.015	13.6 0.026	23.6 0.0
# Sat Nov 10 01:03:33 UTC 2012 - Running focus starting at -2.0 - DjB
2012-11-10.4	Uranus	gismo12	1.06	0.8	0.002	0.0177 102	38.1	-1.4	-2.00	-110 27	0.3 1	48.6	-1.8 -0.8	6.8 -100.6	8.36 0.016	13.9 0.028	23.5 0.0
2012-11-10.5	Uranus	gismo12	1.08	1.0	0.002	0.0170 102	35.9	-1.4	-2.60	-110 26	0.3 1	48.7	0.2 1.0	8.8 -98.8	5.90 0.019	14.0 0.025	27.9 0.1
2012-11-10.6	Uranus	gismo12	1.10	1.1	0.002	0.0677 93	36.2	-1.5	-3.20	-110 26	0.3 1	48.8	1.4 -6.9	9.9 -106.8	3.52 0.069	11.8 0.080	32.7 0.5
2012-11-10.7	Uranus	gismo12	1.12	1.0	0.002	0.0200 102	36.6	-1.5	-1.40	-109 26	0.3 1	48.9	0.3 1.3	8.8 -98.7	11.0 0.020	13.4 0.018	19.9 0.0
2012-11-10.8	Uranus	gismo12	1.14	1.0	0.002	0.0177 101	36.2	-1.5	-0.80	-109 26	0.3 1	48.9	3.3 1.2	11.7 -98.8	11.5 0.013	13.7 0.019	20.2 0.0
# Sat Nov 10 01:13:39 UTC 2012 - Focussing again at -1.4 -2.0 -2.6 -0.8 -0.2 - DjB
2012-11-10.9	Uranus	gismo12	1.23	0.8	0.002	0.0166 101	38.2	-1.7	-1.40	-108 25	0.3 1	49.3	-1.0 0.2	7.3 -100.0	10.7 0.017	13.6 0.020	20.5 0.0
2012-11-10.10	Uranus	gismo12	1.25	1.1	0.002	0.0168 101	36.1	-1.7	-2.00	-108 24	0.3 1	49.4	1.9 -0.8	10.2 -101.0	9.09 0.019	13.9 0.025	22.4 0.0
2012-11-10.11	Uranus	gismo12	1.27	0.8	0.002	0.0178 101	38.2	-1.7	-2.60	-108 24	0.3 1	49.5	-1.2 -3.7	7.1 -104.0	6.18 0.021	13.3 0.020	26.5 0.1
2012-11-10.12	Uranus	gismo12	1.29	1.0	0.002	0.0174 101	35.9	-1.8	-0.80	-108 24	0.3 1	49.6	3.7 -0.2	11.9 -100.5	11.0 0.013	13.7 0.018	20.3 0.0
# Sat Nov 10 01:19:04 UTC 2012 - tau old meter: 0.18
2012-11-10.13	Uranus	gismo12	1.31	0.8	0.002	0.0160 101	38.4	-1.8	-0.20	-107 24	0.3 1	49.6	-1.5 0.4	6.6 -100.0	8.93 0.017	13.2 0.021	22.1 0.0
# Sat Nov 10 01:22:51 UTC 2012 - Focus set to -1.07 - DjB
# Sat Nov 10 01:31:24 UTC 2012 - Pointing on GL490 for project 028-12 - DjB
# Sat Nov 10 01:32:41 UTC 2012 - Tau is 0.18, lambda 0.10 - DjB
2012-11-10.14	GL490	028-12	1.57	1.0	0.002	0.0153 96	37.0	-1.8	-1.07	-22 65	3.5 59	144.2	-11.0 2.9	-29.5 -94.9	0.524 5.9E-3	0.870 0.014	23.3 0.2
2012-11-10.15	GL490	028-12	1.62	1.0	0.001	0.0155 96	36.3	-1.8	-1.07	-23 65	3.5 59	143.0	-17.8 1.8	-25.9 -96.2	0.526 6.1E-3	1.00 0.018	24.9 0.3
2012-11-10.16	0355+508	028-12	1.65	1.0	0.001	0.0166 96	35.7	-1.7	-1.07	-26 74	4.0 51	146.6	-17.2 -0.1	-28.4 -89.7	1.89 6.4E-3	2.58 0.012	21.0 0.1
# Sat Nov 10 01:45:06 UTC 2012 - Tau is 0.165, lambda 0.05 - DjB
#2012-11-10.33	CB17	028-12	2.27	1.7	0.001	0.0139 96	44.1	-2.2	-1.07	-26 66	4.1 57	139.4	272.8 44.8	259.2 -55.4	0.402 0.036	0.731 0.043	25.6 2.0
# Sat Nov 10 02:21:21 UTC 2012 - Tau is 0.18, lambda 0.05 - DjB
# Sat Nov 10 02:28:54 UTC 2012 - Tau is 0.21, lambda 0.043 - DjB
#2012-11-10.39	CB17	028-12	2.50	1.7	0.002	0.0135 96	44.1	-2.5	-1.07	-30 65	4.1 57	133.4	268.5 32.0	256.6 -69.5	0.293 0.027	0.415 0.050	25.7 2.0
#2012-11-10.40	CB17	028-12	2.53	1.7	0.002	0.0123 96	44.1	-2.5	-1.07	-30 65	4.1 57	132.6	-95.9 -283.3	-107.5 -385.0	0.372 0.037	0.0238 2.6E-3	3.0 0.3
#2012-11-10.43	CB17	028-12	2.64	1.7	0.001	0.0121 96	44.1	-2.7	-1.07	-31 64	4.1 57	130.1	276.7 37.0	265.7 -65.3	0.303 0.026	0.586 0.049	23.9 1.8
# Sat Nov 10 02:45:18 UTC 2012 - Tau is 0.17, lambda 0.11 - DjB
# Sat Nov 10 02:45:34 UTC 2012 - Pointing on 0355+508 at end of 028-12 - DjB
2012-11-10.46	0355+508	028-12	2.75	1.0	0.001	0.0126 96	36.7	-2.8	-1.07	-46 66	4.0 51	114.8	2.1 13.6	-4.8 -87.0	1.91 4.1E-3	2.39 8.4E-3	20.3 0.0
2012-11-10.47	0954+658	test	2.82	0.8	0.001	0.0547 45	38.2	-2.9	-1.07	31 45	10.0 66	-98.2	-20.1 16.9	-35.7 -84.5	0.535 9.5E-3	0.589 0.032	19.2 0.3
# Sat Nov 10 02:52:34 UTC 2012 - Focussing -1.4 -2.0 -2.6 -0.8 -0.2 - DjB
2012-11-10.48	0954+658	test	2.86	0.8	0.001	0.0128 99	38.2	-3.0	-1.40	31 45	10.0 66	-98.6	-11.9 16.8	-27.6 -84.6	0.875 4.0E-3	1.05 0.010	19.5 0.1
2012-11-10.49	0954+658	test	2.88	0.8	0.001	0.0125 99	38.4	-3.0	-2.00	31 45	10.0 66	-98.9	-11.2 12.9	-27.0 -88.5	0.881 5.4E-3	0.992 8.8E-3	19.1 0.1
2012-11-10.50	0954+658	test	2.90	0.8	0.001	0.0122 99	38.1	-3.0	-2.60	31 45	10.0 66	-99.2	-11.8 14.4	-27.6 -86.9	0.745 4.2E-3	1.02 9.5E-3	21.0 0.1
2012-11-10.51	0954+658	test	2.92	0.8	0.001	0.0124 99	38.1	-3.1	-0.80	31 46	10.0 66	-99.6	-8.5 17.2	-24.4 -84.1	0.759 4.9E-3	1.03 9.6E-3	21.0 0.1
2012-11-10.52	0954+658	test	2.94	1.0	0.001	0.0139 99	35.9	-3.1	-0.20	31 46	10.0 66	-99.9	-8.0 14.7	-24.0 -86.6	0.533 5.1E-3	0.971 0.014	24.5 0.2
# Sat Nov 10 03:01:05 UTC 2012 - Starting 098-12 Tau 0.186 lambda 0.053 - DjB
# Sat Nov 10 03:01:47 UTC 2012 - Focus at -1.70, pointing -28 13  - DjB
# Sat Nov 10 03:39:33 UTC 2012 - Tau 0.27 lambda 0.13  - DjB
# Sat Nov 10 04:05:18 UTC 2012 - Tau 0.329 lambda 0.196  - DjB
# Sat Nov 10 04:05:39 UTC 2012 - Pointing on 1144+402; had to set topo high - DjB
2012-11-10.60	1144+402	test	4.12	1.0	0.002	0.0214 101	37.3	-3.5	-1.70	64 37	11.8 40	-69.6	7.4 3.5	-15.5 -75.2	0.539 8.2E-3	0.651 0.014	19.7 0.3
# Sat Nov 10 04:09:45 UTC 2012 - Set point -21 16 - DjB
# Sat Nov 10 04:22:22 UTC 2012 - Tau 0.27 lambda 0.143 - DjB
# Sat Nov 10 04:31:54 UTC 2012 - Tau 0.306 lambda 0.148 - DjB
# Sat Nov 10 04:44:35 UTC 2012 - Weather too poor for GDF. Going to 028-18 - DjB
2012-11-10.65	1044+719	test	4.75	1.0	0.002	0.0647 99	37.1	-3.7	-1.70	20 49	10.8 72	-122.0	-0.0 -5.2	-20.2 -92.8	0.646 0.021	0.693 0.024	18.9 0.6
# Sat Nov 10 04:47:55 UTC 2012 - Tau 0.357 lambda 0.284 - DjB
2012-11-10.66	0355+508	test	4.83	0.9	0.002	0.0726 97	37.7	-3.8	-1.70	-52 47	4.0 51	85.1	2.6 -5.3	0.1 -102.5	1.77 0.022	1.73 0.027	17.6 0.2
2012-11-10.69	0415+379	test	5.26	0.8	0.002	0.0438 98	38.2	-3.5	-1.70	-69 43	4.3 38	71.4	-0.1 -2.1	5.4 -103.4	1.80 0.022	1.96 0.022	18.6 0.2
2012-11-10.70	0823+033	test	5.39	0.8	0.005	0.0566 72	38.2	-3.5	-1.70	-179 56	8.4 3	1.1	1.1 4.1	5.3 -56.1	0.211 0.019	0.167 0.015	14.3 1.3
# Sat Nov 10 05:25:52 UTC 2012 - Tau 0.398 lambda 0.269 - RE
# Sat Nov 10 05:26:14 UTC 2012 - Set pointing -18 9.0 - RE
# Sat Nov 10 05:43:05 UTC 2012 - Tau 0.329 lambda 0.229 - DjB
# Sat Nov 10 05:43:16 UTC 2012 - Heavy clouds.  Data probably worthless! - DjB
# Sat Nov 10 06:37:01 UTC 2012 - in thick fog, old taumeter 0.6-0.9 varying quickly (CK)
# Sat Nov 10 09:32:31 UTC 2012 - Tau 0.336 lambda 0.182 - DjB
# Sat Nov 10 09:32:50 UTC 2012 - Weather visibly improving after stop for snow.  Re-open. - DjB
2012-11-10.80	1354+195	test	9.57	1.0	0.003	0.0249 68	35.8	-3.2	-1.70	131 65	14.0 19	-39.4	2.1 4.8	-12.2 -45.9	0.316 7.6E-3	0.290 5.9E-3	17.3 0.4
2012-11-10.81	1354+195	test	9.61	0.8	0.006	0.0194 88	38.2	-3.2	-1.70	132 66	14.0 19	-38.4	3.4 8.0	-10.7 -42.3	0.372 6.1E-3	0.369 9.3E-3	17.7 0.3
2012-11-10.82	1354+195	test	9.63	1.0	0.006	0.0458 74	36.5	-3.1	-2.30	133 66	14.0 19	-38.0	6.4 4.4	-7.6 -45.7	0.351 0.022	3.40 0.42	52.5 2.4
2012-11-10.83	1354+195	test	9.66	0.8	0.006	0.0286 87	38.3	-3.1	-2.90	134 66	14.0 19	-37.5	5.4 3.1	-8.5 -46.8	0.272 0.012	0.289 9.5E-3	18.1 0.8
2012-11-10.84	1354+195	test	9.68	0.8	0.006	0.0191 95	38.2	-3.0	-1.10	134 66	14.0 19	-37.1	2.7 5.9	-11.0 -43.8	0.452 6.0E-3	0.492 9.3E-3	18.6 0.2
# Sat Nov 10 09:43:18 UTC 2012 - tau=0.37
2012-11-10.85	1354+195	test	9.70	0.8	0.006	0.0174 95	38.2	-3.0	-0.50	135 67	14.0 19	-36.6	2.1 11.6	-11.5 -37.8	0.380 9.4E-3	1.07 0.070	30.3 0.6
2012-11-10.86	1226+023	test	9.84	0.8	0.002	0.0141 96	38.4	-2.8	-1.70	-168 54	12.5 2	9.4	2.3 4.0	9.1 -61.9	2.48 5.6E-3	2.81 8.0E-3	19.6 0.0
2012-11-10.87	1226+023	test	9.86	1.0	0.002	0.0153 96	35.9	-2.8	-1.70	-168 54	12.5 2	9.8	2.1 4.4	9.0 -61.7	2.47 5.2E-3	2.69 7.5E-3	19.1 0.0
2012-11-10.88	1226+023	test	9.88	1.0	0.002	0.0148 96	36.8	-2.7	-2.30	-167 54	12.5 2	10.2	-1.2 3.7	5.9 -62.6	2.15 5.2E-3	2.93 0.011	21.0 0.0
2012-11-10.89	1226+023	test	9.90	0.8	0.002	0.0146 98	38.2	-2.7	-2.90	-167 54	12.5 2	10.7	1.6 2.5	8.8 -64.0	1.59 6.0E-3	2.90 0.011	24.4 0.1
2012-11-10.90	1226+023	test	9.92	1.0	0.002	0.0139 98	36.0	-2.7	-1.10	-166 54	12.5 2	11.1	2.4 8.0	9.6 -58.7	2.65 5.1E-3	3.12 0.012	19.8 0.0
2012-11-10.91	1226+023	test	9.95	1.0	0.002	0.0144 98	36.0	-2.7	-0.50	-166 54	12.5 2	11.5	2.2 5.9	9.6 -61.0	2.14 5.4E-3	2.86 9.9E-3	21.3 0.0
# Sat Nov 10 10:02:21 UTC 2012 - Tau 0.379 lambda 0.274 - DjB
2012-11-10.92	1354+195	test	10.02	1.0	0.002	0.0151 99	36.4	-2.7	-1.40	145 69	14.0 19	-28.7	6.3 7.5	-4.9 -39.5	0.649 6.4E-3	0.755 7.9E-3	20.6 0.2
# Sat Nov 10 10:05:34 UTC 2012 - highly varying cloud passing over!
# Sat Nov 10 10:18:14 UTC 2012 - thin, local clouds moving through, tau=0.34 (lambda=0.18)
# Sat Nov 10 11:00:24 UTC 2012 - Tau 0.16 lambda 0.0 - DjB
2012-11-10.99	1308+326	097-12	11.01	0.8	0.083	0.0195 99	38.2	-3.3	-1.40	-109 78	13.2 32	63.6	-1.1 3.4	8.8 -55.5	0.922 6.6E-3	1.00 0.014	32.0 0.2
# Sat Nov 10 11:02:32 UTC 2012 - weather improving now, blue sky above, tau also improving !
2012-11-10.100	1308+326	097-12	11.06	1.0	0.059	0.0172 99	36.9	-3.4	-1.40	-107 77	13.2 32	64.5	3.1 1.1	13.0 -58.9	0.870 6.2E-3	0.934 8.4E-3	18.7 0.1
# Sat Nov 10 11:18:31 UTC 2012 - Tau 0.11 lambda 0.0 - DjB
# Sat Nov 10 11:45:11 UTC 2012 - Tau 0.12 lambda 0.05 - DjB
2012-11-10.105	1637+574	test	11.86	1.0	0.003	0.0159 98	37.0	-3.3	-1.40	31 64	16.6 57	-130.2	-9.1 -2.5	-30.5 -76.0	0.424 8.1E-3	0.567 0.011	20.5 0.4
# Sat Nov 10 11:54:46 UTC 2012 - GISMO Focus  -1.4 -2.0 -2.6 -0.8 -0.2 - DjB
2012-11-10.106	1637+574	test	11.91	0.9	0.003	0.0331 98	37.9	-3.2	-1.40	31 64	16.6 57	-131.2	-9.3 -0.0	-30.8 -73.5	0.374 0.014	0.374 0.010	17.9 0.7
2012-11-10.107	1637+574	test	11.93	1.0	0.003	0.0264 98	35.7	-3.2	-2.00	30 64	16.6 57	-131.7	-11.5 -2.2	-33.0 -75.6	0.312 0.011	0.324 8.6E-3	17.7 0.6
2012-11-10.108	1637+574	test	11.95	0.8	0.003	0.0242 95	38.1	-3.2	-2.60	30 64	16.6 57	-132.2	-10.0 2.1	-31.6 -71.3	0.286 8.0E-3	0.528 0.023	24.1 0.6
2012-11-10.109	1637+574	test	11.97	0.8	0.003	0.0191 99	38.1	-3.2	-0.80	30 65	16.6 57	-132.8	-8.4 0.9	-30.1 -72.5	0.335 8.0E-3	0.393 0.013	19.4 0.4
2012-11-10.110	1637+574	test	11.99	1.0	0.003	0.0175 99	36.5	-3.2	-0.20	30 65	16.6 57	-133.2	-3.9 0.2	-25.5 -73.2	0.220 6.6E-3	0.314 8.3E-3	21.0 0.6
# Sat Nov 10 12:02:24 UTC 2012 - Set focus -1.3 - DjB
# Sat Nov 10 12:02:36 UTC 2012 - Set bias to 10,000 - DjB
# Sat Nov 10 12:03:23 UTC 2012 - ...for scans 110 and 111. - DjB
# Sat Nov 10 12:05:29 UTC 2012 - ...whoops - should be scans 111 and 112. - DjB
2012-11-10.112	1637+574	test	12.07	0.8	0.003	0.0222 101	38.2	-3.0	-1.30	29 65	16.6 57	-135.3	-4.4 -0.5	-26.2 -73.9	0.218 6.9E-3	0.205 5.8E-3	16.7 0.5
# Sat Nov 10 12:05:52 UTC 2012 - Set bias 12,000 for 113-114. - DjB
2012-11-10.113	1637+574	test	12.10	0.8	0.003	0.0092 101	38.2	-2.8	-1.30	28 65	16.6 57	-136.0	-2.4 1.7	-24.2 -71.6	0.195 2.8E-3	0.231 5.5E-3	19.3 0.3
2012-11-10.114	1637+574	test	12.12	1.0	0.003	0.0182 101	36.5	-2.8	-1.30	28 65	16.6 57	-136.5	-2.4 2.2	-24.2 -71.1	0.186 6.9E-3	0.225 0.011	19.5 0.7
# Sat Nov 10 12:08:52 UTC 2012 - Set bias 14,000 for 115-116. - DjB
2012-11-10.115	1637+574	test	12.15	1.0	0.003	0.0130 100	37.0	-2.8	-1.30	27 66	16.6 57	-137.3	-2.9 -0.9	-24.7 -74.2	0.145 6.7E-3	0.148 7.1E-3	18.1 0.8
2012-11-10.116	1637+574	test	12.17	1.0	0.003	0.0127 100	38.0	-2.8	-1.30	27 66	16.6 57	-137.8	-3.9 3.6	-25.8 -69.7	0.147 4.1E-3	0.140 4.2E-3	17.2 0.5
# Sat Nov 10 12:12:02 UTC 2012 - Set bias 14,000 for 117 again. - DjB
2012-11-10.117	1637+574	test	12.20	1.0	0.003	0.0197 99	37.1	-2.8	-1.30	27 66	16.6 57	-138.5	-4.2 2.2	-26.1 -71.1	0.130 7.2E-3	0.120 4.9E-3	16.2 0.9
# Sat Nov 10 12:13:51 UTC 2012 - Set bias 16,000 for 118-119. - DjB
2012-11-10.118	1637+574	test	12.23	1.0	0.003	0.0084 97	36.4	-2.8	-1.30	26 66	16.6 57	-139.4	-7.8 2.0	-29.7 -71.3	0.141 2.7E-3	0.162 4.6E-3	19.1 0.3
2012-11-10.119	1637+574	test	12.25	0.8	0.003	0.0089 97	38.2	-2.8	-1.30	26 66	16.6 57	-140.0	-6.4 2.3	-28.3 -71.0	0.140 2.5E-3	0.174 4.6E-3	20.0 0.3
# Sat Nov 10 12:17:19 UTC 2012 - Set bias 6,000 for 120-121. - DjB
# Sat Nov 10 12:17:55 UTC 2012 - Tau 0.133 lambda 0.000. - DjB
2012-11-10.120	1637+574	test	12.29	0.8	0.003	0.0321 70	38.2	-2.8	-1.30	25 66	16.6 57	-141.1	-16.3 -10.5	-38.2 -83.8	0.600 8.1E-3	0.675 0.016	19.2 0.2
2012-11-10.121	1637+574	test	12.31	0.8	0.003	0.0259 69	38.3	-2.8	-1.30	25 66	16.6 57	-141.6	-11.8 -9.6	-33.8 -82.9	0.644 6.5E-3	0.644 9.8E-3	18.3 0.2
# Sat Nov 10 12:21:06 UTC 2012 - Scan 122 at bias 14,000 - DjB
# Sat Nov 10 12:29:43 UTC 2012 - Tau 0.23 - DjB
# Sat Nov 10 12:30:35 UTC 2012 - Bias 12,000 for scan 123. - DjB
2012-11-10.122	Mars	test	12.48	1.0	0.090	0.0375 71	37.7	-2.9	-1.30	150 22	17.6 -24	-25.9	-8.1 -6.3	2.5 -65.3	11.9 0.078	22.9 0.82	33.2 0.2
2012-11-10.123	Mars	test	12.51	1.0	0.090	0.0492 86	36.6	-2.9	-1.30	150 22	17.6 -24	-25.6	-9.9 -4.1	0.7 -63.1	13.7 0.099	21.3 0.54	31.3 0.2
# Sat Nov 10 12:32:22 UTC 2012 - Bias 10,000 for scan 124. - DjB
2012-11-10.124	Mars	test	12.54	1.0	0.280	0.0283 96	36.2	-3.0	-1.30	151 22	17.6 -24	-25.3	-6.3 -7.2	4.3 -66.3	21.6 0.051	31.0 0.063	21.6 0.0
# Sat Nov 10 12:34:10 UTC 2012 - Bias 8,000 for scan 125. - DjB
2012-11-10.125	Mars	test	12.57	0.8	0.280	0.1425 80	38.1	-3.0	-1.30	151 23	17.6 -24	-24.9	-7.5 -4.8	3.2 -64.0	22.4 0.19	34.1 0.25	23.2 0.2
# Sat Nov 10 12:36:18 UTC 2012 - Focussing at  -1.4 -2.0 -2.6 -0.8 -0.2 - DjB
# Sat Nov 10 12:38:13 UTC 2012 - Tau 0.22 - DjB
2012-11-10.127	Mars	test	12.62	0.9	0.002	0.0216 87	37.8	-3.0	-2.00	152 23	17.6 -24	-24.4	-8.8 -5.2	1.9 -64.5	24.2 0.042	33.1 0.038	20.8 0.0
2012-11-10.128	Mars	test	12.64	1.0	0.002	0.0290 89	37.0	-3.0	-2.60	152 23	17.6 -24	-24.2	-9.1 -8.7	1.6 -68.0	19.1 0.041	33.5 0.042	23.9 0.0
2012-11-10.129	Mars	test	12.66	0.8	0.002	0.0238 90	38.2	-3.0	-0.80	152 23	17.6 -24	-23.9	-11.1 -6.9	-0.3 -66.2	21.2 0.032	33.4 0.034	22.6 0.0
2012-11-10.130	Mars	test	12.68	1.0	0.002	0.0455 93	37.3	-3.0	-0.20	153 23	17.6 -24	-23.7	-7.3 -6.3	3.4 -65.7	13.4 0.23	48.8 0.63	34.3 0.5
# Sat Nov 10 12:44:26 UTC 2012 - Set focus -1.65, set poi -4 9; tau 0.25 - DjB
# Sat Nov 10 12:46:17 UTC 2012 - offsets 1500 2400 /sys projection - DjB
# Sat Nov 10 12:48:30 UTC 2012 - tau 0.21 - DjB
# Sat Nov 10 13:29:25 UTC 2012 - tau 0.25 lambda .17 - RE
# Sat Nov 10 14:30:01 UTC 2012 - tau=0.26
2012-11-10.139	Mars	049-12	14.50	0.8	0.002	0.0257 101	38.1	-2.3	-1.65	180 28	17.6 -24	-0.2	-13.8 2.9	8.4 -67.9	27.3 0.031	36.1 0.035	21.2 0.0
2012-11-10.140	Mars	049-12	14.53	1.0	0.003	0.0190 100	36.1	-2.3	-1.65	-180 28	17.6 -24	0.2	-13.6 -0.7	8.7 -71.6	28.4 0.023	35.8 0.031	20.6 0.0
# Sat Nov 10 14:46:23 UTC 2012 - clouds roll back in
# Sat Nov 10 14:46:37 UTC 2012 - tau=0.34
# Sat Nov 10 15:08:59 UTC 2012 - tau=0.314
# Sat Nov 10 16:01:07 UTC 2012 - tau=0.35
# Sat Nov 10 16:13:50 UTC 2012 - tau=0.47
2012-11-10.146	Mars	049-12	16.22	1.0	0.003	0.5900 61	36.9	-3.1	-1.65	-155 24	17.6 -24	22.2	-1.7 -3.3	9.1 -77.9	18.9 0.41	76.0 4.6	30.8 0.5
# Sat Nov 10 16:27:42 UTC 2012 - Extremely cloudy - entering testing mode - RE
2012-11-10.147	2037+511	test	16.45	1.0	0.562	0.0795 94	36.5	-3.5	-1.65	34 72	20.6 51	-135.2	4.2 4.9	-27.8 -64.5	0.713 0.057	0.584 0.026	16.1 1.3
2012-11-10.148	2037+511	test	16.55	1.1	0.378	0.0658 60	36.4	-4.0	-1.65	31 72	20.6 51	-138.6	2.0 -3.0	-26.0 -67.5	0.772 0.025	0.657 0.020	16.2 0.5
# Sat Nov 10 16:35:44 UTC 2012 - tau 0.388 - RE
2012-11-10.149	2037+511	test	16.66	1.8	0.225	0.1296 81	38.1	-4.2	-1.65	29 73	20.6 51	-142.8	-0.4 2.4	-28.5 -62.3	0.763 0.026	0.732 0.032	18.2 0.6
# Sat Nov 10 16:59:43 UTC 2012 - tau 0.47 - RE
2012-11-10.151	1928+738	test	17.22	2.1	0.133	0.0164 102	37.2	-4.3	-1.65	-6 53	19.5 74	162.0	-2.6 -4.8	-12.6 -95.8	1.99 4.0E-3	2.13 5.7E-3	18.6 0.0
2012-11-10.152	1928+738	test	17.30	0.8	0.133	0.0119 102	38.1	-4.4	-1.60	-6 52	19.5 74	160.8	-3.9 -1.3	-13.8 -92.4	1.99 4.5E-3	2.18 8.1E-3	18.9 0.0
2012-11-10.153	1928+738	test	17.32	1.0	0.133	0.0114 102	37.5	-4.4	-2.20	-7 52	19.5 74	160.4	-3.9 -4.9	-13.7 -96.1	1.86 4.7E-3	2.28 0.010	19.8 0.0
2012-11-10.154	1928+738	test	17.34	0.8	0.133	0.0125 102	38.0	-4.4	-2.80	-7 52	19.5 74	160.0	-3.1 -1.9	-12.9 -93.1	1.44 4.5E-3	2.13 0.011	22.0 0.1
2012-11-10.155	1928+738	test	17.36	1.0	0.133	0.0129 102	36.6	-4.4	-1.00	-7 52	19.5 74	159.6	-5.2 -1.3	-14.9 -92.5	1.88 5.7E-3	2.15 7.1E-3	19.2 0.1
2012-11-10.156	1928+738	test	17.38	0.8	0.133	0.0202 98	38.1	-4.4	-0.40	-7 52	19.5 74	159.1	-3.0 0.3	-12.7 -91.0	1.42 7.3E-3	2.05 0.011	21.7 0.1
# Sat Nov 10 17:31:39 UTC 2012 - tau 0.357 - RE,RL
# Sat Nov 10 18:01:33 UTC 2012 - really hazy conditions - RE
2012-11-10.159	1928+738	gismo12	21.38	1.8	0.205	0.1333 60	38.1	-3.8	-2.00	-20 39	19.5 74	91.4	-10.3 9.8	2.9 -105.9	0.993 0.037	0.850 0.078	16.7 0.6
# Mon Nov 12 16:37:41 UTC 2012 - Starting on Project #067-12 with focus test on 2200+420 - DjB
2012-11-12.3	2200+420	gismo12	16.62	0.8	0.103	0.0162 99	38.2	-1.8	-2.00	68 64	22.0 42	-91.0	-0.3 6.5	-10.7 -69.3	6.63 9.2E-3	10.5 0.016	22.3 0.0
2012-11-12.4	2200+420	test	16.71	0.8	0.072	0.0172 94	38.4	-1.7	-1.70	68 65	22.0 42	-92.0	0.1 2.4	-10.9 -66.0	7.56 9.5E-3	10.4 0.018	20.2 0.0
2012-11-12.5	2200+420	test	16.73	1.0	0.072	0.0217 102	37.2	-1.7	-2.30	68 66	22.0 42	-92.2	-2.3 -1.2	-13.4 -69.4	6.44 0.014	9.88 0.019	22.3 0.0
# Mon Nov 12 16:46:39 UTC 2012 - Focus 5 scans -1.7 -2.3 -2.9 -1.1 -0.5  - DjB
2012-11-12.6	2200+420	test	16.75	0.8	0.072	0.0269 102	38.2	-1.8	-2.90	68 66	22.0 42	-92.4	-4.5 -1.4	-15.7 -69.4	4.54 0.015	9.75 0.021	26.6 0.1
2012-11-12.7	2200+420	test	16.78	1.0	0.072	0.0201 80	35.8	-1.8	-1.10	68 66	22.0 42	-92.7	-2.5 -0.3	-13.9 -68.1	5.73 0.016	10.2 0.027	20.9 0.1
2012-11-12.8	2200+420	test	16.80	0.8	0.072	0.0160 83	38.1	-1.7	-0.50	68 66	22.0 42	-92.9	-2.2 4.1	-13.8 -63.5	6.55 9.8E-3	10.6 0.019	21.4 0.0
# Mon Nov 12 17:06:07 UTC 2012 - tau 0.407  and lambda 0.266 - RE
# Mon Nov 12 17:14:12 UTC 2012 - PACO crashed, poiting 0 0  - RE
2012-11-12.14	1823+568	067-12	17.66	1.0	0.002	0.0145 102	36.1	-0.7	-1.50	-39 58	18.4 57	112.1	9.0 18.6	20.1 -88.7	0.602 5.9E-3	0.714 8.7E-3	19.9 0.2
# Mon Nov 12 17:43:23 UTC 2012 - set point 9 19 - RE
2012-11-12.17	1823+568	067-12	17.77	0.8	0.002	0.0150 102	38.2	-0.5	-1.50	-40 57	18.4 57	110.2	-0.2 5.9	20.4 -82.9	0.574 4.6E-3	0.662 7.7E-3	19.5 0.1
# Mon Nov 12 17:53:53 UTC 2012 - tau 0.99 and lambda 0.34 - RE
# Mon Nov 12 17:55:18 UTC 2012 - tau 0.519 and lambda 0.343 - (PREVIOUS TAU WAS READ WRONG) - RE
# Mon Nov 12 18:24:19 UTC 2012 - Strong winds - RE
# Mon Nov 12 18:24:50 UTC 2012 - tau 0.428 and lambda 0.314 - RE
2012-11-12.22	1954+513	067-12	18.73	1.0	0.002	0.0164 100	37.0	-1.1	-1.50	-46 64	19.9 52	111.4	-2.0 -1.5	18.1 -79.0	0.352 5.8E-3	0.398 6.4E-3	19.0 0.3
# Mon Nov 12 18:46:12 UTC 2012 - set pointing 7 23 - RE
# Mon Nov 12 18:49:04 UTC 2012 - tau 0.352 and lambda 0.265 - RE
# Mon Nov 12 19:03:11 UTC 2012 - Pretty strong winds (20 m/s) - RE
# Mon Nov 12 22:20:37 UTC 2012 - tau 0.27 and lambda 0.15 - RE
2012-11-12.25	Uranus	067-12	22.35	1.0	0.002	0.0145 99	36.2	0.7	-1.50	-149 50	0.3 1	24.5	-30.4 -2.9	5.2 -63.5	12.3 0.015	15.7 0.014	20.4 0.0
# Mon Nov 12 22:23:50 UTC 2012 - set pointing -23 20 - RE
2012-11-12.26	Uranus	067-12	22.41	1.0	0.002	0.0136 100	36.6	0.7	-1.50	-148 50	0.3 1	25.5	4.5 -1.9	10.2 -66.1	12.5 0.012	15.7 0.019	20.2 0.0
2012-11-12.27	Uranus	067-12	22.43	1.0	0.002	0.0124 100	36.7	0.7	-2.10	-147 49	0.3 1	25.8	5.7 -0.2	11.5 -64.6	12.4 0.016	15.6 0.018	20.0 0.0
# Mon Nov 12 22:28:37 UTC 2012 - pako crashed twice (fatal IO error 25 (Inappropriate ioctl for device) on X server localhost:16.0)  - RE
2012-11-12.28	Uranus	067-12	22.45	0.8	0.002	0.0145 100	38.2	0.7	-2.70	-147 49	0.3 1	26.2	1.5 -2.9	7.4 -67.5	10.6 0.019	15.6 0.022	22.0 0.0
2012-11-12.29	Uranus	067-12	22.48	0.8	0.002	0.0153 100	38.2	0.7	-0.90	-146 49	0.3 1	26.5	7.0 1.5	12.9 -63.5	10.8 0.015	15.3 0.019	21.4 0.0
2012-11-12.30	Uranus	067-12	22.50	0.8	0.002	0.0160 100	38.2	0.7	-0.30	-146 49	0.3 1	26.8	5.2 3.8	11.2 -61.3	7.44 0.014	15.2 0.026	25.8 0.0
# Mon Nov 12 22:37:25 UTC 2012 - Set focus -1.77  - RE
# Mon Nov 12 22:37:40 UTC 2012 - Calibration scan on Uranus  - RE
2012-11-12.32	Uranus	gismo12	22.63	0.8	0.002	0.0135 100	38.2	0.6	-1.77	-143 48	0.3 1	28.8	3.0 0.5	9.2 -66.0	13.0 0.013	15.4 0.021	19.7 0.0
