# id	object	project	UTh(f2)	obsmins(f1)	tau.225GHz(f3)	NEFD(f4) okchannels	scanspeed(f1)	Tamb(f1)	foc.dX(f2) foc.dY(f2) foc.dZ(f2)	AZd(f0) ELd(f0)	RAh(f1) DECd(f0)	PAd(f1)	pnt.dAZ(f1) pnt.dEL(f1)	pnt.X(f1) pnt.Y(f1)	src.peak(s3) src.dpeak(s2)	src.int(s3) src.dint(s2)	src.FWHM(f1) src.dFWHM(f1)	pnt.asymX(f1) pnt.asymY(f1)
2014-03-31.181	Uranus	test	12.50	12.9	0.044	0.0773 62	3.7	-1.3	0.00 0.00 -1.50	-178 57	0.8 4	2.2	-15.6 8.3	6.5 -62.3	11.0 0.019	13.0 0.020	19.7 0.0	-4.2 -37.8
2014-03-31.182	2223-052	test	12.62	55.6	0.044	0.1374 103	0.8	-1.4	0.00 0.00 -1.50	-131 35	22.4 -5	37.1	-17.8 1.6	12.6 -93.2	0.431 5.2E-3	0.485 6.6E-3	18.6 0.2	-16.4 0.0
2014-03-31.183	2223-052	test	12.70	33.8	0.044	0.1050 103	1.4	-1.4	0.00 0.00 -2.00	-130 34	22.4 -5	37.9	-18.4 2.6	12.0 -92.7	0.468 4.6E-3	0.509 6.3E-3	18.3 0.2	-7.0 5.4
2014-03-31.185	2223-052	test	12.94	37.1	0.006	0.1068 103	1.3	-1.4	0.00 0.00 -2.00	-127 32	22.4 -5	40.0	-18.6 0.3	11.8 -96.5	0.435 3.4E-3	0.453 5.7E-3	18.2 0.1	3.5 -3.7
2014-03-31.186	2223-052	test	13.31	2.0	0.003	0.0279 95	25.4	-1.2	0.00 0.00 -2.00	-122 28	22.4 -5	42.9	-17.9 -0.7	12.6 -99.3	0.376 4.3E-3	0.349 3.9E-3	16.7 0.2	5.1 -7.5
2014-03-31.187	2200+420	test	13.52	2.1	0.014	0.0263 103	25.2	-1.1	0.00 0.00 -2.00	-64 46	22.0 42	76.8	-21.2 3.7	0.6 -108.1	2.48 0.011	2.65 8.3E-3	16.7 0.1	-0.2 -18.3
2014-03-31.188	2200+420	test	13.64	1.1	0.074	0.0240 103	25.0	-0.9	0.00 0.00 -2.00	-64 45	22.0 42	76.0	-21.2 3.5	0.8 -108.9	2.20 0.013	2.42 0.011	16.1 0.1	-1.4 -2.0
2014-03-31.189	2200+420	test	13.66	1.1	0.074	0.0258 103	24.4	-0.9	0.00 0.00 -2.60	-64 45	22.0 42	75.8	-21.1 1.4	1.0 -111.2	1.94 0.013	2.13 0.013	16.5 0.1	-4.7 1.1
2014-03-31.190	2200+420	test	13.68	1.1	0.003	0.0270 102	25.1	-0.8	0.00 0.00 -1.40	-64 45	22.0 42	75.6	-23.8 3.4	-1.8 -109.2	2.11 0.012	2.37 0.014	17.0 0.1	11.7 2.4
2014-03-31.191	2200+420	test	13.71	1.1	0.003	0.0235 103	24.8	-0.8	0.00 0.00 -3.20	-64 44	22.0 42	75.5	-20.1 1.4	1.9 -111.3	1.41 0.012	1.69 0.010	18.2 0.1	-7.4 -2.9
2014-03-31.192	2200+420	test	13.73	1.1	0.003	0.0277 103	24.9	-0.8	0.00 0.00 -0.80	-64 44	22.0 42	75.3	-24.4 3.1	-2.3 -109.7	1.60 0.015	1.87 0.014	17.6 0.2	10.0 7.9
2014-03-31.193	Uranus	test	13.86	2.1	0.023	0.0282 103	25.7	-0.7	0.00 0.00 -1.90	-143 52	0.8 4	28.7	-13.6 4.5	15.2 -80.1	8.61 0.019	12.3 0.016	21.6 0.0	4.6 -11.1
2014-03-31.194	Uranus	test	13.90	2.1	0.019	0.0269 103	25.5	-0.5	0.00 0.00 -1.90	-143 51	0.8 4	29.4	-17.3 4.9	11.6 -80.1	9.14 0.016	12.6 0.021	21.2 0.0	13.1 -19.3
# Mon Mar 31 14:00:47 UTC 2014 - bias - flux cal on Uranus
2014-03-31.195	Uranus	test	13.99	2.1	0.002	0.0266 103	25.6	-0.5	0.00 0.00 -1.90	-141 51	0.8 4	30.7	-16.9 5.5	12.2 -80.5	9.51 0.019	12.9 0.017	20.8 0.0	7.5 -8.3
2014-03-31.196	Uranus	test	14.03	2.1	0.004	0.0235 101	25.3	-0.5	0.00 0.00 -1.90	-140 50	0.8 4	31.2	-14.2 4.7	15.0 -81.8	9.42 0.015	13.2 0.019	21.3 0.0	5.0 -19.5
# Mon Mar 31 14:05:49 UTC 2014 - first two Uranus scans: bias 12,000, next two: 10,000, last two: 8,000
2014-03-31.197	Uranus	test	14.07	2.1	0.004	0.0445 86	25.6	-0.5	0.00 0.00 -1.90	-139 50	0.8 4	31.8	-15.8 5.7	13.3 -81.3	9.16 0.19	22.2 1.6	29.6 0.5	-7.7 -15.5
2014-03-31.199	Uranus	test	14.17	2.1	0.002	0.0297 89	26.0	-0.5	0.00 0.00 -1.90	-137 49	0.8 4	33.2	-16.5 6.1	12.7 -81.9	9.94 0.13	22.9 0.88	27.1 0.3	11.1 -1.1
2014-03-31.200	Uranus	test	14.23	2.1	0.004	0.0282 89	25.4	-0.6	0.00 0.00 -1.90	-136 49	0.8 4	33.9	-16.4 5.3	13.0 -83.3	9.96 0.16	28.4 1.4	30.1 0.4	-5.0 2.9
2014-03-31.203	Uranus	test	14.42	2.1	0.001	0.0324 91	25.5	-0.2	0.50 0.00 -1.90	-132 47	0.8 4	36.4	-16.0 4.6	13.9 -86.2	8.77 0.16	23.2 1.3	29.4 0.4	-2.3 0.6
2014-03-31.204	Uranus	test	14.47	2.1	0.001	0.0381 91	25.8	-0.3	-0.50 0.00 -1.90	-132 47	0.8 4	36.9	-14.9 3.9	14.7 -87.3	8.26 0.13	21.4 1.1	28.4 0.4	17.2 0.7
2014-04-04.11	Mercury	test	9.93	2.0	0.402	0.0432 101	26.0	-7.9	0.00 0.00 -1.80	154 45	23.7 -4	-20.1	-16.6 -0.1	1.5 -72.9	108 0.16	149 0.14	21.3 0.0	-6.2 -25.9
# Fri Apr  4 10:02:20 UTC 2014 - Updated CRUSH to 2.16-a3
2014-04-04.12	3C84	test	10.03	2.1	0.519	0.0221 102	25.5	-7.8	0.00 0.00 -1.80	62 37	3.3 42	-70.1	-13.2 -2.0	-7.9 -94.7	9.38 0.027	12.1 0.027	20.6 0.1	20.5 -7.8
2014-04-04.13	3C84	test	10.10	1.1	0.400	0.0113 101	76.0	-7.9	0.00 0.00 -1.80	62 38	3.3 42	-70.5	-11.8 -1.9	-6.9 -94.3	9.49 0.022	14.2 0.044	21.7 0.0	7.4 0.1
2014-04-04.14	3C84	test	10.17	1.1	0.393	0.0213 98	24.8	-7.9	0.00 0.00 -1.80	62 38	3.3 42	-71.0	0.2 1.5	-7.2 -92.6	7.79 0.024	11.1 0.026	20.5 0.1	-29.4 12.9
2014-04-04.15	3C84	test	10.19	1.1	0.393	0.0191 103	25.0	-7.9	0.00 0.00 -2.40	63 38	3.3 42	-71.2	1.6 0.1	-5.9 -93.9	6.18 0.019	11.6 0.043	24.4 0.1	5.2 13.0
2014-04-04.16	3C84	test	10.21	1.1	0.393	0.0209 98	25.0	-7.9	0.00 0.00 -1.20	63 39	3.3 42	-71.3	0.4 1.9	-7.2 -92.0	9.55 0.019	11.8 0.031	19.4 0.0	-1.2 10.4
2014-04-04.17	3C84	test	10.23	0.8	0.351	0.0207 99	24.6	-7.9	0.00 0.00 -3.00	63 39	3.3 42	-71.4	3.5 0.3	-4.3 -93.6	4.03 0.025	11.3 0.22	28.9 0.1	40.6 -11.2
# Fri Apr  4 10:19:49 UTC 2014 - Trying CRUSH 2.16-a3 again...
2014-04-04.20	3C84	test	10.43	2.0	0.371	0.0199 102	25.6	-7.9	0.00 0.00 -1.60	64 41	3.3 42	-72.9	0.8 2.7	-8.1 -90.2	8.56 0.017	11.8 0.023	20.7 0.0	15.5 -1.7
2014-04-04.21	3C84	test	10.53	1.1	0.411	0.0152 102	24.9	-7.9	0.00 0.00 -1.60	64 42	3.3 42	-73.6	1.9 2.1	-8.3 -86.9	9.30 0.020	12.0 0.10	19.7 0.0	14.1 -3.8
2014-04-04.22	3C84	test	10.55	1.1	0.411	0.0197 98	24.8	-7.9	0.00 0.00 -2.20	64 42	3.3 42	-73.7	3.2 0.6	-7.2 -88.3	7.50 0.019	12.0 0.026	22.4 0.1	11.3 -0.8
2014-04-04.23	3C84	test	10.57	1.1	0.411	0.0218 98	25.0	-7.8	0.00 0.00 -1.00	64 43	3.3 42	-73.9	1.4 2.5	-9.2 -86.3	9.55 0.021	11.5 0.017	19.1 0.0	26.4 -9.7
2014-04-04.24	3C84	test	10.59	1.1	0.024	0.0162 102	24.8	-7.8	0.00 0.00 -2.80	64 43	3.3 42	-74.0	5.0 -0.6	-5.7 -89.3	3.78 0.018	9.00 0.13	27.4 0.1	9.8 7.2
2014-04-04.25	3C84	test	10.62	1.1	0.024	0.0157 97	24.8	-7.8	0.00 0.00 -0.40	64 43	3.3 42	-74.2	1.7 1.2	-9.1 -87.4	7.21 0.014	9.36 0.11	19.7 0.0	20.1 -15.8
2014-04-04.26	3C84	test	10.67	1.8	0.443	0.0247 100	25.6	-7.8	0.00 0.00 -1.60	65 44	3.3 42	-74.6	3.6 -1.6	-7.5 -89.9	9.24 0.022	12.2 0.032	20.2 0.0	11.7 -22.0
2014-04-04.29	3C84	test	11.12	2.1	0.476	0.0181 102	25.5	-7.6	0.00 0.00 -1.80	66 49	3.3 42	-77.9	0.8 2.8	-9.3 -84.3	9.32 0.022	12.4 0.020	20.5 0.0	13.7 -15.8
2014-04-04.30	3C84	test	11.18	1.1	0.431	0.0165 100	25.1	-7.6	0.00 0.00 -1.80	67 49	3.3 42	-78.2	-0.4 0.6	-10.0 -83.4	9.51 0.017	11.7 0.017	20.1 0.0	7.7 -14.1
2014-04-04.31	3C84	test	11.20	1.1	0.431	0.0166 100	24.9	-7.5	0.00 0.00 -2.40	67 49	3.3 42	-78.4	-0.2 -1.2	-9.9 -85.0	7.04 0.019	11.3 0.021	22.8 0.1	13.6 -9.3
2014-04-04.32	3C84	test	11.22	1.1	0.333	0.0171 98	24.8	-7.5	0.00 0.00 -1.20	67 50	3.3 42	-78.5	-2.3 1.1	-12.1 -82.6	10.1 0.018	11.1 0.017	19.0 0.0	10.5 -16.5
2014-04-04.33	3C84	test	11.24	1.1	0.333	0.0185 98	24.8	-7.5	0.00 0.00 -3.00	67 50	3.3 42	-78.7	2.2 -2.5	-7.8 -86.0	4.06 0.020	10.7 0.024	29.0 0.1	-6.3 2.7
2014-04-04.38	3C84	test	11.58	1.1	0.480	0.0185 102	24.6	-7.3	0.00 0.00 -1.80	68 54	3.3 42	-81.2	-0.5 1.8	-12.7 -79.2	9.62 0.020	11.7 0.015	19.9 0.0	-0.9 -27.7
2014-04-04.39	3C84	test	11.60	1.1	0.480	0.0185 102	25.0	-7.2	0.00 0.00 -2.30	68 54	3.3 42	-81.4	-0.3 1.3	-12.5 -79.6	7.94 0.020	11.0 0.019	21.6 0.0	2.9 -13.4
2014-04-04.40	3C84	test	11.63	1.1	0.480	0.0237 102	24.5	-7.0	0.00 0.00 -1.30	68 54	3.3 42	-81.6	-0.9 3.1	-13.3 -77.6	9.94 0.026	11.5 0.022	19.1 0.0	11.1 -32.6
2014-04-04.41	3C84	test	11.65	1.1	0.480	0.0247 101	24.6	-7.0	0.00 0.00 -2.80	68 54	3.3 42	-81.7	0.8 -0.2	-11.7 -80.7	5.47 0.018	11.2 0.11	25.5 0.1	1.0 -4.3
2014-04-04.42	3C84	test	11.67	1.1	0.454	0.0200 102	24.4	-6.9	0.00 0.00 -0.80	68 55	3.3 42	-81.9	-0.5 3.8	-13.3 -76.5	10.0 0.021	11.4 0.017	19.6 0.0	14.5 -21.3
2014-04-04.43	3C84	test	11.69	1.1	0.454	0.0199 98	24.9	-6.8	0.00 0.00 -3.30	68 55	3.3 42	-82.1	3.2 -1.3	-9.6 -81.4	3.30 0.023	10.8 0.20	32.7 0.2	-19.5 7.8
# Fri Apr  4 11:43:42 UTC 2014 - JS starting scan 38 filtering disabled, still new down-sampling rate
2014-04-04.44	3C84	test	11.72	1.1	0.454	0.0266 98	24.8	-6.8	0.00 0.00 -0.30	68 55	3.3 42	-82.3	-2.3 5.3	-15.3 -74.6	8.36 0.031	11.6 0.030	21.1 0.1	9.0 -21.3
2014-04-04.45	3C84	test	11.77	2.1	0.545	0.0321 98	25.3	-6.3	0.00 0.00 -1.26	68 56	3.3 42	-82.8	-0.1 3.2	-13.4 -76.3	10.3 0.025	11.6 0.024	19.0 0.0	-2.3 -24.5
# Fri Apr  4 11:50:56 UTC 2014 - scan 46 Fz=-1.26 Fx=-2.00 Fy=0.00
2014-04-04.46	3C84	test	11.81	2.1	0.545	0.0248 100	25.4	-6.2	-2.00 0.00 -1.26	69 56	3.3 42	-83.1	-0.0 5.7	-13.6 -73.5	9.70 0.015	11.6 0.017	19.6 0.0	0.8 -34.6
# Fri Apr  4 11:51:49 UTC 2014 - scan 47 Fz=-1.26 Fx=+2.00 Fy=0.00
2014-04-04.47	3C84	test	11.85	2.1	0.498	0.0212 98	25.6	-6.1	2.00 0.00 -1.26	69 57	3.3 42	-83.4	1.1 1.1	-12.9 -77.7	9.40 0.021	12.2 0.032	20.4 0.0	2.7 0.4
# Fri Apr  4 11:55:49 UTC 2014 - scan 48 Fz=-1.26 Fx=-1.00 Fy=0.00
2014-04-04.48	3C84	test	11.93	2.1	0.480	0.0173 98	25.2	-6.1	-1.00 0.00 -1.26	69 58	3.3 42	-84.0	1.1 6.0	-13.2 -72.2	9.38 0.016	11.7 0.018	19.8 0.0	0.7 -13.3
# Fri Apr  4 11:59:29 UTC 2014 - scan 49 Fz=-1.26 Fx=+1.00 Fy=0.00
2014-04-04.49	3C84	test	11.99	2.1	0.468	0.0171 102	25.4	-6.0	1.00 0.00 -1.26	69 58	3.3 42	-84.5	1.0 3.3	-13.8 -74.4	9.63 0.013	11.7 0.017	19.9 0.0	-12.0 -2.4
# Fri Apr  4 12:03:24 UTC 2014 - scan 50 Fz=-1.26 Fx=-4.00 Fy=0.00
2014-04-04.50	3C84	test	12.05	2.1	0.433	0.0173 100	25.4	-5.9	-4.00 0.00 -1.26	69 59	3.3 42	-85.0	0.5 9.3	-14.6 -67.8	7.01 0.017	10.9 0.032	22.2 0.0	6.9 -17.5
# Fri Apr  4 12:05:52 UTC 2014 - Thin clouds at the line of sight
# Fri Apr  4 12:07:34 UTC 2014 - scan 51 Fz=-1.26 Fx=+4.00 Fy=0.00
2014-04-04.51	3C84	test	12.12	2.1	0.467	0.0152 98	25.3	-5.7	4.00 0.00 -1.26	69 60	3.3 42	-85.6	1.0 0.1	-14.5 -76.4	7.33 0.015	11.8 0.018	22.5 0.0	2.2 21.0
# Fri Apr  4 12:14:15 UTC 2014 - scan 52 Fz=-1.26 Fx=-0.18 Fy=0.00
2014-04-04.52	3C84	test	12.22	2.1	0.409	0.0148 102	25.4	-5.4	-0.18 0.00 -1.26	69 61	3.3 42	-86.5	0.3 5.9	-15.9 -69.6	9.46 0.013	11.3 0.014	19.6 0.0	-0.9 -4.5
# Fri Apr  4 12:17:00 UTC 2014 - scan 52 Fz=-1.26 Fx=-0.18 Fy=-2.00
#2014-04-04.53	3C84	test	12.29	2.1	0.446	0.0153 98	25.3	-5.2	-0.18 -2.00 -1.26	69 62	3.3 42	-87.1	5.9 6.3	-10.7 -68.6	8.49 0.014	11.4 0.017	20.7 0.0	-24.8 -5.2
# Fri Apr  4 12:20:50 UTC 2014 - scan 54 Fz=-1.26 Fx=-0.18 Fy=+2
2014-04-04.54	3C84	test	12.34	2.1	0.446	0.0163 98	25.4	-5.1	-0.18 2.00 -1.26	70 62	3.3 42	-87.6	-1.4 5.3	-18.3 -69.0	9.24 0.014	11.2 0.014	19.7 0.0	8.7 -22.4
# Fri Apr  4 12:24:35 UTC 2014 - scan 55 Fz=-1.26 Fx=-0.18 Fy=-4
#2014-04-04.55	3C84	test	12.41	2.1	0.508	0.0164 97	25.4	-5.1	-0.18 -4.00 -1.26	70 63	3.3 42	-88.2	8.4 6.5	-8.9 -67.2	6.92 0.013	11.9 0.023	23.5 0.0	-18.4 -19.8
# Fri Apr  4 12:27:55 UTC 2014 - scan 56 Fz=-1.26 Fx=-0.18 Fy=+4
2014-04-04.56	3C84	test	12.46	2.1	0.488	0.0155 102	25.5	-5.1	-0.18 4.00 -1.26	70 64	3.3 42	-88.7	-6.3 6.2	-23.9 -67.0	7.63 0.013	11.1 0.017	21.8 0.0	25.2 -11.8
# Fri Apr  4 12:34:38 UTC 2014 - Best values: Fz=-1.26 Fx=-0.18 Fy=0.58. Doing a pointing (scan 57) to check the beam with these values:
2014-04-04.57	3C84	test	12.54	2.1	0.386	0.0361 102	25.3	-4.5	-0.18 0.58 -1.26	70 64	3.3 42	-89.4	-0.6 5.8	-18.7 -66.7	7.71 0.029	10.8 0.055	19.7 0.1	-34.9 1.7
# Fri Apr  4 12:39:17 UTC 2014 - The beam does not seem symetrical. Using values from scan 47 and 49
2014-04-04.58	3C84	test	12.65	2.1	0.532	0.0246 102	25.2	-4.3	-1.00 0.00 -1.26	70 66	3.3 42	-90.5	3.2 6.5	-15.6 -64.9	9.30 0.022	11.1 0.030	19.6 0.0	-5.2 -27.6
# Fri Apr  4 12:45:30 UTC 2014 - Scan 59 Fz=-1.26 Fx=-1.5 Fy=0 (Fx was set to -1.5 by mistake, it should have been +1.5)
2014-04-04.59	3C84	test	12.72	2.1	0.489	0.0224 100	25.4	-4.0	-1.50 0.00 -1.26	70 66	3.3 42	-91.3	1.9 8.6	-17.4 -62.1	9.07 0.014	10.9 0.015	20.1 0.0	-5.0 -23.5
# Fri Apr  4 12:47:42 UTC 2014 - Scan 60 Fz=-1.26 Fx=+1.5 Fy=0 (Starting the observations with these values. We will analyze the data taken to look for the best focus corrections.)
2014-04-04.60	3C84	test	12.79	2.1	0.489	0.0172 102	25.4	-3.8	1.50 0.00 -1.26	70 67	3.3 42	-92.0	3.3 4.5	-16.4 -65.5	9.21 0.022	11.6 0.093	20.1 0.0	11.6 -6.2
2014-04-04.61	3C84	test	12.87	2.8	0.581	0.0322 100	20.1	-3.5	1.50 0.00 -1.26	70 68	3.3 42	-93.2	3.8 5.7	-16.4 -63.5	9.17 0.028	29.2 0.36	30.7 0.1	-1.5 -6.4
2014-04-04.62	0716+714	192-13	13.35	2.1	0.886	0.0396 85	25.9	-2.0	1.50 0.00 -1.26	24 38	7.4 71	-84.6	-3.7 5.1	-5.2 -98.4	0.763 0.016	0.671 0.020	15.5 0.3	-37.7 7.6
2014-04-04.67	0221+067	227-13	14.29	2.1	0.526	0.0619 89	26.2	-1.3	1.50 0.00 -1.26	-165 59	2.4 7	12.2	-15.1 9.7	9.2 -62.8	0.764 0.014	0.620 0.012	16.0 0.3	-6.1 -18.3
#2014-04-04.70	0420-014	test	18.15	2.1	0.947	0.0583 88	25.6	-2.3	-1.00 0.00 -1.26	-131 39	4.4 -1	37.3	129.6 28.9	156.9 -64.7	0.771 0.041	0.418 0.044	10.2 0.6	-31.5 -7.7
#2014-04-04.72	0420-014	test	18.42	2.1	0.646	0.0315 97	25.5	-2.4	-1.00 0.00 -1.26	-127 37	4.4 -1	39.8	128.1 64.1	157.5 -32.1	2.17 0.060	0.283 0.014	9.4 0.3	-45.1 -44.8
#2014-04-04.73	0420-014	test	18.45	2.1	0.654	0.0297 98	25.5	-2.4	-1.00 0.00 -1.26	-126 36	4.4 -1	40.1	-28.6 60.7	6.7 -40.9	0.325 0.032	-2.82E-3 6.6E-3	8.4 0.8	-18.9 -8.6
# Fri Apr  4 18:36:39 UTC 2014 - note these are 1/f noise tests!!!!
2014-04-04.81	Jupiter	test	19.37	2.1	0.744	0.2874 79	25.5	-2.0	0.00 0.60 -1.26	-128 70	6.8 23	43.5	-19.6 18.7	6.0 -57.5	377 2.1	1270 2.2	33.2 0.2	-14.2 -24.6
2014-04-04.83	0528+134	test	19.57	2.1	0.627	0.0978 58	25.2	-1.8	0.00 0.60 -1.26	-112 47	5.5 14	49.4	-21.0 12.9	6.4 -85.8	0.258 0.022	0.343 0.099	11.3 0.9	11.2 30.4
# Fri Apr  4 19:39:41 UTC 2014 - set pointing -21.2 12.7 - RE
2014-04-04.84	0528+134	test	19.67	2.1	0.785	0.0449 75	25.3	-1.6	0.00 0.60 -1.26	-111 46	5.5 14	50.1	3.0 3.8	12.8 -81.9	0.435 0.014	0.395 0.024	14.0 0.4	-0.3 -19.0
2014-04-04.85	0851+202	test	19.80	2.1	0.372	0.0406 98	26.0	-1.3	0.00 0.60 -1.26	158 72	8.9 20	-18.1	13.2 -0.4	2.1 -41.6	1.70 0.016	1.64 0.013	15.5 0.1	-6.5 -8.6
# Fri Apr  4 19:53:37 UTC 2014 - Set pointing -7.9 12.3 - RE
2014-04-04.86	0851+202	test	19.87	2.1	0.662	0.0513 97	26.1	-1.3	0.00 0.60 -1.26	161 72	8.9 20	-15.6	-0.8 -0.1	2.3 -41.7	1.83 0.021	1.77 0.015	15.8 0.2	-14.6 3.4
2014-04-04.87	0851+202	test	19.96	2.1	0.763	0.0684 83	25.9	-1.3	0.00 0.60 -1.26	165 72	8.9 20	-12.2	-0.8 1.2	3.4 -40.6	1.84 0.025	1.70 0.020	15.5 0.2	-14.9 -1.7
2014-04-04.88	0851+202	test	20.04	2.1	1.104	0.0270 98	25.9	-1.3	0.00 0.60 -1.26	168 73	8.9 20	-9.2	-1.4 1.0	3.8 -41.1	2.37 0.015	2.49 0.012	16.0 0.1	-4.1 6.7
2014-04-04.89	0851+202	test	20.10	2.1	1.104	0.0603 93	26.1	-1.3	0.00 4.00 -1.26	171 73	8.9 20	-6.7	-5.2 3.7	0.9 -38.8	1.47 0.023	1.49 0.027	16.1 0.2	13.6 -15.5
#2014-04-04.90	0851+202	test	20.17	2.1	0.718	0.4327 46	26.1	-1.3	0.00 -1.00 -1.26	174 73	8.9 20	-4.0	-3.9 100.4	-0.9 55.2	1.36 0.13	0.817 0.31	12.0 1.1	-61.9 34.8
# Fri Apr  4 20:20:31 UTC 2014 - foggy conditions - RE
2014-04-04.91	1156+295	test	20.37	2.1	0.950	0.0323 86	25.4	-1.3	0.00 -1.00 -1.26	89 52	12.0 29	-66.0	-3.7 -0.5	-12.3 -66.2	0.515 8.9E-3	0.428 9.6E-3	15.5 0.3	4.1 -1.4
#2014-04-04.94	1156+295	test	20.60	2.1	0.905	0.1874 46	25.4	-1.3	0.00 -1.00 -1.26	91 55	12.0 29	-66.0	-40.5 31.6	-45.2 -35.1	0.645 0.034	0.0834 0.13	8.9 0.5	-12.6 -4.9
2014-04-04.96	1156+295	test	20.74	10.1	0.949	0.0380 67	77.1	-1.2	0.00 -1.00 -1.26	92 56	12.0 29	-65.9	-1.4 0.5	-12.2 -61.4	0.497 9.4E-3	0.600 0.022	19.7 0.4	-13.6 -5.7
2014-04-04.97	1156+295	test	21.15	2.1	0.760	0.0227 97	25.2	-1.1	0.00 -1.00 -1.26	96 61	12.0 29	-65.2	0.4 -0.0	-11.7 -57.0	0.494 6.3E-3	0.419 5.4E-3	15.9 0.2	6.4 6.6
2014-04-04.98	1308+326	test	21.31	2.1	0.807	0.0152 94	25.4	-0.9	0.00 -1.00 -1.26	82 50	13.2 32	-69.2	-3.2 -0.8	-11.8 -69.3	0.652 5.1E-3	0.601 5.1E-3	16.1 0.1	5.8 -7.6
2014-04-04.99	1308+326	test	21.40	2.9	0.680	0.0436 90	20.1	-0.9	0.00 -1.00 -1.26	83 51	13.2 32	-69.5	-2.7 0.6	-11.8 -67.2	0.626 8.7E-3	0.590 0.014	17.6 0.2	-17.8 -6.2
2014-04-04.100	1308+326	test	21.49	2.1	0.742	0.0178 93	25.4	-0.9	0.00 -1.00 -1.26	83 52	13.2 32	-69.6	-3.4 -0.1	-13.0 -67.0	0.630 5.0E-3	0.536 4.2E-3	16.0 0.1	12.1 -1.6
# Fri Apr  4 21:35:27 UTC 2014 - set pointing -11.3 12.5 - RE
2014-04-04.102	1418+546	test	21.78	2.1	0.787	0.0183 89	25.6	-0.9	0.00 -1.00 -1.26	47 47	14.3 54	-89.1	-0.5 0.3	-12.6 -82.1	0.932 8.0E-3	0.887 6.7E-3	16.1 0.1	-2.3 -7.0
# Fri Apr  4 21:59:30 UTC 2014 - foggy conditions - RE
# Sat Apr  5 00:56:28 UTC 2014 - Nitrogen refilled. Still very foggy conditions. - RE
#2014-04-05.3	1418+546	test	1.10	2.1	0.793	0.1761 50	26.0	-0.6	0.00 -1.00 -1.26	16 72	14.3 54	-157.9	-49.5 50.8	-63.2 -27.5	5.41 0.28	0.329 0.14	6.2 0.3	8.8 -12.0
#2014-04-05.5	0716+714	test	1.34	2.1	1.295	0.0519 80	25.9	-0.6	0.00 -1.00 -1.26	-22 32	7.4 71	68.1	112.7 61.3	117.6 -43.2	0.958 0.020	0.284 0.11	14.6 0.3	19.8 -13.3
# Sat Apr  5 02:15:29 UTC 2014 - Trying a pointing in Mars - RE
2014-04-05.8	Mars	test	2.25	2.1	0.625	0.5446 50	25.8	-0.5	0.00 -1.00 -1.26	-147 42	13.3 -6	26.0	-9.1 -1.7	8.7 -76.7	224 7.7	451 15	24.3 0.7	-8.4 11.5
2014-04-05.10	Mars	test	2.33	2.1	0.618	0.5759 47	25.9	-0.6	0.00 -1.00 -1.26	-146 41	13.3 -6	26.9	-7.9 -5.5	9.8 -81.1	175 5.1	201 4.0	20.6 0.6	-23.0 33.8
2014-04-05.11	Mars	test	2.36	2.1	0.814	0.1248 56	25.7	-0.5	0.00 -1.00 -1.26	-145 41	13.3 -6	27.4	-5.7 -3.3	12.6 -79.3	244 1.1	378 2.1	21.8 0.1	-7.8 9.8
2014-04-05.12	Mars	test	2.40	2.1	0.814	0.0942 63	26.0	-0.5	0.00 -1.00 -1.26	-145 41	13.3 -6	27.9	-8.8 -3.5	9.3 -79.7	187 0.92	281 1.2	19.4 0.1	-0.4 -12.4
2014-04-05.13	Mars	test	2.43	2.1	0.624	0.0991 65	25.9	-0.5	0.00 -1.00 -1.26	-144 41	13.3 -6	28.4	-8.1 -2.0	10.3 -78.6	206 1.6	323 1.3	20.8 0.1	-0.1 -8.8
2014-04-05.14	Mars	test	2.47	2.1	0.677	0.2394 56	26.1	-0.5	0.00 -1.00 -1.26	-143 40	13.3 -6	28.8	-8.8 -4.1	9.6 -80.9	258 1.0	301 1.6	20.5 0.1	-19.8 43.1
2014-04-05.15	Mars	test	2.51	2.1	0.677	2.5661 62	25.7	-0.5	0.00 -1.00 -1.26	-143 40	13.3 -6	29.3	1.7 -3.1	11.7 -83.8	85.8 2.6	138 2.4	20.7 0.6	25.9 -21.2
2014-04-05.22	Saturn	test	4.30	2.0	0.569	0.1236 54	25.9	-0.8	0.00 -1.00 -1.26	-153 32	15.4 -16	22.7	1.8 -1.2	11.1 -79.8	176 0.59	294 2.3	23.2 0.1	-36.1 -28.4
#2014-04-05.23	BODY_Ceres	test	4.41	2.1	0.607	0.0343 62	25.6	-0.9	0.00 -1.00 -1.26	-118 36	14.0 3	44.9	-5.2 9.8	5.2 -80.7	0.655 0.012	0.553 0.012	15.5 0.3	2.9 -22.7
#2014-04-05.25	G34.3	test	5.83	2.0	1.900	0.0737 55	26.3	-0.6	0.00 -1.00 -1.26	170 54	18.9 1	-7.7	11.4 1.7	11.2 -59.7	4.86 0.16	6.76 0.19	15.3 0.5	16.9 -48.8
2014-04-05.26	3C454	test	11.99	2.1	0.431	0.0213 81	25.4	1.1	0.00 0.00 -1.80	-125 59	22.9 16	43.4	-18.8 18.2	9.4 -68.7	2.50 0.036	4.09 0.045	18.5 0.3	-51.0 61.2
2014-04-05.27	Uranus	test	12.09	2.1	0.507	0.0588 94	26.1	1.1	0.00 0.00 -1.80	179 57	0.8 4	-0.0	-13.4 13.3	8.0 -56.6	8.62 0.076	11.1 0.079	20.2 0.2	9.5 13.6
2014-04-05.28	Uranus	test	12.15	1.1	0.374	0.0189 101	25.2	1.2	0.00 0.00 -1.80	-179 57	0.8 4	1.2	-0.5 0.3	7.9 -56.7	9.38 0.040	10.3 0.021	18.8 0.1	0.6 -0.8
2014-04-05.29	Uranus	test	12.17	1.1	0.374	0.0189 98	25.5	1.2	0.00 0.00 -2.40	-178 57	0.8 4	1.7	-0.1 -0.1	8.4 -57.2	8.25 0.042	10.1 0.024	19.2 0.1	-13.8 15.7
2014-04-05.30	Uranus	test	12.19	1.1	0.433	0.0197 98	25.2	1.1	0.00 0.00 -1.20	-178 57	0.8 4	2.1	0.8 1.3	9.4 -56.0	8.54 0.032	10.5 0.026	19.5 0.1	15.5 -14.0
2014-04-05.31	Uranus	test	12.21	1.1	0.433	0.0199 98	25.7	1.1	0.00 0.00 -3.00	-177 57	0.8 4	2.6	-0.3 -1.5	8.6 -59.0	6.96 0.044	10.2 0.029	21.5 0.1	-28.9 9.8
2014-04-05.32	Uranus	test	12.24	1.1	0.433	0.0207 98	25.6	1.1	0.00 0.00 -0.60	-176 57	0.8 4	3.1	-0.4 1.9	8.6 -55.7	6.78 0.037	10.1 0.023	21.8 0.1	18.9 -11.4
2014-04-05.33	Uranus	test	12.28	1.1	0.415	0.0612 95	25.4	1.1	0.00 0.00 -1.85	-175 57	0.8 4	4.0	-0.3 0.2	8.9 -57.7	8.91 0.12	9.99 0.087	26.0 0.3	-4.8 -1.9
2014-04-05.34	Uranus	test	12.30	1.1	0.415	0.0430 95	25.6	1.2	-2.00 0.00 -1.85	-175 57	0.8 4	4.5	-0.0 1.9	9.4 -56.2	8.12 0.054	9.55 0.052	19.5 0.1	5.4 -20.1
2014-04-05.35	Uranus	test	12.32	1.1	0.411	0.0454 97	25.8	1.2	2.00 0.00 -1.85	-174 57	0.8 4	5.0	3.2 -1.5	12.6 -59.8	9.12 0.11	22.1 0.59	28.6 0.3	-22.5 24.6
2014-04-05.36	Uranus	test	12.35	1.1	0.411	0.0202 98	25.7	1.1	-4.00 0.00 -1.85	-173 57	0.8 4	5.5	-1.5 4.8	8.2 -53.7	5.86 0.021	9.16 0.024	22.1 0.1	21.3 -45.8
2014-04-05.37	Uranus	test	12.37	1.1	0.411	0.0211 99	25.7	1.1	4.00 0.00 -1.85	-173 57	0.8 4	6.1	0.8 -4.4	10.7 -63.0	7.12 0.035	10.1 0.025	20.7 0.1	-14.9 28.7
2014-04-05.38	Uranus	test	12.42	1.1	0.453	0.0196 98	25.5	0.9	0.00 0.00 -1.85	-171 57	0.8 4	7.1	-0.9 -0.1	9.3 -59.1	9.61 0.028	10.5 0.016	18.8 0.1	-6.8 2.3
2014-04-05.39	Uranus	test	12.44	1.1	0.453	0.0198 95	25.7	0.9	0.00 -2.00 -1.85	-171 57	0.8 4	7.6	3.5 0.2	13.8 -59.0	8.71 0.028	10.7 0.023	19.6 0.1	-26.5 -3.5
2014-04-05.40	Uranus	test	12.46	1.1	0.453	0.0198 94	25.5	0.9	0.00 2.00 -1.85	-170 57	0.8 4	8.1	-4.3 0.1	6.1 -59.4	8.42 0.032	10.0 0.022	19.2 0.1	21.4 -19.9
2014-04-05.41	Uranus	test	12.49	1.1	0.468	0.0203 94	25.6	0.9	0.00 -4.00 -1.85	-169 57	0.8 4	8.6	6.3 -0.3	16.9 -59.9	6.82 0.032	10.2 0.026	21.7 0.1	-32.4 -2.7
2014-04-05.42	Uranus	test	12.51	1.1	0.468	0.0205 95	25.6	0.9	0.00 4.00 -1.85	-169 57	0.8 4	9.1	-8.5 -0.1	2.2 -60.0	6.79 0.029	9.77 0.023	21.3 0.1	36.3 -3.8
2014-04-05.51	0221+067	test	16.97	2.1	0.085	0.0170 97	25.4	3.3	0.00 0.00 -1.80	-112 37	2.4 7	48.5	-20.6 9.6	9.5 -92.1	0.513 5.0E-3	0.520 4.8E-3	17.4 0.2	-3.2 -19.1
2014-04-05.52	0221+067	test	17.04	1.1	0.215	0.0134 97	25.0	3.4	0.00 0.00 -1.80	-111 36	2.4 7	48.8	1.4 -0.6	10.7 -93.2	0.499 5.5E-3	0.531 5.1E-3	16.8 0.2	0.0 -0.9
2014-04-05.53	0221+067	test	17.06	1.1	0.215	0.0137 96	24.9	3.4	0.00 0.00 -2.40	-111 36	2.4 7	48.9	1.7 -2.0	11.2 -94.8	0.408 5.8E-3	0.478 5.8E-3	18.6 0.3	-15.1 7.3
2014-04-05.54	0221+067	test	17.09	1.1	0.157	0.0145 96	25.2	3.4	0.00 0.00 -1.20	-110 35	2.4 7	49.0	-0.2 0.8	9.0 -92.1	0.535 5.6E-3	0.562 5.2E-3	16.1 0.2	-2.4 2.2
2014-04-05.55	0221+067	test	17.11	1.1	0.157	0.0141 95	25.1	3.4	0.00 0.00 -3.00	-110 35	2.4 7	49.1	4.5 -1.7	14.1 -94.6	0.201 4.6E-3	0.284 5.7E-3	20.9 0.4	-4.7 -13.1
2014-04-05.56	0221+067	test	17.13	1.1	0.157	0.0150 95	25.0	3.4	0.00 0.00 -0.60	-110 35	2.4 7	49.2	-0.7 1.1	8.5 -92.0	0.477 5.7E-3	0.540 5.3E-3	16.8 0.2	5.7 -6.0
2014-04-05.64	0420-014	test	18.18	2.1	0.284	0.0143 97	25.7	3.0	0.00 0.00 -1.30	-129 38	4.4 -1	38.2	0.5 1.0	10.3 -84.3	0.752 5.1E-3	0.800 4.0E-3	17.5 0.1	-8.3 7.1
2014-04-05.70	1055+018	242-13	19.32	2.1	0.454	0.0174 90	25.6	2.1	0.00 0.00 -1.30	120 36	11.0 2	-43.4	2.4 -6.5	-4.4 -72.6	1.97 0.011	2.05 7.3E-3	16.6 0.1	24.2 -3.5
2014-04-05.79	1055+018	242-13	20.92	2.1	0.319	0.0170 101	25.8	1.7	0.00 0.00 -1.30	148 50	11.0 2	-25.1	6.5 0.8	1.2 -59.1	1.88 9.1E-3	2.07 6.1E-3	16.4 0.1	5.9 -3.9
2014-04-05.91	1055+018	242-13	22.85	2.1	0.234	0.0188 100	25.9	0.7	0.00 0.00 -1.30	-165 54	11.0 2	12.0	-2.4 5.2	9.2 -60.2	1.93 9.1E-3	2.00 6.3E-3	16.7 0.1	-2.3 -15.4
2014-04-05.94	1418+546	191-13	23.33	2.1	0.228	0.0154 98	25.8	0.5	0.00 0.00 -1.30	43 61	14.3 54	-112.6	8.3 2.3	-16.5 -69.6	1.08 5.9E-3	1.10 5.4E-3	17.0 0.1	-1.9 -15.1
# Sat Apr  5 23:24:20 UTC 2014 - set pointing -7.7 19.1 - RE
2014-04-05.95	1418+546	191-13	23.39	1.1	0.228	0.0159 96	25.2	0.4	0.00 0.00 -1.30	42 61	14.3 54	-113.5	0.6 1.6	-16.0 -67.9	1.01 7.6E-3	1.04 6.2E-3	16.8 0.1	-11.4 9.1
2014-04-05.96	1418+546	191-13	23.41	1.1	0.309	0.0165 98	25.0	0.4	0.00 0.00 -1.90	42 62	14.3 54	-113.9	0.4 0.2	-16.4 -69.2	1.13 8.1E-3	1.15 6.9E-3	16.2 0.1	-9.5 7.7
2014-04-05.97	1418+546	191-13	23.44	1.1	0.309	0.0183 94	25.3	0.4	0.00 0.00 -0.70	42 62	14.3 54	-114.4	0.3 3.3	-16.6 -66.1	0.793 9.0E-3	0.867 9.2E-3	17.4 0.2	-5.8 -9.1
2014-04-05.98	1418+546	191-13	23.46	1.1	0.309	0.0167 94	25.4	0.4	0.00 0.00 -2.50	42 62	14.3 54	-114.8	0.8 -0.7	-16.2 -70.0	1.01 8.1E-3	1.05 6.9E-3	16.9 0.1	-5.3 13.5
2014-04-05.99	1418+546	191-13	23.48	1.1	0.309	0.0160 95	25.0	0.4	0.00 0.00 -0.10	41 62	14.3 54	-115.2	0.9 6.7	-16.4 -62.6	0.471 9.1E-3	0.635 7.1E-3	19.9 0.4	2.3 -2.3
# Sat Apr  5 23:32:03 UTC 2014 - set focus -1.9
2014-04-06.10	Mars	test	2.40	2.1	0.296	0.6167 60	46.5	0.7	0.00 0.00 -1.90	-143 40	13.3 -5	29.2	-7.7 -5.1	13.2 -76.3	90.5 1.4	196 1.0	18.2 0.3	3.9 -0.8
2014-04-06.11	Mars	test	2.45	2.1	0.296	0.0693 92	46.5	0.7	0.00 0.00 -1.90	-142 40	13.3 -5	29.7	-12.8 -2.9	9.5 -74.7	331 0.22	569 0.23	22.4 0.0	-22.4 12.3
2014-04-06.12	Mars	test	2.56	2.1	0.173	0.0598 96	46.3	0.6	0.00 0.00 -1.90	-140 39	13.3 -5	31.1	-13.1 -3.9	9.4 -76.6	304 0.19	511 0.19	22.4 0.0	11.7 4.8
#2014-04-06.13	BODY_Ceres	test	2.65	2.1	0.168	0.0126 94	46.6	0.4	0.00 0.00 -1.90	-147 51	14.0 3	26.4	-2.2 5.0	18.7 -60.7	0.905 3.3E-3	1.08 5.1E-3	19.5 0.1	-13.7 -3.4
2014-04-06.14	IRAS16293	156-13	2.77	2.1	0.139	0.0200 100	26.2	0.4	0.00 0.00 -1.90	164 27	16.5 -24	-13.9	-12.5 -14.7	3.8 -73.5	1.11 6.7E-3	1.19 5.9E-3	17.9 0.1	6.8 2.5
# Sun Apr  6 03:12:29 UTC 2014 - Scans 10, 11, and 12 had bias set to 8k, 10k, and 12k, rspectively. - RE
2014-04-06.32	2037+511	190-13	6.00	2.1	0.161	0.0143 93	25.8	2.0	0.00 0.00 -1.90	46 65	20.6 51	-114.3	13.6 14.1	-18.0 -65.8	0.924 4.7E-3	0.873 3.3E-3	16.8 0.1	15.1 -4.7
2014-04-06.41	G34.3	233-13	8.23	2.1	0.347	0.0276 89	25.5	3.4	0.00 0.00 -1.90	-134 44	18.9 1	35.2	-16.5 0.3	6.2 -73.5	6.34 0.072	9.44 0.039	19.1 0.2	-17.6 -0.7
2014-04-06.42	3C454	233-13	8.37	2.1	0.378	0.0203 78	25.6	3.4	0.00 0.00 -1.90	124 58	22.9 16	-43.4	9.4 -0.7	-8.2 -49.5	0.550 0.016	3.61 0.067	34.7 0.8	-70.4 17.5
2014-04-06.43	3C454	233-13	8.42	2.1	0.294	0.0204 77	25.6	3.4	0.00 0.00 -1.90	125 59	22.9 16	-42.7	9.3 -0.8	-9.1 -48.9	1.16 0.026	3.58 0.051	23.4 0.5	-96.9 4.3
2014-04-06.45	2223-052	233-13	8.62	2.1	0.723	0.0130 101	26.2	3.5	0.00 0.00 -1.90	157 45	22.4 -5	-18.3	7.5 -6.0	3.5 -61.5	0.614 4.4E-3	0.577 4.2E-3	16.4 0.1	-13.3 -3.4
2014-04-06.54	2223-052	233-13	10.08	2.1	0.312	0.0140 100	26.1	4.5	0.00 0.00 -1.90	-171 48	22.4 -5	7.1	-3.8 -0.9	6.4 -67.0	0.489 4.4E-3	0.436 3.0E-3	16.6 0.1	-16.3 -15.4
2014-04-06.61	2318+049	227-13	11.18	2.1	0.299	0.0168 92	26.0	4.6	0.00 0.00 -1.90	-164 57	23.3 5	13.2	-3.2 0.0	6.2 -62.6	0.296 3.7E-3	0.268 3.7E-3	17.0 0.2	14.5 -4.9
2014-04-06.70	0420-014	192-13	15.01	2.1	0.417	0.0410 102	26.1	4.6	0.00 0.00 -1.80	165 51	4.4 -1	-11.5	-18.2 -2.4	1.3 -73.9	0.777 0.012	0.739 9.9E-3	17.2 0.3	-1.7 3.1
2014-04-06.71	0420-014	192-13	15.08	1.1	0.335	0.0210 103	25.4	4.6	0.00 0.00 -1.80	167 51	4.4 -1	-10.5	-1.1 0.4	0.6 -73.6	0.704 8.5E-3	0.728 9.7E-3	17.0 0.2	9.4 -6.7
2014-04-06.72	0420-014	192-13	15.10	1.1	0.335	0.0180 102	25.4	4.5	0.00 0.00 -2.40	167 51	4.4 -1	-10.1	-1.4 -0.3	0.3 -74.4	0.413 8.9E-3	0.515 7.9E-3	19.0 0.4	4.5 -18.5
2014-04-06.73	0420-014	192-13	15.12	1.1	0.335	0.0186 99	25.5	4.6	0.00 0.00 -1.20	168 51	4.4 -1	-9.7	-1.7 -0.3	0.3 -74.4	0.916 8.3E-3	0.894 6.9E-3	16.5 0.1	0.2 -10.6
2014-04-06.74	0420-014	192-13	15.14	1.1	0.341	0.0191 102	25.9	4.6	0.00 0.00 -3.00	168 51	4.4 -1	-9.3	2.0 2.0	1.8 -72.3	0.178 8.7E-3	0.315 0.010	23.9 1.0	20.7 -21.7
2014-04-06.75	0420-014	192-13	15.16	1.1	0.341	0.0242 102	25.7	4.6	0.00 0.00 -0.60	169 51	4.4 -1	-8.9	-2.4 -2.0	-0.2 -76.2	0.857 0.012	0.831 1.0E-2	16.2 0.2	8.5 -0.8
2014-04-06.76	0420-014	192-13	15.23	1.1	0.323	0.0212 101	25.8	4.6	0.00 0.00 -0.90	170 51	4.4 -1	-7.7	0.2 -0.3	2.7 -74.7	0.893 8.9E-3	0.893 9.3E-3	16.2 0.2	-4.6 -15.8
2014-04-06.77	0420-014	192-13	15.25	1.1	0.323	0.0225 99	25.5	4.6	0.00 0.00 -1.50	171 51	4.4 -1	-7.3	-2.1 -1.5	0.6 -75.9	0.823 9.7E-3	0.834 8.5E-3	16.5 0.2	17.1 -6.7
2014-04-06.78	0420-014	192-13	15.27	1.1	0.323	0.0221 98	25.5	4.7	0.00 0.00 -0.30	171 51	4.4 -1	-6.9	-0.5 0.1	2.7 -74.4	0.796 8.8E-3	0.839 9.3E-3	16.3 0.2	-4.1 -19.8
2014-04-06.79	0420-014	192-13	15.29	1.1	0.323	0.0198 96	25.4	4.7	0.00 0.00 -2.10	172 51	4.4 -1	-6.4	-0.0 -1.1	2.9 -75.7	0.608 8.9E-3	0.690 8.9E-3	18.1 0.3	-15.9 -4.6
2014-04-06.80	0420-014	192-13	15.31	1.1	0.265	0.0184 98	25.5	4.7	0.00 0.00 0.29	172 51	4.4 -1	-6.0	-0.5 -0.4	2.5 -75.1	0.609 8.0E-3	0.714 8.6E-3	17.8 0.2	-10.0 -16.5
2014-04-06.89	0420-014	192-13	17.09	2.1	0.305	0.0265 102	25.8	4.6	0.00 0.00 -0.89	-147 47	4.4 -1	25.9	-1.3 1.1	9.7 -87.1	0.916 9.6E-3	0.912 7.1E-3	16.5 0.2	-10.0 5.4
2014-04-06.95	3C84	235-13	18.23	2.1	0.374	0.0372 99	25.4	2.9	0.00 0.00 -1.80	-66 48	3.3 42	77.3	-17.2 3.7	4.4 -107.1	8.56 0.036	11.7 0.051	21.1 0.1	-11.1 -12.8
2014-04-06.98	3C84	235-13	18.54	1.1	0.296	0.0381 102	24.9	2.9	0.00 0.00 -1.80	-65 45	3.3 42	75.1	-0.8 -0.3	4.2 -109.1	8.81 0.076	20.0 0.96	26.4 0.2	-11.0 -16.3
2014-04-06.99	3C84	235-13	18.57	1.1	0.296	0.0328 97	25.0	2.9	0.00 0.00 -2.40	-65 44	3.3 42	74.9	-0.2 -0.5	4.8 -109.3	6.49 0.024	10.1 0.035	22.4 0.1	-11.3 -16.3
2014-04-06.100	3C84	235-13	18.59	1.1	0.296	0.0358 96	25.0	2.9	0.00 0.00 -1.20	-65 44	3.3 42	74.8	-0.1 -0.3	5.0 -109.2	8.65 0.026	10.1 0.027	19.4 0.1	2.4 -19.8
2014-04-06.101	3C84	235-13	18.61	1.1	0.282	0.0373 100	25.0	3.0	0.00 0.00 -3.00	-65 44	3.3 42	74.6	-1.5 -0.4	3.6 -109.5	3.94 0.030	9.84 0.049	28.4 0.2	-8.0 -16.0
2014-04-06.102	3C84	235-13	18.63	1.1	0.282	0.0478 96	25.1	3.0	0.00 0.00 -0.60	-65 44	3.3 42	74.4	-0.6 -1.1	4.7 -110.3	7.59 0.042	9.60 0.040	19.5 0.1	5.6 -22.4
2014-04-06.103	3C84	235-13	18.67	2.1	0.379	0.0347 99	25.4	3.1	0.00 0.00 -1.40	-64 43	3.3 42	74.1	-1.0 -2.1	4.1 -111.4	9.16 0.016	11.1 0.028	19.9 0.0	-22.5 -6.0
2014-04-06.106	0851+202	242-13	19.26	1.1	0.578	0.0222 96	25.5	2.6	0.00 0.00 -1.80	142 69	8.9 20	-31.5	3.6 -4.6	-8.1 -56.6	2.68 0.024	3.20 0.018	15.5 0.1	-3.3 -3.0
2014-04-06.107	0851+202	242-13	19.28	1.1	0.578	0.0245 93	25.2	2.6	0.00 0.00 -2.40	143 70	8.9 20	-30.9	4.7 -3.7	-6.7 -55.5	2.16 0.024	2.65 0.019	16.8 0.2	-10.9 12.2
2014-04-06.108	0851+202	242-13	19.30	1.1	0.578	0.0288 92	25.1	2.6	0.00 0.00 -1.20	143 70	8.9 20	-30.3	3.4 -0.3	-8.0 -52.0	2.67 0.027	3.12 0.021	15.0 0.1	20.0 4.3
2014-04-06.109	0851+202	242-13	19.32	1.1	0.195	0.0221 94	25.3	2.6	0.00 0.00 -3.00	144 70	8.9 20	-29.6	3.4 -4.3	-8.0 -55.9	1.18 0.019	1.78 0.016	19.9 0.3	9.1 0.4
2014-04-06.110	0851+202	242-13	19.35	1.1	0.195	0.0225 94	25.2	2.6	0.00 0.00 -0.60	145 70	8.9 20	-29.0	3.3 -1.5	-7.4 -52.9	2.34 0.020	2.80 0.017	15.8 0.1	12.1 19.6
2014-04-06.111	1055+018	242-13	19.44	2.1	0.238	0.0226 95	25.3	2.6	0.00 0.00 -1.40	123 38	11.0 2	-41.9	-0.3 -14.0	-4.2 -86.4	2.15 0.011	2.14 9.0E-3	16.2 0.1	-23.4 -4.7
2014-04-06.124	1055+018	242-13	21.63	2.1	0.126	0.0183 94	26.0	4.1	0.00 0.00 -1.40	165 54	11.0 2	-11.3	-0.9 9.8	-0.1 -70.1	2.20 8.9E-3	2.28 6.3E-3	16.6 0.1	6.7 20.6
2014-04-06.133	1055+018	242-13	23.14	2.1	0.115	0.0193 89	25.8	3.9	0.00 0.00 -1.40	-157 52	11.0 2	18.7	-2.2 2.2	6.0 -77.6	1.91 9.0E-3	1.97 5.9E-3	16.7 0.1	1.9 -24.5
2014-04-06.134	1418+546	test	23.29	2.1	0.138	0.0216 85	25.8	3.9	0.00 0.00 -1.40	42 61	14.3 54	-112.9	6.5 3.6	-21.4 -84.2	0.838 5.6E-3	0.806 3.8E-3	17.0 0.1	3.6 -14.1
2014-04-07.10	1308+326	191-13	2.05	2.1	0.215	0.0163 108	25.2	3.4	0.00 0.00 -1.40	-96 69	13.2 32	69.9	-4.6 8.5	5.7 -76.0	0.618 5.4E-3	0.588 4.1E-3	16.9 0.1	-12.5 7.0
# Mon Apr  7 02:11:49 UTC 2014 - Mars scans 12, 13, and 14 have biases 12k, 10k, and 8k - RE
2014-04-07.12	Mars	test	2.17	2.1	0.204	0.0525 93	54.8	3.5	0.00 0.00 -1.40	-145 41	13.3 -5	27.4	-5.3 -8.7	7.3 -85.2	341 0.17	559 0.15	22.9 0.0	-8.1 -3.5
2014-04-07.13	Mars	test	2.22	2.1	0.204	0.0948 82	54.3	3.5	0.00 0.00 -1.40	-145 41	13.3 -5	28.0	-4.2 -7.7	8.5 -84.5	284 0.21	558 0.23	23.8 0.0	16.6 18.3
2014-04-07.14	Mars	test	2.27	2.1	0.159	0.2348 66	54.3	3.5	0.00 0.00 -1.40	-144 41	13.3 -5	28.6	-4.6 -7.7	8.1 -85.0	260 0.41	535 0.73	23.8 0.0	-51.4 13.5
2014-04-07.15	IRAS16293	156-13	2.64	2.1	0.215	0.0181 104	26.2	3.5	0.00 0.00 -1.40	163 26	16.5 -24	-14.7	-2.3 -18.9	4.4 -83.8	1.05 8.1E-3	1.23 8.1E-3	18.5 0.1	1.9 17.3
2014-04-07.24	IRAS16293	156-13	3.02	2.0	0.187	0.0170 103	26.1	3.5	0.00 0.00 -1.40	169 28	16.5 -24	-9.8	-0.8 -14.8	4.4 -85.5	0.991 6.7E-3	1.12 5.2E-3	18.5 0.1	-0.8 9.9
2014-04-07.34	IRAS16293	156-13	4.65	2.1	0.204	0.0185 103	26.2	3.8	0.00 0.00 -1.40	-166 27	16.5 -24	12.2	-2.8 0.3	4.9 -90.9	1.06 8.0E-3	1.29 7.0E-3	18.3 0.1	10.8 -9.5
2014-04-07.44	IRAS16293	156-13	6.24	2.1	0.255	0.0191 97	26.0	3.5	0.00 0.00 -1.40	-144 19	16.5 -24	31.0	-0.9 -0.4	4.8 -96.9	1.07 0.010	1.28 8.5E-3	18.5 0.2	-7.7 7.9
2014-04-07.45	2037+511	190-13	6.40	1.1	0.077	0.0165 105	25.4	3.4	0.00 0.00 -1.40	40 69	20.6 51	-124.9	13.4 14.3	-23.6 -75.3	0.711 4.9E-3	0.676 6.0E-3	15.7 0.1	1.1 10.2
2014-04-07.46	2037+511	190-13	6.43	1.1	0.129	0.0163 105	25.4	3.4	0.00 0.00 -2.00	40 69	20.6 51	-125.4	14.6 14.7	-22.4 -74.9	0.758 4.7E-3	0.692 4.7E-3	15.8 0.1	-10.3 1.0
2014-04-07.47	2037+511	190-13	6.45	1.1	0.129	0.0175 104	25.2	3.5	0.00 0.00 -0.80	39 69	20.6 51	-126.1	14.1 15.5	-23.1 -74.0	0.703 6.9E-3	0.726 8.6E-3	16.7 0.2	-10.6 -0.9
2014-04-07.48	2037+511	190-13	6.48	1.1	0.129	0.0170 104	25.4	3.5	0.00 0.00 -2.60	39 70	20.6 51	-126.7	14.7 14.3	-22.5 -75.2	0.636 5.7E-3	0.622 6.0E-3	16.5 0.1	-6.4 6.7
2014-04-07.49	2037+511	190-13	6.50	1.1	0.281	0.0180 105	25.4	3.5	0.00 0.00 -0.20	39 70	20.6 51	-127.4	13.6 14.7	-22.9 -74.5	0.480 6.6E-3	0.547 9.0E-3	18.2 0.2	-13.7 3.0
2014-04-07.59	2059+034	227-13	8.19	2.1	0.883	0.0148 108	26.1	5.6	0.00 0.00 -1.70	179 57	21.0 4	-0.5	-7.4 -3.3	3.8 -67.6	0.401 3.4E-3	0.370 4.4E-3	16.7 0.1	12.4 -10.4
2014-04-07.68	2223-052	227-13	9.62	2.1	0.218	0.0168 105	26.2	6.1	0.00 0.00 -1.70	180 48	22.4 -5	0.1	-9.3 -8.6	4.0 -78.0	0.480 3.4E-3	0.435 3.8E-3	16.4 0.1	1.8 17.0
2014-04-07.79	Mercury	227-13	11.38	2.1	0.138	0.0447 105	25.8	5.3	0.00 0.00 -1.70	-176 51	0.0 -2	3.3	-11.4 -7.7	2.3 -76.8	114 0.12	146 0.11	20.2 0.0	17.0 16.1
2014-04-07.83	2200+420	235-13	14.82	2.0	0.305	0.0177 98	25.8	5.9	0.00 0.00 0.00	-56 28	22.0 42	63.8	-21.6 -7.2	1.9 -123.8	1.58 0.014	2.13 0.010	18.9 0.2	-17.3 3.8
2014-04-07.84	2200+420	235-13	15.00	1.1	0.335	0.0174 97	24.9	5.5	0.00 0.00 -1.80	-55 26	22.0 42	62.5	1.6 0.6	3.1 -123.0	1.34 0.016	1.98 0.014	19.4 0.2	-16.9 2.0
2014-04-07.85	2200+420	235-13	15.03	1.1	0.370	0.0182 95	25.0	5.6	0.00 0.00 -2.40	-55 26	22.0 42	62.3	1.6 2.9	3.3 -120.7	0.953 0.017	1.65 0.014	21.3 0.3	-14.0 -11.6
2014-04-07.86	2200+420	235-13	15.05	1.1	0.370	0.0184 95	25.3	5.6	0.00 0.00 -1.20	-55 26	22.0 42	62.1	3.7 2.7	5.3 -120.9	1.58 0.016	2.18 0.014	17.9 0.2	-22.6 22.4
2014-04-07.87	2200+420	235-13	15.07	1.1	0.370	0.0201 92	25.2	5.5	0.00 0.00 -3.00	-55 25	22.0 42	62.0	1.3 2.5	2.9 -121.1	0.571 0.018	1.14 0.016	24.1 0.7	-10.6 -21.5
#2014-04-07.88	2200+420	235-13	15.09	1.1	0.370	0.0164 93	25.1	5.5	0.00 0.00 -0.60	-55 25	22.0 42	61.8	0.8 -4.4	2.4 -127.9	1.71 0.015	2.14 0.014	17.6 0.1	-12.0 -8.7
#2014-04-07.89	2200+420	235-13	15.13	1.1	0.249	0.0193 90	25.2	5.5	0.00 0.00 -0.50	-55 25	22.0 42	61.5	2.7 -7.9	4.3 -131.4	1.44 0.013	1.79 0.012	17.9 0.2	-18.1 -6.7
2014-04-07.90	2200+420	235-13	15.15	1.1	0.249	0.0223 78	25.1	5.6	0.00 0.00 -1.10	-54 25	22.0 42	61.4	0.7 1.0	2.3 -122.5	1.11 0.022	1.52 0.025	16.7 0.3	-20.2 -1.1
2014-04-07.91	2200+420	235-13	15.17	1.1	0.249	0.0180 78	25.3	5.6	0.00 0.00 0.10	-54 25	22.0 42	61.2	3.6 0.3	5.2 -123.1	0.763 0.014	1.23 0.018	20.4 0.4	-17.7 -7.1
2014-04-07.92	2200+420	235-13	15.19	1.1	0.262	0.0187 85	25.0	5.6	0.00 0.00 -1.70	-54 24	22.0 42	61.0	0.3 4.3	2.1 -119.2	1.09 0.015	1.49 0.014	17.9 0.2	-14.1 -23.1
2014-04-07.93	2200+420	235-13	15.22	1.1	0.262	0.0151 81	25.1	5.7	0.00 0.00 0.70	-54 24	22.0 42	60.8	0.5 -0.4	2.2 -123.8	0.517 0.014	1.06 0.014	22.0 0.5	-8.2 0.4
2014-04-07.94	3C84	235-13	15.31	2.1	0.128	0.0248 92	25.6	5.8	0.00 0.00 -1.20	-60 80	3.3 42	111.6	7.5 13.6	-5.0 -78.4	7.86 0.038	13.4 0.17	23.7 0.1	0.1 4.0
2014-04-07.102	3C84	235-13	16.64	2.1	0.295	0.0225 94	25.2	8.0	0.00 0.00 -1.20	-70 65	3.3 42	89.7	-3.5 -2.9	-0.2 -94.5	9.09 0.040	16.2 0.24	24.4 0.1	-8.0 4.9
2014-04-07.103	3C84	235-13	16.70	1.1	0.193	0.0304 92	25.1	8.1	0.00 0.00 -1.20	-70 64	3.3 42	89.1	-6.6 -1.2	-2.9 -93.4	8.14 0.051	14.4 1.6	24.4 0.1	-3.9 0.2
2014-04-07.104	3C84	235-13	16.72	1.1	0.346	0.0233 93	24.8	8.1	0.00 0.00 -1.80	-70 64	3.3 42	88.9	-3.3 -2.5	0.3 -94.9	7.15 0.034	12.0 0.25	23.4 0.1	-17.9 5.1
2014-04-07.105	3C84	235-13	16.75	1.1	0.346	0.0225 94	24.9	8.1	0.00 0.00 -0.60	-70 64	3.3 42	88.7	-4.3 -2.3	-0.6 -95.0	9.81 0.025	12.7 0.022	20.6 0.0	-11.2 17.5
2014-04-07.106	3C84	235-13	16.77	1.1	0.346	0.0203 95	25.0	8.2	0.00 0.00 -2.40	-70 64	3.3 42	88.5	-3.1 -2.0	0.7 -94.9	4.83 0.031	12.1 0.029	28.3 0.2	-20.5 -0.4
2014-04-07.107	3C84	235-13	16.79	1.1	0.256	0.0281 94	25.0	8.2	0.00 0.00 -1.00	-70 63	3.3 42	88.3	-6.3 -0.9	-2.5 -94.0	8.73 0.041	12.3 0.21	23.5 0.1	2.3 0.8
2014-04-07.115	3C84	235-13	18.17	2.1	0.367	0.0325 95	25.2	6.6	0.00 0.00 -0.80	-66 48	3.3 42	77.2	-7.9 -4.6	-0.7 -108.5	10.4 0.18	25.5 0.65	28.5 0.4	7.3 6.4
# Mon Apr  7 18:12:57 UTC 2014 - scan 108 -- updated pointing for PLCK G147
2014-04-07.116	3C84	test	18.31	1.1	0.176	0.0214 96	24.8	6.2	0.00 0.00 -0.80	-66 46	3.3 42	76.3	-0.7 -2.4	-1.3 -111.6	9.38 0.024	12.3 0.025	19.9 0.0	-0.7 4.7
2014-04-07.117	3C84	test	18.33	1.1	0.176	0.0244 95	24.9	6.2	0.00 0.00 -1.40	-66 46	3.3 42	76.1	1.6 -3.5	1.0 -112.8	8.90 0.018	12.1 0.023	20.7 0.0	9.2 5.1
2014-04-07.118	3C84	test	18.35	1.1	0.176	0.0230 96	25.0	6.2	0.00 0.00 -0.20	-66 46	3.3 42	76.0	0.8 -2.9	0.2 -112.3	8.43 0.018	11.9 0.022	20.9 0.0	-0.8 0.4
2014-04-07.119	3C84	test	18.38	1.1	0.140	0.0254 97	25.1	6.3	0.00 0.00 -2.00	-65 46	3.3 42	75.8	0.4 -0.1	-0.1 -109.6	6.83 0.027	11.6 0.029	23.1 0.1	12.3 -6.1
2014-04-07.120	3C84	test	18.40	1.1	0.140	0.0230 95	25.1	6.3	0.00 0.00 0.40	-65 46	3.3 42	75.6	-0.7 -2.7	-1.2 -112.4	6.16 0.021	11.3 0.023	23.7 0.1	-1.9 -5.0
# Mon Apr  7 19:13:46 UTC 2014 - AK: Took over after Tony's shift. Last focus looked good, won't do a new one for now. Tau quite stable around 0.2.
2014-04-07.125	1055+018	242-13	19.25	2.1	0.212	0.0197 99	25.3	5.1	0.00 0.00 -0.86	121 36	11.0 2	-42.9	5.2 -12.4	-4.2 -86.5	1.81 9.3E-3	2.08 8.0E-3	16.9 0.1	11.1 -3.3
2014-04-07.138	0851+202	242-13	20.99	2.1	0.064	0.0277 100	25.8	4.1	0.00 0.00 -0.86	-141 69	8.9 20	32.5	-1.9 17.2	5.6 -64.6	3.00 0.016	3.11 9.9E-3	16.2 0.1	7.5 -7.5
2014-04-07.147	0851+202	242-13	22.35	2.1	0.250	0.0213 102	25.4	3.9	0.00 0.00 -0.86	-110 56	8.9 20	52.9	-1.2 1.9	7.3 -85.0	2.94 0.018	3.36 9.8E-3	16.6 0.1	2.7 -20.9
2014-04-07.152	0851+202	242-13	23.09	2.1	0.017	0.0203 105	25.4	4.2	0.00 0.00 -0.86	-101 47	8.9 20	56.6	0.0 -1.7	7.7 -94.7	2.46 0.015	2.83 7.5E-3	16.5 0.1	-23.7 -21.4
2014-04-07.157	0851+202	242-13	23.81	2.1	0.063	0.0208 105	25.5	4.3	0.00 0.00 -0.86	-93 39	8.9 20	58.0	0.3 -2.6	7.5 -102.6	2.51 0.012	2.75 7.4E-3	16.8 0.1	-10.6 -7.9
# Tue Apr  8 00:37:18 UTC 2014 - AK: Everything stable throughout the night, only little pointing corrections. Pointing scans didn't look off-focus. I'll conclude this with a focus now and then go for calibrating bias 8000. 
2014-04-08.6	1055+018	test	0.81	1.1	0.111	0.0186 106	25.0	3.7	0.00 0.00 -0.90	-124 39	11.0 2	41.4	-0.6 -1.4	9.1 -93.3	1.41 0.011	1.59 9.5E-3	16.2 0.1	5.9 -2.7
2014-04-08.7	1055+018	test	0.83	1.1	0.162	0.0166 103	25.1	3.7	0.00 0.00 -1.50	-124 38	11.0 2	41.5	-0.8 -1.4	8.9 -93.5	1.71 0.011	1.94 9.5E-3	15.4 0.1	-7.8 9.7
2014-04-08.8	1055+018	test	0.86	1.1	0.162	0.0179 105	25.1	3.7	0.00 0.00 -0.30	-124 38	11.0 2	41.7	-0.6 -1.5	9.2 -93.7	1.27 0.013	1.57 0.011	17.7 0.2	-2.7 8.0
2014-04-08.9	1055+018	test	0.88	1.1	0.162	0.0169 104	25.0	3.8	0.00 0.00 -2.10	-123 38	11.0 2	41.9	0.3 -0.8	10.0 -93.3	1.86 0.012	2.04 8.9E-3	15.7 0.1	-3.7 -11.7
2014-04-08.10	1055+018	test	0.90	1.1	0.162	0.0171 105	25.0	3.8	0.00 0.00 0.30	-123 38	11.0 2	42.1	-1.2 -1.2	8.6 -93.8	0.631 0.011	0.993 9.1E-3	21.5 0.3	-20.8 4.4
2014-04-08.11	1055+018	test	0.96	1.1	0.068	0.0177 101	25.3	3.9	0.00 0.00 -1.30	-122 37	11.0 2	42.5	-0.6 -1.5	9.2 -94.5	1.70 9.3E-3	1.78 7.6E-3	15.0 0.1	3.6 -8.8
2014-04-08.12	1055+018	test	0.98	1.1	0.068	0.0175 104	25.1	3.9	0.00 0.00 -1.90	-122 37	11.0 2	42.7	-0.3 -1.5	9.4 -94.6	1.78 0.010	1.88 8.2E-3	15.4 0.1	6.8 -12.3
2014-04-08.13	1055+018	test	1.00	1.1	0.068	0.0183 104	25.0	3.9	0.00 0.00 -0.70	-122 37	11.0 2	42.9	-0.8 -1.5	8.9 -94.8	1.53 0.011	1.67 8.2E-3	16.6 0.1	-4.6 -6.4
2014-04-08.14	1055+018	test	1.02	1.1	0.158	0.0245 101	25.0	3.8	0.00 0.00 -2.50	-121 37	11.0 2	43.0	0.6 -0.6	10.1 -94.0	1.55 0.015	1.78 0.013	16.2 0.2	27.9 -18.3
2014-04-08.15	1055+018	test	1.04	1.1	0.158	0.0173 105	25.2	3.8	0.00 0.00 -0.10	-121 36	11.0 2	43.2	-0.7 -1.5	9.0 -95.1	0.973 0.011	1.21 8.8E-3	18.6 0.2	0.0 -2.0
# Tue Apr  8 01:07:03 UTC 2014 - AK: Rafael to take over now. Latest focus was surprisingly hard to fit. Ended up with quite a correction, new value -1.65, was -0.9.
2014-04-08.16	Mars	test	1.17	2.1	0.130	1.9696 56	54.7	3.8	0.00 0.00 -1.65	-163 46	13.2 -5	13.8	-3.2 -3.4	3.2 -79.4	179 0.75	317 1.8	23.1 0.1	-17.0 -13.7
2014-04-08.18	Mars	test	1.26	2.1	0.083	0.1274 89	54.6	3.8	0.00 0.00 -1.65	-161 46	13.2 -5	15.3	0.0 -2.4	6.8 -79.1	392 0.40	615 0.54	21.5 0.0	-20.9 -5.8
2014-04-08.19	Mars	test	1.30	2.1	0.083	0.1045 62	26.0	3.8	0.00 0.00 -1.65	-160 46	13.2 -5	15.9	-1.8 -1.5	5.1 -78.5	401 0.29	591 7.2	20.7 0.0	-32.9 -14.8
# Tue Apr  8 01:21:21 UTC 2014 - Scans 16, 17, and 18 on Mars had bias set to 8k, 10k, and 12k, respectively. - RE
# Tue Apr  8 01:22:20 UTC 2014 - Scan 19 was a pointing (1'x1', 1 min), with bias 12k
# Tue Apr  8 01:23:26 UTC 2014 - Refilling Nitrogen. - RE
# Tue Apr  8 01:28:39 UTC 2014 - Discard scan 20 - refilling Nitrogen - RE
2014-04-08.21	1144+402	test	1.59	2.1	0.012	0.0212 89	25.3	3.9	0.00 0.00 -1.65	-72 59	11.8 40	82.2	2.7 3.0	2.5 -95.0	1.24 6.5E-3	1.15 5.7E-3	16.6 0.1	-12.1 -11.9
2014-04-08.37	1308+326	test	4.14	2.1	0.130	0.0160 108	25.4	4.2	0.00 0.00 -1.65	-78 43	13.2 32	67.4	-1.8 -0.3	5.5 -102.5	0.810 4.1E-3	0.770 3.8E-3	16.6 0.1	-19.9 -2.1
2014-04-08.38	IRAS16293	156-13	4.24	2.1	0.003	0.0175 104	26.0	4.0	0.00 0.00 -1.65	-172 28	16.5 -24	7.7	-4.2 -14.0	5.1 -87.9	0.972 5.5E-3	1.04 4.2E-3	18.1 0.1	5.3 10.8
2014-04-08.50	IRAS16293	156-13	5.94	2.1	0.142	0.0180 101	25.7	3.6	0.00 0.00 -1.65	-147 21	16.5 -24	28.5	-0.5 0.1	5.1 -95.1	1.13 7.3E-3	1.29 4.9E-3	17.8 0.1	-10.9 -6.5
2014-04-08.51	2037+511	190-13	6.08	1.1	0.045	0.0172 104	25.5	3.4	0.00 0.00 -1.65	44 67	20.6 51	-118.6	12.6 13.7	-23.0 -75.5	0.664 4.9E-3	0.607 4.7E-3	15.9 0.1	1.0 -9.7
2014-04-08.52	2037+511	190-13	6.10	1.1	0.106	0.0168 105	25.1	3.4	0.00 0.00 -2.25	43 67	20.6 51	-119.0	13.3 13.4	-22.3 -75.8	0.685 6.6E-3	0.665 6.0E-3	16.3 0.2	3.4 -2.2
2014-04-08.53	2037+511	190-13	6.12	1.1	0.106	0.0182 101	25.2	3.5	0.00 0.00 -1.05	43 67	20.6 51	-119.6	13.0 13.4	-22.7 -75.7	0.762 6.3E-3	0.711 6.1E-3	16.2 0.1	14.8 -2.5
2014-04-08.54	2037+511	190-13	6.14	1.1	0.106	0.0181 102	25.0	3.5	0.00 0.00 -2.85	43 67	20.6 51	-120.1	14.5 12.2	-21.6 -76.8	0.498 6.3E-3	0.515 6.5E-3	17.6 0.2	0.9 15.5
2014-04-08.55	2037+511	190-13	6.16	1.1	0.133	0.0177 98	25.3	3.5	0.00 0.00 -0.45	42 68	20.6 51	-120.6	12.7 13.1	-23.0 -75.9	0.683 7.4E-3	0.725 9.5E-3	17.6 0.2	7.9 -4.8
# Tue Apr  8 06:15:40 UTC 2014 - Set focus -1.63. Excellent fit to FWHM. - RE
2014-04-08.66	2134+004	227-13	8.21	2.1	0.698	0.0156 105	26.1	7.0	0.00 0.00 -1.63	167 53	21.6 1	-10.4	-6.5 -6.6	2.5 -70.3	0.935 5.0E-3	0.880 4.8E-3	16.5 0.1	1.3 15.8
2014-04-08.76	Mercury	227-13	9.62	2.1	0.140	0.0417 108	25.8	7.5	0.00 0.00 -1.63	144 45	0.1 -2	-27.9	-2.5 -4.0	-4.0 -76.5	127 0.12	158 0.43	19.8 0.0	-32.7 -2.1
2014-04-08.97	W3OH	235-13	14.73	2.0	0.281	0.0173 99	26.3	11.9	0.00 0.00 -1.63	-18 63	2.5 62	148.2	7.3 18.3	-10.0 -88.1	2.52 0.019	3.44 0.012	19.1 0.1	-15.6 -0.9
2014-04-08.98	W3OH	235-13	14.80	1.1	0.264	0.0181 100	25.6	12.0	0.00 0.00 -1.50	-19 63	2.5 62	146.8	1.7 1.5	-7.8 -87.0	2.30 0.022	3.26 0.017	18.4 0.2	-15.0 -0.1
2014-04-08.99	W3OH	235-13	14.82	1.1	0.264	0.0194 97	25.5	12.0	0.00 0.00 -2.10	-19 63	2.5 62	146.2	-0.5 1.5	-9.9 -87.0	2.13 0.023	3.01 0.016	18.7 0.2	-6.6 6.4
2014-04-08.100	W3OH	235-13	14.84	1.1	0.315	0.0190 100	25.8	12.0	0.00 0.00 -0.90	-19 62	2.5 62	145.7	-0.5 1.2	-9.8 -87.5	2.15 0.022	3.00 0.016	18.4 0.2	-12.5 5.7
2014-04-08.101	W3OH	235-13	14.86	1.1	0.315	0.0185 100	26.1	12.0	0.00 0.00 -2.70	-20 62	2.5 62	145.2	0.1 -0.2	-9.0 -89.0	1.59 0.023	2.60 0.017	21.0 0.3	2.6 6.2
2014-04-08.102	W3OH	235-13	14.88	1.1	0.315	0.0179 100	25.6	12.0	0.00 0.00 -0.30	-20 62	2.5 62	144.6	-2.9 3.9	-11.9 -85.0	1.73 0.020	2.55 0.018	18.9 0.2	-12.9 4.1
2014-04-08.115	3C84	235-13	17.01	2.1	0.405	0.0195 101	25.4	12.1	0.00 0.00 -1.44	-69 60	3.3 42	85.6	-6.2 -4.6	1.0 -92.9	7.79 0.016	10.8 0.013	21.2 0.0	2.3 0.8
2014-04-08.116	0224+671	233-13	17.13	2.1	0.384	0.0130 101	25.7	12.6	0.00 0.00 -1.44	-27 48	2.5 67	108.2	-4.9 -5.3	-5.6 -104.1	0.556 4.3E-3	0.578 3.7E-3	17.6 0.1	-9.7 8.9
# Tue Apr  8 19:14:36 UTC 2014 - AK: Took over, tau fluctuating around 0.4 after having risen all day long. Temperatures have been very warm throughout the day. We'll try deep field science anyway. Start with a focus.
2014-04-08.127	1055+018	242-13	19.29	2.1	0.306	0.0158 99	25.5	4.9	0.00 0.00 -1.44	123 38	11.0 2	-42.1	-0.8 -8.5	-4.6 -75.6	1.47 9.4E-3	1.59 6.4E-3	16.5 0.1	-15.0 2.1
2014-04-08.128	1055+018	242-13	19.35	1.1	0.306	0.0131 101	25.0	4.9	0.00 0.00 -1.30	123 38	11.0 2	-41.7	-1.9 -4.0	-6.8 -79.4	1.30 9.1E-3	1.50 7.1E-3	16.2 0.1	-24.8 -15.2
2014-04-08.129	1055+018	242-13	19.37	1.1	0.306	0.0143 98	25.0	4.9	0.00 0.00 -1.90	124 38	11.0 2	-41.5	-1.0 -4.4	-5.5 -79.7	1.35 9.9E-3	1.48 7.8E-3	15.9 0.1	-13.0 -10.1
2014-04-08.130	1055+018	242-13	19.39	1.1	0.354	0.0147 98	24.7	4.8	0.00 0.00 -0.70	124 39	11.0 2	-41.3	-1.1 -2.8	-5.9 -78.0	1.12 9.3E-3	1.33 8.8E-3	17.1 0.1	1.2 2.8
2014-04-08.131	1055+018	242-13	19.41	1.1	0.354	0.0146 97	24.7	4.8	0.00 0.00 -2.50	124 39	11.0 2	-41.1	0.9 -3.9	-3.6 -79.0	1.21 0.011	1.41 9.6E-3	16.9 0.2	20.1 -6.6
2014-04-08.132	1055+018	242-13	19.43	1.1	0.407	0.0137 100	25.0	4.8	0.00 0.00 -0.10	125 39	11.0 2	-40.9	-2.0 -1.8	-6.8 -76.9	0.771 0.011	1.04 8.1E-3	19.2 0.3	-6.9 -1.4
# Tue Apr  8 20:38:59 UTC 2014 - AK: Tau now climbing to 0.5 after trend that initially appeared declining. I'll have an eye on it but will proceed for now.
2014-04-08.141	1055+018	242-13	20.81	2.1	0.426	0.0151 103	25.9	4.8	0.00 0.00 -1.68	149 50	11.0 2	-23.8	-0.1 1.3	-2.8 -68.4	1.90 9.9E-3	1.92 5.6E-3	15.9 0.1	5.0 -4.8
2014-04-08.150	0851+202	242-13	22.19	2.1	0.298	0.0178 101	25.5	3.7	0.00 0.00 -1.68	-112 57	8.9 20	52.2	-2.6 7.7	7.4 -83.1	2.83 0.012	3.08 7.7E-3	16.3 0.1	-5.9 -22.7
2014-04-08.151	0851+202	242-13	22.25	1.1	0.298	0.0157 101	25.2	3.8	0.00 0.00 -1.30	-111 56	8.9 20	52.6	-0.7 2.0	6.7 -82.0	1.40 0.018	2.16 0.019	15.4 0.2	-0.2 -7.1
2014-04-08.152	0851+202	242-13	22.27	1.1	0.446	0.0162 98	25.0	3.8	0.00 0.00 -1.90	-111 56	8.9 20	52.8	0.5 0.5	7.9 -83.8	1.98 0.017	2.69 0.014	14.4 0.1	-4.8 -10.9
#2014-04-08.153	0851+202	242-13	22.30	1.1	0.446	0.8451 58	25.2	4.0	0.00 0.00 -0.70	-110 56	8.9 20	52.9	108.4 34.7	123.1 -48.0	1.46 0.059	19.4 1.5	57.0 1.7	-12.2 36.2
2014-04-08.154	0851+202	242-13	22.32	1.1	0.446	0.0176 101	25.0	4.0	0.00 0.00 -2.50	-110 55	8.9 20	53.1	1.4 0.6	8.8 -84.3	2.17 0.020	2.77 0.014	15.9 0.1	-7.1 -7.3
2014-04-08.155	0851+202	242-13	22.34	1.1	0.329	0.0177 98	25.1	4.1	0.00 0.00 -0.10	-110 55	8.9 20	53.2	-1.5 2.6	6.0 -82.5	1.39 0.017	1.96 0.012	18.9 0.2	15.9 -19.5
# Tue Apr  8 22:23:54 UTC 2014 - AK: Had to reset GISMO Console which had become unresponsive. This partially killed one of the focus scans. Perhaps need to repeat.
2014-04-08.156	0851+202	242-13	22.42	1.1	0.367	0.0159 99	25.1	4.1	0.00 0.00 -1.30	-108 54	8.9 20	53.8	-0.6 1.1	6.9 -85.1	1.57 0.017	2.44 0.016	15.3 0.2	-2.0 -4.9
2014-04-08.157	0851+202	242-13	22.44	1.1	0.367	0.0166 101	25.1	4.0	0.00 0.00 -1.90	-108 54	8.9 20	53.9	-0.1 0.3	7.4 -86.2	1.70 0.021	2.41 0.018	15.2 0.2	-5.8 -0.9
2014-04-08.158	0851+202	242-13	22.46	1.1	0.351	0.0165 101	25.0	4.0	0.00 0.00 -0.70	-108 54	8.9 20	54.1	-0.7 1.2	6.9 -85.5	2.00 0.017	2.60 0.013	16.7 0.1	3.9 -10.7
2014-04-08.159	0851+202	242-13	22.49	1.1	0.351	0.0179 101	24.9	4.0	0.00 0.00 -2.50	-107 54	8.9 20	54.2	0.6 0.2	8.2 -86.7	2.19 0.018	2.54 0.012	15.9 0.1	4.6 -2.2
2014-04-08.160	0851+202	242-13	22.51	1.1	0.351	0.0173 101	24.9	3.9	0.00 0.00 -0.10	-107 53	8.9 20	54.3	-1.6 1.3	6.0 -85.9	1.43 0.018	2.03 0.013	19.3 0.2	2.1 -13.0
2014-04-08.169	1055+018	242-13	23.92	2.1	0.158	0.0190 96	25.5	3.4	0.00 0.00 -1.70	-138 46	11.0 2	32.7	1.4 -5.9	10.6 -85.7	1.97 9.9E-3	2.05 6.2E-3	15.8 0.1	-7.4 -2.6
# Wed Apr  9 00:08:09 UTC 2014 - AK: Israel had to leave for an emergency transport (all the best, Isabel!). Tau very low now and conditions stable. Will take some more COSMOS scans. Need to do beammap thereafter.
# Wed Apr  9 00:53:18 UTC 2014 - AK: For the beammap I'll first check the flux of 3C279. 3C84 is not up. Dominic is around now and ready to take over.
2014-04-09.6	3C279	test	0.91	2.1	0.226	0.0311 79	26.0	3.6	0.00 0.00 -1.70	-161 45	12.9 -6	15.3	-3.5 0.5	5.0 -77.6	1.78 0.070	3.84 0.094	16.9 0.7	-8.1 62.4
2014-04-09.7	3C279	test	1.02	2.1	0.259	0.0407 84	25.9	3.6	0.00 0.00 -1.70	-159 45	12.9 -6	17.0	-2.0 -0.9	6.7 -79.9	4.16 0.057	6.19 0.038	15.5 0.2	-40.5 -3.1
2014-04-09.8	3C279	test	1.12	2.1	0.220	0.0384 91	25.9	3.5	0.00 0.00 -1.70	-157 44	12.9 -6	18.7	-1.8 0.3	7.3 -79.6	3.38 0.053	4.15 0.049	15.6 0.2	5.1 9.3
# Wed Apr  9 01:10:48 UTC 2014 - NB: Bias changed from 8000 to 12000 for scan 8
2014-04-09.9	3C279	test	1.34	2.1	0.160	0.0319 87	26.1	3.2	0.00 0.00 -1.70	-153 43	12.9 -6	22.0	-7.3 1.0	2.1 -80.7	2.34 0.043	3.20 0.058	17.0 0.3	-11.0 75.7
# Wed Apr  9 01:26:43 UTC 2014 - Bias set back to 8000.  Performance poor; insufficient bright sources for beam map.  Going to Project 191-13 (M51).
2014-04-09.10	1418+546	test	1.51	2.1	0.200	0.0205 95	26.3	3.1	0.00 0.00 -1.70	-3 73	14.3 54	175.4	12.1 6.8	-14.3 -80.4	1.21 8.0E-3	1.20 7.3E-3	16.3 0.1	-3.1 -14.1
2014-04-09.11	1418+546	test	1.58	2.1	0.232	0.0195 95	26.0	3.2	0.00 0.00 -1.70	-5 73	14.3 54	172.6	-0.2 1.6	-13.6 -79.2	1.25 8.0E-3	1.27 5.8E-3	16.3 0.1	-8.2 5.1
# Wed Apr  9 01:41:06 UTC 2014 - AK: Had to try a few things after xephem had died and we were looking at high nefd/low pixel count. Can't locate a reasonably bright source right now and skip the beammap. Dominic back to science.
# Wed Apr  9 01:44:41 UTC 2014 - Project 191-13 wants M51 script before M51a, but source is too high for M51, so doing M51a instead. -- DjB
2014-04-09.19	1418+546	test	2.79	2.1	0.201	0.0169 95	26.0	4.1	0.00 0.00 -1.70	-33 68	14.3 54	131.6	-2.8 2.7	-4.8 -86.3	1.36 6.4E-3	1.32 4.3E-3	16.5 0.1	-1.5 5.0
2014-04-09.20	1418+546	test	2.87	2.1	0.225	0.0161 95	25.8	4.1	0.00 0.00 -1.70	-34 67	14.3 54	129.7	-0.2 0.4	-4.4 -86.4	1.33 6.6E-3	1.30 4.4E-3	16.4 0.1	-10.5 13.6
2014-04-09.28	1418+546	test	4.01	2.1	0.237	0.0154 95	25.8	3.5	0.00 0.00 -1.70	-44 58	14.3 54	106.6	-4.3 -0.2	-1.8 -94.1	1.41 6.0E-3	1.32 4.3E-3	16.2 0.1	-3.2 2.2
2014-04-09.29	IRAS16293	test	4.14	2.1	0.221	0.0144 102	26.2	3.5	0.00 0.00 -1.70	-172 28	16.5 -24	7.3	-12.8 -17.5	4.6 -86.2	1.28 5.5E-3	1.32 4.5E-3	17.8 0.1	-4.9 5.0
# Wed Apr  9 04:11:39 UTC 2014 - Starting on Project 156-13. Note pointing going back to earlier values. -- DjB
2014-04-09.30	IRAS16293	test	4.21	2.1	0.234	0.0150 102	25.8	3.4	0.00 0.00 -1.70	-171 28	16.5 -24	8.2	-1.0 -0.5	3.8 -86.5	1.13 7.1E-3	1.36 5.2E-3	17.8 0.1	-18.5 4.7
2014-04-09.35	3C345	235-13	5.04	2.1	0.319	0.0164 95	25.6	3.2	0.00 0.00 -1.70	-74 75	16.7 40	94.3	9.6 17.1	2.5 -74.7	1.41 6.8E-3	1.36 5.3E-3	16.5 0.1	5.7 6.4
2014-04-09.36	3C345	235-13	5.12	1.1	0.219	0.0160 95	25.1	3.2	0.00 0.00 -1.60	-74 74	16.7 40	93.4	-0.1 0.1	2.8 -75.5	1.22 9.0E-3	1.23 7.7E-3	15.9 0.1	-2.8 -8.8
2014-04-09.37	3C345	235-13	5.14	1.1	0.219	0.0155 95	25.2	3.2	0.00 0.00 -2.20	-74 74	16.7 40	93.2	0.1 -0.5	3.1 -76.3	1.07 9.1E-3	1.11 7.3E-3	16.1 0.1	-0.1 -2.9
2014-04-09.38	3C345	235-13	5.17	1.1	0.219	0.0172 92	25.4	3.2	0.00 0.00 -1.00	-74 74	16.7 40	92.9	-0.5 0.5	2.6 -75.6	1.13 1.0E-2	1.20 6.6E-3	16.0 0.1	-10.4 3.6
2014-04-09.39	3C345	235-13	5.19	1.1	0.228	0.0167 95	25.1	3.2	0.00 0.00 -2.80	-74 73	16.7 40	92.6	0.1 -0.6	3.3 -77.0	0.760 9.2E-3	0.910 7.9E-3	18.1 0.2	3.1 -2.4
2014-04-09.40	3C345	235-13	5.21	1.1	0.228	0.0177 95	25.1	3.2	0.00 0.00 -0.40	-74 73	16.7 40	92.4	-1.8 1.6	1.6 -75.0	0.945 0.010	1.03 8.0E-3	16.9 0.2	-0.3 -8.9
# Wed Apr  9 05:17:52 UTC 2014 - NB: Bias changed from 8000 to 10000 -- DjB  (scan 40)
2014-04-09.41	3C345	235-13	5.30	2.1	0.208	0.0184 96	25.4	3.2	0.00 0.00 -1.50	-74 72	16.7 40	91.4	-0.5 0.2	3.2 -77.4	1.34 6.8E-3	1.30 5.5E-3	16.6 0.1	-11.7 1.9
2014-04-09.42	3C345	235-13	5.41	15.2	0.241	0.0237 96	32.9	3.1	0.00 0.00 -1.50	-74 71	16.7 40	89.0	-1.3 0.7	2.9 -78.2	1.54 2.6E-3	1.65 4.4E-3	18.3 0.0	-3.2 0.7
2014-04-09.43	3C345	235-13	5.73	15.1	0.294	0.0208 96	33.0	3.0	0.00 0.00 -1.50	-74 67	16.7 40	86.3	-2.6 0.5	2.8 -81.9	1.57 2.5E-3	1.69 4.0E-3	18.4 0.0	4.2 -0.6
2014-04-09.49	2059+034	227-13	7.16	2.1	0.026	0.0152 97	25.8	5.8	0.00 0.00 -1.50	155 54	21.0 4	-19.1	-2.9 -9.1	-0.3 -64.2	0.265 2.8E-3	0.235 2.6E-3	16.3 0.2	-2.6 6.7
2014-04-09.58	G34.3	227-13	8.53	2.1	0.349	0.0256 98	25.5	7.5	0.00 0.00 -1.50	-126 40	18.9 1	40.3	-10.7 3.0	3.2 -88.9	4.78 0.056	7.19 0.028	19.1 0.2	18.2 -4.9
2014-04-09.65	0923+392	test	16.00	2.1	0.562	0.0123 91	25.3	9.6	0.00 0.00 -1.80	66 38	9.5 39	-69.5	-19.6 0.4	-14.7 -90.7	1.44 8.0E-3	1.55 6.8E-3	17.4 0.1	-10.2 -16.3
2014-04-09.66	0923+392	233-13	16.07	1.1	0.491	0.0111 93	24.9	9.8	0.00 0.00 -1.80	66 39	9.5 39	-69.9	0.5 1.6	-14.7 -88.7	1.10 9.1E-3	1.30 8.4E-3	16.2 0.1	-21.1 14.0
2014-04-09.67	0923+392	233-13	16.09	1.1	0.491	0.0104 93	25.0	9.8	0.00 0.00 -2.40	66 39	9.5 39	-70.1	1.0 2.1	-14.3 -88.1	1.13 8.8E-3	1.37 8.7E-3	16.8 0.1	-6.2 5.8
2014-04-09.68	0923+392	233-13	16.12	1.1	0.491	0.0101 93	24.8	9.7	0.00 0.00 -1.20	66 39	9.5 39	-70.2	0.1 0.3	-15.4 -89.8	0.949 9.8E-3	1.20 8.6E-3	17.0 0.2	-14.1 12.8
2014-04-09.69	0923+392	233-13	16.14	1.1	0.491	0.0116 94	24.9	9.7	0.00 0.00 -3.00	67 40	9.5 39	-70.3	1.9 0.7	-13.7 -89.3	0.915 9.5E-3	1.17 0.010	18.3 0.2	3.2 11.0
2014-04-09.70	0923+392	233-13	16.16	1.1	0.563	0.0110 94	24.7	9.7	0.00 0.00 -0.60	67 40	9.5 39	-70.5	-0.2 -0.4	-15.9 -90.4	0.678 9.1E-3	0.968 9.9E-3	18.9 0.2	-9.2 -10.4
2014-04-09.81	3C84	235-13	18.02	2.1	0.623	0.0111 96	25.5	5.0	0.00 0.00 -1.95	-66 48	3.3 42	77.3	-0.8 6.5	1.4 -103.7	7.30 0.012	9.33 0.012	19.6 0.0	-1.3 2.2
2014-04-09.82	3C84	235-13	18.08	1.1	0.623	0.0121 94	24.9	5.0	0.00 0.00 -1.80	-66 48	3.3 42	77.0	1.0 1.4	2.5 -102.7	7.55 0.013	9.11 0.046	19.1 0.0	22.5 -8.9
2014-04-09.83	3C84	235-13	18.10	1.1	0.603	0.0127 94	25.0	5.0	0.00 0.00 -2.40	-66 47	3.3 42	76.8	1.3 1.4	2.8 -102.9	6.42 0.015	8.68 0.014	20.1 0.0	20.2 -5.9
2014-04-09.84	3C84	235-13	18.13	1.1	0.603	0.0133 94	25.1	5.0	0.00 0.00 -1.20	-66 47	3.3 42	76.6	0.3 1.3	1.8 -103.1	7.10 0.018	8.46 0.011	19.1 0.0	19.0 -9.3
2014-04-09.85	3C84	235-13	18.15	1.1	0.603	0.0170 93	25.0	5.0	0.00 0.00 -3.00	-66 47	3.3 42	76.5	1.2 1.6	2.8 -102.9	5.46 0.025	9.35 0.24	24.8 0.1	10.5 -7.0
2014-04-09.86	3C84	235-13	18.17	1.1	0.616	0.0147 92	25.1	5.0	0.00 0.00 -0.60	-66 47	3.3 42	76.3	-1.5 -0.1	0.2 -104.7	5.76 0.022	9.56 0.16	23.3 0.1	11.0 -13.4
2014-04-09.96	ALF-ORI	136-13	19.71	2.1	0.553	0.0117 98	25.2	4.9	0.00 0.00 -1.70	-118 42	5.9 7	45.4	-4.8 0.1	6.2 -91.0	0.0959 3.4E-3	0.0926 4.1E-3	17.3 0.6	-19.1 -21.8
# Wed Apr  9 21:10:31 UTC 2014 - AK: Weather still not very attractive. However, tau fell from 0.6 to 0.5 so that we might make an attempt soon. Currently refilling Nitrogen.
2014-04-09.102	0851+202	test	21.40	2.1	0.556	0.0148 98	25.4	4.7	0.00 0.00 -1.70	-126 65	8.9 20	43.7	4.5 1.0	6.2 -73.7	2.06 0.016	2.68 9.6E-3	16.3 0.1	28.4 -0.4
2014-04-09.103	0851+202	test	21.49	1.1	1.016	0.0127 97	25.0	4.6	0.00 0.00 -1.50	-124 64	8.9 20	44.9	-1.0 1.2	5.2 -73.9	1.61 0.022	2.42 0.022	15.5 0.2	-25.1 8.3
2014-04-09.104	0851+202	test	21.51	1.1	0.567	0.0113 96	25.1	4.6	0.00 0.00 -2.10	-123 63	8.9 20	45.2	-0.5 1.5	5.9 -73.9	1.39 0.019	2.03 0.017	15.9 0.2	-26.6 16.1
2014-04-09.105	0851+202	test	21.53	1.1	0.567	0.0112 88	25.1	4.6	0.00 0.00 -0.90	-123 63	8.9 20	45.6	-1.9 1.6	4.5 -74.2	1.02 0.018	1.68 0.020	16.7 0.3	-51.3 13.3
2014-04-09.106	0851+202	test	21.55	1.1	0.572	0.0124 101	25.1	4.6	0.00 0.00 -2.70	-123 63	8.9 20	45.9	0.7 1.3	7.2 -74.9	1.60 0.016	2.04 0.011	17.7 0.2	-16.4 6.5
2014-04-09.107	0851+202	test	21.57	1.1	0.572	0.0121 101	25.5	4.5	0.00 0.00 -0.30	-122 63	8.9 20	46.2	-1.0 0.7	5.4 -75.9	1.79 0.015	2.37 0.012	17.2 0.1	-19.8 -1.3
2014-04-09.108	0851+202	test	21.63	1.1	0.560	0.0117 95	25.3	4.5	0.00 0.00 -1.70	-121 62	8.9 20	46.9	-0.5 1.7	5.9 -75.7	0.843 0.016	1.30 0.022	16.8 0.3	-40.0 10.6
2014-04-09.109	0851+202	test	21.65	1.1	0.560	0.0126 97	25.1	4.5	0.00 0.00 -2.30	-120 62	8.9 20	47.2	-0.2 0.7	6.5 -77.0	1.40 0.018	1.96 0.015	16.7 0.2	-41.8 7.2
2014-04-09.110	0851+202	test	21.67	1.1	0.560	0.0117 96	25.3	4.5	0.00 0.00 -1.10	-120 62	8.9 20	47.5	-0.4 1.4	6.1 -76.7	1.25 0.017	1.93 0.018	16.1 0.2	-20.5 16.1
2014-04-09.111	0851+202	test	21.69	1.1	0.560	0.0116 101	25.1	4.5	0.00 0.00 -2.90	-120 62	8.9 20	47.7	0.9 1.4	7.6 -77.0	1.39 0.016	1.91 0.012	18.5 0.2	-21.4 12.3
2014-04-09.112	0851+202	test	21.71	1.1	0.560	0.0117 101	25.3	4.4	0.00 0.00 -0.50	-119 61	8.9 20	48.0	-0.9 1.5	5.8 -77.3	1.32 0.016	1.96 0.013	18.0 0.2	-25.3 18.1
2014-04-09.113	0851+202	test	21.79	2.1	0.531	0.0127 99	25.2	4.4	0.00 0.00 -1.60	-118 61	8.9 20	48.9	-1.3 1.0	5.6 -78.9	1.42 0.014	1.97 0.011	16.1 0.2	-20.2 -23.9
# Wed Apr  9 21:56:00 UTC 2014 - AK: Did a focus and didn't look too pleasant (flux fluctuating quite a bit). Decided to check flux at best fit focus via another pointing which brought it more in line. Try COSMOS now. Tau still >0.5.
2014-04-09.118	1055+018	242-13	22.63	2.1	0.525	0.0115 101	26.0	5.2	0.00 0.00 -1.60	-164 53	11.0 2	12.9	-0.6 -3.5	4.6 -72.2	1.66 8.0E-3	1.84 5.1E-3	15.9 0.1	6.8 -9.3
#2014-04-09.123	1055+018	242-13	23.36	2.1	0.573	0.0108 98	25.8	4.3	0.00 0.00 -1.60	-148 50	11.0 2	25.7	23.4 -7.3	30.8 -86.9	1.43 6.5E-3	1.51 5.0E-3	16.7 0.1	2.5 20.2
# Wed Apr  9 23:26:32 UTC 2014 - AK: Pointing was suddenly off by more than a beam. Corrected for it and check focus again now. Tau still around 0.5, skies clear otherwise.
2014-04-09.124	1055+018	242-13	23.43	1.1	0.543	0.0105 98	25.4	4.2	0.00 0.00 -1.60	-146 49	11.0 2	26.6	-24.8 9.1	6.2 -78.5	1.44 6.9E-3	1.55 5.5E-3	16.2 0.1	-8.5 13.1
2014-04-09.125	1055+018	242-13	23.45	1.1	0.543	0.0109 98	25.5	4.3	0.00 0.00 -2.20	-146 49	11.0 2	27.0	-24.3 8.9	6.8 -79.0	1.40 7.6E-3	1.53 7.2E-3	16.6 0.1	-12.8 3.5
2014-04-09.126	1055+018	242-13	23.47	1.1	0.560	0.0109 98	25.7	4.3	0.00 0.00 -1.00	-145 49	11.0 2	27.3	-25.1 8.9	6.0 -79.2	1.37 7.5E-3	1.48 6.3E-3	17.0 0.1	-7.6 6.8
2014-04-09.127	1055+018	242-13	23.50	1.1	0.560	0.0107 98	25.3	4.3	0.00 0.00 -2.80	-145 49	11.0 2	27.6	-24.1 9.5	7.1 -78.9	1.11 7.4E-3	1.24 7.6E-3	17.5 0.1	-12.7 18.4
2014-04-09.128	1055+018	242-13	23.52	1.1	0.560	0.0109 98	25.4	4.3	0.00 0.00 -0.40	-144 49	11.0 2	28.0	-26.4 7.9	4.8 -80.7	0.986 6.9E-3	1.17 7.6E-3	18.2 0.1	0.2 17.3
# Wed Apr  9 23:36:09 UTC 2014 - AK: Excellent focus fit. However, pointing went back where it was before. Hence, all focus scans are off by more than a beam. Changed back to old pointing values after focus.
# Thu Apr 10 00:10:49 UTC 2014 - AK: Last three scans probably garbage. Tau started rising and reached 0.7 now. Stopped the queue and think about alternatives now.
# Thu Apr 10 00:16:53 UTC 2014 - AK: Scans affected by large tau will 129-131.
2014-04-10.2	1055+018	test	0.53	2.1	0.577	0.0107 94	25.5	3.1	0.00 0.00 -1.70	-127 40	11.0 2	40.0	2.8 0.2	8.9 -90.3	1.43 8.1E-3	1.57 5.8E-3	15.8 0.1	24.6 -31.1
2014-04-10.3	1055+018	test	0.94	1.1	0.615	0.0115 83	25.3	3.7	0.00 0.00 -1.60	-121 36	11.0 2	43.4	2.1 0.3	8.4 -93.2	1.16 9.5E-3	1.29 8.1E-3	15.0 0.1	-16.2 -2.6
2014-04-10.4	1055+018	test	0.96	1.1	0.710	0.0106 81	24.9	3.7	0.00 0.00 -2.20	-120 36	11.0 2	43.6	3.0 -0.3	9.1 -93.9	1.19 8.5E-3	1.34 9.9E-3	15.2 0.1	-22.3 -2.2
2014-04-10.5	1055+018	test	0.99	1.1	0.710	0.0113 78	25.0	3.7	0.00 0.00 -1.00	-120 36	11.0 2	43.8	2.1 -1.3	8.2 -95.1	0.968 8.5E-3	1.13 8.8E-3	15.1 0.1	2.5 -8.1
2014-04-10.6	1055+018	test	1.01	1.1	0.710	0.0106 77	25.1	3.7	0.00 0.00 -2.80	-120 35	11.0 2	43.9	3.1 0.5	9.2 -93.4	0.959 0.011	1.13 9.2E-3	16.9 0.2	-11.8 8.1
2014-04-10.7	1055+018	test	1.03	1.1	0.617	0.0101 77	25.1	3.6	0.00 0.00 -0.40	-119 35	11.0 2	44.1	1.6 -1.2	7.7 -95.3	0.747 8.1E-3	0.972 9.2E-3	17.6 0.2	-17.8 22.1
2014-04-10.8	3C279	test	1.12	1.1	0.603	0.0129 85	25.3	3.5	0.00 0.00 -1.60	-156 44	12.9 -6	19.5	0.6 1.2	4.9 -77.6	0.688 0.024	1.93 0.045	20.9 0.7	-52.7 29.1
2014-04-10.9	3C279	test	1.14	1.1	0.603	0.0121 85	25.6	3.4	0.00 0.00 -2.20	-155 44	12.9 -6	19.8	5.8 1.0	9.0 -77.9	0.460 0.017	1.90 0.059	27.6 0.9	-0.3 16.1
2014-04-10.10	3C279	test	1.16	1.1	0.603	0.0123 85	25.5	3.4	0.00 0.00 -1.00	-155 44	12.9 -6	20.1	-1.2 3.0	2.8 -76.2	1.03 0.024	2.02 0.049	20.0 0.4	-62.1 31.6
2014-04-10.11	3C279	test	1.18	1.1	0.638	0.0130 88	25.6	3.4	0.00 0.00 -2.80	-154 44	12.9 -6	20.5	2.4 2.2	6.7 -77.2	1.30 0.031	2.39 0.054	21.6 0.5	-53.1 27.2
2014-04-10.12	3C279	test	1.21	1.1	0.638	0.0129 91	25.7	3.3	0.00 0.00 -0.40	-154 44	12.9 -6	20.8	-1.4 1.9	3.3 -77.7	1.08 0.032	2.55 0.045	24.1 0.6	-62.7 20.3
2014-04-10.13	1308+326	test	1.43	2.1	0.584	0.0131 101	25.5	3.1	0.00 0.00 -1.60	-102 74	13.2 32	67.5	7.6 7.9	5.5 -68.0	0.678 4.5E-3	0.620 3.3E-3	15.9 0.1	-3.7 -4.9
2014-04-10.14	1308+326	test	1.51	1.1	0.584	0.0127 101	25.3	3.1	0.00 0.00 -1.60	-101 73	13.2 32	68.0	0.2 -0.1	5.8 -69.4	0.635 5.9E-3	0.598 4.4E-3	15.7 0.1	0.1 0.7
2014-04-10.15	1308+326	test	1.53	1.1	0.612	0.0135 101	25.0	3.1	0.00 0.00 -2.20	-100 73	13.2 32	68.2	0.1 0.4	5.8 -69.3	0.582 6.8E-3	0.570 5.7E-3	16.6 0.2	-1.0 5.8
2014-04-10.16	1308+326	test	1.55	1.1	0.612	0.0143 101	24.9	3.2	0.00 0.00 -1.00	-100 73	13.2 32	68.4	-0.6 1.1	5.1 -69.0	0.609 7.2E-3	0.592 6.9E-3	16.4 0.2	-12.6 -5.1
2014-04-10.17	1308+326	test	1.57	1.1	0.612	0.0129 101	24.7	3.1	0.00 0.00 -2.80	-100 72	13.2 32	68.5	0.5 0.5	6.2 -69.9	0.427 5.7E-3	0.441 6.0E-3	17.4 0.2	0.5 9.6
2014-04-10.18	1308+326	test	1.60	1.1	0.586	0.0133 101	24.8	3.1	0.00 0.00 -0.40	-99 72	13.2 32	68.7	-1.9 0.8	3.9 -70.1	0.418 6.2E-3	0.460 6.9E-3	17.4 0.3	-6.8 -0.3
2014-04-10.19	1308+326	test	1.64	1.1	0.586	0.0164 101	24.6	3.2	0.00 0.00 -1.59	-99 72	13.2 32	68.9	-1.5 -0.1	4.5 -71.8	0.610 7.4E-3	0.588 6.5E-3	15.9 0.2	-22.3 3.3
2014-04-10.20	1308+326	test	1.67	1.1	0.552	0.0182 101	24.6	3.2	-2.00 0.00 -1.59	-98 71	13.2 32	69.1	-1.7 0.9	4.4 -71.1	0.553 8.9E-3	0.511 6.5E-3	15.6 0.3	-21.8 -0.3
2014-04-10.21	1308+326	test	1.69	1.1	0.552	0.0238 99	24.6	3.2	2.00 0.00 -1.59	-98 71	13.2 32	69.2	0.3 0.1	5.7 -72.3	0.492 9.4E-3	0.456 8.5E-3	15.1 0.3	-6.7 2.9
2014-04-10.22	1308+326	test	1.71	1.1	0.552	0.0201 101	24.9	3.4	-4.00 0.00 -1.59	-98 71	13.2 32	69.3	-2.4 1.9	3.5 -70.9	0.457 0.011	0.452 9.9E-3	16.3 0.4	-3.6 -0.7
2014-04-10.23	1308+326	test	1.74	1.1	0.579	0.0277 101	24.9	3.6	4.00 0.00 -1.59	-97 70	13.2 32	69.4	-2.5 -1.6	3.4 -74.8	0.385 0.013	0.391 0.011	16.1 0.5	-28.6 2.8
2014-04-10.24	1308+326	test	2.00	1.1	0.540	0.0259 101	25.0	4.2	0.00 0.00 -1.59	-94 67	13.2 32	70.3	-2.4 1.6	2.9 -75.8	0.586 0.011	0.543 9.3E-3	15.5 0.3	-18.7 -0.0
2014-04-10.25	1308+326	test	2.02	1.1	0.540	0.0196 101	25.0	4.2	0.00 -2.00 -1.59	-94 67	13.2 32	70.3	-0.6 0.3	5.8 -77.2	0.611 8.2E-3	0.576 7.0E-3	16.2 0.2	-21.1 -2.4
2014-04-10.26	1308+326	test	2.05	1.1	0.501	0.0210 101	24.9	4.3	0.00 2.00 -1.59	-94 67	13.2 32	70.4	-3.0 -0.4	3.4 -78.2	0.532 9.8E-3	0.461 7.0E-3	15.2 0.3	-21.1 -5.0
2014-04-10.27	1308+326	test	2.07	1.1	0.501	0.0190 101	25.0	4.4	0.00 -4.00 -1.59	-93 66	13.2 32	70.4	0.6 0.6	6.6 -77.6	0.491 9.1E-3	0.501 9.6E-3	16.7 0.3	2.4 9.6
2014-04-10.28	1308+326	test	2.09	1.1	0.541	0.0161 101	25.2	4.4	0.00 4.00 -1.59	-93 66	13.2 32	70.4	-5.1 0.8	1.3 -77.7	0.462 7.9E-3	0.455 7.4E-3	16.6 0.3	-4.0 -8.0
# Thu Apr 10 02:14:00 UTC 2014 - Focus X and Y nominal positions are good.  Pointing good.  Going to M51 at an elevation of about 70 degrees.  -- DjB
2014-04-10.36	1637+574	191-13	3.16	2.1	0.496	0.0115 103	26.4	4.5	0.00 0.00 -1.59	11 69	16.6 57	-163.9	7.4 0.3	-18.0 -77.6	0.610 3.3E-3	0.559 3.0E-3	16.2 0.1	9.1 -2.0
2014-04-10.48	1637+574	226-13	4.98	2.1	0.479	0.0109 103	25.9	4.2	0.00 0.00 -1.59	-27 66	16.6 57	137.8	-2.2 1.2	-7.6 -86.3	0.610 2.8E-3	0.569 2.4E-3	16.5 0.1	-5.7 -3.2
2014-04-10.54	1637+574	235-13	5.96	2.1	0.430	0.0107 100	25.9	4.4	0.00 0.00 -1.59	-37 59	16.6 57	116.1	-2.6 -1.4	-4.2 -93.2	0.600 3.2E-3	0.538 2.5E-3	16.1 0.1	5.9 10.5
2014-04-10.64	Uranus	227-13	10.65	2.1	0.370	0.0206 101	26.0	6.2	0.00 0.00 -1.59	150 54	0.8 4	-23.2	-3.6 -13.7	-3.5 -68.9	8.35 0.058	13.2 0.17	21.7 0.1	-3.4 13.1
2014-04-10.66	Uranus	227-13	10.75	1.1	0.160	0.0289 101	25.4	6.1	0.00 0.00 -1.60	152 54	0.8 4	-21.7	-0.7 1.0	-3.7 -67.6	7.08 0.083	10.9 0.15	21.1 0.2	19.0 -14.4
2014-04-10.67	Uranus	227-13	10.77	1.1	0.160	0.0306 101	25.4	6.0	0.00 0.00 -2.20	153 55	0.8 4	-21.3	2.1 0.9	-0.8 -67.7	5.61 0.13	13.9 0.22	26.0 0.5	-6.5 -13.7
2014-04-10.68	Uranus	227-13	10.79	1.1	0.465	0.0351 101	25.4	6.0	0.00 0.00 -1.00	153 55	0.8 4	-20.9	1.5 2.2	-1.2 -66.4	7.27 0.15	14.9 0.30	24.4 0.5	-18.5 -12.6
2014-04-10.69	Uranus	227-13	10.81	1.1	0.465	0.0308 101	25.5	5.9	0.00 0.00 -2.80	154 55	0.8 4	-20.4	6.5 0.8	3.7 -67.7	5.36 0.085	10.8 0.16	25.3 0.3	22.5 -30.8
2014-04-10.70	Uranus	227-13	10.84	1.1	0.465	0.0563 91	25.3	5.8	0.00 0.00 -0.40	154 55	0.8 4	-20.0	1.9 2.0	-0.4 -66.4	6.17 0.26	19.2 0.28	33.6 1.1	6.5 -24.0
2014-04-10.73	Mercury	test	11.14	2.1	0.583	0.0320 98	25.9	5.8	0.00 0.00 -1.60	175 53	0.3 -0	-3.7	-0.9 1.9	2.8 -70.7	93.8 0.13	123 0.11	20.1 0.0	-5.2 -28.4
2014-04-10.74	Mercury	test	11.20	1.1	0.585	0.0356 98	25.4	5.8	0.00 0.00 -1.60	176 53	0.3 -0	-2.7	-0.2 0.5	2.9 -70.3	96.5 0.13	121 0.12	19.8 0.0	-9.9 -17.5
2014-04-10.75	Mercury	test	11.22	1.1	0.585	0.0372 98	25.4	5.8	0.00 0.00 -2.20	177 53	0.3 -0	-2.3	1.5 1.7	4.7 -69.2	79.4 0.18	121 0.15	21.4 0.0	-3.9 -36.5
2014-04-10.76	Mercury	test	11.24	1.1	0.585	0.0405 100	25.2	5.8	0.00 0.00 -1.00	177 53	0.3 -0	-1.9	-1.7 1.2	1.6 -69.9	96.0 0.14	127 0.12	20.1 0.0	7.3 -21.2
2014-04-10.77	Mercury	test	11.27	1.1	0.585	0.1149 92	25.5	5.9	0.00 0.00 -2.80	178 53	0.3 -0	-1.4	-3.1 1.9	0.4 -69.3	56.1 0.29	116 0.40	25.7 0.1	19.9 -27.2
2014-04-10.78	Mercury	test	11.29	1.1	0.503	0.0352 98	25.3	5.9	0.00 0.00 -0.40	179 53	0.3 -0	-1.0	-1.5 0.8	2.1 -70.4	80.1 0.12	118 0.097	21.4 0.0	8.1 -13.6
2014-04-10.92	Mercury	227-13	13.18	2.1	0.627	0.0482 91	25.8	6.3	0.00 0.00 -1.30	-139 45	0.4 -0	31.6	-4.3 0.5	6.9 -87.4	85.7 0.13	115 0.11	19.9 0.0	-26.4 -13.5
2014-04-10.105	0642+449	233-13	14.66	2.1	0.494	0.0173 99	25.3	6.5	0.00 0.00 -1.30	62 54	6.8 45	-86.1	8.7 0.3	-18.7 -82.5	0.365 3.9E-3	0.320 4.1E-3	16.1 0.2	15.6 -20.5
2014-04-10.106	0642+449	233-13	14.72	1.1	0.494	0.0157 99	24.8	6.6	0.00 0.00 -1.30	63 55	6.8 45	-86.7	-0.0 0.0	-19.7 -82.8	0.360 5.5E-3	0.299 5.3E-3	15.4 0.2	-1.1 2.8
2014-04-10.107	0642+449	233-13	14.75	1.1	0.519	0.0151 99	25.1	6.6	0.00 0.00 -1.90	63 55	6.8 45	-86.9	0.4 0.5	-19.5 -82.2	0.319 4.8E-3	0.265 4.8E-3	15.6 0.2	13.5 -2.5
2014-04-10.108	0642+449	233-13	14.77	1.1	0.519	0.0151 99	25.0	6.6	0.00 0.00 -0.70	63 56	6.8 45	-87.1	0.7 0.0	-19.9 -82.5	0.322 5.5E-3	0.275 5.6E-3	15.7 0.3	3.0 -0.7
2014-04-10.109	0642+449	233-13	14.79	1.1	0.519	0.0156 98	25.2	6.7	0.00 0.00 -2.50	63 56	6.8 45	-87.3	-0.3 -0.3	-20.5 -82.7	0.209 3.9E-3	0.206 6.0E-3	16.5 0.3	1.8 0.7
2014-04-10.110	0642+449	233-13	14.81	1.1	0.530	0.0162 98	25.0	6.7	0.00 0.00 -0.10	63 56	6.8 45	-87.5	-1.6 3.3	-21.9 -78.9	0.216 4.7E-3	0.193 6.0E-3	16.0 0.3	4.7 -29.0
2014-04-10.111	0642+449	233-13	14.87	1.1	0.552	0.0206 98	24.7	6.9	0.00 0.00 -1.29	63 57	6.8 45	-88.1	-0.7 1.1	-21.3 -80.6	0.340 8.0E-3	0.287 7.3E-3	14.6 0.3	-5.5 -12.2
2014-04-10.112	0642+449	233-13	14.90	1.1	0.552	0.0391 98	25.0	7.0	-2.00 0.00 -1.29	63 57	6.8 45	-88.4	-3.3 3.8	-24.0 -77.8	0.259 0.013	0.198 0.013	14.2 0.7	21.7 -34.8
2014-04-10.113	0642+449	233-13	14.92	1.1	0.552	0.0224 98	25.1	7.2	2.00 0.00 -1.29	63 57	6.8 45	-88.6	-0.0 2.0	-20.9 -79.4	0.287 7.1E-3	0.242 8.1E-3	15.1 0.4	2.5 -19.7
2014-04-10.114	0642+449	233-13	14.94	1.1	0.550	0.0131 98	24.9	7.4	-4.00 0.00 -1.29	63 57	6.8 45	-88.8	-1.1 3.3	-22.2 -77.9	0.247 3.6E-3	0.209 4.8E-3	15.9 0.2	-2.2 -17.4
2014-04-10.115	0642+449	233-13	14.96	1.1	0.550	0.0155 99	24.9	7.4	4.00 0.00 -1.29	63 58	6.8 45	-89.1	0.8 0.8	-21.0 -80.2	0.236 4.9E-3	0.207 6.0E-3	15.8 0.3	-2.4 2.5
2014-04-10.125	ALF-ORI	136-13	16.46	2.1	0.527	0.0136 99	26.0	7.2	0.00 0.00 -1.29	167 60	5.9 7	-10.1	-4.3 4.0	-1.4 -60.0	0.113 2.6E-3	0.102 3.2E-3	16.4 0.4	-9.7 -21.6
2014-04-10.129	0716+714	136-13	17.62	2.1	0.474	0.0156 99	26.1	6.9	0.00 0.00 -1.29	6 55	7.4 71	-164.8	4.4 4.8	-14.5 -92.9	0.929 6.2E-3	0.980 5.8E-3	16.7 0.1	-13.7 -31.2
2014-04-10.136	1055+018	242-13	18.92	2.1	0.454	0.0165 90	25.4	5.0	0.00 0.00 -1.29	119 35	11.0 2	-44.0	-5.7 -14.5	-6.5 -80.8	1.61 8.3E-3	1.59 7.7E-3	16.4 0.1	3.6 -5.7
2014-04-10.137	1055+018	242-13	18.98	1.1	0.472	0.0135 90	25.1	4.9	0.00 0.00 -1.60	120 36	11.0 2	-43.5	-0.5 -0.3	-7.0 -80.8	1.43 9.4E-3	1.49 9.0E-3	15.1 0.1	-20.1 1.6
2014-04-10.138	1055+018	242-13	19.01	1.1	0.472	0.0127 90	24.8	4.9	0.00 0.00 -2.20	121 36	11.0 2	-43.4	-0.2 0.3	-6.7 -80.1	1.10 8.6E-3	1.21 7.3E-3	15.2 0.1	-11.2 15.4
2014-04-10.139	1055+018	242-13	19.03	1.1	0.472	0.0132 90	24.6	4.9	0.00 0.00 -1.00	121 36	11.0 2	-43.2	-0.6 -0.7	-7.2 -81.1	1.25 0.010	1.40 9.6E-3	16.2 0.1	-13.8 -2.7
2014-04-10.140	1055+018	242-13	19.05	1.1	0.473	0.0134 90	24.8	4.9	0.00 0.00 -2.80	121 36	11.0 2	-43.0	1.9 0.7	-4.8 -79.6	1.11 9.9E-3	1.25 0.010	16.9 0.2	-3.6 5.0
2014-04-10.141	1055+018	242-13	19.07	1.1	0.473	0.0142 90	25.0	4.9	0.00 0.00 -0.40	121 37	11.0 2	-42.8	-0.4 -0.6	-7.0 -80.8	0.899 0.012	1.09 0.011	17.9 0.2	-22.2 -8.6
2014-04-10.142	1055+018	242-13	19.12	1.1	0.508	0.0128 93	24.8	4.9	0.00 0.00 -1.76	122 37	11.0 2	-42.4	0.3 0.2	-6.4 -79.9	1.48 9.8E-3	1.59 8.2E-3	15.0 0.1	-25.5 25.7
2014-04-10.147	0851+202	242-13	19.85	2.1	0.638	0.0180 100	26.1	4.7	0.00 0.00 -1.75	178 73	8.9 20	-1.0	3.2 10.6	-0.7 -49.2	2.38 0.016	2.99 0.010	16.2 0.1	7.6 -11.9
# Thu Apr 10 19:57:10 UTC 2014 - AK: Focus at the beginning of COSMOS observations was alright. However, atmospehere somewhat unstable with high tau around 0.6. Will do another focus for sanity.
2014-04-10.148	0851+202	242-13	19.94	1.1	0.600	0.0149 100	25.5	4.7	0.00 0.00 -1.60	-178 73	8.9 20	2.3	0.4 1.3	0.9 -48.7	1.98 0.019	2.69 0.016	15.9 0.2	-3.5 33.0
2014-04-10.149	0851+202	242-13	19.96	1.1	0.638	0.0168 101	25.8	4.8	0.00 0.00 -2.20	-177 73	8.9 20	3.1	1.1 1.6	1.9 -48.8	1.92 0.018	2.60 0.015	16.5 0.2	14.0 9.3
2014-04-10.150	0851+202	242-13	19.98	1.1	0.638	0.0152 101	26.0	4.8	0.00 0.00 -1.00	-176 73	8.9 20	4.0	-0.1 1.6	1.0 -49.0	1.92 0.018	2.70 0.015	16.2 0.2	-11.0 22.2
2014-04-10.151	0851+202	242-13	20.00	1.0	0.638	0.0150 101	26.2	4.8	0.00 0.00 -2.80	-175 73	8.9 20	5.0	-0.2 3.0	1.1 -47.9	1.60 0.017	2.14 0.014	18.2 0.2	-10.7 4.4
2014-04-10.152	0851+202	242-13	20.02	1.1	0.572	0.0156 101	25.7	4.8	0.00 0.00 -0.40	-173 73	8.9 20	5.9	-1.2 2.5	0.4 -48.7	1.94 0.017	2.54 0.014	17.6 0.2	-6.8 -18.1
# Thu Apr 10 20:47:13 UTC 2014 - AK: Tau really not well behaved. Clearly no deep field conditions. Last scans, i.e. 153-156, probably garbage. Will go to test and do some focus, pointing et al.
2014-04-10.157	1055+018	test	20.82	2.1	0.616	0.0243 98	25.9	4.9	0.00 0.00 -1.55	152 51	11.0 2	-21.4	-2.9 -4.0	-3.8 -67.2	1.89 0.011	1.81 8.1E-3	15.7 0.1	15.3 8.7
2014-04-10.158	1055+018	test	20.88	1.1	0.558	0.0409 90	25.4	4.9	0.00 0.00 -1.60	154 51	11.0 2	-20.5	0.9 0.4	-2.6 -66.6	1.38 0.023	1.24 0.024	14.2 0.2	1.9 -3.4
2014-04-10.159	1055+018	test	20.90	1.1	0.558	0.0208 99	25.4	4.9	0.00 0.00 -2.20	154 52	11.0 2	-20.1	-0.6 0.9	-4.0 -66.1	1.37 0.013	1.47 0.014	16.2 0.2	4.3 -3.8
2014-04-10.160	1055+018	test	20.93	1.1	0.558	0.0146 100	25.3	4.9	0.00 0.00 -1.00	155 52	11.0 2	-19.7	-0.5 -0.1	-3.7 -67.1	1.52 0.011	1.62 9.2E-3	15.5 0.1	3.5 -13.0
2014-04-10.161	1055+018	test	20.95	1.1	0.572	0.0171 99	25.5	5.0	0.00 0.00 -2.80	155 52	11.0 2	-19.3	1.2 2.1	-1.9 -64.8	1.04 0.015	1.23 0.011	17.8 0.3	-5.1 -28.7
2014-04-10.162	1055+018	test	20.97	1.1	0.572	0.0231 99	25.3	5.0	0.00 0.00 -0.40	156 52	11.0 2	-18.9	-1.3 0.3	-4.4 -66.6	1.34 0.016	1.46 0.016	16.3 0.2	11.6 -13.4
2014-04-10.163	1055+018	test	21.02	1.1	0.594	0.0139 100	25.7	4.9	0.00 0.00 -1.40	157 52	11.0 2	-18.0	-0.0 0.5	-2.8 -66.4	1.57 0.010	1.71 9.4E-3	15.2 0.1	20.6 -9.1
2014-04-10.164	1055+018	test	21.04	1.1	0.594	0.0149 100	25.6	4.8	0.00 0.00 -2.00	157 52	11.0 2	-17.6	0.3 1.0	-2.4 -65.9	1.50 0.011	1.60 0.011	15.5 0.1	18.9 -9.9
2014-04-10.165	1055+018	test	21.06	1.1	0.594	0.0164 100	25.6	4.8	0.00 0.00 -0.80	158 52	11.0 2	-17.2	-0.5 0.7	-3.1 -66.2	1.60 0.013	1.72 0.013	15.7 0.1	10.1 -11.2
2014-04-10.166	1055+018	test	21.09	1.1	0.618	0.0213 96	25.5	4.8	0.00 0.00 -2.60	159 52	11.0 2	-16.8	1.9 2.2	-0.7 -64.7	1.03 0.014	1.20 0.011	17.7 0.2	-16.4 -36.9
2014-04-10.167	1055+018	test	21.11	1.1	0.618	0.0147 100	25.4	4.8	0.00 0.00 -0.20	159 53	11.0 2	-16.4	-1.1 0.6	-3.4 -66.3	1.30 0.011	1.44 0.010	16.8 0.1	10.6 -15.6
# Thu Apr 10 21:10:55 UTC 2014 - AK: Focus changed by more than +0.3 in the last 2hr. Tau back now below 0.6. I'll try my luck on COSMOS again.
# Thu Apr 10 22:35:03 UTC 2014 - AK: Tau above 0.7 now, refilling nitrogen. Caution also with scans 168-175.
# Thu Apr 10 22:50:13 UTC 2014 - AK: tau keeps rising after refill, touching values of 0.9 now. Wind now coming up as well. Need to stop
